[[1;34mINFO[m] Scanning for projects...
[[1;34mINFO[m] Inspecting build with total of 3 modules...
[[1;34mINFO[m] Installing Nexus Staging features:
[[1;34mINFO[m]   ... total of 3 executions of maven-deploy-plugin replaced with nexus-staging-maven-plugin
[[1;34mINFO[m] [1m------------------------------------------------------------------------[m
[[1;34mINFO[m] [1mReactor Build Order:[m
[[1;34mINFO[m] 
[[1;34mINFO[m] mongolink-parent                                                   [pom]
[[1;34mINFO[m] mongolink                                                          [jar]
[[1;34mINFO[m] mongolink-testtools                                                [jar]
[[1;34mINFO[m] 
[[1;34mINFO[m] [1m-------------------< [0;36morg.mongolink:mongolink-parent[0;1m >-------------------[m
[[1;34mINFO[m] [1mBuilding mongolink-parent 1.2.2                                    [1/3][m
[[1;34mINFO[m] [1m--------------------------------[ pom ]---------------------------------[m
[[1;34mINFO[m] 
[[1;34mINFO[m] [1m--- [0;32mmaven-enforcer-plugin:1.2:enforce[m [1m(enforce-maven)[m @ [36mmongolink-parent[0;1m ---[m
[[1;34mINFO[m] 
[[1;34mINFO[m] [1m----------------------< [0;36morg.mongolink:mongolink[0;1m >-----------------------[m
[[1;34mINFO[m] [1mBuilding mongolink 1.2.2                                           [2/3][m
[[1;34mINFO[m] [1m--------------------------------[ jar ]---------------------------------[m
[[1;34mINFO[m] 
[[1;34mINFO[m] [1m--- [0;32mmaven-enforcer-plugin:1.2:enforce[m [1m(enforce-maven)[m @ [36mmongolink[0;1m ---[m
[[1;34mINFO[m] 
[[1;34mINFO[m] [1m--- [0;32mmaven-resources-plugin:2.6:resources[m [1m(default-resources)[m @ [36mmongolink[0;1m ---[m
[[1;34mINFO[m] Using 'UTF-8' encoding to copy filtered resources.
[[1;34mINFO[m] skip non existing resourceDirectory /home/kbour/Documents/Stage/ProjetTest/repoV1_bis/varymvn/mongolink-1.2.2_clone/mongolink-1.2.2_8_1/mongolink/src/main/resources
[[1;34mINFO[m] 
[[1;34mINFO[m] [1m--- [0;32mmaven-compiler-plugin:2.3.2:compile[m [1m(default-compile)[m @ [36mmongolink[0;1m ---[m
[[1;34mINFO[m] Nothing to compile - all classes are up to date
[[1;34mINFO[m] 
[[1;34mINFO[m] [1m--- [0;32mmaven-resources-plugin:2.6:testResources[m [1m(default-testResources)[m @ [36mmongolink[0;1m ---[m
[[1;34mINFO[m] Using 'UTF-8' encoding to copy filtered resources.
[[1;34mINFO[m] Copying 1 resource
[[1;34mINFO[m] 
[[1;34mINFO[m] [1m--- [0;32mmaven-compiler-plugin:2.3.2:testCompile[m [1m(default-testCompile)[m @ [36mmongolink[0;1m ---[m
[[1;34mINFO[m] Nothing to compile - all classes are up to date
[[1;34mINFO[m] 
[[1;34mINFO[m] [1m--- [0;32mmaven-surefire-plugin:2.12.4:test[m [1m(default-test)[m @ [36mmongolink[0;1m ---[m
[[1;34mINFO[m] Surefire report directory: /home/kbour/Documents/Stage/ProjetTest/repoV1_bis/varymvn/mongolink-1.2.2_clone/mongolink-1.2.2_8_1/mongolink/target/surefire-reports

-------------------------------------------------------
 T E S T S
-------------------------------------------------------
Running org.mongolink.domain.criteria.TestsElementMatchCriteria
WARNING: An illegal reflective access operation has occurred
WARNING: Illegal reflective access by org.mockito.cglib.core.ReflectUtils$2 (file:/root/.m2/repository/org/mockito/mockito-core/1.9.5/mockito-core-1.9.5.jar) to method java.lang.ClassLoader.defineClass(java.lang.String,byte[],int,int,java.security.ProtectionDomain)
WARNING: Please consider reporting this to the maintainers of org.mockito.cglib.core.ReflectUtils$2
WARNING: Use --illegal-access=warn to enable warnings of further illegal reflective access operations
WARNING: All illegal access operations will be denied in a future release
Tests run: 1, Failures: 0, Errors: 0, Skipped: 0, Time elapsed: 0.122 sec
Running org.mongolink.domain.criteria.TestsCriteria
Tests run: 12, Failures: 0, Errors: 0, Skipped: 0, Time elapsed: 0.07 sec
Running org.mongolink.domain.session.TestsMongoSessionManagerImpl
11:21:22.590 [main] DEBUG o.m.domain.mapper.ContextBuilder - Scanning : [org.mongolink.test.simpleMapping]
11:21:22.651 [main] DEBUG o.m.domain.mapper.ContextBuilder - Mapping : class org.mongolink.test.simpleMapping.FakeAggregateWithNaturalIdMapping
11:21:22.655 [main] DEBUG org.mongolink.domain.mapper.ClassMap - Mapping id : Property{class=org.mongolink.test.entity.FakeAggregateWithNaturalId, field=naturalKey}
11:21:22.656 [main] DEBUG org.mongolink.domain.mapper.ClassMap - Mapping property : Property{class=org.mongolink.test.entity.FakeAggregateWithNaturalId, field=value}
11:21:22.661 [main] DEBUG o.m.domain.mapper.ContextBuilder - Mapping : class org.mongolink.test.simpleMapping.FakeAggregateMappingWithCap
11:21:22.661 [main] DEBUG org.mongolink.domain.mapper.ClassMap - Mapping id : Property{class=org.mongolink.test.entity.FakeEntityWithCap, field=id}
11:21:22.664 [main] DEBUG o.m.domain.mapper.ContextBuilder - Mapping : class org.mongolink.test.simpleMapping.OtherAggregateWithNaturalIdMapping
11:21:22.664 [main] DEBUG org.mongolink.domain.mapper.ClassMap - Mapping id : Property{class=org.mongolink.test.entity.OtherEntityWithNaturalId, field=naturalKey}
11:21:22.669 [main] DEBUG o.m.domain.mapper.ContextBuilder - Mapping : class org.mongolink.test.simpleMapping.FakeAggregateMapping
11:21:22.669 [main] DEBUG org.mongolink.domain.mapper.ClassMap - Mapping id : Property{class=org.mongolink.test.entity.FakeAggregate, field=id}
11:21:22.669 [main] DEBUG org.mongolink.domain.mapper.ClassMap - Mapping property : Property{class=org.mongolink.test.entity.FakeAggregate, field=value}
11:21:22.670 [main] DEBUG org.mongolink.domain.mapper.ClassMap - Mapping collection : Property{class=org.mongolink.test.entity.FakeAggregate, field=comments}
11:21:22.670 [main] DEBUG org.mongolink.domain.mapper.ClassMap - Mapping property : Property{class=org.mongolink.test.entity.FakeAggregate, field=comment}
11:21:22.671 [main] DEBUG org.mongolink.domain.mapper.ClassMap - Mapping property : Property{class=org.mongolink.test.entity.FakeAggregate, field=index}
11:21:22.673 [main] DEBUG o.m.domain.mapper.ContextBuilder - Mapping : class org.mongolink.test.simpleMapping.CommentMapping
11:21:22.674 [main] DEBUG org.mongolink.domain.mapper.ClassMap - Mapping property : Property{class=org.mongolink.test.entity.Comment, field=value}
11:21:22.674 [main] DEBUG o.m.domain.mapper.ContextBuilder - Done scanning : [org.mongolink.test.simpleMapping]
11:21:22.717 [main] DEBUG org.mongolink.MongoSession - Starting
11:21:22.745 [main] DEBUG org.mongolink.MongoSession - Commiting unit of work
11:21:22.748 [main] DEBUG org.mongolink.MongoSession - Done commiting
11:21:22.748 [main] DEBUG org.mongolink.MongoSession - Stoping
11:21:22.750 [main] DEBUG o.m.domain.mapper.ContextBuilder - Scanning : [org.mongolink.test.simpleMapping]
11:21:22.750 [main] DEBUG o.m.domain.mapper.ContextBuilder - Mapping : class org.mongolink.test.simpleMapping.FakeAggregateWithNaturalIdMapping
11:21:22.750 [main] DEBUG org.mongolink.domain.mapper.ClassMap - Mapping id : Property{class=org.mongolink.test.entity.FakeAggregateWithNaturalId, field=naturalKey}
11:21:22.750 [main] DEBUG org.mongolink.domain.mapper.ClassMap - Mapping property : Property{class=org.mongolink.test.entity.FakeAggregateWithNaturalId, field=value}
11:21:22.751 [main] DEBUG o.m.domain.mapper.ContextBuilder - Mapping : class org.mongolink.test.simpleMapping.FakeAggregateMappingWithCap
11:21:22.751 [main] DEBUG org.mongolink.domain.mapper.ClassMap - Mapping id : Property{class=org.mongolink.test.entity.FakeEntityWithCap, field=id}
11:21:22.751 [main] DEBUG o.m.domain.mapper.ContextBuilder - Mapping : class org.mongolink.test.simpleMapping.OtherAggregateWithNaturalIdMapping
11:21:22.751 [main] DEBUG org.mongolink.domain.mapper.ClassMap - Mapping id : Property{class=org.mongolink.test.entity.OtherEntityWithNaturalId, field=naturalKey}
11:21:22.751 [main] DEBUG o.m.domain.mapper.ContextBuilder - Mapping : class org.mongolink.test.simpleMapping.FakeAggregateMapping
11:21:22.751 [main] DEBUG org.mongolink.domain.mapper.ClassMap - Mapping id : Property{class=org.mongolink.test.entity.FakeAggregate, field=id}
11:21:22.751 [main] DEBUG org.mongolink.domain.mapper.ClassMap - Mapping property : Property{class=org.mongolink.test.entity.FakeAggregate, field=value}
11:21:22.751 [main] DEBUG org.mongolink.domain.mapper.ClassMap - Mapping collection : Property{class=org.mongolink.test.entity.FakeAggregate, field=comments}
11:21:22.751 [main] DEBUG org.mongolink.domain.mapper.ClassMap - Mapping property : Property{class=org.mongolink.test.entity.FakeAggregate, field=comment}
11:21:22.751 [main] DEBUG org.mongolink.domain.mapper.ClassMap - Mapping property : Property{class=org.mongolink.test.entity.FakeAggregate, field=index}
11:21:22.752 [main] DEBUG o.m.domain.mapper.ContextBuilder - Mapping : class org.mongolink.test.simpleMapping.CommentMapping
11:21:22.752 [main] DEBUG org.mongolink.domain.mapper.ClassMap - Mapping property : Property{class=org.mongolink.test.entity.Comment, field=value}
11:21:22.752 [main] DEBUG o.m.domain.mapper.ContextBuilder - Done scanning : [org.mongolink.test.simpleMapping]
11:21:22.752 [main] DEBUG org.mongolink.MongoSession - Starting
11:21:22.752 [main] DEBUG org.mongolink.MongoSession - Commiting unit of work
11:21:22.752 [main] DEBUG org.mongolink.MongoSession - Done commiting
11:21:22.752 [main] DEBUG org.mongolink.MongoSession - Stoping
11:21:22.753 [main] DEBUG o.m.domain.mapper.ContextBuilder - Scanning : [org.mongolink.test.simpleMapping]
11:21:22.754 [main] DEBUG o.m.domain.mapper.ContextBuilder - Mapping : class org.mongolink.test.simpleMapping.FakeAggregateWithNaturalIdMapping
11:21:22.754 [main] DEBUG org.mongolink.domain.mapper.ClassMap - Mapping id : Property{class=org.mongolink.test.entity.FakeAggregateWithNaturalId, field=naturalKey}
11:21:22.754 [main] DEBUG org.mongolink.domain.mapper.ClassMap - Mapping property : Property{class=org.mongolink.test.entity.FakeAggregateWithNaturalId, field=value}
11:21:22.754 [main] DEBUG o.m.domain.mapper.ContextBuilder - Mapping : class org.mongolink.test.simpleMapping.FakeAggregateMappingWithCap
11:21:22.754 [main] DEBUG org.mongolink.domain.mapper.ClassMap - Mapping id : Property{class=org.mongolink.test.entity.FakeEntityWithCap, field=id}
11:21:22.754 [main] DEBUG o.m.domain.mapper.ContextBuilder - Mapping : class org.mongolink.test.simpleMapping.OtherAggregateWithNaturalIdMapping
11:21:22.754 [main] DEBUG org.mongolink.domain.mapper.ClassMap - Mapping id : Property{class=org.mongolink.test.entity.OtherEntityWithNaturalId, field=naturalKey}
11:21:22.754 [main] DEBUG o.m.domain.mapper.ContextBuilder - Mapping : class org.mongolink.test.simpleMapping.FakeAggregateMapping
11:21:22.754 [main] DEBUG org.mongolink.domain.mapper.ClassMap - Mapping id : Property{class=org.mongolink.test.entity.FakeAggregate, field=id}
11:21:22.754 [main] DEBUG org.mongolink.domain.mapper.ClassMap - Mapping property : Property{class=org.mongolink.test.entity.FakeAggregate, field=value}
11:21:22.755 [main] DEBUG org.mongolink.domain.mapper.ClassMap - Mapping collection : Property{class=org.mongolink.test.entity.FakeAggregate, field=comments}
11:21:22.755 [main] DEBUG org.mongolink.domain.mapper.ClassMap - Mapping property : Property{class=org.mongolink.test.entity.FakeAggregate, field=comment}
11:21:22.755 [main] DEBUG org.mongolink.domain.mapper.ClassMap - Mapping property : Property{class=org.mongolink.test.entity.FakeAggregate, field=index}
11:21:22.755 [main] DEBUG o.m.domain.mapper.ContextBuilder - Mapping : class org.mongolink.test.simpleMapping.CommentMapping
11:21:22.755 [main] DEBUG org.mongolink.domain.mapper.ClassMap - Mapping property : Property{class=org.mongolink.test.entity.Comment, field=value}
11:21:22.755 [main] DEBUG o.m.domain.mapper.ContextBuilder - Done scanning : [org.mongolink.test.simpleMapping]
11:21:22.755 [main] DEBUG org.mongolink.MongoSession - Starting
11:21:22.755 [main] DEBUG org.mongolink.MongoSession - Commiting unit of work
11:21:22.755 [main] DEBUG org.mongolink.MongoSession - Done commiting
11:21:22.755 [main] DEBUG org.mongolink.MongoSession - Stoping
11:21:22.756 [main] DEBUG o.m.domain.mapper.ContextBuilder - Scanning : [org.mongolink.test.simpleMapping]
11:21:22.757 [main] DEBUG o.m.domain.mapper.ContextBuilder - Mapping : class org.mongolink.test.simpleMapping.FakeAggregateWithNaturalIdMapping
11:21:22.757 [main] DEBUG org.mongolink.domain.mapper.ClassMap - Mapping id : Property{class=org.mongolink.test.entity.FakeAggregateWithNaturalId, field=naturalKey}
11:21:22.757 [main] DEBUG org.mongolink.domain.mapper.ClassMap - Mapping property : Property{class=org.mongolink.test.entity.FakeAggregateWithNaturalId, field=value}
11:21:22.757 [main] DEBUG o.m.domain.mapper.ContextBuilder - Mapping : class org.mongolink.test.simpleMapping.FakeAggregateMappingWithCap
11:21:22.757 [main] DEBUG org.mongolink.domain.mapper.ClassMap - Mapping id : Property{class=org.mongolink.test.entity.FakeEntityWithCap, field=id}
11:21:22.757 [main] DEBUG o.m.domain.mapper.ContextBuilder - Mapping : class org.mongolink.test.simpleMapping.OtherAggregateWithNaturalIdMapping
11:21:22.757 [main] DEBUG org.mongolink.domain.mapper.ClassMap - Mapping id : Property{class=org.mongolink.test.entity.OtherEntityWithNaturalId, field=naturalKey}
11:21:22.758 [main] DEBUG o.m.domain.mapper.ContextBuilder - Mapping : class org.mongolink.test.simpleMapping.FakeAggregateMapping
11:21:22.758 [main] DEBUG org.mongolink.domain.mapper.ClassMap - Mapping id : Property{class=org.mongolink.test.entity.FakeAggregate, field=id}
11:21:22.758 [main] DEBUG org.mongolink.domain.mapper.ClassMap - Mapping property : Property{class=org.mongolink.test.entity.FakeAggregate, field=value}
11:21:22.758 [main] DEBUG org.mongolink.domain.mapper.ClassMap - Mapping collection : Property{class=org.mongolink.test.entity.FakeAggregate, field=comments}
11:21:22.758 [main] DEBUG org.mongolink.domain.mapper.ClassMap - Mapping property : Property{class=org.mongolink.test.entity.FakeAggregate, field=comment}
11:21:22.758 [main] DEBUG org.mongolink.domain.mapper.ClassMap - Mapping property : Property{class=org.mongolink.test.entity.FakeAggregate, field=index}
11:21:22.758 [main] DEBUG o.m.domain.mapper.ContextBuilder - Mapping : class org.mongolink.test.simpleMapping.CommentMapping
11:21:22.758 [main] DEBUG org.mongolink.domain.mapper.ClassMap - Mapping property : Property{class=org.mongolink.test.entity.Comment, field=value}
11:21:22.758 [main] DEBUG o.m.domain.mapper.ContextBuilder - Done scanning : [org.mongolink.test.simpleMapping]
11:21:22.758 [main] DEBUG org.mongolink.MongoSession - Starting
11:21:22.758 [main] DEBUG org.mongolink.MongoSession - Commiting unit of work
11:21:22.759 [main] DEBUG org.mongolink.MongoSession - Done commiting
11:21:22.759 [main] DEBUG org.mongolink.MongoSession - Stoping
11:21:22.759 [main] DEBUG org.mongolink.MongoSession - Starting
Tests run: 5, Failures: 0, Errors: 0, Skipped: 1, Time elapsed: 0.336 sec
Running org.mongolink.domain.session.TestsMongoSessionImpl
11:21:22.801 [main] DEBUG o.m.domain.mapper.ContextBuilder - Scanning : [org.mongolink.test.simpleMapping]
11:21:22.802 [main] DEBUG o.m.domain.mapper.ContextBuilder - Mapping : class org.mongolink.test.simpleMapping.FakeAggregateWithNaturalIdMapping
11:21:22.802 [main] DEBUG org.mongolink.domain.mapper.ClassMap - Mapping id : Property{class=org.mongolink.test.entity.FakeAggregateWithNaturalId, field=naturalKey}
11:21:22.802 [main] DEBUG org.mongolink.domain.mapper.ClassMap - Mapping property : Property{class=org.mongolink.test.entity.FakeAggregateWithNaturalId, field=value}
11:21:22.802 [main] DEBUG o.m.domain.mapper.ContextBuilder - Mapping : class org.mongolink.test.simpleMapping.FakeAggregateMappingWithCap
11:21:22.802 [main] DEBUG org.mongolink.domain.mapper.ClassMap - Mapping id : Property{class=org.mongolink.test.entity.FakeEntityWithCap, field=id}
11:21:22.802 [main] DEBUG o.m.domain.mapper.ContextBuilder - Mapping : class org.mongolink.test.simpleMapping.OtherAggregateWithNaturalIdMapping
11:21:22.803 [main] DEBUG org.mongolink.domain.mapper.ClassMap - Mapping id : Property{class=org.mongolink.test.entity.OtherEntityWithNaturalId, field=naturalKey}
11:21:22.803 [main] DEBUG o.m.domain.mapper.ContextBuilder - Mapping : class org.mongolink.test.simpleMapping.FakeAggregateMapping
11:21:22.803 [main] DEBUG org.mongolink.domain.mapper.ClassMap - Mapping id : Property{class=org.mongolink.test.entity.FakeAggregate, field=id}
11:21:22.803 [main] DEBUG org.mongolink.domain.mapper.ClassMap - Mapping property : Property{class=org.mongolink.test.entity.FakeAggregate, field=value}
11:21:22.803 [main] DEBUG org.mongolink.domain.mapper.ClassMap - Mapping collection : Property{class=org.mongolink.test.entity.FakeAggregate, field=comments}
11:21:22.803 [main] DEBUG org.mongolink.domain.mapper.ClassMap - Mapping property : Property{class=org.mongolink.test.entity.FakeAggregate, field=comment}
11:21:22.803 [main] DEBUG org.mongolink.domain.mapper.ClassMap - Mapping property : Property{class=org.mongolink.test.entity.FakeAggregate, field=index}
11:21:22.804 [main] DEBUG o.m.domain.mapper.ContextBuilder - Mapping : class org.mongolink.test.simpleMapping.CommentMapping
11:21:22.804 [main] DEBUG org.mongolink.domain.mapper.ClassMap - Mapping property : Property{class=org.mongolink.test.entity.Comment, field=value}
11:21:22.804 [main] DEBUG o.m.domain.mapper.ContextBuilder - Done scanning : [org.mongolink.test.simpleMapping]
11:21:22.804 [main] DEBUG org.mongolink.MongoSession - Starting
11:21:22.820 [main] DEBUG org.mongolink.MongoSession - New entity register for additon : org.mongolink.test.entity.FakeAggregate@332796d3
11:21:22.820 [main] DEBUG org.mongolink.MongoSession - New entity register for additon : org.mongolink.test.entity.FakeAggregate@4f0100a7
11:21:22.820 [main] DEBUG org.mongolink.MongoSession - Commiting unit of work
11:21:22.836 [main] DEBUG org.mongolink.MongoSession - Entity added :{ "_id" : { "$oid" : "62dfb2129008448534c2d479"} , "value" : "this is a value" , "comments" : [ ] , "index" : 0}
11:21:22.837 [main] DEBUG org.mongolink.MongoSession - Entity added :{ "_id" : { "$oid" : "62dfb2129008448534c2d478"} , "value" : "this is a value" , "comments" : [ ] , "index" : 0}
11:21:22.837 [main] DEBUG org.mongolink.MongoSession - Done commiting
11:21:22.841 [main] DEBUG o.m.domain.mapper.ContextBuilder - Scanning : [org.mongolink.test.simpleMapping]
11:21:22.842 [main] DEBUG o.m.domain.mapper.ContextBuilder - Mapping : class org.mongolink.test.simpleMapping.FakeAggregateWithNaturalIdMapping
11:21:22.842 [main] DEBUG org.mongolink.domain.mapper.ClassMap - Mapping id : Property{class=org.mongolink.test.entity.FakeAggregateWithNaturalId, field=naturalKey}
11:21:22.842 [main] DEBUG org.mongolink.domain.mapper.ClassMap - Mapping property : Property{class=org.mongolink.test.entity.FakeAggregateWithNaturalId, field=value}
11:21:22.842 [main] DEBUG o.m.domain.mapper.ContextBuilder - Mapping : class org.mongolink.test.simpleMapping.FakeAggregateMappingWithCap
11:21:22.842 [main] DEBUG org.mongolink.domain.mapper.ClassMap - Mapping id : Property{class=org.mongolink.test.entity.FakeEntityWithCap, field=id}
11:21:22.843 [main] DEBUG o.m.domain.mapper.ContextBuilder - Mapping : class org.mongolink.test.simpleMapping.OtherAggregateWithNaturalIdMapping
11:21:22.843 [main] DEBUG org.mongolink.domain.mapper.ClassMap - Mapping id : Property{class=org.mongolink.test.entity.OtherEntityWithNaturalId, field=naturalKey}
11:21:22.843 [main] DEBUG o.m.domain.mapper.ContextBuilder - Mapping : class org.mongolink.test.simpleMapping.FakeAggregateMapping
11:21:22.843 [main] DEBUG org.mongolink.domain.mapper.ClassMap - Mapping id : Property{class=org.mongolink.test.entity.FakeAggregate, field=id}
11:21:22.843 [main] DEBUG org.mongolink.domain.mapper.ClassMap - Mapping property : Property{class=org.mongolink.test.entity.FakeAggregate, field=value}
11:21:22.843 [main] DEBUG org.mongolink.domain.mapper.ClassMap - Mapping collection : Property{class=org.mongolink.test.entity.FakeAggregate, field=comments}
11:21:22.843 [main] DEBUG org.mongolink.domain.mapper.ClassMap - Mapping property : Property{class=org.mongolink.test.entity.FakeAggregate, field=comment}
11:21:22.843 [main] DEBUG org.mongolink.domain.mapper.ClassMap - Mapping property : Property{class=org.mongolink.test.entity.FakeAggregate, field=index}
11:21:22.844 [main] DEBUG o.m.domain.mapper.ContextBuilder - Mapping : class org.mongolink.test.simpleMapping.CommentMapping
11:21:22.844 [main] DEBUG org.mongolink.domain.mapper.ClassMap - Mapping property : Property{class=org.mongolink.test.entity.Comment, field=value}
11:21:22.844 [main] DEBUG o.m.domain.mapper.ContextBuilder - Done scanning : [org.mongolink.test.simpleMapping]
11:21:22.844 [main] DEBUG org.mongolink.MongoSession - Starting
11:21:22.850 [main] DEBUG org.mongolink.MongoSession - Starting
11:21:22.852 [main] DEBUG o.m.domain.mapper.ContextBuilder - Scanning : [org.mongolink.test.simpleMapping]
11:21:22.852 [main] DEBUG o.m.domain.mapper.ContextBuilder - Mapping : class org.mongolink.test.simpleMapping.FakeAggregateWithNaturalIdMapping
11:21:22.852 [main] DEBUG org.mongolink.domain.mapper.ClassMap - Mapping id : Property{class=org.mongolink.test.entity.FakeAggregateWithNaturalId, field=naturalKey}
11:21:22.852 [main] DEBUG org.mongolink.domain.mapper.ClassMap - Mapping property : Property{class=org.mongolink.test.entity.FakeAggregateWithNaturalId, field=value}
11:21:22.852 [main] DEBUG o.m.domain.mapper.ContextBuilder - Mapping : class org.mongolink.test.simpleMapping.FakeAggregateMappingWithCap
11:21:22.853 [main] DEBUG org.mongolink.domain.mapper.ClassMap - Mapping id : Property{class=org.mongolink.test.entity.FakeEntityWithCap, field=id}
11:21:22.853 [main] DEBUG o.m.domain.mapper.ContextBuilder - Mapping : class org.mongolink.test.simpleMapping.OtherAggregateWithNaturalIdMapping
11:21:22.853 [main] DEBUG org.mongolink.domain.mapper.ClassMap - Mapping id : Property{class=org.mongolink.test.entity.OtherEntityWithNaturalId, field=naturalKey}
11:21:22.853 [main] DEBUG o.m.domain.mapper.ContextBuilder - Mapping : class org.mongolink.test.simpleMapping.FakeAggregateMapping
11:21:22.853 [main] DEBUG org.mongolink.domain.mapper.ClassMap - Mapping id : Property{class=org.mongolink.test.entity.FakeAggregate, field=id}
11:21:22.853 [main] DEBUG org.mongolink.domain.mapper.ClassMap - Mapping property : Property{class=org.mongolink.test.entity.FakeAggregate, field=value}
11:21:22.853 [main] DEBUG org.mongolink.domain.mapper.ClassMap - Mapping collection : Property{class=org.mongolink.test.entity.FakeAggregate, field=comments}
11:21:22.853 [main] DEBUG org.mongolink.domain.mapper.ClassMap - Mapping property : Property{class=org.mongolink.test.entity.FakeAggregate, field=comment}
11:21:22.853 [main] DEBUG org.mongolink.domain.mapper.ClassMap - Mapping property : Property{class=org.mongolink.test.entity.FakeAggregate, field=index}
11:21:22.853 [main] DEBUG o.m.domain.mapper.ContextBuilder - Mapping : class org.mongolink.test.simpleMapping.CommentMapping
11:21:22.853 [main] DEBUG org.mongolink.domain.mapper.ClassMap - Mapping property : Property{class=org.mongolink.test.entity.Comment, field=value}
11:21:22.853 [main] DEBUG o.m.domain.mapper.ContextBuilder - Done scanning : [org.mongolink.test.simpleMapping]
11:21:22.853 [main] DEBUG org.mongolink.MongoSession - Starting
11:21:22.856 [main] WARN  org.mongolink.utils.FieldContainer - Property value was null : Property{class=org.mongolink.test.entity.FakeAggregate, field=comment}
11:21:22.856 [main] WARN  org.mongolink.utils.FieldContainer - Property value was null : Property{class=org.mongolink.test.entity.FakeAggregate, field=index}
11:21:22.858 [main] DEBUG o.m.domain.mapper.ContextBuilder - Scanning : [org.mongolink.test.simpleMapping]
11:21:22.859 [main] DEBUG o.m.domain.mapper.ContextBuilder - Mapping : class org.mongolink.test.simpleMapping.FakeAggregateWithNaturalIdMapping
11:21:22.859 [main] DEBUG org.mongolink.domain.mapper.ClassMap - Mapping id : Property{class=org.mongolink.test.entity.FakeAggregateWithNaturalId, field=naturalKey}
11:21:22.859 [main] DEBUG org.mongolink.domain.mapper.ClassMap - Mapping property : Property{class=org.mongolink.test.entity.FakeAggregateWithNaturalId, field=value}
11:21:22.860 [main] DEBUG o.m.domain.mapper.ContextBuilder - Mapping : class org.mongolink.test.simpleMapping.FakeAggregateMappingWithCap
11:21:22.860 [main] DEBUG org.mongolink.domain.mapper.ClassMap - Mapping id : Property{class=org.mongolink.test.entity.FakeEntityWithCap, field=id}
11:21:22.860 [main] DEBUG o.m.domain.mapper.ContextBuilder - Mapping : class org.mongolink.test.simpleMapping.OtherAggregateWithNaturalIdMapping
11:21:22.860 [main] DEBUG org.mongolink.domain.mapper.ClassMap - Mapping id : Property{class=org.mongolink.test.entity.OtherEntityWithNaturalId, field=naturalKey}
11:21:22.861 [main] DEBUG o.m.domain.mapper.ContextBuilder - Mapping : class org.mongolink.test.simpleMapping.FakeAggregateMapping
11:21:22.861 [main] DEBUG org.mongolink.domain.mapper.ClassMap - Mapping id : Property{class=org.mongolink.test.entity.FakeAggregate, field=id}
11:21:22.861 [main] DEBUG org.mongolink.domain.mapper.ClassMap - Mapping property : Property{class=org.mongolink.test.entity.FakeAggregate, field=value}
11:21:22.861 [main] DEBUG org.mongolink.domain.mapper.ClassMap - Mapping collection : Property{class=org.mongolink.test.entity.FakeAggregate, field=comments}
11:21:22.861 [main] DEBUG org.mongolink.domain.mapper.ClassMap - Mapping property : Property{class=org.mongolink.test.entity.FakeAggregate, field=comment}
11:21:22.861 [main] DEBUG org.mongolink.domain.mapper.ClassMap - Mapping property : Property{class=org.mongolink.test.entity.FakeAggregate, field=index}
11:21:22.861 [main] DEBUG o.m.domain.mapper.ContextBuilder - Mapping : class org.mongolink.test.simpleMapping.CommentMapping
11:21:22.861 [main] DEBUG org.mongolink.domain.mapper.ClassMap - Mapping property : Property{class=org.mongolink.test.entity.Comment, field=value}
11:21:22.861 [main] DEBUG o.m.domain.mapper.ContextBuilder - Done scanning : [org.mongolink.test.simpleMapping]
11:21:22.861 [main] DEBUG org.mongolink.MongoSession - Starting
11:21:22.861 [main] DEBUG org.mongolink.MongoSession - New entity register for additon : org.mongolink.test.entity.FakeAggregateWithNaturalId@71812481
11:21:22.862 [main] DEBUG org.mongolink.MongoSession - Commiting unit of work
11:21:22.863 [main] DEBUG org.mongolink.MongoSession - Entity added :{ "_id" : "cle unique"}
11:21:22.863 [main] DEBUG org.mongolink.MongoSession - Done commiting
11:21:22.863 [main] DEBUG org.mongolink.MongoSession - Entity register for deletion : org.mongolink.test.entity.FakeAggregateWithNaturalId@71812481
11:21:22.863 [main] DEBUG org.mongolink.MongoSession - Commiting unit of work
11:21:22.863 [main] DEBUG org.mongolink.MongoSession - Deleting entity : org.mongolink.test.entity.FakeAggregateWithNaturalId@71812481
11:21:22.864 [main] DEBUG org.mongolink.MongoSession - Done commiting
11:21:22.866 [main] DEBUG o.m.domain.mapper.ContextBuilder - Scanning : [org.mongolink.test.simpleMapping]
11:21:22.866 [main] DEBUG o.m.domain.mapper.ContextBuilder - Mapping : class org.mongolink.test.simpleMapping.FakeAggregateWithNaturalIdMapping
11:21:22.866 [main] DEBUG org.mongolink.domain.mapper.ClassMap - Mapping id : Property{class=org.mongolink.test.entity.FakeAggregateWithNaturalId, field=naturalKey}
11:21:22.867 [main] DEBUG org.mongolink.domain.mapper.ClassMap - Mapping property : Property{class=org.mongolink.test.entity.FakeAggregateWithNaturalId, field=value}
11:21:22.867 [main] DEBUG o.m.domain.mapper.ContextBuilder - Mapping : class org.mongolink.test.simpleMapping.FakeAggregateMappingWithCap
11:21:22.867 [main] DEBUG org.mongolink.domain.mapper.ClassMap - Mapping id : Property{class=org.mongolink.test.entity.FakeEntityWithCap, field=id}
11:21:22.867 [main] DEBUG o.m.domain.mapper.ContextBuilder - Mapping : class org.mongolink.test.simpleMapping.OtherAggregateWithNaturalIdMapping
11:21:22.867 [main] DEBUG org.mongolink.domain.mapper.ClassMap - Mapping id : Property{class=org.mongolink.test.entity.OtherEntityWithNaturalId, field=naturalKey}
11:21:22.868 [main] DEBUG o.m.domain.mapper.ContextBuilder - Mapping : class org.mongolink.test.simpleMapping.FakeAggregateMapping
11:21:22.868 [main] DEBUG org.mongolink.domain.mapper.ClassMap - Mapping id : Property{class=org.mongolink.test.entity.FakeAggregate, field=id}
11:21:22.868 [main] DEBUG org.mongolink.domain.mapper.ClassMap - Mapping property : Property{class=org.mongolink.test.entity.FakeAggregate, field=value}
11:21:22.868 [main] DEBUG org.mongolink.domain.mapper.ClassMap - Mapping collection : Property{class=org.mongolink.test.entity.FakeAggregate, field=comments}
11:21:22.868 [main] DEBUG org.mongolink.domain.mapper.ClassMap - Mapping property : Property{class=org.mongolink.test.entity.FakeAggregate, field=comment}
11:21:22.868 [main] DEBUG org.mongolink.domain.mapper.ClassMap - Mapping property : Property{class=org.mongolink.test.entity.FakeAggregate, field=index}
11:21:22.868 [main] DEBUG o.m.domain.mapper.ContextBuilder - Mapping : class org.mongolink.test.simpleMapping.CommentMapping
11:21:22.868 [main] DEBUG org.mongolink.domain.mapper.ClassMap - Mapping property : Property{class=org.mongolink.test.entity.Comment, field=value}
11:21:22.869 [main] DEBUG o.m.domain.mapper.ContextBuilder - Done scanning : [org.mongolink.test.simpleMapping]
11:21:22.869 [main] DEBUG org.mongolink.MongoSession - Starting
11:21:22.871 [main] WARN  org.mongolink.utils.FieldContainer - Property value was null : Property{class=org.mongolink.test.entity.FakeAggregateWithNaturalId, field=value}
11:21:22.873 [main] DEBUG o.m.domain.mapper.ContextBuilder - Scanning : [org.mongolink.test.simpleMapping]
11:21:22.874 [main] DEBUG o.m.domain.mapper.ContextBuilder - Mapping : class org.mongolink.test.simpleMapping.FakeAggregateWithNaturalIdMapping
11:21:22.874 [main] DEBUG org.mongolink.domain.mapper.ClassMap - Mapping id : Property{class=org.mongolink.test.entity.FakeAggregateWithNaturalId, field=naturalKey}
11:21:22.874 [main] DEBUG org.mongolink.domain.mapper.ClassMap - Mapping property : Property{class=org.mongolink.test.entity.FakeAggregateWithNaturalId, field=value}
11:21:22.875 [main] DEBUG o.m.domain.mapper.ContextBuilder - Mapping : class org.mongolink.test.simpleMapping.FakeAggregateMappingWithCap
11:21:22.875 [main] DEBUG org.mongolink.domain.mapper.ClassMap - Mapping id : Property{class=org.mongolink.test.entity.FakeEntityWithCap, field=id}
11:21:22.875 [main] DEBUG o.m.domain.mapper.ContextBuilder - Mapping : class org.mongolink.test.simpleMapping.OtherAggregateWithNaturalIdMapping
11:21:22.875 [main] DEBUG org.mongolink.domain.mapper.ClassMap - Mapping id : Property{class=org.mongolink.test.entity.OtherEntityWithNaturalId, field=naturalKey}
11:21:22.875 [main] DEBUG o.m.domain.mapper.ContextBuilder - Mapping : class org.mongolink.test.simpleMapping.FakeAggregateMapping
11:21:22.875 [main] DEBUG org.mongolink.domain.mapper.ClassMap - Mapping id : Property{class=org.mongolink.test.entity.FakeAggregate, field=id}
11:21:22.875 [main] DEBUG org.mongolink.domain.mapper.ClassMap - Mapping property : Property{class=org.mongolink.test.entity.FakeAggregate, field=value}
11:21:22.876 [main] DEBUG org.mongolink.domain.mapper.ClassMap - Mapping collection : Property{class=org.mongolink.test.entity.FakeAggregate, field=comments}
11:21:22.876 [main] DEBUG org.mongolink.domain.mapper.ClassMap - Mapping property : Property{class=org.mongolink.test.entity.FakeAggregate, field=comment}
11:21:22.876 [main] DEBUG org.mongolink.domain.mapper.ClassMap - Mapping property : Property{class=org.mongolink.test.entity.FakeAggregate, field=index}
11:21:22.876 [main] DEBUG o.m.domain.mapper.ContextBuilder - Mapping : class org.mongolink.test.simpleMapping.CommentMapping
11:21:22.876 [main] DEBUG org.mongolink.domain.mapper.ClassMap - Mapping property : Property{class=org.mongolink.test.entity.Comment, field=value}
11:21:22.876 [main] DEBUG o.m.domain.mapper.ContextBuilder - Done scanning : [org.mongolink.test.simpleMapping]
11:21:22.877 [main] DEBUG org.mongolink.MongoSession - Starting
11:21:22.877 [main] DEBUG o.m.domain.mapper.ContextBuilder - Scanning : [org.mongolink.test.simpleMapping]
11:21:22.877 [main] DEBUG o.m.domain.mapper.ContextBuilder - Mapping : class org.mongolink.test.simpleMapping.FakeAggregateWithNaturalIdMapping
11:21:22.878 [main] DEBUG org.mongolink.domain.mapper.ClassMap - Mapping id : Property{class=org.mongolink.test.entity.FakeAggregateWithNaturalId, field=naturalKey}
11:21:22.878 [main] DEBUG org.mongolink.domain.mapper.ClassMap - Mapping property : Property{class=org.mongolink.test.entity.FakeAggregateWithNaturalId, field=value}
11:21:22.878 [main] DEBUG o.m.domain.mapper.ContextBuilder - Mapping : class org.mongolink.test.simpleMapping.FakeAggregateMappingWithCap
11:21:22.878 [main] DEBUG org.mongolink.domain.mapper.ClassMap - Mapping id : Property{class=org.mongolink.test.entity.FakeEntityWithCap, field=id}
11:21:22.878 [main] DEBUG o.m.domain.mapper.ContextBuilder - Mapping : class org.mongolink.test.simpleMapping.OtherAggregateWithNaturalIdMapping
11:21:22.878 [main] DEBUG org.mongolink.domain.mapper.ClassMap - Mapping id : Property{class=org.mongolink.test.entity.OtherEntityWithNaturalId, field=naturalKey}
11:21:22.879 [main] DEBUG o.m.domain.mapper.ContextBuilder - Mapping : class org.mongolink.test.simpleMapping.FakeAggregateMapping
11:21:22.879 [main] DEBUG org.mongolink.domain.mapper.ClassMap - Mapping id : Property{class=org.mongolink.test.entity.FakeAggregate, field=id}
11:21:22.879 [main] DEBUG org.mongolink.domain.mapper.ClassMap - Mapping property : Property{class=org.mongolink.test.entity.FakeAggregate, field=value}
11:21:22.879 [main] DEBUG org.mongolink.domain.mapper.ClassMap - Mapping collection : Property{class=org.mongolink.test.entity.FakeAggregate, field=comments}
11:21:22.879 [main] DEBUG org.mongolink.domain.mapper.ClassMap - Mapping property : Property{class=org.mongolink.test.entity.FakeAggregate, field=comment}
11:21:22.879 [main] DEBUG org.mongolink.domain.mapper.ClassMap - Mapping property : Property{class=org.mongolink.test.entity.FakeAggregate, field=index}
11:21:22.880 [main] DEBUG o.m.domain.mapper.ContextBuilder - Mapping : class org.mongolink.test.simpleMapping.CommentMapping
11:21:22.880 [main] DEBUG org.mongolink.domain.mapper.ClassMap - Mapping property : Property{class=org.mongolink.test.entity.Comment, field=value}
11:21:22.880 [main] DEBUG o.m.domain.mapper.ContextBuilder - Done scanning : [org.mongolink.test.simpleMapping]
11:21:22.883 [main] DEBUG o.m.domain.mapper.ContextBuilder - Scanning : [org.mongolink.test.simpleMapping]
11:21:22.884 [main] DEBUG o.m.domain.mapper.ContextBuilder - Mapping : class org.mongolink.test.simpleMapping.FakeAggregateWithNaturalIdMapping
11:21:22.884 [main] DEBUG org.mongolink.domain.mapper.ClassMap - Mapping id : Property{class=org.mongolink.test.entity.FakeAggregateWithNaturalId, field=naturalKey}
11:21:22.884 [main] DEBUG org.mongolink.domain.mapper.ClassMap - Mapping property : Property{class=org.mongolink.test.entity.FakeAggregateWithNaturalId, field=value}
11:21:22.884 [main] DEBUG o.m.domain.mapper.ContextBuilder - Mapping : class org.mongolink.test.simpleMapping.FakeAggregateMappingWithCap
11:21:22.884 [main] DEBUG org.mongolink.domain.mapper.ClassMap - Mapping id : Property{class=org.mongolink.test.entity.FakeEntityWithCap, field=id}
11:21:22.885 [main] DEBUG o.m.domain.mapper.ContextBuilder - Mapping : class org.mongolink.test.simpleMapping.OtherAggregateWithNaturalIdMapping
11:21:22.885 [main] DEBUG org.mongolink.domain.mapper.ClassMap - Mapping id : Property{class=org.mongolink.test.entity.OtherEntityWithNaturalId, field=naturalKey}
11:21:22.885 [main] DEBUG o.m.domain.mapper.ContextBuilder - Mapping : class org.mongolink.test.simpleMapping.FakeAggregateMapping
11:21:22.885 [main] DEBUG org.mongolink.domain.mapper.ClassMap - Mapping id : Property{class=org.mongolink.test.entity.FakeAggregate, field=id}
11:21:22.885 [main] DEBUG org.mongolink.domain.mapper.ClassMap - Mapping property : Property{class=org.mongolink.test.entity.FakeAggregate, field=value}
11:21:22.885 [main] DEBUG org.mongolink.domain.mapper.ClassMap - Mapping collection : Property{class=org.mongolink.test.entity.FakeAggregate, field=comments}
11:21:22.885 [main] DEBUG org.mongolink.domain.mapper.ClassMap - Mapping property : Property{class=org.mongolink.test.entity.FakeAggregate, field=comment}
11:21:22.885 [main] DEBUG org.mongolink.domain.mapper.ClassMap - Mapping property : Property{class=org.mongolink.test.entity.FakeAggregate, field=index}
11:21:22.885 [main] DEBUG o.m.domain.mapper.ContextBuilder - Mapping : class org.mongolink.test.simpleMapping.CommentMapping
11:21:22.885 [main] DEBUG org.mongolink.domain.mapper.ClassMap - Mapping property : Property{class=org.mongolink.test.entity.Comment, field=value}
11:21:22.885 [main] DEBUG o.m.domain.mapper.ContextBuilder - Done scanning : [org.mongolink.test.simpleMapping]
11:21:22.886 [main] DEBUG org.mongolink.MongoSession - Starting
11:21:22.888 [main] WARN  org.mongolink.utils.FieldContainer - Property value was null : Property{class=org.mongolink.test.entity.FakeAggregateWithNaturalId, field=value}
11:21:22.889 [main] DEBUG o.m.domain.mapper.ContextBuilder - Scanning : [org.mongolink.test.simpleMapping]
11:21:22.889 [main] DEBUG o.m.domain.mapper.ContextBuilder - Mapping : class org.mongolink.test.simpleMapping.FakeAggregateWithNaturalIdMapping
11:21:22.890 [main] DEBUG org.mongolink.domain.mapper.ClassMap - Mapping id : Property{class=org.mongolink.test.entity.FakeAggregateWithNaturalId, field=naturalKey}
11:21:22.890 [main] DEBUG org.mongolink.domain.mapper.ClassMap - Mapping property : Property{class=org.mongolink.test.entity.FakeAggregateWithNaturalId, field=value}
11:21:22.890 [main] DEBUG o.m.domain.mapper.ContextBuilder - Mapping : class org.mongolink.test.simpleMapping.FakeAggregateMappingWithCap
11:21:22.890 [main] DEBUG org.mongolink.domain.mapper.ClassMap - Mapping id : Property{class=org.mongolink.test.entity.FakeEntityWithCap, field=id}
11:21:22.890 [main] DEBUG o.m.domain.mapper.ContextBuilder - Mapping : class org.mongolink.test.simpleMapping.OtherAggregateWithNaturalIdMapping
11:21:22.890 [main] DEBUG org.mongolink.domain.mapper.ClassMap - Mapping id : Property{class=org.mongolink.test.entity.OtherEntityWithNaturalId, field=naturalKey}
11:21:22.890 [main] DEBUG o.m.domain.mapper.ContextBuilder - Mapping : class org.mongolink.test.simpleMapping.FakeAggregateMapping
11:21:22.891 [main] DEBUG org.mongolink.domain.mapper.ClassMap - Mapping id : Property{class=org.mongolink.test.entity.FakeAggregate, field=id}
11:21:22.891 [main] DEBUG org.mongolink.domain.mapper.ClassMap - Mapping property : Property{class=org.mongolink.test.entity.FakeAggregate, field=value}
11:21:22.891 [main] DEBUG org.mongolink.domain.mapper.ClassMap - Mapping collection : Property{class=org.mongolink.test.entity.FakeAggregate, field=comments}
11:21:22.891 [main] DEBUG org.mongolink.domain.mapper.ClassMap - Mapping property : Property{class=org.mongolink.test.entity.FakeAggregate, field=comment}
11:21:22.891 [main] DEBUG org.mongolink.domain.mapper.ClassMap - Mapping property : Property{class=org.mongolink.test.entity.FakeAggregate, field=index}
11:21:22.891 [main] DEBUG o.m.domain.mapper.ContextBuilder - Mapping : class org.mongolink.test.simpleMapping.CommentMapping
11:21:22.891 [main] DEBUG org.mongolink.domain.mapper.ClassMap - Mapping property : Property{class=org.mongolink.test.entity.Comment, field=value}
11:21:22.891 [main] DEBUG o.m.domain.mapper.ContextBuilder - Done scanning : [org.mongolink.test.simpleMapping]
11:21:22.891 [main] DEBUG org.mongolink.MongoSession - Starting
11:21:22.893 [main] WARN  org.mongolink.utils.FieldContainer - Property value was null : Property{class=org.mongolink.test.entity.FakeAggregate, field=comment}
11:21:22.893 [main] WARN  org.mongolink.utils.FieldContainer - Property value was null : Property{class=org.mongolink.test.entity.FakeAggregate, field=index}
11:21:22.893 [main] DEBUG org.mongolink.MongoSession - Commiting unit of work
11:21:22.893 [main] DEBUG o.m.d.u.OverwriteStrategy - Updating : collection fakeaggregate : element { "_id" : { "$oid" : "62dfb2129008448534c2d48b"} , "value" : "some new and strange value" , "comments" : [ ] , "index" : 0}
11:21:22.894 [main] DEBUG org.mongolink.MongoSession - Done commiting
11:21:22.894 [main] DEBUG org.mongolink.MongoSession - Stoping
11:21:22.896 [main] DEBUG o.m.domain.mapper.ContextBuilder - Scanning : [org.mongolink.test.simpleMapping]
11:21:22.896 [main] DEBUG o.m.domain.mapper.ContextBuilder - Mapping : class org.mongolink.test.simpleMapping.FakeAggregateWithNaturalIdMapping
11:21:22.896 [main] DEBUG org.mongolink.domain.mapper.ClassMap - Mapping id : Property{class=org.mongolink.test.entity.FakeAggregateWithNaturalId, field=naturalKey}
11:21:22.896 [main] DEBUG org.mongolink.domain.mapper.ClassMap - Mapping property : Property{class=org.mongolink.test.entity.FakeAggregateWithNaturalId, field=value}
11:21:22.896 [main] DEBUG o.m.domain.mapper.ContextBuilder - Mapping : class org.mongolink.test.simpleMapping.FakeAggregateMappingWithCap
11:21:22.896 [main] DEBUG org.mongolink.domain.mapper.ClassMap - Mapping id : Property{class=org.mongolink.test.entity.FakeEntityWithCap, field=id}
11:21:22.897 [main] DEBUG o.m.domain.mapper.ContextBuilder - Mapping : class org.mongolink.test.simpleMapping.OtherAggregateWithNaturalIdMapping
11:21:22.897 [main] DEBUG org.mongolink.domain.mapper.ClassMap - Mapping id : Property{class=org.mongolink.test.entity.OtherEntityWithNaturalId, field=naturalKey}
11:21:22.897 [main] DEBUG o.m.domain.mapper.ContextBuilder - Mapping : class org.mongolink.test.simpleMapping.FakeAggregateMapping
11:21:22.897 [main] DEBUG org.mongolink.domain.mapper.ClassMap - Mapping id : Property{class=org.mongolink.test.entity.FakeAggregate, field=id}
11:21:22.897 [main] DEBUG org.mongolink.domain.mapper.ClassMap - Mapping property : Property{class=org.mongolink.test.entity.FakeAggregate, field=value}
11:21:22.897 [main] DEBUG org.mongolink.domain.mapper.ClassMap - Mapping collection : Property{class=org.mongolink.test.entity.FakeAggregate, field=comments}
11:21:22.897 [main] DEBUG org.mongolink.domain.mapper.ClassMap - Mapping property : Property{class=org.mongolink.test.entity.FakeAggregate, field=comment}
11:21:22.897 [main] DEBUG org.mongolink.domain.mapper.ClassMap - Mapping property : Property{class=org.mongolink.test.entity.FakeAggregate, field=index}
11:21:22.897 [main] DEBUG o.m.domain.mapper.ContextBuilder - Mapping : class org.mongolink.test.simpleMapping.CommentMapping
11:21:22.897 [main] DEBUG org.mongolink.domain.mapper.ClassMap - Mapping property : Property{class=org.mongolink.test.entity.Comment, field=value}
11:21:22.897 [main] DEBUG o.m.domain.mapper.ContextBuilder - Done scanning : [org.mongolink.test.simpleMapping]
11:21:22.897 [main] DEBUG org.mongolink.MongoSession - Starting
11:21:22.897 [main] DEBUG org.mongolink.MongoSession - New entity register for additon : org.mongolink.test.entity.FakeAggregate@3568f9d2
11:21:22.897 [main] DEBUG org.mongolink.MongoSession - Commiting unit of work
11:21:22.899 [main] DEBUG org.mongolink.MongoSession - Entity added :{ "_id" : { "$oid" : "62dfb2129008448534c2d48f"} , "value" : "this is a value" , "comments" : [ ] , "index" : 3}
11:21:22.899 [main] DEBUG org.mongolink.MongoSession - Done commiting
11:21:22.899 [main] DEBUG org.mongolink.MongoSession - Commiting unit of work
11:21:22.903 [main] DEBUG o.m.d.updateStrategy.DiffStrategy - Updating : collection fakeaggregate : query { "_id" : { "$oid" : "62dfb2129008448534c2d48f"}} : modifiers : { "$set" : { "value" : "a value"}}
11:21:22.904 [main] DEBUG org.mongolink.MongoSession - Done commiting
11:21:22.905 [main] DEBUG o.m.domain.mapper.ContextBuilder - Scanning : [org.mongolink.test.simpleMapping]
11:21:22.906 [main] DEBUG o.m.domain.mapper.ContextBuilder - Mapping : class org.mongolink.test.simpleMapping.FakeAggregateWithNaturalIdMapping
11:21:22.906 [main] DEBUG org.mongolink.domain.mapper.ClassMap - Mapping id : Property{class=org.mongolink.test.entity.FakeAggregateWithNaturalId, field=naturalKey}
11:21:22.906 [main] DEBUG org.mongolink.domain.mapper.ClassMap - Mapping property : Property{class=org.mongolink.test.entity.FakeAggregateWithNaturalId, field=value}
11:21:22.906 [main] DEBUG o.m.domain.mapper.ContextBuilder - Mapping : class org.mongolink.test.simpleMapping.FakeAggregateMappingWithCap
11:21:22.906 [main] DEBUG org.mongolink.domain.mapper.ClassMap - Mapping id : Property{class=org.mongolink.test.entity.FakeEntityWithCap, field=id}
11:21:22.906 [main] DEBUG o.m.domain.mapper.ContextBuilder - Mapping : class org.mongolink.test.simpleMapping.OtherAggregateWithNaturalIdMapping
11:21:22.906 [main] DEBUG org.mongolink.domain.mapper.ClassMap - Mapping id : Property{class=org.mongolink.test.entity.OtherEntityWithNaturalId, field=naturalKey}
11:21:22.907 [main] DEBUG o.m.domain.mapper.ContextBuilder - Mapping : class org.mongolink.test.simpleMapping.FakeAggregateMapping
11:21:22.907 [main] DEBUG org.mongolink.domain.mapper.ClassMap - Mapping id : Property{class=org.mongolink.test.entity.FakeAggregate, field=id}
11:21:22.907 [main] DEBUG org.mongolink.domain.mapper.ClassMap - Mapping property : Property{class=org.mongolink.test.entity.FakeAggregate, field=value}
11:21:22.907 [main] DEBUG org.mongolink.domain.mapper.ClassMap - Mapping collection : Property{class=org.mongolink.test.entity.FakeAggregate, field=comments}
11:21:22.907 [main] DEBUG org.mongolink.domain.mapper.ClassMap - Mapping property : Property{class=org.mongolink.test.entity.FakeAggregate, field=comment}
11:21:22.907 [main] DEBUG org.mongolink.domain.mapper.ClassMap - Mapping property : Property{class=org.mongolink.test.entity.FakeAggregate, field=index}
11:21:22.907 [main] DEBUG o.m.domain.mapper.ContextBuilder - Mapping : class org.mongolink.test.simpleMapping.CommentMapping
11:21:22.907 [main] DEBUG org.mongolink.domain.mapper.ClassMap - Mapping property : Property{class=org.mongolink.test.entity.Comment, field=value}
11:21:22.907 [main] DEBUG o.m.domain.mapper.ContextBuilder - Done scanning : [org.mongolink.test.simpleMapping]
11:21:22.907 [main] DEBUG org.mongolink.MongoSession - Starting
11:21:22.908 [main] DEBUG o.m.domain.mapper.ContextBuilder - Scanning : [org.mongolink.test.simpleMapping]
11:21:22.909 [main] DEBUG o.m.domain.mapper.ContextBuilder - Mapping : class org.mongolink.test.simpleMapping.FakeAggregateWithNaturalIdMapping
11:21:22.909 [main] DEBUG org.mongolink.domain.mapper.ClassMap - Mapping id : Property{class=org.mongolink.test.entity.FakeAggregateWithNaturalId, field=naturalKey}
11:21:22.909 [main] DEBUG org.mongolink.domain.mapper.ClassMap - Mapping property : Property{class=org.mongolink.test.entity.FakeAggregateWithNaturalId, field=value}
11:21:22.910 [main] DEBUG o.m.domain.mapper.ContextBuilder - Mapping : class org.mongolink.test.simpleMapping.FakeAggregateMappingWithCap
11:21:22.910 [main] DEBUG org.mongolink.domain.mapper.ClassMap - Mapping id : Property{class=org.mongolink.test.entity.FakeEntityWithCap, field=id}
11:21:22.910 [main] DEBUG o.m.domain.mapper.ContextBuilder - Mapping : class org.mongolink.test.simpleMapping.OtherAggregateWithNaturalIdMapping
11:21:22.910 [main] DEBUG org.mongolink.domain.mapper.ClassMap - Mapping id : Property{class=org.mongolink.test.entity.OtherEntityWithNaturalId, field=naturalKey}
11:21:22.911 [main] DEBUG o.m.domain.mapper.ContextBuilder - Mapping : class org.mongolink.test.simpleMapping.FakeAggregateMapping
11:21:22.911 [main] DEBUG org.mongolink.domain.mapper.ClassMap - Mapping id : Property{class=org.mongolink.test.entity.FakeAggregate, field=id}
11:21:22.911 [main] DEBUG org.mongolink.domain.mapper.ClassMap - Mapping property : Property{class=org.mongolink.test.entity.FakeAggregate, field=value}
11:21:22.911 [main] DEBUG org.mongolink.domain.mapper.ClassMap - Mapping collection : Property{class=org.mongolink.test.entity.FakeAggregate, field=comments}
11:21:22.911 [main] DEBUG org.mongolink.domain.mapper.ClassMap - Mapping property : Property{class=org.mongolink.test.entity.FakeAggregate, field=comment}
11:21:22.911 [main] DEBUG org.mongolink.domain.mapper.ClassMap - Mapping property : Property{class=org.mongolink.test.entity.FakeAggregate, field=index}
11:21:22.911 [main] DEBUG o.m.domain.mapper.ContextBuilder - Mapping : class org.mongolink.test.simpleMapping.CommentMapping
11:21:22.912 [main] DEBUG org.mongolink.domain.mapper.ClassMap - Mapping property : Property{class=org.mongolink.test.entity.Comment, field=value}
11:21:22.912 [main] DEBUG o.m.domain.mapper.ContextBuilder - Done scanning : [org.mongolink.test.simpleMapping]
11:21:22.912 [main] DEBUG org.mongolink.MongoSession - Starting
11:21:22.912 [main] DEBUG org.mongolink.MongoSession - New entity register for additon : org.mongolink.test.entity.FakeAggregate@61a88b8c
11:21:22.912 [main] DEBUG org.mongolink.MongoSession - Commiting unit of work
11:21:22.913 [main] DEBUG org.mongolink.MongoSession - Entity added :{ "_id" : { "$oid" : "62dfb2129008448534c2d493"} , "value" : "a value" , "comments" : [ ] , "index" : 0}
11:21:22.913 [main] DEBUG org.mongolink.MongoSession - Done commiting
11:21:22.914 [main] DEBUG o.m.domain.mapper.ContextBuilder - Scanning : [org.mongolink.test.simpleMapping]
11:21:22.915 [main] DEBUG o.m.domain.mapper.ContextBuilder - Mapping : class org.mongolink.test.simpleMapping.FakeAggregateWithNaturalIdMapping
11:21:22.915 [main] DEBUG org.mongolink.domain.mapper.ClassMap - Mapping id : Property{class=org.mongolink.test.entity.FakeAggregateWithNaturalId, field=naturalKey}
11:21:22.915 [main] DEBUG org.mongolink.domain.mapper.ClassMap - Mapping property : Property{class=org.mongolink.test.entity.FakeAggregateWithNaturalId, field=value}
11:21:22.915 [main] DEBUG o.m.domain.mapper.ContextBuilder - Mapping : class org.mongolink.test.simpleMapping.FakeAggregateMappingWithCap
11:21:22.915 [main] DEBUG org.mongolink.domain.mapper.ClassMap - Mapping id : Property{class=org.mongolink.test.entity.FakeEntityWithCap, field=id}
11:21:22.915 [main] DEBUG o.m.domain.mapper.ContextBuilder - Mapping : class org.mongolink.test.simpleMapping.OtherAggregateWithNaturalIdMapping
11:21:22.915 [main] DEBUG org.mongolink.domain.mapper.ClassMap - Mapping id : Property{class=org.mongolink.test.entity.OtherEntityWithNaturalId, field=naturalKey}
11:21:22.916 [main] DEBUG o.m.domain.mapper.ContextBuilder - Mapping : class org.mongolink.test.simpleMapping.FakeAggregateMapping
11:21:22.916 [main] DEBUG org.mongolink.domain.mapper.ClassMap - Mapping id : Property{class=org.mongolink.test.entity.FakeAggregate, field=id}
11:21:22.916 [main] DEBUG org.mongolink.domain.mapper.ClassMap - Mapping property : Property{class=org.mongolink.test.entity.FakeAggregate, field=value}
11:21:22.916 [main] DEBUG org.mongolink.domain.mapper.ClassMap - Mapping collection : Property{class=org.mongolink.test.entity.FakeAggregate, field=comments}
11:21:22.916 [main] DEBUG org.mongolink.domain.mapper.ClassMap - Mapping property : Property{class=org.mongolink.test.entity.FakeAggregate, field=comment}
11:21:22.916 [main] DEBUG org.mongolink.domain.mapper.ClassMap - Mapping property : Property{class=org.mongolink.test.entity.FakeAggregate, field=index}
11:21:22.916 [main] DEBUG o.m.domain.mapper.ContextBuilder - Mapping : class org.mongolink.test.simpleMapping.CommentMapping
11:21:22.916 [main] DEBUG org.mongolink.domain.mapper.ClassMap - Mapping property : Property{class=org.mongolink.test.entity.Comment, field=value}
11:21:22.916 [main] DEBUG o.m.domain.mapper.ContextBuilder - Done scanning : [org.mongolink.test.simpleMapping]
11:21:22.916 [main] DEBUG org.mongolink.MongoSession - Starting
11:21:22.916 [main] DEBUG org.mongolink.MongoSession - Starting
11:21:22.916 [main] DEBUG org.mongolink.MongoSession - Commiting unit of work
11:21:22.916 [main] DEBUG org.mongolink.MongoSession - Done commiting
11:21:22.916 [main] DEBUG org.mongolink.MongoSession - Stoping
11:21:22.920 [main] DEBUG o.m.domain.mapper.ContextBuilder - Scanning : [org.mongolink.test.simpleMapping]
11:21:22.921 [main] DEBUG o.m.domain.mapper.ContextBuilder - Mapping : class org.mongolink.test.simpleMapping.FakeAggregateWithNaturalIdMapping
11:21:22.921 [main] DEBUG org.mongolink.domain.mapper.ClassMap - Mapping id : Property{class=org.mongolink.test.entity.FakeAggregateWithNaturalId, field=naturalKey}
11:21:22.921 [main] DEBUG org.mongolink.domain.mapper.ClassMap - Mapping property : Property{class=org.mongolink.test.entity.FakeAggregateWithNaturalId, field=value}
11:21:22.921 [main] DEBUG o.m.domain.mapper.ContextBuilder - Mapping : class org.mongolink.test.simpleMapping.FakeAggregateMappingWithCap
11:21:22.921 [main] DEBUG org.mongolink.domain.mapper.ClassMap - Mapping id : Property{class=org.mongolink.test.entity.FakeEntityWithCap, field=id}
11:21:22.921 [main] DEBUG o.m.domain.mapper.ContextBuilder - Mapping : class org.mongolink.test.simpleMapping.OtherAggregateWithNaturalIdMapping
11:21:22.921 [main] DEBUG org.mongolink.domain.mapper.ClassMap - Mapping id : Property{class=org.mongolink.test.entity.OtherEntityWithNaturalId, field=naturalKey}
11:21:22.922 [main] DEBUG o.m.domain.mapper.ContextBuilder - Mapping : class org.mongolink.test.simpleMapping.FakeAggregateMapping
11:21:22.922 [main] DEBUG org.mongolink.domain.mapper.ClassMap - Mapping id : Property{class=org.mongolink.test.entity.FakeAggregate, field=id}
11:21:22.922 [main] DEBUG org.mongolink.domain.mapper.ClassMap - Mapping property : Property{class=org.mongolink.test.entity.FakeAggregate, field=value}
11:21:22.922 [main] DEBUG org.mongolink.domain.mapper.ClassMap - Mapping collection : Property{class=org.mongolink.test.entity.FakeAggregate, field=comments}
11:21:22.922 [main] DEBUG org.mongolink.domain.mapper.ClassMap - Mapping property : Property{class=org.mongolink.test.entity.FakeAggregate, field=comment}
11:21:22.922 [main] DEBUG org.mongolink.domain.mapper.ClassMap - Mapping property : Property{class=org.mongolink.test.entity.FakeAggregate, field=index}
11:21:22.922 [main] DEBUG o.m.domain.mapper.ContextBuilder - Mapping : class org.mongolink.test.simpleMapping.CommentMapping
11:21:22.922 [main] DEBUG org.mongolink.domain.mapper.ClassMap - Mapping property : Property{class=org.mongolink.test.entity.Comment, field=value}
11:21:22.922 [main] DEBUG o.m.domain.mapper.ContextBuilder - Done scanning : [org.mongolink.test.simpleMapping]
11:21:22.922 [main] DEBUG org.mongolink.MongoSession - Starting
11:21:22.924 [main] WARN  org.mongolink.utils.FieldContainer - Property value was null : Property{class=org.mongolink.test.entity.FakeAggregate, field=comment}
11:21:22.924 [main] WARN  org.mongolink.utils.FieldContainer - Property value was null : Property{class=org.mongolink.test.entity.FakeAggregate, field=index}
11:21:22.924 [main] WARN  org.mongolink.utils.FieldContainer - Property value was null : Property{class=org.mongolink.test.entity.FakeAggregate, field=comment}
11:21:22.924 [main] WARN  org.mongolink.utils.FieldContainer - Property value was null : Property{class=org.mongolink.test.entity.FakeAggregate, field=index}
11:21:22.925 [main] DEBUG o.m.domain.mapper.ContextBuilder - Scanning : [org.mongolink.test.simpleMapping]
11:21:22.926 [main] DEBUG o.m.domain.mapper.ContextBuilder - Mapping : class org.mongolink.test.simpleMapping.FakeAggregateWithNaturalIdMapping
11:21:22.926 [main] DEBUG org.mongolink.domain.mapper.ClassMap - Mapping id : Property{class=org.mongolink.test.entity.FakeAggregateWithNaturalId, field=naturalKey}
11:21:22.926 [main] DEBUG org.mongolink.domain.mapper.ClassMap - Mapping property : Property{class=org.mongolink.test.entity.FakeAggregateWithNaturalId, field=value}
11:21:22.926 [main] DEBUG o.m.domain.mapper.ContextBuilder - Mapping : class org.mongolink.test.simpleMapping.FakeAggregateMappingWithCap
11:21:22.926 [main] DEBUG org.mongolink.domain.mapper.ClassMap - Mapping id : Property{class=org.mongolink.test.entity.FakeEntityWithCap, field=id}
11:21:22.926 [main] DEBUG o.m.domain.mapper.ContextBuilder - Mapping : class org.mongolink.test.simpleMapping.OtherAggregateWithNaturalIdMapping
11:21:22.926 [main] DEBUG org.mongolink.domain.mapper.ClassMap - Mapping id : Property{class=org.mongolink.test.entity.OtherEntityWithNaturalId, field=naturalKey}
11:21:22.927 [main] DEBUG o.m.domain.mapper.ContextBuilder - Mapping : class org.mongolink.test.simpleMapping.FakeAggregateMapping
11:21:22.927 [main] DEBUG org.mongolink.domain.mapper.ClassMap - Mapping id : Property{class=org.mongolink.test.entity.FakeAggregate, field=id}
11:21:22.927 [main] DEBUG org.mongolink.domain.mapper.ClassMap - Mapping property : Property{class=org.mongolink.test.entity.FakeAggregate, field=value}
11:21:22.927 [main] DEBUG org.mongolink.domain.mapper.ClassMap - Mapping collection : Property{class=org.mongolink.test.entity.FakeAggregate, field=comments}
11:21:22.927 [main] DEBUG org.mongolink.domain.mapper.ClassMap - Mapping property : Property{class=org.mongolink.test.entity.FakeAggregate, field=comment}
11:21:22.927 [main] DEBUG org.mongolink.domain.mapper.ClassMap - Mapping property : Property{class=org.mongolink.test.entity.FakeAggregate, field=index}
11:21:22.927 [main] DEBUG o.m.domain.mapper.ContextBuilder - Mapping : class org.mongolink.test.simpleMapping.CommentMapping
11:21:22.927 [main] DEBUG org.mongolink.domain.mapper.ClassMap - Mapping property : Property{class=org.mongolink.test.entity.Comment, field=value}
11:21:22.927 [main] DEBUG o.m.domain.mapper.ContextBuilder - Done scanning : [org.mongolink.test.simpleMapping]
11:21:22.927 [main] DEBUG org.mongolink.MongoSession - Starting
11:21:22.928 [main] DEBUG o.m.domain.mapper.ContextBuilder - Scanning : [org.mongolink.test.simpleMapping]
11:21:22.929 [main] DEBUG o.m.domain.mapper.ContextBuilder - Mapping : class org.mongolink.test.simpleMapping.FakeAggregateWithNaturalIdMapping
11:21:22.929 [main] DEBUG org.mongolink.domain.mapper.ClassMap - Mapping id : Property{class=org.mongolink.test.entity.FakeAggregateWithNaturalId, field=naturalKey}
11:21:22.929 [main] DEBUG org.mongolink.domain.mapper.ClassMap - Mapping property : Property{class=org.mongolink.test.entity.FakeAggregateWithNaturalId, field=value}
11:21:22.929 [main] DEBUG o.m.domain.mapper.ContextBuilder - Mapping : class org.mongolink.test.simpleMapping.FakeAggregateMappingWithCap
11:21:22.929 [main] DEBUG org.mongolink.domain.mapper.ClassMap - Mapping id : Property{class=org.mongolink.test.entity.FakeEntityWithCap, field=id}
11:21:22.929 [main] DEBUG o.m.domain.mapper.ContextBuilder - Mapping : class org.mongolink.test.simpleMapping.OtherAggregateWithNaturalIdMapping
11:21:22.929 [main] DEBUG org.mongolink.domain.mapper.ClassMap - Mapping id : Property{class=org.mongolink.test.entity.OtherEntityWithNaturalId, field=naturalKey}
11:21:22.929 [main] DEBUG o.m.domain.mapper.ContextBuilder - Mapping : class org.mongolink.test.simpleMapping.FakeAggregateMapping
11:21:22.929 [main] DEBUG org.mongolink.domain.mapper.ClassMap - Mapping id : Property{class=org.mongolink.test.entity.FakeAggregate, field=id}
11:21:22.929 [main] DEBUG org.mongolink.domain.mapper.ClassMap - Mapping property : Property{class=org.mongolink.test.entity.FakeAggregate, field=value}
11:21:22.930 [main] DEBUG org.mongolink.domain.mapper.ClassMap - Mapping collection : Property{class=org.mongolink.test.entity.FakeAggregate, field=comments}
11:21:22.930 [main] DEBUG org.mongolink.domain.mapper.ClassMap - Mapping property : Property{class=org.mongolink.test.entity.FakeAggregate, field=comment}
11:21:22.930 [main] DEBUG org.mongolink.domain.mapper.ClassMap - Mapping property : Property{class=org.mongolink.test.entity.FakeAggregate, field=index}
11:21:22.930 [main] DEBUG o.m.domain.mapper.ContextBuilder - Mapping : class org.mongolink.test.simpleMapping.CommentMapping
11:21:22.930 [main] DEBUG org.mongolink.domain.mapper.ClassMap - Mapping property : Property{class=org.mongolink.test.entity.Comment, field=value}
11:21:22.930 [main] DEBUG o.m.domain.mapper.ContextBuilder - Done scanning : [org.mongolink.test.simpleMapping]
11:21:22.930 [main] DEBUG org.mongolink.MongoSession - Starting
11:21:22.930 [main] DEBUG org.mongolink.MongoSession - New entity register for additon : org.mongolink.test.entity.FakeAggregateWithNaturalId@55322aab
11:21:22.932 [main] DEBUG o.m.domain.mapper.ContextBuilder - Scanning : [org.mongolink.test.simpleMapping]
11:21:22.933 [main] DEBUG o.m.domain.mapper.ContextBuilder - Mapping : class org.mongolink.test.simpleMapping.FakeAggregateWithNaturalIdMapping
11:21:22.933 [main] DEBUG org.mongolink.domain.mapper.ClassMap - Mapping id : Property{class=org.mongolink.test.entity.FakeAggregateWithNaturalId, field=naturalKey}
11:21:22.933 [main] DEBUG org.mongolink.domain.mapper.ClassMap - Mapping property : Property{class=org.mongolink.test.entity.FakeAggregateWithNaturalId, field=value}
11:21:22.933 [main] DEBUG o.m.domain.mapper.ContextBuilder - Mapping : class org.mongolink.test.simpleMapping.FakeAggregateMappingWithCap
11:21:22.933 [main] DEBUG org.mongolink.domain.mapper.ClassMap - Mapping id : Property{class=org.mongolink.test.entity.FakeEntityWithCap, field=id}
11:21:22.933 [main] DEBUG o.m.domain.mapper.ContextBuilder - Mapping : class org.mongolink.test.simpleMapping.OtherAggregateWithNaturalIdMapping
11:21:22.933 [main] DEBUG org.mongolink.domain.mapper.ClassMap - Mapping id : Property{class=org.mongolink.test.entity.OtherEntityWithNaturalId, field=naturalKey}
11:21:22.933 [main] DEBUG o.m.domain.mapper.ContextBuilder - Mapping : class org.mongolink.test.simpleMapping.FakeAggregateMapping
11:21:22.933 [main] DEBUG org.mongolink.domain.mapper.ClassMap - Mapping id : Property{class=org.mongolink.test.entity.FakeAggregate, field=id}
11:21:22.934 [main] DEBUG org.mongolink.domain.mapper.ClassMap - Mapping property : Property{class=org.mongolink.test.entity.FakeAggregate, field=value}
11:21:22.934 [main] DEBUG org.mongolink.domain.mapper.ClassMap - Mapping collection : Property{class=org.mongolink.test.entity.FakeAggregate, field=comments}
11:21:22.934 [main] DEBUG org.mongolink.domain.mapper.ClassMap - Mapping property : Property{class=org.mongolink.test.entity.FakeAggregate, field=comment}
11:21:22.934 [main] DEBUG org.mongolink.domain.mapper.ClassMap - Mapping property : Property{class=org.mongolink.test.entity.FakeAggregate, field=index}
11:21:22.934 [main] DEBUG o.m.domain.mapper.ContextBuilder - Mapping : class org.mongolink.test.simpleMapping.CommentMapping
11:21:22.934 [main] DEBUG org.mongolink.domain.mapper.ClassMap - Mapping property : Property{class=org.mongolink.test.entity.Comment, field=value}
11:21:22.934 [main] DEBUG o.m.domain.mapper.ContextBuilder - Done scanning : [org.mongolink.test.simpleMapping]
11:21:22.934 [main] DEBUG org.mongolink.MongoSession - Starting
11:21:22.934 [main] DEBUG org.mongolink.MongoSession - New entity register for additon : org.mongolink.test.entity.FakeAggregateWithNaturalId@16c63f5
11:21:22.934 [main] DEBUG org.mongolink.MongoSession - New entity register for additon : org.mongolink.test.entity.OtherEntityWithNaturalId@35229f85
11:21:22.935 [main] DEBUG o.m.domain.mapper.ContextBuilder - Scanning : [org.mongolink.test.simpleMapping]
11:21:22.936 [main] DEBUG o.m.domain.mapper.ContextBuilder - Mapping : class org.mongolink.test.simpleMapping.FakeAggregateWithNaturalIdMapping
11:21:22.936 [main] DEBUG org.mongolink.domain.mapper.ClassMap - Mapping id : Property{class=org.mongolink.test.entity.FakeAggregateWithNaturalId, field=naturalKey}
11:21:22.936 [main] DEBUG org.mongolink.domain.mapper.ClassMap - Mapping property : Property{class=org.mongolink.test.entity.FakeAggregateWithNaturalId, field=value}
11:21:22.936 [main] DEBUG o.m.domain.mapper.ContextBuilder - Mapping : class org.mongolink.test.simpleMapping.FakeAggregateMappingWithCap
11:21:22.936 [main] DEBUG org.mongolink.domain.mapper.ClassMap - Mapping id : Property{class=org.mongolink.test.entity.FakeEntityWithCap, field=id}
11:21:22.936 [main] DEBUG o.m.domain.mapper.ContextBuilder - Mapping : class org.mongolink.test.simpleMapping.OtherAggregateWithNaturalIdMapping
11:21:22.936 [main] DEBUG org.mongolink.domain.mapper.ClassMap - Mapping id : Property{class=org.mongolink.test.entity.OtherEntityWithNaturalId, field=naturalKey}
11:21:22.937 [main] DEBUG o.m.domain.mapper.ContextBuilder - Mapping : class org.mongolink.test.simpleMapping.FakeAggregateMapping
11:21:22.937 [main] DEBUG org.mongolink.domain.mapper.ClassMap - Mapping id : Property{class=org.mongolink.test.entity.FakeAggregate, field=id}
11:21:22.937 [main] DEBUG org.mongolink.domain.mapper.ClassMap - Mapping property : Property{class=org.mongolink.test.entity.FakeAggregate, field=value}
11:21:22.937 [main] DEBUG org.mongolink.domain.mapper.ClassMap - Mapping collection : Property{class=org.mongolink.test.entity.FakeAggregate, field=comments}
11:21:22.937 [main] DEBUG org.mongolink.domain.mapper.ClassMap - Mapping property : Property{class=org.mongolink.test.entity.FakeAggregate, field=comment}
11:21:22.937 [main] DEBUG org.mongolink.domain.mapper.ClassMap - Mapping property : Property{class=org.mongolink.test.entity.FakeAggregate, field=index}
11:21:22.937 [main] DEBUG o.m.domain.mapper.ContextBuilder - Mapping : class org.mongolink.test.simpleMapping.CommentMapping
11:21:22.937 [main] DEBUG org.mongolink.domain.mapper.ClassMap - Mapping property : Property{class=org.mongolink.test.entity.Comment, field=value}
11:21:22.937 [main] DEBUG o.m.domain.mapper.ContextBuilder - Done scanning : [org.mongolink.test.simpleMapping]
11:21:22.937 [main] DEBUG org.mongolink.MongoSession - Starting
11:21:22.938 [main] DEBUG o.m.domain.mapper.ContextBuilder - Scanning : [org.mongolink.test.simpleMapping]
11:21:22.938 [main] DEBUG o.m.domain.mapper.ContextBuilder - Mapping : class org.mongolink.test.simpleMapping.FakeAggregateWithNaturalIdMapping
11:21:22.938 [main] DEBUG org.mongolink.domain.mapper.ClassMap - Mapping id : Property{class=org.mongolink.test.entity.FakeAggregateWithNaturalId, field=naturalKey}
11:21:22.938 [main] DEBUG org.mongolink.domain.mapper.ClassMap - Mapping property : Property{class=org.mongolink.test.entity.FakeAggregateWithNaturalId, field=value}
11:21:22.939 [main] DEBUG o.m.domain.mapper.ContextBuilder - Mapping : class org.mongolink.test.simpleMapping.FakeAggregateMappingWithCap
11:21:22.939 [main] DEBUG org.mongolink.domain.mapper.ClassMap - Mapping id : Property{class=org.mongolink.test.entity.FakeEntityWithCap, field=id}
11:21:22.939 [main] DEBUG o.m.domain.mapper.ContextBuilder - Mapping : class org.mongolink.test.simpleMapping.OtherAggregateWithNaturalIdMapping
11:21:22.939 [main] DEBUG org.mongolink.domain.mapper.ClassMap - Mapping id : Property{class=org.mongolink.test.entity.OtherEntityWithNaturalId, field=naturalKey}
11:21:22.939 [main] DEBUG o.m.domain.mapper.ContextBuilder - Mapping : class org.mongolink.test.simpleMapping.FakeAggregateMapping
11:21:22.939 [main] DEBUG org.mongolink.domain.mapper.ClassMap - Mapping id : Property{class=org.mongolink.test.entity.FakeAggregate, field=id}
11:21:22.939 [main] DEBUG org.mongolink.domain.mapper.ClassMap - Mapping property : Property{class=org.mongolink.test.entity.FakeAggregate, field=value}
11:21:22.939 [main] DEBUG org.mongolink.domain.mapper.ClassMap - Mapping collection : Property{class=org.mongolink.test.entity.FakeAggregate, field=comments}
11:21:22.939 [main] DEBUG org.mongolink.domain.mapper.ClassMap - Mapping property : Property{class=org.mongolink.test.entity.FakeAggregate, field=comment}
11:21:22.939 [main] DEBUG org.mongolink.domain.mapper.ClassMap - Mapping property : Property{class=org.mongolink.test.entity.FakeAggregate, field=index}
11:21:22.939 [main] DEBUG o.m.domain.mapper.ContextBuilder - Mapping : class org.mongolink.test.simpleMapping.CommentMapping
11:21:22.939 [main] DEBUG org.mongolink.domain.mapper.ClassMap - Mapping property : Property{class=org.mongolink.test.entity.Comment, field=value}
11:21:22.939 [main] DEBUG o.m.domain.mapper.ContextBuilder - Done scanning : [org.mongolink.test.simpleMapping]
11:21:22.939 [main] DEBUG org.mongolink.MongoSession - Starting
11:21:22.941 [main] WARN  org.mongolink.utils.FieldContainer - Property value was null : Property{class=org.mongolink.test.entity.FakeAggregate, field=comment}
11:21:22.941 [main] WARN  org.mongolink.utils.FieldContainer - Property value was null : Property{class=org.mongolink.test.entity.FakeAggregate, field=index}
11:21:22.941 [main] DEBUG org.mongolink.MongoSession - Commiting unit of work
11:21:22.942 [main] DEBUG o.m.d.u.OverwriteStrategy - Updating : collection fakeaggregate : element { "_id" : { "$oid" : "62dfb2129008448534c2d49d"} , "value" : "un test de plus" , "comments" : [ ] , "index" : 0}
11:21:22.942 [main] DEBUG org.mongolink.MongoSession - Done commiting
11:21:22.943 [main] DEBUG o.m.domain.mapper.ContextBuilder - Scanning : [org.mongolink.test.simpleMapping]
11:21:22.944 [main] DEBUG o.m.domain.mapper.ContextBuilder - Mapping : class org.mongolink.test.simpleMapping.FakeAggregateWithNaturalIdMapping
11:21:22.944 [main] DEBUG org.mongolink.domain.mapper.ClassMap - Mapping id : Property{class=org.mongolink.test.entity.FakeAggregateWithNaturalId, field=naturalKey}
11:21:22.944 [main] DEBUG org.mongolink.domain.mapper.ClassMap - Mapping property : Property{class=org.mongolink.test.entity.FakeAggregateWithNaturalId, field=value}
11:21:22.944 [main] DEBUG o.m.domain.mapper.ContextBuilder - Mapping : class org.mongolink.test.simpleMapping.FakeAggregateMappingWithCap
11:21:22.944 [main] DEBUG org.mongolink.domain.mapper.ClassMap - Mapping id : Property{class=org.mongolink.test.entity.FakeEntityWithCap, field=id}
11:21:22.945 [main] DEBUG o.m.domain.mapper.ContextBuilder - Mapping : class org.mongolink.test.simpleMapping.OtherAggregateWithNaturalIdMapping
11:21:22.945 [main] DEBUG org.mongolink.domain.mapper.ClassMap - Mapping id : Property{class=org.mongolink.test.entity.OtherEntityWithNaturalId, field=naturalKey}
11:21:22.945 [main] DEBUG o.m.domain.mapper.ContextBuilder - Mapping : class org.mongolink.test.simpleMapping.FakeAggregateMapping
11:21:22.945 [main] DEBUG org.mongolink.domain.mapper.ClassMap - Mapping id : Property{class=org.mongolink.test.entity.FakeAggregate, field=id}
11:21:22.945 [main] DEBUG org.mongolink.domain.mapper.ClassMap - Mapping property : Property{class=org.mongolink.test.entity.FakeAggregate, field=value}
11:21:22.945 [main] DEBUG org.mongolink.domain.mapper.ClassMap - Mapping collection : Property{class=org.mongolink.test.entity.FakeAggregate, field=comments}
11:21:22.945 [main] DEBUG org.mongolink.domain.mapper.ClassMap - Mapping property : Property{class=org.mongolink.test.entity.FakeAggregate, field=comment}
11:21:22.945 [main] DEBUG org.mongolink.domain.mapper.ClassMap - Mapping property : Property{class=org.mongolink.test.entity.FakeAggregate, field=index}
11:21:22.945 [main] DEBUG o.m.domain.mapper.ContextBuilder - Mapping : class org.mongolink.test.simpleMapping.CommentMapping
11:21:22.945 [main] DEBUG org.mongolink.domain.mapper.ClassMap - Mapping property : Property{class=org.mongolink.test.entity.Comment, field=value}
11:21:22.945 [main] DEBUG o.m.domain.mapper.ContextBuilder - Done scanning : [org.mongolink.test.simpleMapping]
11:21:22.945 [main] DEBUG org.mongolink.MongoSession - Starting
11:21:22.946 [main] DEBUG org.mongolink.MongoSession - New entity register for additon : org.mongolink.test.entity.FakeAggregate@2da59753
11:21:22.947 [main] DEBUG o.m.domain.mapper.ContextBuilder - Scanning : [org.mongolink.test.simpleMapping]
11:21:22.947 [main] DEBUG o.m.domain.mapper.ContextBuilder - Mapping : class org.mongolink.test.simpleMapping.FakeAggregateWithNaturalIdMapping
11:21:22.947 [main] DEBUG org.mongolink.domain.mapper.ClassMap - Mapping id : Property{class=org.mongolink.test.entity.FakeAggregateWithNaturalId, field=naturalKey}
11:21:22.947 [main] DEBUG org.mongolink.domain.mapper.ClassMap - Mapping property : Property{class=org.mongolink.test.entity.FakeAggregateWithNaturalId, field=value}
11:21:22.947 [main] DEBUG o.m.domain.mapper.ContextBuilder - Mapping : class org.mongolink.test.simpleMapping.FakeAggregateMappingWithCap
11:21:22.947 [main] DEBUG org.mongolink.domain.mapper.ClassMap - Mapping id : Property{class=org.mongolink.test.entity.FakeEntityWithCap, field=id}
11:21:22.948 [main] DEBUG o.m.domain.mapper.ContextBuilder - Mapping : class org.mongolink.test.simpleMapping.OtherAggregateWithNaturalIdMapping
11:21:22.948 [main] DEBUG org.mongolink.domain.mapper.ClassMap - Mapping id : Property{class=org.mongolink.test.entity.OtherEntityWithNaturalId, field=naturalKey}
11:21:22.948 [main] DEBUG o.m.domain.mapper.ContextBuilder - Mapping : class org.mongolink.test.simpleMapping.FakeAggregateMapping
11:21:22.948 [main] DEBUG org.mongolink.domain.mapper.ClassMap - Mapping id : Property{class=org.mongolink.test.entity.FakeAggregate, field=id}
11:21:22.948 [main] DEBUG org.mongolink.domain.mapper.ClassMap - Mapping property : Property{class=org.mongolink.test.entity.FakeAggregate, field=value}
11:21:22.948 [main] DEBUG org.mongolink.domain.mapper.ClassMap - Mapping collection : Property{class=org.mongolink.test.entity.FakeAggregate, field=comments}
11:21:22.948 [main] DEBUG org.mongolink.domain.mapper.ClassMap - Mapping property : Property{class=org.mongolink.test.entity.FakeAggregate, field=comment}
11:21:22.948 [main] DEBUG org.mongolink.domain.mapper.ClassMap - Mapping property : Property{class=org.mongolink.test.entity.FakeAggregate, field=index}
11:21:22.948 [main] DEBUG o.m.domain.mapper.ContextBuilder - Mapping : class org.mongolink.test.simpleMapping.CommentMapping
11:21:22.948 [main] DEBUG org.mongolink.domain.mapper.ClassMap - Mapping property : Property{class=org.mongolink.test.entity.Comment, field=value}
11:21:22.948 [main] DEBUG o.m.domain.mapper.ContextBuilder - Done scanning : [org.mongolink.test.simpleMapping]
11:21:22.949 [main] DEBUG org.mongolink.MongoSession - Starting
11:21:22.950 [main] WARN  org.mongolink.utils.FieldContainer - Property value was null : Property{class=org.mongolink.test.entity.FakeAggregate, field=comment}
11:21:22.950 [main] WARN  org.mongolink.utils.FieldContainer - Property value was null : Property{class=org.mongolink.test.entity.FakeAggregate, field=index}
11:21:22.951 [main] DEBUG o.m.domain.mapper.ContextBuilder - Scanning : [org.mongolink.test.simpleMapping]
11:21:22.952 [main] DEBUG o.m.domain.mapper.ContextBuilder - Mapping : class org.mongolink.test.simpleMapping.FakeAggregateWithNaturalIdMapping
11:21:22.952 [main] DEBUG org.mongolink.domain.mapper.ClassMap - Mapping id : Property{class=org.mongolink.test.entity.FakeAggregateWithNaturalId, field=naturalKey}
11:21:22.952 [main] DEBUG org.mongolink.domain.mapper.ClassMap - Mapping property : Property{class=org.mongolink.test.entity.FakeAggregateWithNaturalId, field=value}
11:21:22.952 [main] DEBUG o.m.domain.mapper.ContextBuilder - Mapping : class org.mongolink.test.simpleMapping.FakeAggregateMappingWithCap
11:21:22.952 [main] DEBUG org.mongolink.domain.mapper.ClassMap - Mapping id : Property{class=org.mongolink.test.entity.FakeEntityWithCap, field=id}
11:21:22.952 [main] DEBUG o.m.domain.mapper.ContextBuilder - Mapping : class org.mongolink.test.simpleMapping.OtherAggregateWithNaturalIdMapping
11:21:22.952 [main] DEBUG org.mongolink.domain.mapper.ClassMap - Mapping id : Property{class=org.mongolink.test.entity.OtherEntityWithNaturalId, field=naturalKey}
11:21:22.952 [main] DEBUG o.m.domain.mapper.ContextBuilder - Mapping : class org.mongolink.test.simpleMapping.FakeAggregateMapping
11:21:22.953 [main] DEBUG org.mongolink.domain.mapper.ClassMap - Mapping id : Property{class=org.mongolink.test.entity.FakeAggregate, field=id}
11:21:22.953 [main] DEBUG org.mongolink.domain.mapper.ClassMap - Mapping property : Property{class=org.mongolink.test.entity.FakeAggregate, field=value}
11:21:22.953 [main] DEBUG org.mongolink.domain.mapper.ClassMap - Mapping collection : Property{class=org.mongolink.test.entity.FakeAggregate, field=comments}
11:21:22.953 [main] DEBUG org.mongolink.domain.mapper.ClassMap - Mapping property : Property{class=org.mongolink.test.entity.FakeAggregate, field=comment}
11:21:22.953 [main] DEBUG org.mongolink.domain.mapper.ClassMap - Mapping property : Property{class=org.mongolink.test.entity.FakeAggregate, field=index}
11:21:22.953 [main] DEBUG o.m.domain.mapper.ContextBuilder - Mapping : class org.mongolink.test.simpleMapping.CommentMapping
11:21:22.953 [main] DEBUG org.mongolink.domain.mapper.ClassMap - Mapping property : Property{class=org.mongolink.test.entity.Comment, field=value}
11:21:22.953 [main] DEBUG o.m.domain.mapper.ContextBuilder - Done scanning : [org.mongolink.test.simpleMapping]
11:21:22.953 [main] DEBUG org.mongolink.MongoSession - Starting
11:21:22.953 [main] DEBUG org.mongolink.MongoSession - New entity register for additon : org.mongolink.test.entity.FakeAggregate@4d9ac0b4
11:21:22.953 [main] DEBUG org.mongolink.MongoSession - Commiting unit of work
11:21:22.954 [main] DEBUG org.mongolink.MongoSession - Entity added :{ "_id" : { "$oid" : "62dfb2129008448534c2d4a6"} , "value" : "value" , "comments" : [ ] , "index" : 0}
11:21:22.955 [main] DEBUG org.mongolink.MongoSession - Done commiting
11:21:22.956 [main] DEBUG o.m.domain.mapper.ContextBuilder - Scanning : [org.mongolink.test.simpleMapping]
11:21:22.956 [main] DEBUG o.m.domain.mapper.ContextBuilder - Mapping : class org.mongolink.test.simpleMapping.FakeAggregateWithNaturalIdMapping
11:21:22.957 [main] DEBUG org.mongolink.domain.mapper.ClassMap - Mapping id : Property{class=org.mongolink.test.entity.FakeAggregateWithNaturalId, field=naturalKey}
11:21:22.957 [main] DEBUG org.mongolink.domain.mapper.ClassMap - Mapping property : Property{class=org.mongolink.test.entity.FakeAggregateWithNaturalId, field=value}
11:21:22.957 [main] DEBUG o.m.domain.mapper.ContextBuilder - Mapping : class org.mongolink.test.simpleMapping.FakeAggregateMappingWithCap
11:21:22.957 [main] DEBUG org.mongolink.domain.mapper.ClassMap - Mapping id : Property{class=org.mongolink.test.entity.FakeEntityWithCap, field=id}
11:21:22.957 [main] DEBUG o.m.domain.mapper.ContextBuilder - Mapping : class org.mongolink.test.simpleMapping.OtherAggregateWithNaturalIdMapping
11:21:22.957 [main] DEBUG org.mongolink.domain.mapper.ClassMap - Mapping id : Property{class=org.mongolink.test.entity.OtherEntityWithNaturalId, field=naturalKey}
11:21:22.957 [main] DEBUG o.m.domain.mapper.ContextBuilder - Mapping : class org.mongolink.test.simpleMapping.FakeAggregateMapping
11:21:22.957 [main] DEBUG org.mongolink.domain.mapper.ClassMap - Mapping id : Property{class=org.mongolink.test.entity.FakeAggregate, field=id}
11:21:22.957 [main] DEBUG org.mongolink.domain.mapper.ClassMap - Mapping property : Property{class=org.mongolink.test.entity.FakeAggregate, field=value}
11:21:22.957 [main] DEBUG org.mongolink.domain.mapper.ClassMap - Mapping collection : Property{class=org.mongolink.test.entity.FakeAggregate, field=comments}
11:21:22.957 [main] DEBUG org.mongolink.domain.mapper.ClassMap - Mapping property : Property{class=org.mongolink.test.entity.FakeAggregate, field=comment}
11:21:22.957 [main] DEBUG org.mongolink.domain.mapper.ClassMap - Mapping property : Property{class=org.mongolink.test.entity.FakeAggregate, field=index}
11:21:22.958 [main] DEBUG o.m.domain.mapper.ContextBuilder - Mapping : class org.mongolink.test.simpleMapping.CommentMapping
11:21:22.958 [main] DEBUG org.mongolink.domain.mapper.ClassMap - Mapping property : Property{class=org.mongolink.test.entity.Comment, field=value}
11:21:22.958 [main] DEBUG o.m.domain.mapper.ContextBuilder - Done scanning : [org.mongolink.test.simpleMapping]
11:21:22.958 [main] DEBUG org.mongolink.MongoSession - Starting
11:21:22.959 [main] WARN  org.mongolink.utils.FieldContainer - Property value was null : Property{class=org.mongolink.test.entity.FakeAggregateWithNaturalId, field=value}
11:21:22.960 [main] DEBUG o.m.domain.mapper.ContextBuilder - Scanning : [org.mongolink.test.simpleMapping]
11:21:22.961 [main] DEBUG o.m.domain.mapper.ContextBuilder - Mapping : class org.mongolink.test.simpleMapping.FakeAggregateWithNaturalIdMapping
11:21:22.961 [main] DEBUG org.mongolink.domain.mapper.ClassMap - Mapping id : Property{class=org.mongolink.test.entity.FakeAggregateWithNaturalId, field=naturalKey}
11:21:22.961 [main] DEBUG org.mongolink.domain.mapper.ClassMap - Mapping property : Property{class=org.mongolink.test.entity.FakeAggregateWithNaturalId, field=value}
11:21:22.961 [main] DEBUG o.m.domain.mapper.ContextBuilder - Mapping : class org.mongolink.test.simpleMapping.FakeAggregateMappingWithCap
11:21:22.961 [main] DEBUG org.mongolink.domain.mapper.ClassMap - Mapping id : Property{class=org.mongolink.test.entity.FakeEntityWithCap, field=id}
11:21:22.961 [main] DEBUG o.m.domain.mapper.ContextBuilder - Mapping : class org.mongolink.test.simpleMapping.OtherAggregateWithNaturalIdMapping
11:21:22.961 [main] DEBUG org.mongolink.domain.mapper.ClassMap - Mapping id : Property{class=org.mongolink.test.entity.OtherEntityWithNaturalId, field=naturalKey}
11:21:22.961 [main] DEBUG o.m.domain.mapper.ContextBuilder - Mapping : class org.mongolink.test.simpleMapping.FakeAggregateMapping
11:21:22.961 [main] DEBUG org.mongolink.domain.mapper.ClassMap - Mapping id : Property{class=org.mongolink.test.entity.FakeAggregate, field=id}
11:21:22.961 [main] DEBUG org.mongolink.domain.mapper.ClassMap - Mapping property : Property{class=org.mongolink.test.entity.FakeAggregate, field=value}
11:21:22.962 [main] DEBUG org.mongolink.domain.mapper.ClassMap - Mapping collection : Property{class=org.mongolink.test.entity.FakeAggregate, field=comments}
11:21:22.962 [main] DEBUG org.mongolink.domain.mapper.ClassMap - Mapping property : Property{class=org.mongolink.test.entity.FakeAggregate, field=comment}
11:21:22.962 [main] DEBUG org.mongolink.domain.mapper.ClassMap - Mapping property : Property{class=org.mongolink.test.entity.FakeAggregate, field=index}
11:21:22.962 [main] DEBUG o.m.domain.mapper.ContextBuilder - Mapping : class org.mongolink.test.simpleMapping.CommentMapping
11:21:22.962 [main] DEBUG org.mongolink.domain.mapper.ClassMap - Mapping property : Property{class=org.mongolink.test.entity.Comment, field=value}
11:21:22.962 [main] DEBUG o.m.domain.mapper.ContextBuilder - Done scanning : [org.mongolink.test.simpleMapping]
11:21:22.962 [main] DEBUG org.mongolink.MongoSession - Starting
11:21:22.962 [main] DEBUG org.mongolink.MongoSession - New entity register for additon : org.mongolink.test.entity.FakeAggregateWithNaturalId@1e636ea3
11:21:22.963 [main] DEBUG o.m.domain.mapper.ContextBuilder - Scanning : [org.mongolink.test.simpleMapping]
11:21:22.964 [main] DEBUG o.m.domain.mapper.ContextBuilder - Mapping : class org.mongolink.test.simpleMapping.FakeAggregateWithNaturalIdMapping
11:21:22.964 [main] DEBUG org.mongolink.domain.mapper.ClassMap - Mapping id : Property{class=org.mongolink.test.entity.FakeAggregateWithNaturalId, field=naturalKey}
11:21:22.964 [main] DEBUG org.mongolink.domain.mapper.ClassMap - Mapping property : Property{class=org.mongolink.test.entity.FakeAggregateWithNaturalId, field=value}
11:21:22.964 [main] DEBUG o.m.domain.mapper.ContextBuilder - Mapping : class org.mongolink.test.simpleMapping.FakeAggregateMappingWithCap
11:21:22.964 [main] DEBUG org.mongolink.domain.mapper.ClassMap - Mapping id : Property{class=org.mongolink.test.entity.FakeEntityWithCap, field=id}
11:21:22.964 [main] DEBUG o.m.domain.mapper.ContextBuilder - Mapping : class org.mongolink.test.simpleMapping.OtherAggregateWithNaturalIdMapping
11:21:22.964 [main] DEBUG org.mongolink.domain.mapper.ClassMap - Mapping id : Property{class=org.mongolink.test.entity.OtherEntityWithNaturalId, field=naturalKey}
11:21:22.964 [main] DEBUG o.m.domain.mapper.ContextBuilder - Mapping : class org.mongolink.test.simpleMapping.FakeAggregateMapping
11:21:22.965 [main] DEBUG org.mongolink.domain.mapper.ClassMap - Mapping id : Property{class=org.mongolink.test.entity.FakeAggregate, field=id}
11:21:22.965 [main] DEBUG org.mongolink.domain.mapper.ClassMap - Mapping property : Property{class=org.mongolink.test.entity.FakeAggregate, field=value}
11:21:22.965 [main] DEBUG org.mongolink.domain.mapper.ClassMap - Mapping collection : Property{class=org.mongolink.test.entity.FakeAggregate, field=comments}
11:21:22.965 [main] DEBUG org.mongolink.domain.mapper.ClassMap - Mapping property : Property{class=org.mongolink.test.entity.FakeAggregate, field=comment}
11:21:22.965 [main] DEBUG org.mongolink.domain.mapper.ClassMap - Mapping property : Property{class=org.mongolink.test.entity.FakeAggregate, field=index}
11:21:22.965 [main] DEBUG o.m.domain.mapper.ContextBuilder - Mapping : class org.mongolink.test.simpleMapping.CommentMapping
11:21:22.965 [main] DEBUG org.mongolink.domain.mapper.ClassMap - Mapping property : Property{class=org.mongolink.test.entity.Comment, field=value}
11:21:22.965 [main] DEBUG o.m.domain.mapper.ContextBuilder - Done scanning : [org.mongolink.test.simpleMapping]
11:21:22.965 [main] DEBUG org.mongolink.MongoSession - Starting
11:21:22.967 [main] DEBUG o.m.domain.mapper.ContextBuilder - Scanning : [org.mongolink.test.simpleMapping]
11:21:22.968 [main] DEBUG o.m.domain.mapper.ContextBuilder - Mapping : class org.mongolink.test.simpleMapping.FakeAggregateWithNaturalIdMapping
11:21:22.968 [main] DEBUG org.mongolink.domain.mapper.ClassMap - Mapping id : Property{class=org.mongolink.test.entity.FakeAggregateWithNaturalId, field=naturalKey}
11:21:22.968 [main] DEBUG org.mongolink.domain.mapper.ClassMap - Mapping property : Property{class=org.mongolink.test.entity.FakeAggregateWithNaturalId, field=value}
11:21:22.968 [main] DEBUG o.m.domain.mapper.ContextBuilder - Mapping : class org.mongolink.test.simpleMapping.FakeAggregateMappingWithCap
11:21:22.968 [main] DEBUG org.mongolink.domain.mapper.ClassMap - Mapping id : Property{class=org.mongolink.test.entity.FakeEntityWithCap, field=id}
11:21:22.968 [main] DEBUG o.m.domain.mapper.ContextBuilder - Mapping : class org.mongolink.test.simpleMapping.OtherAggregateWithNaturalIdMapping
11:21:22.968 [main] DEBUG org.mongolink.domain.mapper.ClassMap - Mapping id : Property{class=org.mongolink.test.entity.OtherEntityWithNaturalId, field=naturalKey}
11:21:22.969 [main] DEBUG o.m.domain.mapper.ContextBuilder - Mapping : class org.mongolink.test.simpleMapping.FakeAggregateMapping
11:21:22.969 [main] DEBUG org.mongolink.domain.mapper.ClassMap - Mapping id : Property{class=org.mongolink.test.entity.FakeAggregate, field=id}
11:21:22.969 [main] DEBUG org.mongolink.domain.mapper.ClassMap - Mapping property : Property{class=org.mongolink.test.entity.FakeAggregate, field=value}
11:21:22.969 [main] DEBUG org.mongolink.domain.mapper.ClassMap - Mapping collection : Property{class=org.mongolink.test.entity.FakeAggregate, field=comments}
11:21:22.969 [main] DEBUG org.mongolink.domain.mapper.ClassMap - Mapping property : Property{class=org.mongolink.test.entity.FakeAggregate, field=comment}
11:21:22.969 [main] DEBUG org.mongolink.domain.mapper.ClassMap - Mapping property : Property{class=org.mongolink.test.entity.FakeAggregate, field=index}
11:21:22.969 [main] DEBUG o.m.domain.mapper.ContextBuilder - Mapping : class org.mongolink.test.simpleMapping.CommentMapping
11:21:22.969 [main] DEBUG org.mongolink.domain.mapper.ClassMap - Mapping property : Property{class=org.mongolink.test.entity.Comment, field=value}
11:21:22.969 [main] DEBUG o.m.domain.mapper.ContextBuilder - Done scanning : [org.mongolink.test.simpleMapping]
11:21:22.969 [main] DEBUG org.mongolink.MongoSession - Starting
11:21:22.971 [main] DEBUG o.m.domain.mapper.ContextBuilder - Scanning : [org.mongolink.test.simpleMapping]
11:21:22.971 [main] DEBUG o.m.domain.mapper.ContextBuilder - Mapping : class org.mongolink.test.simpleMapping.FakeAggregateWithNaturalIdMapping
11:21:22.971 [main] DEBUG org.mongolink.domain.mapper.ClassMap - Mapping id : Property{class=org.mongolink.test.entity.FakeAggregateWithNaturalId, field=naturalKey}
11:21:22.971 [main] DEBUG org.mongolink.domain.mapper.ClassMap - Mapping property : Property{class=org.mongolink.test.entity.FakeAggregateWithNaturalId, field=value}
11:21:22.972 [main] DEBUG o.m.domain.mapper.ContextBuilder - Mapping : class org.mongolink.test.simpleMapping.FakeAggregateMappingWithCap
11:21:22.972 [main] DEBUG org.mongolink.domain.mapper.ClassMap - Mapping id : Property{class=org.mongolink.test.entity.FakeEntityWithCap, field=id}
11:21:22.972 [main] DEBUG o.m.domain.mapper.ContextBuilder - Mapping : class org.mongolink.test.simpleMapping.OtherAggregateWithNaturalIdMapping
11:21:22.972 [main] DEBUG org.mongolink.domain.mapper.ClassMap - Mapping id : Property{class=org.mongolink.test.entity.OtherEntityWithNaturalId, field=naturalKey}
11:21:22.972 [main] DEBUG o.m.domain.mapper.ContextBuilder - Mapping : class org.mongolink.test.simpleMapping.FakeAggregateMapping
11:21:22.972 [main] DEBUG org.mongolink.domain.mapper.ClassMap - Mapping id : Property{class=org.mongolink.test.entity.FakeAggregate, field=id}
11:21:22.972 [main] DEBUG org.mongolink.domain.mapper.ClassMap - Mapping property : Property{class=org.mongolink.test.entity.FakeAggregate, field=value}
11:21:22.973 [main] DEBUG org.mongolink.domain.mapper.ClassMap - Mapping collection : Property{class=org.mongolink.test.entity.FakeAggregate, field=comments}
11:21:22.973 [main] DEBUG org.mongolink.domain.mapper.ClassMap - Mapping property : Property{class=org.mongolink.test.entity.FakeAggregate, field=comment}
11:21:22.973 [main] DEBUG org.mongolink.domain.mapper.ClassMap - Mapping property : Property{class=org.mongolink.test.entity.FakeAggregate, field=index}
11:21:22.973 [main] DEBUG o.m.domain.mapper.ContextBuilder - Mapping : class org.mongolink.test.simpleMapping.CommentMapping
11:21:22.973 [main] DEBUG org.mongolink.domain.mapper.ClassMap - Mapping property : Property{class=org.mongolink.test.entity.Comment, field=value}
11:21:22.973 [main] DEBUG o.m.domain.mapper.ContextBuilder - Done scanning : [org.mongolink.test.simpleMapping]
11:21:22.973 [main] DEBUG org.mongolink.MongoSession - Starting
11:21:22.973 [main] DEBUG org.mongolink.MongoSession - New entity register for additon : org.mongolink.test.entity.FakeAggregateWithNaturalId@495fac5f
11:21:22.973 [main] DEBUG org.mongolink.MongoSession - Commiting unit of work
11:21:22.974 [main] DEBUG org.mongolink.MongoSession - Entity added :{ "_id" : "natural key" , "value" : "a value"}
11:21:22.975 [main] DEBUG org.mongolink.MongoSession - Done commiting
Tests run: 26, Failures: 0, Errors: 0, Skipped: 0, Time elapsed: 0.213 sec
Running org.mongolink.domain.session.TestsMongoSessionWithInheritance
11:21:22.979 [main] DEBUG org.mongolink.domain.mapper.ClassMap - Mapping id : Property{class=org.mongolink.test.entity.FakeAggregate, field=id}
11:21:22.979 [main] DEBUG org.mongolink.domain.mapper.ClassMap - Mapping property : Property{class=org.mongolink.test.entity.FakeAggregate, field=value}
11:21:22.983 [main] DEBUG org.mongolink.domain.mapper.ClassMap - Mapping subclass : FakeChildAggregate
11:21:22.984 [main] DEBUG org.mongolink.domain.mapper.ClassMap - Mapping property : Property{class=org.mongolink.test.entity.FakeChildAggregate, field=childName}
11:21:22.984 [main] DEBUG org.mongolink.MongoSession - Starting
11:21:22.985 [main] WARN  org.mongolink.utils.FieldContainer - Property value was null : Property{class=org.mongolink.test.entity.FakeChildAggregate, field=childName}
11:21:22.985 [main] WARN  org.mongolink.utils.FieldContainer - Property value was null : Property{class=org.mongolink.test.entity.FakeAggregate, field=value}
11:21:22.987 [main] DEBUG org.mongolink.domain.mapper.ClassMap - Mapping id : Property{class=org.mongolink.test.entity.FakeAggregate, field=id}
11:21:22.987 [main] DEBUG org.mongolink.domain.mapper.ClassMap - Mapping property : Property{class=org.mongolink.test.entity.FakeAggregate, field=value}
11:21:22.987 [main] DEBUG org.mongolink.domain.mapper.ClassMap - Mapping subclass : FakeChildAggregate
11:21:22.987 [main] DEBUG org.mongolink.domain.mapper.ClassMap - Mapping property : Property{class=org.mongolink.test.entity.FakeChildAggregate, field=childName}
11:21:22.987 [main] DEBUG org.mongolink.MongoSession - Starting
11:21:22.988 [main] WARN  org.mongolink.utils.FieldContainer - Property value was null : Property{class=org.mongolink.test.entity.FakeChildAggregate, field=childName}
11:21:22.988 [main] WARN  org.mongolink.utils.FieldContainer - Property value was null : Property{class=org.mongolink.test.entity.FakeAggregate, field=value}
11:21:22.990 [main] DEBUG org.mongolink.domain.mapper.ClassMap - Mapping id : Property{class=org.mongolink.test.entity.FakeAggregate, field=id}
11:21:22.990 [main] DEBUG org.mongolink.domain.mapper.ClassMap - Mapping property : Property{class=org.mongolink.test.entity.FakeAggregate, field=value}
11:21:22.990 [main] DEBUG org.mongolink.domain.mapper.ClassMap - Mapping subclass : FakeChildAggregate
11:21:22.990 [main] DEBUG org.mongolink.domain.mapper.ClassMap - Mapping property : Property{class=org.mongolink.test.entity.FakeChildAggregate, field=childName}
11:21:22.990 [main] DEBUG org.mongolink.MongoSession - Starting
11:21:22.990 [main] DEBUG org.mongolink.MongoSession - New entity register for additon : org.mongolink.test.entity.FakeChildAggregate@7cf6a5f9
11:21:22.990 [main] DEBUG org.mongolink.MongoSession - Commiting unit of work
11:21:22.991 [main] DEBUG org.mongolink.MongoSession - Entity added :{ "__discriminator" : "FakeChildAggregate" , "_id" : "2"}
11:21:22.991 [main] DEBUG org.mongolink.MongoSession - Done commiting
Tests run: 3, Failures: 0, Errors: 0, Skipped: 0, Time elapsed: 0.015 sec
Running org.mongolink.domain.session.TestsUnitOfWork
Tests run: 2, Failures: 0, Errors: 0, Skipped: 0, Time elapsed: 0.016 sec
Running org.mongolink.domain.updateStrategy.DiffTest
1
2
3
Tests run: 1, Failures: 0, Errors: 0, Skipped: 0, Time elapsed: 0.007 sec
Running org.mongolink.domain.updateStrategy.DiffStrategyTest
11:21:23.020 [main] DEBUG o.m.d.updateStrategy.DiffStrategy - Updating array : { "_id" :  null } modifier: $pull  values: { "liste" : "first"}
11:21:23.021 [main] DEBUG o.m.d.updateStrategy.DiffStrategy - Updating array : { "_id" :  null } modifier: $pushAll  values: { "liste" : [ "third" , "other"]}
11:21:23.022 [main] DEBUG o.m.d.updateStrategy.DiffStrategy - Updating array : { "_id" :  null } modifier: $push  values: { "liste" : "third"}
11:21:23.023 [main] DEBUG o.m.d.updateStrategy.DiffStrategy - Updating : collection null : query { "_id" :  null } : modifiers : { "$set" : { "liste.0" : "second" , "liste.1" : "first"}}
Tests run: 3, Failures: 0, Errors: 0, Skipped: 0, Time elapsed: 0.005 sec
Running org.mongolink.domain.updateStrategy.TestsListVisitor
Tests run: 6, Failures: 0, Errors: 0, Skipped: 2, Time elapsed: 0.007 sec
Running org.mongolink.domain.updateStrategy.TestsDbObjectDiff
Tests run: 12, Failures: 0, Errors: 0, Skipped: 0, Time elapsed: 0.003 sec
Running org.mongolink.domain.mapper.TestsContextBuilder
11:21:23.037 [main] DEBUG o.m.domain.mapper.ContextBuilder - Scanning : [org.mongolink.test.simpleMapping, org.mongolink.test.additionalMapping]
11:21:23.038 [main] DEBUG o.m.domain.mapper.ContextBuilder - Mapping : class org.mongolink.test.simpleMapping.FakeAggregateWithNaturalIdMapping
11:21:23.038 [main] DEBUG org.mongolink.domain.mapper.ClassMap - Mapping id : Property{class=org.mongolink.test.entity.FakeAggregateWithNaturalId, field=naturalKey}
11:21:23.038 [main] DEBUG org.mongolink.domain.mapper.ClassMap - Mapping property : Property{class=org.mongolink.test.entity.FakeAggregateWithNaturalId, field=value}
11:21:23.038 [main] DEBUG o.m.domain.mapper.ContextBuilder - Mapping : class org.mongolink.test.simpleMapping.FakeAggregateMappingWithCap
11:21:23.038 [main] DEBUG org.mongolink.domain.mapper.ClassMap - Mapping id : Property{class=org.mongolink.test.entity.FakeEntityWithCap, field=id}
11:21:23.038 [main] DEBUG o.m.domain.mapper.ContextBuilder - Mapping : class org.mongolink.test.simpleMapping.OtherAggregateWithNaturalIdMapping
11:21:23.038 [main] DEBUG org.mongolink.domain.mapper.ClassMap - Mapping id : Property{class=org.mongolink.test.entity.OtherEntityWithNaturalId, field=naturalKey}
11:21:23.038 [main] DEBUG o.m.domain.mapper.ContextBuilder - Mapping : class org.mongolink.test.simpleMapping.FakeAggregateMapping
11:21:23.039 [main] DEBUG org.mongolink.domain.mapper.ClassMap - Mapping id : Property{class=org.mongolink.test.entity.FakeAggregate, field=id}
11:21:23.039 [main] DEBUG org.mongolink.domain.mapper.ClassMap - Mapping property : Property{class=org.mongolink.test.entity.FakeAggregate, field=value}
11:21:23.039 [main] DEBUG org.mongolink.domain.mapper.ClassMap - Mapping collection : Property{class=org.mongolink.test.entity.FakeAggregate, field=comments}
11:21:23.039 [main] DEBUG org.mongolink.domain.mapper.ClassMap - Mapping property : Property{class=org.mongolink.test.entity.FakeAggregate, field=comment}
11:21:23.039 [main] DEBUG org.mongolink.domain.mapper.ClassMap - Mapping property : Property{class=org.mongolink.test.entity.FakeAggregate, field=index}
11:21:23.039 [main] DEBUG o.m.domain.mapper.ContextBuilder - Mapping : class org.mongolink.test.simpleMapping.CommentMapping
11:21:23.039 [main] DEBUG org.mongolink.domain.mapper.ClassMap - Mapping property : Property{class=org.mongolink.test.entity.Comment, field=value}
11:21:23.041 [main] DEBUG o.m.domain.mapper.ContextBuilder - Mapping : class org.mongolink.test.additionalMapping.PostMapping
11:21:23.042 [main] DEBUG org.mongolink.domain.mapper.ClassMap - Mapping property : Property{class=org.mongolink.test.entity.Post, field=title}
11:21:23.042 [main] DEBUG org.mongolink.domain.mapper.ClassMap - Mapping property : Property{class=org.mongolink.test.entity.Post, field=content}
11:21:23.042 [main] DEBUG o.m.domain.mapper.ContextBuilder - Done scanning : [org.mongolink.test.simpleMapping, org.mongolink.test.additionalMapping]
11:21:23.042 [main] DEBUG o.m.domain.mapper.ContextBuilder - Scanning : [org.mongolink.test.simpleMapping]
11:21:23.042 [main] DEBUG o.m.domain.mapper.ContextBuilder - Mapping : class org.mongolink.test.simpleMapping.FakeAggregateWithNaturalIdMapping
11:21:23.042 [main] DEBUG org.mongolink.domain.mapper.ClassMap - Mapping id : Property{class=org.mongolink.test.entity.FakeAggregateWithNaturalId, field=naturalKey}
11:21:23.042 [main] DEBUG org.mongolink.domain.mapper.ClassMap - Mapping property : Property{class=org.mongolink.test.entity.FakeAggregateWithNaturalId, field=value}
11:21:23.042 [main] DEBUG o.m.domain.mapper.ContextBuilder - Mapping : class org.mongolink.test.simpleMapping.FakeAggregateMappingWithCap
11:21:23.043 [main] DEBUG org.mongolink.domain.mapper.ClassMap - Mapping id : Property{class=org.mongolink.test.entity.FakeEntityWithCap, field=id}
11:21:23.043 [main] DEBUG o.m.domain.mapper.ContextBuilder - Mapping : class org.mongolink.test.simpleMapping.OtherAggregateWithNaturalIdMapping
11:21:23.043 [main] DEBUG org.mongolink.domain.mapper.ClassMap - Mapping id : Property{class=org.mongolink.test.entity.OtherEntityWithNaturalId, field=naturalKey}
11:21:23.043 [main] DEBUG o.m.domain.mapper.ContextBuilder - Mapping : class org.mongolink.test.simpleMapping.FakeAggregateMapping
11:21:23.043 [main] DEBUG org.mongolink.domain.mapper.ClassMap - Mapping id : Property{class=org.mongolink.test.entity.FakeAggregate, field=id}
11:21:23.043 [main] DEBUG org.mongolink.domain.mapper.ClassMap - Mapping property : Property{class=org.mongolink.test.entity.FakeAggregate, field=value}
11:21:23.043 [main] DEBUG org.mongolink.domain.mapper.ClassMap - Mapping collection : Property{class=org.mongolink.test.entity.FakeAggregate, field=comments}
11:21:23.043 [main] DEBUG org.mongolink.domain.mapper.ClassMap - Mapping property : Property{class=org.mongolink.test.entity.FakeAggregate, field=comment}
11:21:23.043 [main] DEBUG org.mongolink.domain.mapper.ClassMap - Mapping property : Property{class=org.mongolink.test.entity.FakeAggregate, field=index}
11:21:23.043 [main] DEBUG o.m.domain.mapper.ContextBuilder - Mapping : class org.mongolink.test.simpleMapping.CommentMapping
11:21:23.043 [main] DEBUG org.mongolink.domain.mapper.ClassMap - Mapping property : Property{class=org.mongolink.test.entity.Comment, field=value}
11:21:23.043 [main] DEBUG o.m.domain.mapper.ContextBuilder - Done scanning : [org.mongolink.test.simpleMapping]
11:21:23.044 [main] DEBUG o.m.domain.mapper.ContextBuilder - Scanning : [org.mongolink.test.inheritanceMapping]
11:21:23.045 [main] DEBUG o.m.domain.mapper.ContextBuilder - Mapping : class org.mongolink.test.inheritanceMapping.FakeAggregateWithSubclassMapping
11:21:23.045 [main] DEBUG org.mongolink.domain.mapper.ClassMap - Mapping id : Property{class=org.mongolink.test.entity.FakeAggregate, field=id}
11:21:23.045 [main] DEBUG org.mongolink.domain.mapper.ClassMap - Mapping property : Property{class=org.mongolink.test.entity.FakeAggregate, field=value}
11:21:23.045 [main] DEBUG org.mongolink.domain.mapper.ClassMap - Mapping subclass : FakeChildAggregate
11:21:23.045 [main] DEBUG org.mongolink.domain.mapper.ClassMap - Mapping property : Property{class=org.mongolink.test.entity.FakeChildAggregate, field=childName}
11:21:23.045 [main] DEBUG o.m.domain.mapper.ContextBuilder - Mapping : class org.mongolink.test.inheritanceMapping.FakeAggregateWithTwoSubclassMapping
11:21:23.045 [main] DEBUG org.mongolink.domain.mapper.ClassMap - Mapping id : Property{class=org.mongolink.test.entity.FakeAggregate, field=id}
11:21:23.045 [main] DEBUG org.mongolink.domain.mapper.ClassMap - Mapping subclass : FakeChildAggregate
11:21:23.053 [main] DEBUG org.mongolink.domain.mapper.ClassMap - Mapping subclass : OtherFakeChildAggregate
11:21:23.056 [main] DEBUG o.m.domain.mapper.ContextBuilder - Done scanning : [org.mongolink.test.inheritanceMapping]
Tests run: 3, Failures: 0, Errors: 0, Skipped: 0, Time elapsed: 0.021 sec
Running org.mongolink.domain.mapper.TestsCollectionMapper
Tests run: 2, Failures: 0, Errors: 0, Skipped: 0, Time elapsed: 0.007 sec
Running org.mongolink.domain.mapper.TestsSubclassMapper
11:21:23.067 [main] DEBUG org.mongolink.domain.mapper.ClassMap - Mapping subclass : FakeChildAggregate
11:21:23.067 [main] DEBUG org.mongolink.domain.mapper.ClassMap - Mapping id : Property{class=org.mongolink.test.entity.FakeAggregate, field=id}
11:21:23.067 [main] DEBUG org.mongolink.domain.mapper.ClassMap - Mapping property : Property{class=org.mongolink.test.entity.FakeAggregate, field=value}
11:21:23.067 [main] DEBUG org.mongolink.domain.mapper.ClassMap - Mapping collection : Property{class=org.mongolink.test.entity.FakeAggregate, field=comments}
11:21:23.067 [main] DEBUG org.mongolink.domain.mapper.ClassMap - Mapping property : Property{class=org.mongolink.test.entity.FakeAggregate, field=comment}
11:21:23.067 [main] DEBUG org.mongolink.domain.mapper.ClassMap - Mapping property : Property{class=org.mongolink.test.entity.FakeAggregate, field=index}
11:21:23.067 [main] DEBUG org.mongolink.domain.mapper.ClassMap - Mapping property : Property{class=org.mongolink.test.entity.FakeChildAggregate, field=childName}
11:21:23.068 [main] DEBUG org.mongolink.domain.mapper.ClassMap - Mapping subclass : FakeChildAggregate
11:21:23.068 [main] DEBUG org.mongolink.domain.mapper.ClassMap - Mapping id : Property{class=org.mongolink.test.entity.FakeAggregate, field=id}
11:21:23.068 [main] DEBUG org.mongolink.domain.mapper.ClassMap - Mapping property : Property{class=org.mongolink.test.entity.FakeAggregate, field=value}
11:21:23.068 [main] DEBUG org.mongolink.domain.mapper.ClassMap - Mapping collection : Property{class=org.mongolink.test.entity.FakeAggregate, field=comments}
11:21:23.068 [main] DEBUG org.mongolink.domain.mapper.ClassMap - Mapping property : Property{class=org.mongolink.test.entity.FakeAggregate, field=comment}
11:21:23.068 [main] DEBUG org.mongolink.domain.mapper.ClassMap - Mapping property : Property{class=org.mongolink.test.entity.FakeAggregate, field=index}
11:21:23.068 [main] DEBUG org.mongolink.domain.mapper.ClassMap - Mapping property : Property{class=org.mongolink.test.entity.FakeChildAggregate, field=childName}
11:21:23.070 [main] DEBUG org.mongolink.domain.mapper.ClassMap - Mapping subclass : FakeChildAggregate
11:21:23.070 [main] DEBUG org.mongolink.domain.mapper.ClassMap - Mapping id : Property{class=org.mongolink.test.entity.FakeAggregate, field=id}
11:21:23.070 [main] DEBUG org.mongolink.domain.mapper.ClassMap - Mapping property : Property{class=org.mongolink.test.entity.FakeAggregate, field=value}
11:21:23.070 [main] DEBUG org.mongolink.domain.mapper.ClassMap - Mapping collection : Property{class=org.mongolink.test.entity.FakeAggregate, field=comments}
11:21:23.070 [main] DEBUG org.mongolink.domain.mapper.ClassMap - Mapping property : Property{class=org.mongolink.test.entity.FakeAggregate, field=comment}
11:21:23.070 [main] DEBUG org.mongolink.domain.mapper.ClassMap - Mapping property : Property{class=org.mongolink.test.entity.FakeAggregate, field=index}
11:21:23.070 [main] DEBUG org.mongolink.domain.mapper.ClassMap - Mapping property : Property{class=org.mongolink.test.entity.FakeChildAggregate, field=childName}
11:21:23.070 [main] WARN  org.mongolink.utils.FieldContainer - Property value was null : Property{class=org.mongolink.test.entity.FakeAggregate, field=comment}
11:21:23.071 [main] WARN  org.mongolink.utils.FieldContainer - Property value was null : Property{class=org.mongolink.test.entity.FakeAggregate, field=index}
11:21:23.071 [main] DEBUG org.mongolink.domain.mapper.ClassMap - Mapping subclass : FakeChildAggregate
11:21:23.072 [main] DEBUG org.mongolink.domain.mapper.ClassMap - Mapping id : Property{class=org.mongolink.test.entity.FakeAggregate, field=id}
11:21:23.072 [main] DEBUG org.mongolink.domain.mapper.ClassMap - Mapping property : Property{class=org.mongolink.test.entity.FakeAggregate, field=value}
11:21:23.072 [main] DEBUG org.mongolink.domain.mapper.ClassMap - Mapping collection : Property{class=org.mongolink.test.entity.FakeAggregate, field=comments}
11:21:23.072 [main] DEBUG org.mongolink.domain.mapper.ClassMap - Mapping property : Property{class=org.mongolink.test.entity.FakeAggregate, field=comment}
11:21:23.072 [main] DEBUG org.mongolink.domain.mapper.ClassMap - Mapping property : Property{class=org.mongolink.test.entity.FakeAggregate, field=index}
11:21:23.072 [main] DEBUG org.mongolink.domain.mapper.ClassMap - Mapping property : Property{class=org.mongolink.test.entity.FakeChildAggregate, field=childName}
11:21:23.073 [main] DEBUG org.mongolink.domain.mapper.ClassMap - Mapping subclass : FakeChildAggregate
11:21:23.073 [main] DEBUG org.mongolink.domain.mapper.ClassMap - Mapping id : Property{class=org.mongolink.test.entity.FakeAggregate, field=id}
11:21:23.073 [main] DEBUG org.mongolink.domain.mapper.ClassMap - Mapping property : Property{class=org.mongolink.test.entity.FakeAggregate, field=value}
11:21:23.073 [main] DEBUG org.mongolink.domain.mapper.ClassMap - Mapping collection : Property{class=org.mongolink.test.entity.FakeAggregate, field=comments}
11:21:23.073 [main] DEBUG org.mongolink.domain.mapper.ClassMap - Mapping property : Property{class=org.mongolink.test.entity.FakeAggregate, field=comment}
11:21:23.073 [main] DEBUG org.mongolink.domain.mapper.ClassMap - Mapping property : Property{class=org.mongolink.test.entity.FakeAggregate, field=index}
11:21:23.073 [main] DEBUG org.mongolink.domain.mapper.ClassMap - Mapping property : Property{class=org.mongolink.test.entity.FakeChildAggregate, field=childName}
11:21:23.073 [main] WARN  org.mongolink.utils.FieldContainer - Property value was null : Property{class=org.mongolink.test.entity.FakeAggregate, field=comment}
11:21:23.073 [main] WARN  org.mongolink.utils.FieldContainer - Property value was null : Property{class=org.mongolink.test.entity.FakeAggregate, field=index}
11:21:23.074 [main] DEBUG org.mongolink.domain.mapper.ClassMap - Mapping subclass : FakeChildAggregate
11:21:23.074 [main] DEBUG org.mongolink.domain.mapper.ClassMap - Mapping id : Property{class=org.mongolink.test.entity.FakeAggregate, field=id}
11:21:23.074 [main] DEBUG org.mongolink.domain.mapper.ClassMap - Mapping property : Property{class=org.mongolink.test.entity.FakeAggregate, field=value}
11:21:23.074 [main] DEBUG org.mongolink.domain.mapper.ClassMap - Mapping collection : Property{class=org.mongolink.test.entity.FakeAggregate, field=comments}
11:21:23.074 [main] DEBUG org.mongolink.domain.mapper.ClassMap - Mapping property : Property{class=org.mongolink.test.entity.FakeAggregate, field=comment}
11:21:23.074 [main] DEBUG org.mongolink.domain.mapper.ClassMap - Mapping property : Property{class=org.mongolink.test.entity.FakeAggregate, field=index}
11:21:23.074 [main] DEBUG org.mongolink.domain.mapper.ClassMap - Mapping property : Property{class=org.mongolink.test.entity.FakeChildAggregate, field=childName}
Tests run: 6, Failures: 0, Errors: 0, Skipped: 0, Time elapsed: 0.009 sec
Running org.mongolink.domain.mapper.TestsComponentMapper
11:21:23.076 [main] DEBUG org.mongolink.domain.mapper.ClassMap - Mapping property : Property{class=org.mongolink.test.entity.Comment, field=value}
11:21:23.077 [main] DEBUG org.mongolink.domain.mapper.ClassMap - Mapping property : Property{class=org.mongolink.test.entity.Comment, field=value}
Tests run: 2, Failures: 0, Errors: 0, Skipped: 0, Time elapsed: 0.001 sec
Running org.mongolink.domain.mapper.TestsPropertyMapper
11:21:23.080 [main] DEBUG org.mongolink.domain.mapper.ClassMap - Mapping property : Property{class=org.mongolink.test.entity.Comment, field=value}
11:21:23.082 [main] DEBUG org.mongolink.domain.mapper.ClassMap - Mapping property : Property{class=org.mongolink.test.entity.Comment, field=value}
Tests run: 11, Failures: 0, Errors: 0, Skipped: 0, Time elapsed: 0.016 sec
Running org.mongolink.domain.mapper.TestsMapperContext
11:21:23.095 [main] DEBUG org.mongolink.domain.mapper.ClassMap - Mapping property : Property{class=org.mongolink.test.entity.Comment, field=value}
Tests run: 2, Failures: 0, Errors: 0, Skipped: 0, Time elapsed: 0.001 sec
Running org.mongolink.domain.mapper.TestsClassMapper
11:21:23.097 [main] DEBUG org.mongolink.domain.mapper.ClassMap - Mapping id : Property{class=org.mongolink.test.entity.FakeAggregate, field=id}
11:21:23.097 [main] DEBUG org.mongolink.domain.mapper.ClassMap - Mapping property : Property{class=org.mongolink.test.entity.FakeAggregate, field=value}
11:21:23.097 [main] DEBUG org.mongolink.domain.mapper.ClassMap - Mapping collection : Property{class=org.mongolink.test.entity.FakeAggregate, field=comments}
11:21:23.097 [main] DEBUG org.mongolink.domain.mapper.ClassMap - Mapping property : Property{class=org.mongolink.test.entity.FakeAggregate, field=comment}
11:21:23.097 [main] DEBUG org.mongolink.domain.mapper.ClassMap - Mapping property : Property{class=org.mongolink.test.entity.FakeAggregate, field=index}
11:21:23.097 [main] DEBUG org.mongolink.domain.mapper.ClassMap - Mapping property : Property{class=org.mongolink.test.entity.Comment, field=value}
11:21:23.097 [main] DEBUG org.mongolink.domain.mapper.ClassMap - Mapping id : Property{class=org.mongolink.test.entity.FakeAggregate, field=id}
11:21:23.097 [main] DEBUG org.mongolink.domain.mapper.ClassMap - Mapping property : Property{class=org.mongolink.test.entity.FakeAggregate, field=value}
11:21:23.097 [main] DEBUG org.mongolink.domain.mapper.ClassMap - Mapping collection : Property{class=org.mongolink.test.entity.FakeAggregate, field=comments}
11:21:23.097 [main] DEBUG org.mongolink.domain.mapper.ClassMap - Mapping property : Property{class=org.mongolink.test.entity.FakeAggregate, field=comment}
11:21:23.097 [main] DEBUG org.mongolink.domain.mapper.ClassMap - Mapping property : Property{class=org.mongolink.test.entity.FakeAggregate, field=index}
11:21:23.097 [main] DEBUG org.mongolink.domain.mapper.ClassMap - Mapping property : Property{class=org.mongolink.test.entity.Comment, field=value}
11:21:23.098 [main] DEBUG org.mongolink.domain.mapper.ClassMap - Mapping id : Property{class=org.mongolink.test.entity.FakeAggregate, field=id}
11:21:23.098 [main] DEBUG org.mongolink.domain.mapper.ClassMap - Mapping property : Property{class=org.mongolink.test.entity.FakeAggregate, field=value}
11:21:23.098 [main] DEBUG org.mongolink.domain.mapper.ClassMap - Mapping collection : Property{class=org.mongolink.test.entity.FakeAggregate, field=comments}
11:21:23.098 [main] DEBUG org.mongolink.domain.mapper.ClassMap - Mapping property : Property{class=org.mongolink.test.entity.FakeAggregate, field=comment}
11:21:23.098 [main] DEBUG org.mongolink.domain.mapper.ClassMap - Mapping property : Property{class=org.mongolink.test.entity.FakeAggregate, field=index}
11:21:23.098 [main] DEBUG org.mongolink.domain.mapper.ClassMap - Mapping property : Property{class=org.mongolink.test.entity.Comment, field=value}
11:21:23.098 [main] DEBUG org.mongolink.domain.mapper.ClassMap - Mapping id : Property{class=org.mongolink.test.entity.FakeAggregate, field=id}
11:21:23.098 [main] DEBUG org.mongolink.domain.mapper.ClassMap - Mapping property : Property{class=org.mongolink.test.entity.FakeAggregate, field=value}
11:21:23.098 [main] DEBUG org.mongolink.domain.mapper.ClassMap - Mapping collection : Property{class=org.mongolink.test.entity.FakeAggregate, field=comments}
11:21:23.098 [main] DEBUG org.mongolink.domain.mapper.ClassMap - Mapping property : Property{class=org.mongolink.test.entity.FakeAggregate, field=comment}
11:21:23.098 [main] DEBUG org.mongolink.domain.mapper.ClassMap - Mapping property : Property{class=org.mongolink.test.entity.FakeAggregate, field=index}
11:21:23.098 [main] DEBUG org.mongolink.domain.mapper.ClassMap - Mapping property : Property{class=org.mongolink.test.entity.Comment, field=value}
11:21:23.098 [main] WARN  org.mongolink.utils.FieldContainer - Property value was null : Property{class=org.mongolink.test.entity.FakeAggregate, field=comment}
11:21:23.098 [main] WARN  org.mongolink.utils.FieldContainer - Property value was null : Property{class=org.mongolink.test.entity.FakeAggregate, field=index}
Tests run: 4, Failures: 0, Errors: 0, Skipped: 0, Time elapsed: 0.002 sec
Running org.mongolink.domain.mapper.TestsIdMapper
Tests run: 2, Failures: 0, Errors: 0, Skipped: 0, Time elapsed: 0.003 sec
Running org.mongolink.domain.mapper.TestsMapMapper
Tests run: 2, Failures: 0, Errors: 0, Skipped: 0, Time elapsed: 0.001 sec
Running org.mongolink.domain.mapper.TestsAggregateMapper
11:21:23.104 [main] DEBUG org.mongolink.domain.mapper.ClassMap - Mapping id : Property{class=org.mongolink.test.entity.FakeAggregate, field=id}
11:21:23.104 [main] DEBUG org.mongolink.domain.mapper.ClassMap - Mapping property : Property{class=org.mongolink.test.entity.FakeAggregate, field=value}
11:21:23.104 [main] DEBUG org.mongolink.domain.mapper.ClassMap - Mapping collection : Property{class=org.mongolink.test.entity.FakeAggregate, field=comments}
11:21:23.104 [main] DEBUG org.mongolink.domain.mapper.ClassMap - Mapping property : Property{class=org.mongolink.test.entity.FakeAggregate, field=comment}
11:21:23.104 [main] DEBUG org.mongolink.domain.mapper.ClassMap - Mapping property : Property{class=org.mongolink.test.entity.FakeAggregate, field=index}
11:21:23.104 [main] DEBUG org.mongolink.domain.mapper.ClassMap - Mapping property : Property{class=org.mongolink.test.entity.Comment, field=value}
11:21:23.105 [main] DEBUG org.mongolink.domain.mapper.ClassMap - Mapping id : Property{class=org.mongolink.test.entity.FakeAggregate, field=id}
11:21:23.105 [main] DEBUG org.mongolink.domain.mapper.ClassMap - Mapping property : Property{class=org.mongolink.test.entity.FakeAggregate, field=value}
11:21:23.105 [main] DEBUG org.mongolink.domain.mapper.ClassMap - Mapping collection : Property{class=org.mongolink.test.entity.FakeAggregate, field=comments}
11:21:23.105 [main] DEBUG org.mongolink.domain.mapper.ClassMap - Mapping property : Property{class=org.mongolink.test.entity.FakeAggregate, field=comment}
11:21:23.105 [main] DEBUG org.mongolink.domain.mapper.ClassMap - Mapping property : Property{class=org.mongolink.test.entity.FakeAggregate, field=index}
11:21:23.105 [main] DEBUG org.mongolink.domain.mapper.ClassMap - Mapping property : Property{class=org.mongolink.test.entity.Comment, field=value}
11:21:23.105 [main] DEBUG org.mongolink.domain.mapper.ClassMap - Mapping id : Property{class=org.mongolink.test.entity.FakeAggregateWithNaturalId, field=naturalKey}
11:21:23.105 [main] DEBUG org.mongolink.domain.mapper.ClassMap - Mapping property : Property{class=org.mongolink.test.entity.FakeAggregateWithNaturalId, field=value}
11:21:23.106 [main] DEBUG org.mongolink.domain.mapper.ClassMap - Mapping id : Property{class=org.mongolink.test.entity.FakeAggregate, field=id}
11:21:23.106 [main] DEBUG org.mongolink.domain.mapper.ClassMap - Mapping property : Property{class=org.mongolink.test.entity.FakeAggregate, field=value}
11:21:23.106 [main] DEBUG org.mongolink.domain.mapper.ClassMap - Mapping collection : Property{class=org.mongolink.test.entity.FakeAggregate, field=comments}
11:21:23.106 [main] DEBUG org.mongolink.domain.mapper.ClassMap - Mapping property : Property{class=org.mongolink.test.entity.FakeAggregate, field=comment}
11:21:23.106 [main] DEBUG org.mongolink.domain.mapper.ClassMap - Mapping property : Property{class=org.mongolink.test.entity.FakeAggregate, field=index}
11:21:23.106 [main] DEBUG org.mongolink.domain.mapper.ClassMap - Mapping property : Property{class=org.mongolink.test.entity.Comment, field=value}
11:21:23.106 [main] DEBUG org.mongolink.domain.mapper.ClassMap - Mapping id : Property{class=org.mongolink.test.entity.FakeAggregate, field=id}
11:21:23.106 [main] DEBUG org.mongolink.domain.mapper.ClassMap - Mapping property : Property{class=org.mongolink.test.entity.FakeAggregate, field=value}
11:21:23.106 [main] DEBUG org.mongolink.domain.mapper.ClassMap - Mapping subclass : FakeChildAggregate
11:21:23.106 [main] DEBUG org.mongolink.domain.mapper.ClassMap - Mapping property : Property{class=org.mongolink.test.entity.FakeChildAggregate, field=childName}
11:21:23.106 [main] WARN  org.mongolink.utils.FieldContainer - Property value was null : Property{class=org.mongolink.test.entity.FakeAggregate, field=value}
11:21:23.107 [main] DEBUG org.mongolink.domain.mapper.ClassMap - Mapping id : Property{class=org.mongolink.test.entity.FakeAggregate, field=id}
11:21:23.107 [main] DEBUG org.mongolink.domain.mapper.ClassMap - Mapping property : Property{class=org.mongolink.test.entity.FakeAggregate, field=value}
11:21:23.107 [main] DEBUG org.mongolink.domain.mapper.ClassMap - Mapping collection : Property{class=org.mongolink.test.entity.FakeAggregate, field=comments}
11:21:23.107 [main] DEBUG org.mongolink.domain.mapper.ClassMap - Mapping property : Property{class=org.mongolink.test.entity.FakeAggregate, field=comment}
11:21:23.107 [main] DEBUG org.mongolink.domain.mapper.ClassMap - Mapping property : Property{class=org.mongolink.test.entity.FakeAggregate, field=index}
11:21:23.107 [main] DEBUG org.mongolink.domain.mapper.ClassMap - Mapping property : Property{class=org.mongolink.test.entity.Comment, field=value}
11:21:23.107 [main] WARN  org.mongolink.utils.FieldContainer - Property value was null : Property{class=org.mongolink.test.entity.FakeAggregate, field=value}
11:21:23.107 [main] WARN  org.mongolink.utils.FieldContainer - Property value was null : Property{class=org.mongolink.test.entity.FakeAggregate, field=comment}
11:21:23.107 [main] WARN  org.mongolink.utils.FieldContainer - Property value was null : Property{class=org.mongolink.test.entity.FakeAggregate, field=index}
11:21:23.108 [main] DEBUG org.mongolink.domain.mapper.ClassMap - Mapping id : Property{class=org.mongolink.test.entity.FakeAggregate, field=id}
11:21:23.108 [main] DEBUG org.mongolink.domain.mapper.ClassMap - Mapping property : Property{class=org.mongolink.test.entity.FakeAggregate, field=value}
11:21:23.108 [main] DEBUG org.mongolink.domain.mapper.ClassMap - Mapping collection : Property{class=org.mongolink.test.entity.FakeAggregate, field=comments}
11:21:23.108 [main] DEBUG org.mongolink.domain.mapper.ClassMap - Mapping property : Property{class=org.mongolink.test.entity.FakeAggregate, field=comment}
11:21:23.108 [main] DEBUG org.mongolink.domain.mapper.ClassMap - Mapping property : Property{class=org.mongolink.test.entity.FakeAggregate, field=index}
11:21:23.108 [main] DEBUG org.mongolink.domain.mapper.ClassMap - Mapping property : Property{class=org.mongolink.test.entity.Comment, field=value}
11:21:23.108 [main] DEBUG org.mongolink.domain.mapper.ClassMap - Mapping id : Property{class=org.mongolink.test.entity.FakeAggregateWithNaturalId, field=naturalKey}
11:21:23.108 [main] DEBUG org.mongolink.domain.mapper.ClassMap - Mapping property : Property{class=org.mongolink.test.entity.FakeAggregateWithNaturalId, field=value}
11:21:23.108 [main] WARN  org.mongolink.utils.FieldContainer - Property value was null : Property{class=org.mongolink.test.entity.FakeAggregateWithNaturalId, field=value}
11:21:23.109 [main] DEBUG org.mongolink.domain.mapper.ClassMap - Mapping id : Property{class=org.mongolink.test.entity.FakeAggregate, field=id}
11:21:23.109 [main] DEBUG org.mongolink.domain.mapper.ClassMap - Mapping property : Property{class=org.mongolink.test.entity.FakeAggregate, field=value}
11:21:23.109 [main] DEBUG org.mongolink.domain.mapper.ClassMap - Mapping collection : Property{class=org.mongolink.test.entity.FakeAggregate, field=comments}
11:21:23.109 [main] DEBUG org.mongolink.domain.mapper.ClassMap - Mapping property : Property{class=org.mongolink.test.entity.FakeAggregate, field=comment}
11:21:23.109 [main] DEBUG org.mongolink.domain.mapper.ClassMap - Mapping property : Property{class=org.mongolink.test.entity.FakeAggregate, field=index}
11:21:23.109 [main] DEBUG org.mongolink.domain.mapper.ClassMap - Mapping property : Property{class=org.mongolink.test.entity.Comment, field=value}
11:21:23.109 [main] DEBUG org.mongolink.domain.mapper.ClassMap - Mapping id : Property{class=org.mongolink.test.entity.FakeAggregate, field=id}
11:21:23.109 [main] DEBUG org.mongolink.domain.mapper.ClassMap - Mapping property : Property{class=org.mongolink.test.entity.FakeAggregate, field=value}
11:21:23.109 [main] DEBUG org.mongolink.domain.mapper.ClassMap - Mapping collection : Property{class=org.mongolink.test.entity.FakeAggregate, field=comments}
11:21:23.109 [main] DEBUG org.mongolink.domain.mapper.ClassMap - Mapping property : Property{class=org.mongolink.test.entity.FakeAggregate, field=comment}
11:21:23.110 [main] DEBUG org.mongolink.domain.mapper.ClassMap - Mapping property : Property{class=org.mongolink.test.entity.FakeAggregate, field=index}
11:21:23.110 [main] DEBUG org.mongolink.domain.mapper.ClassMap - Mapping property : Property{class=org.mongolink.test.entity.Comment, field=value}
11:21:23.110 [main] WARN  org.mongolink.utils.FieldContainer - Property value was null : Property{class=org.mongolink.test.entity.FakeAggregate, field=comment}
11:21:23.110 [main] WARN  org.mongolink.utils.FieldContainer - Property value was null : Property{class=org.mongolink.test.entity.FakeAggregate, field=index}
11:21:23.110 [main] DEBUG org.mongolink.domain.mapper.ClassMap - Mapping id : Property{class=org.mongolink.test.entity.FakeAggregate, field=id}
11:21:23.110 [main] DEBUG org.mongolink.domain.mapper.ClassMap - Mapping property : Property{class=org.mongolink.test.entity.FakeAggregate, field=value}
11:21:23.110 [main] DEBUG org.mongolink.domain.mapper.ClassMap - Mapping collection : Property{class=org.mongolink.test.entity.FakeAggregate, field=comments}
11:21:23.110 [main] DEBUG org.mongolink.domain.mapper.ClassMap - Mapping property : Property{class=org.mongolink.test.entity.FakeAggregate, field=comment}
11:21:23.110 [main] DEBUG org.mongolink.domain.mapper.ClassMap - Mapping property : Property{class=org.mongolink.test.entity.FakeAggregate, field=index}
11:21:23.110 [main] DEBUG org.mongolink.domain.mapper.ClassMap - Mapping property : Property{class=org.mongolink.test.entity.Comment, field=value}
11:21:23.111 [main] DEBUG org.mongolink.domain.mapper.ClassMap - Mapping id : Property{class=org.mongolink.test.entity.FakeAggregate, field=id}
11:21:23.111 [main] DEBUG org.mongolink.domain.mapper.ClassMap - Mapping property : Property{class=org.mongolink.test.entity.FakeAggregate, field=value}
11:21:23.111 [main] DEBUG org.mongolink.domain.mapper.ClassMap - Mapping collection : Property{class=org.mongolink.test.entity.FakeAggregate, field=comments}
11:21:23.111 [main] DEBUG org.mongolink.domain.mapper.ClassMap - Mapping property : Property{class=org.mongolink.test.entity.FakeAggregate, field=comment}
11:21:23.111 [main] DEBUG org.mongolink.domain.mapper.ClassMap - Mapping property : Property{class=org.mongolink.test.entity.FakeAggregate, field=index}
11:21:23.111 [main] DEBUG org.mongolink.domain.mapper.ClassMap - Mapping property : Property{class=org.mongolink.test.entity.Comment, field=value}
11:21:23.111 [main] DEBUG org.mongolink.domain.mapper.ClassMap - Mapping id : Property{class=org.mongolink.test.entity.FakeAggregate, field=id}
11:21:23.111 [main] DEBUG org.mongolink.domain.mapper.ClassMap - Mapping property : Property{class=org.mongolink.test.entity.FakeAggregate, field=value}
11:21:23.111 [main] DEBUG org.mongolink.domain.mapper.ClassMap - Mapping subclass : FakeChildAggregate
11:21:23.111 [main] DEBUG org.mongolink.domain.mapper.ClassMap - Mapping property : Property{class=org.mongolink.test.entity.FakeChildAggregate, field=childName}
11:21:23.111 [main] WARN  org.mongolink.utils.FieldContainer - Property value was null : Property{class=org.mongolink.test.entity.FakeChildAggregate, field=childName}
11:21:23.111 [main] WARN  org.mongolink.utils.FieldContainer - Property value was null : Property{class=org.mongolink.test.entity.FakeAggregate, field=value}
Tests run: 9, Failures: 0, Errors: 0, Skipped: 0, Time elapsed: 0.002 sec
Running org.mongolink.domain.mapper.TestsPropertyInterceptor
Tests run: 2, Failures: 0, Errors: 0, Skipped: 0, Time elapsed: 0.006 sec
Running org.mongolink.domain.mapper.TestsAggregateMap
11:21:23.121 [main] DEBUG org.mongolink.domain.mapper.ClassMap - Mapping id : Property{class=org.mongolink.test.entity.FakeAggregate, field=id}
11:21:23.121 [main] DEBUG org.mongolink.domain.mapper.ClassMap - Mapping subclass : FakeChildAggregate
11:21:23.122 [main] DEBUG org.mongolink.domain.mapper.ClassMap - Mapping subclass : OtherFakeChildAggregate
11:21:23.122 [main] DEBUG org.mongolink.domain.mapper.ClassMap - Mapping id : Property{class=org.mongolink.test.entity.FakeAggregate, field=id}
11:21:23.122 [main] DEBUG org.mongolink.domain.mapper.ClassMap - Mapping property : Property{class=org.mongolink.test.entity.FakeAggregate, field=value}
11:21:23.122 [main] DEBUG org.mongolink.domain.mapper.ClassMap - Mapping subclass : FakeChildAggregate
11:21:23.122 [main] DEBUG org.mongolink.domain.mapper.ClassMap - Mapping property : Property{class=org.mongolink.test.entity.FakeChildAggregate, field=childName}
11:21:23.123 [main] DEBUG org.mongolink.domain.mapper.ClassMap - Mapping id : Property{class=org.mongolink.test.entity.FakeEntityWithCap, field=id}
11:21:23.123 [main] DEBUG org.mongolink.domain.mapper.ClassMap - Mapping id : Property{class=org.mongolink.test.entity.FakeAggregate, field=id}
11:21:23.123 [main] DEBUG org.mongolink.domain.mapper.ClassMap - Mapping property : Property{class=org.mongolink.test.entity.FakeAggregate, field=value}
11:21:23.123 [main] DEBUG org.mongolink.domain.mapper.ClassMap - Mapping collection : Property{class=org.mongolink.test.entity.FakeAggregate, field=comments}
11:21:23.123 [main] DEBUG org.mongolink.domain.mapper.ClassMap - Mapping property : Property{class=org.mongolink.test.entity.FakeAggregate, field=comment}
11:21:23.123 [main] DEBUG org.mongolink.domain.mapper.ClassMap - Mapping property : Property{class=org.mongolink.test.entity.FakeAggregate, field=index}
11:21:23.124 [main] DEBUG org.mongolink.domain.mapper.ClassMap - Mapping id : Property{class=org.mongolink.test.entity.FakeEntityWithCap, field=id}
11:21:23.124 [main] DEBUG org.mongolink.domain.mapper.ClassMap - Mapping id : Property{class=org.mongolink.test.entity.FakeEntityWithCap, field=id}
Tests run: 7, Failures: 0, Errors: 0, Skipped: 0, Time elapsed: 0.004 sec
Running org.mongolink.domain.TestQueryExecutor
Tests run: 3, Failures: 0, Errors: 0, Skipped: 0, Time elapsed: 0.018 sec
Running org.mongolink.domain.converter.TestsLocalDateConverter
Tests run: 3, Failures: 0, Errors: 0, Skipped: 0, Time elapsed: 0 sec
Running org.mongolink.domain.converter.Java8LocalDateTimeConverterTest
Tests run: 4, Failures: 0, Errors: 0, Skipped: 0, Time elapsed: 0.006 sec
Running org.mongolink.domain.converter.Java8LocalDateConverterTest
Tests run: 3, Failures: 0, Errors: 0, Skipped: 0, Time elapsed: 0.001 sec
Running org.mongolink.domain.converter.TestsConverter
Tests run: 2, Failures: 0, Errors: 0, Skipped: 0, Time elapsed: 0.003 sec
Running org.mongolink.domain.converter.TestsMoneyConverter
Tests run: 3, Failures: 0, Errors: 0, Skipped: 0, Time elapsed: 0.013 sec
Running org.mongolink.domain.converter.TestsDateTimeConverter
Tests run: 4, Failures: 0, Errors: 0, Skipped: 0, Time elapsed: 0.001 sec
Running org.mongolink.utils.TestsSettings
Tests run: 10, Failures: 0, Errors: 0, Skipped: 0, Time elapsed: 0.002 sec
Running org.mongolink.utils.TestsPropertyContainer
Tests run: 4, Failures: 0, Errors: 0, Skipped: 0, Time elapsed: 0.001 sec

Results :

Tests run: 159, Failures: 0, Errors: 0, Skipped: 3

[[1;34mINFO[m] 
[[1;34mINFO[m] [1m-----------------< [0;36morg.mongolink:mongolink-testtools[0;1m >------------------[m
[[1;34mINFO[m] [1mBuilding mongolink-testtools 1.2.2                                 [3/3][m
[[1;34mINFO[m] [1m--------------------------------[ jar ]---------------------------------[m
[[1;34mINFO[m] 
[[1;34mINFO[m] [1m--- [0;32mmaven-enforcer-plugin:1.2:enforce[m [1m(enforce-maven)[m @ [36mmongolink-testtools[0;1m ---[m
[[1;34mINFO[m] 
[[1;34mINFO[m] [1m--- [0;32mmaven-resources-plugin:2.6:resources[m [1m(default-resources)[m @ [36mmongolink-testtools[0;1m ---[m
[[1;34mINFO[m] Using 'UTF-8' encoding to copy filtered resources.
[[1;34mINFO[m] skip non existing resourceDirectory /home/kbour/Documents/Stage/ProjetTest/repoV1_bis/varymvn/mongolink-1.2.2_clone/mongolink-1.2.2_8_1/mongolink-testtools/src/main/resources
[[1;34mINFO[m] 
[[1;34mINFO[m] [1m--- [0;32mmaven-compiler-plugin:2.3.2:compile[m [1m(default-compile)[m @ [36mmongolink-testtools[0;1m ---[m
[[1;34mINFO[m] Nothing to compile - all classes are up to date
[[1;34mINFO[m] 
[[1;34mINFO[m] [1m--- [0;32mmaven-resources-plugin:2.6:testResources[m [1m(default-testResources)[m @ [36mmongolink-testtools[0;1m ---[m
[[1;34mINFO[m] Using 'UTF-8' encoding to copy filtered resources.
[[1;34mINFO[m] skip non existing resourceDirectory /home/kbour/Documents/Stage/ProjetTest/repoV1_bis/varymvn/mongolink-1.2.2_clone/mongolink-1.2.2_8_1/mongolink-testtools/src/test/resources
[[1;34mINFO[m] 
[[1;34mINFO[m] [1m--- [0;32mmaven-compiler-plugin:2.3.2:testCompile[m [1m(default-testCompile)[m @ [36mmongolink-testtools[0;1m ---[m
[[1;34mINFO[m] No sources to compile
[[1;34mINFO[m] 
[[1;34mINFO[m] [1m--- [0;32mmaven-surefire-plugin:2.12.4:test[m [1m(default-test)[m @ [36mmongolink-testtools[0;1m ---[m
[[1;34mINFO[m] No tests to run.
[[1;34mINFO[m] [1m------------------------------------------------------------------------[m
[[1;34mINFO[m] [1mReactor Summary for mongolink-parent 1.2.2:[m
[[1;34mINFO[m] 
[[1;34mINFO[m] mongolink-parent ................................... [1;32mSUCCESS[m [  0.126 s]
[[1;34mINFO[m] mongolink .......................................... [1;32mSUCCESS[m [  1.564 s]
[[1;34mINFO[m] mongolink-testtools ................................ [1;32mSUCCESS[m [  0.031 s]
[[1;34mINFO[m] [1m------------------------------------------------------------------------[m
[[1;34mINFO[m] [1;32mBUILD SUCCESS[m
[[1;34mINFO[m] [1m------------------------------------------------------------------------[m
[[1;34mINFO[m] Total time:  2.252 s
[[1;34mINFO[m] Finished at: 2022-07-26T11:21:23+02:00
[[1;34mINFO[m] [1m------------------------------------------------------------------------[m
