[[1;34mINFO[m] Scanning for projects...
[[1;34mINFO[m] Inspecting build with total of 3 modules...
[[1;34mINFO[m] Installing Nexus Staging features:
[[1;34mINFO[m]   ... total of 3 executions of maven-deploy-plugin replaced with nexus-staging-maven-plugin
[[1;34mINFO[m] [1m------------------------------------------------------------------------[m
[[1;34mINFO[m] [1mReactor Build Order:[m
[[1;34mINFO[m] 
[[1;34mINFO[m] mongolink-parent                                                   [pom]
[[1;34mINFO[m] mongolink                                                          [jar]
[[1;34mINFO[m] mongolink-testtools                                                [jar]
[[1;34mINFO[m] 
[[1;34mINFO[m] [1m-------------------< [0;36morg.mongolink:mongolink-parent[0;1m >-------------------[m
[[1;34mINFO[m] [1mBuilding mongolink-parent 1.2.2                                    [1/3][m
[[1;34mINFO[m] [1m--------------------------------[ pom ]---------------------------------[m
[[1;34mINFO[m] 
[[1;34mINFO[m] [1m--- [0;32mmaven-enforcer-plugin:1.2:enforce[m [1m(enforce-maven)[m @ [36mmongolink-parent[0;1m ---[m
[[1;34mINFO[m] 
[[1;34mINFO[m] [1m----------------------< [0;36morg.mongolink:mongolink[0;1m >-----------------------[m
[[1;34mINFO[m] [1mBuilding mongolink 1.2.2                                           [2/3][m
[[1;34mINFO[m] [1m--------------------------------[ jar ]---------------------------------[m
[[1;34mINFO[m] 
[[1;34mINFO[m] [1m--- [0;32mmaven-enforcer-plugin:1.2:enforce[m [1m(enforce-maven)[m @ [36mmongolink[0;1m ---[m
[[1;34mINFO[m] 
[[1;34mINFO[m] [1m--- [0;32mmaven-resources-plugin:2.6:resources[m [1m(default-resources)[m @ [36mmongolink[0;1m ---[m
[[1;34mINFO[m] Using 'UTF-8' encoding to copy filtered resources.
[[1;34mINFO[m] skip non existing resourceDirectory /home/kbour/Documents/Stage/ProjetTest/repoV1_bis/varymvn/mongolink-1.2.2_clone/mongolink-1.2.2_6_1/mongolink/src/main/resources
[[1;34mINFO[m] 
[[1;34mINFO[m] [1m--- [0;32mmaven-compiler-plugin:2.3.2:compile[m [1m(default-compile)[m @ [36mmongolink[0;1m ---[m
[[1;34mINFO[m] Nothing to compile - all classes are up to date
[[1;34mINFO[m] 
[[1;34mINFO[m] [1m--- [0;32mmaven-resources-plugin:2.6:testResources[m [1m(default-testResources)[m @ [36mmongolink[0;1m ---[m
[[1;34mINFO[m] Using 'UTF-8' encoding to copy filtered resources.
[[1;34mINFO[m] Copying 1 resource
[[1;34mINFO[m] 
[[1;34mINFO[m] [1m--- [0;32mmaven-compiler-plugin:2.3.2:testCompile[m [1m(default-testCompile)[m @ [36mmongolink[0;1m ---[m
[[1;34mINFO[m] Nothing to compile - all classes are up to date
[[1;34mINFO[m] 
[[1;34mINFO[m] [1m--- [0;32mmaven-surefire-plugin:2.12.4:test[m [1m(default-test)[m @ [36mmongolink[0;1m ---[m
[[1;34mINFO[m] Surefire report directory: /home/kbour/Documents/Stage/ProjetTest/repoV1_bis/varymvn/mongolink-1.2.2_clone/mongolink-1.2.2_6_1/mongolink/target/surefire-reports

-------------------------------------------------------
 T E S T S
-------------------------------------------------------
Running org.mongolink.domain.criteria.TestsElementMatchCriteria
WARNING: An illegal reflective access operation has occurred
WARNING: Illegal reflective access by org.mockito.cglib.core.ReflectUtils$2 (file:/root/.m2/repository/org/mockito/mockito-core/1.9.5/mockito-core-1.9.5.jar) to method java.lang.ClassLoader.defineClass(java.lang.String,byte[],int,int,java.security.ProtectionDomain)
WARNING: Please consider reporting this to the maintainers of org.mockito.cglib.core.ReflectUtils$2
WARNING: Use --illegal-access=warn to enable warnings of further illegal reflective access operations
WARNING: All illegal access operations will be denied in a future release
Tests run: 1, Failures: 0, Errors: 0, Skipped: 0, Time elapsed: 0.12 sec
Running org.mongolink.domain.criteria.TestsCriteria
Tests run: 12, Failures: 0, Errors: 0, Skipped: 0, Time elapsed: 0.09 sec
Running org.mongolink.domain.session.TestsMongoSessionManagerImpl
11:20:26.229 [main] DEBUG o.m.domain.mapper.ContextBuilder - Scanning : [org.mongolink.test.simpleMapping]
11:20:26.290 [main] DEBUG o.m.domain.mapper.ContextBuilder - Mapping : class org.mongolink.test.simpleMapping.FakeAggregateWithNaturalIdMapping
11:20:26.294 [main] DEBUG org.mongolink.domain.mapper.ClassMap - Mapping id : Property{class=org.mongolink.test.entity.FakeAggregateWithNaturalId, field=naturalKey}
11:20:26.295 [main] DEBUG org.mongolink.domain.mapper.ClassMap - Mapping property : Property{class=org.mongolink.test.entity.FakeAggregateWithNaturalId, field=value}
11:20:26.300 [main] DEBUG o.m.domain.mapper.ContextBuilder - Mapping : class org.mongolink.test.simpleMapping.FakeAggregateMappingWithCap
11:20:26.300 [main] DEBUG org.mongolink.domain.mapper.ClassMap - Mapping id : Property{class=org.mongolink.test.entity.FakeEntityWithCap, field=id}
11:20:26.303 [main] DEBUG o.m.domain.mapper.ContextBuilder - Mapping : class org.mongolink.test.simpleMapping.OtherAggregateWithNaturalIdMapping
11:20:26.303 [main] DEBUG org.mongolink.domain.mapper.ClassMap - Mapping id : Property{class=org.mongolink.test.entity.OtherEntityWithNaturalId, field=naturalKey}
11:20:26.307 [main] DEBUG o.m.domain.mapper.ContextBuilder - Mapping : class org.mongolink.test.simpleMapping.FakeAggregateMapping
11:20:26.308 [main] DEBUG org.mongolink.domain.mapper.ClassMap - Mapping id : Property{class=org.mongolink.test.entity.FakeAggregate, field=id}
11:20:26.308 [main] DEBUG org.mongolink.domain.mapper.ClassMap - Mapping property : Property{class=org.mongolink.test.entity.FakeAggregate, field=value}
11:20:26.308 [main] DEBUG org.mongolink.domain.mapper.ClassMap - Mapping collection : Property{class=org.mongolink.test.entity.FakeAggregate, field=comments}
11:20:26.309 [main] DEBUG org.mongolink.domain.mapper.ClassMap - Mapping property : Property{class=org.mongolink.test.entity.FakeAggregate, field=comment}
11:20:26.309 [main] DEBUG org.mongolink.domain.mapper.ClassMap - Mapping property : Property{class=org.mongolink.test.entity.FakeAggregate, field=index}
11:20:26.312 [main] DEBUG o.m.domain.mapper.ContextBuilder - Mapping : class org.mongolink.test.simpleMapping.CommentMapping
11:20:26.312 [main] DEBUG org.mongolink.domain.mapper.ClassMap - Mapping property : Property{class=org.mongolink.test.entity.Comment, field=value}
11:20:26.312 [main] DEBUG o.m.domain.mapper.ContextBuilder - Done scanning : [org.mongolink.test.simpleMapping]
11:20:26.355 [main] DEBUG org.mongolink.MongoSession - Starting
11:20:26.381 [main] DEBUG org.mongolink.MongoSession - Commiting unit of work
11:20:26.384 [main] DEBUG org.mongolink.MongoSession - Done commiting
11:20:26.384 [main] DEBUG org.mongolink.MongoSession - Stoping
11:20:26.386 [main] DEBUG o.m.domain.mapper.ContextBuilder - Scanning : [org.mongolink.test.simpleMapping]
11:20:26.386 [main] DEBUG o.m.domain.mapper.ContextBuilder - Mapping : class org.mongolink.test.simpleMapping.FakeAggregateWithNaturalIdMapping
11:20:26.387 [main] DEBUG org.mongolink.domain.mapper.ClassMap - Mapping id : Property{class=org.mongolink.test.entity.FakeAggregateWithNaturalId, field=naturalKey}
11:20:26.387 [main] DEBUG org.mongolink.domain.mapper.ClassMap - Mapping property : Property{class=org.mongolink.test.entity.FakeAggregateWithNaturalId, field=value}
11:20:26.387 [main] DEBUG o.m.domain.mapper.ContextBuilder - Mapping : class org.mongolink.test.simpleMapping.FakeAggregateMappingWithCap
11:20:26.387 [main] DEBUG org.mongolink.domain.mapper.ClassMap - Mapping id : Property{class=org.mongolink.test.entity.FakeEntityWithCap, field=id}
11:20:26.387 [main] DEBUG o.m.domain.mapper.ContextBuilder - Mapping : class org.mongolink.test.simpleMapping.OtherAggregateWithNaturalIdMapping
11:20:26.387 [main] DEBUG org.mongolink.domain.mapper.ClassMap - Mapping id : Property{class=org.mongolink.test.entity.OtherEntityWithNaturalId, field=naturalKey}
11:20:26.388 [main] DEBUG o.m.domain.mapper.ContextBuilder - Mapping : class org.mongolink.test.simpleMapping.FakeAggregateMapping
11:20:26.388 [main] DEBUG org.mongolink.domain.mapper.ClassMap - Mapping id : Property{class=org.mongolink.test.entity.FakeAggregate, field=id}
11:20:26.388 [main] DEBUG org.mongolink.domain.mapper.ClassMap - Mapping property : Property{class=org.mongolink.test.entity.FakeAggregate, field=value}
11:20:26.388 [main] DEBUG org.mongolink.domain.mapper.ClassMap - Mapping collection : Property{class=org.mongolink.test.entity.FakeAggregate, field=comments}
11:20:26.388 [main] DEBUG org.mongolink.domain.mapper.ClassMap - Mapping property : Property{class=org.mongolink.test.entity.FakeAggregate, field=comment}
11:20:26.388 [main] DEBUG org.mongolink.domain.mapper.ClassMap - Mapping property : Property{class=org.mongolink.test.entity.FakeAggregate, field=index}
11:20:26.388 [main] DEBUG o.m.domain.mapper.ContextBuilder - Mapping : class org.mongolink.test.simpleMapping.CommentMapping
11:20:26.389 [main] DEBUG org.mongolink.domain.mapper.ClassMap - Mapping property : Property{class=org.mongolink.test.entity.Comment, field=value}
11:20:26.389 [main] DEBUG o.m.domain.mapper.ContextBuilder - Done scanning : [org.mongolink.test.simpleMapping]
11:20:26.389 [main] DEBUG org.mongolink.MongoSession - Starting
11:20:26.389 [main] DEBUG org.mongolink.MongoSession - Commiting unit of work
11:20:26.389 [main] DEBUG org.mongolink.MongoSession - Done commiting
11:20:26.389 [main] DEBUG org.mongolink.MongoSession - Stoping
11:20:26.390 [main] DEBUG o.m.domain.mapper.ContextBuilder - Scanning : [org.mongolink.test.simpleMapping]
11:20:26.390 [main] DEBUG o.m.domain.mapper.ContextBuilder - Mapping : class org.mongolink.test.simpleMapping.FakeAggregateWithNaturalIdMapping
11:20:26.390 [main] DEBUG org.mongolink.domain.mapper.ClassMap - Mapping id : Property{class=org.mongolink.test.entity.FakeAggregateWithNaturalId, field=naturalKey}
11:20:26.390 [main] DEBUG org.mongolink.domain.mapper.ClassMap - Mapping property : Property{class=org.mongolink.test.entity.FakeAggregateWithNaturalId, field=value}
11:20:26.391 [main] DEBUG o.m.domain.mapper.ContextBuilder - Mapping : class org.mongolink.test.simpleMapping.FakeAggregateMappingWithCap
11:20:26.391 [main] DEBUG org.mongolink.domain.mapper.ClassMap - Mapping id : Property{class=org.mongolink.test.entity.FakeEntityWithCap, field=id}
11:20:26.391 [main] DEBUG o.m.domain.mapper.ContextBuilder - Mapping : class org.mongolink.test.simpleMapping.OtherAggregateWithNaturalIdMapping
11:20:26.391 [main] DEBUG org.mongolink.domain.mapper.ClassMap - Mapping id : Property{class=org.mongolink.test.entity.OtherEntityWithNaturalId, field=naturalKey}
11:20:26.391 [main] DEBUG o.m.domain.mapper.ContextBuilder - Mapping : class org.mongolink.test.simpleMapping.FakeAggregateMapping
11:20:26.391 [main] DEBUG org.mongolink.domain.mapper.ClassMap - Mapping id : Property{class=org.mongolink.test.entity.FakeAggregate, field=id}
11:20:26.391 [main] DEBUG org.mongolink.domain.mapper.ClassMap - Mapping property : Property{class=org.mongolink.test.entity.FakeAggregate, field=value}
11:20:26.391 [main] DEBUG org.mongolink.domain.mapper.ClassMap - Mapping collection : Property{class=org.mongolink.test.entity.FakeAggregate, field=comments}
11:20:26.392 [main] DEBUG org.mongolink.domain.mapper.ClassMap - Mapping property : Property{class=org.mongolink.test.entity.FakeAggregate, field=comment}
11:20:26.392 [main] DEBUG org.mongolink.domain.mapper.ClassMap - Mapping property : Property{class=org.mongolink.test.entity.FakeAggregate, field=index}
11:20:26.392 [main] DEBUG o.m.domain.mapper.ContextBuilder - Mapping : class org.mongolink.test.simpleMapping.CommentMapping
11:20:26.392 [main] DEBUG org.mongolink.domain.mapper.ClassMap - Mapping property : Property{class=org.mongolink.test.entity.Comment, field=value}
11:20:26.392 [main] DEBUG o.m.domain.mapper.ContextBuilder - Done scanning : [org.mongolink.test.simpleMapping]
11:20:26.392 [main] DEBUG org.mongolink.MongoSession - Starting
11:20:26.392 [main] DEBUG org.mongolink.MongoSession - Commiting unit of work
11:20:26.393 [main] DEBUG org.mongolink.MongoSession - Done commiting
11:20:26.393 [main] DEBUG org.mongolink.MongoSession - Stoping
11:20:26.394 [main] DEBUG o.m.domain.mapper.ContextBuilder - Scanning : [org.mongolink.test.simpleMapping]
11:20:26.394 [main] DEBUG o.m.domain.mapper.ContextBuilder - Mapping : class org.mongolink.test.simpleMapping.FakeAggregateWithNaturalIdMapping
11:20:26.394 [main] DEBUG org.mongolink.domain.mapper.ClassMap - Mapping id : Property{class=org.mongolink.test.entity.FakeAggregateWithNaturalId, field=naturalKey}
11:20:26.395 [main] DEBUG org.mongolink.domain.mapper.ClassMap - Mapping property : Property{class=org.mongolink.test.entity.FakeAggregateWithNaturalId, field=value}
11:20:26.395 [main] DEBUG o.m.domain.mapper.ContextBuilder - Mapping : class org.mongolink.test.simpleMapping.FakeAggregateMappingWithCap
11:20:26.395 [main] DEBUG org.mongolink.domain.mapper.ClassMap - Mapping id : Property{class=org.mongolink.test.entity.FakeEntityWithCap, field=id}
11:20:26.395 [main] DEBUG o.m.domain.mapper.ContextBuilder - Mapping : class org.mongolink.test.simpleMapping.OtherAggregateWithNaturalIdMapping
11:20:26.395 [main] DEBUG org.mongolink.domain.mapper.ClassMap - Mapping id : Property{class=org.mongolink.test.entity.OtherEntityWithNaturalId, field=naturalKey}
11:20:26.395 [main] DEBUG o.m.domain.mapper.ContextBuilder - Mapping : class org.mongolink.test.simpleMapping.FakeAggregateMapping
11:20:26.395 [main] DEBUG org.mongolink.domain.mapper.ClassMap - Mapping id : Property{class=org.mongolink.test.entity.FakeAggregate, field=id}
11:20:26.396 [main] DEBUG org.mongolink.domain.mapper.ClassMap - Mapping property : Property{class=org.mongolink.test.entity.FakeAggregate, field=value}
11:20:26.396 [main] DEBUG org.mongolink.domain.mapper.ClassMap - Mapping collection : Property{class=org.mongolink.test.entity.FakeAggregate, field=comments}
11:20:26.396 [main] DEBUG org.mongolink.domain.mapper.ClassMap - Mapping property : Property{class=org.mongolink.test.entity.FakeAggregate, field=comment}
11:20:26.396 [main] DEBUG org.mongolink.domain.mapper.ClassMap - Mapping property : Property{class=org.mongolink.test.entity.FakeAggregate, field=index}
11:20:26.396 [main] DEBUG o.m.domain.mapper.ContextBuilder - Mapping : class org.mongolink.test.simpleMapping.CommentMapping
11:20:26.396 [main] DEBUG org.mongolink.domain.mapper.ClassMap - Mapping property : Property{class=org.mongolink.test.entity.Comment, field=value}
11:20:26.396 [main] DEBUG o.m.domain.mapper.ContextBuilder - Done scanning : [org.mongolink.test.simpleMapping]
11:20:26.397 [main] DEBUG org.mongolink.MongoSession - Starting
11:20:26.397 [main] DEBUG org.mongolink.MongoSession - Commiting unit of work
11:20:26.397 [main] DEBUG org.mongolink.MongoSession - Done commiting
11:20:26.397 [main] DEBUG org.mongolink.MongoSession - Stoping
11:20:26.397 [main] DEBUG org.mongolink.MongoSession - Starting
Tests run: 5, Failures: 0, Errors: 0, Skipped: 1, Time elapsed: 0.347 sec
Running org.mongolink.domain.session.TestsMongoSessionImpl
11:20:26.434 [main] DEBUG o.m.domain.mapper.ContextBuilder - Scanning : [org.mongolink.test.simpleMapping]
11:20:26.435 [main] DEBUG o.m.domain.mapper.ContextBuilder - Mapping : class org.mongolink.test.simpleMapping.FakeAggregateWithNaturalIdMapping
11:20:26.435 [main] DEBUG org.mongolink.domain.mapper.ClassMap - Mapping id : Property{class=org.mongolink.test.entity.FakeAggregateWithNaturalId, field=naturalKey}
11:20:26.435 [main] DEBUG org.mongolink.domain.mapper.ClassMap - Mapping property : Property{class=org.mongolink.test.entity.FakeAggregateWithNaturalId, field=value}
11:20:26.436 [main] DEBUG o.m.domain.mapper.ContextBuilder - Mapping : class org.mongolink.test.simpleMapping.FakeAggregateMappingWithCap
11:20:26.436 [main] DEBUG org.mongolink.domain.mapper.ClassMap - Mapping id : Property{class=org.mongolink.test.entity.FakeEntityWithCap, field=id}
11:20:26.436 [main] DEBUG o.m.domain.mapper.ContextBuilder - Mapping : class org.mongolink.test.simpleMapping.OtherAggregateWithNaturalIdMapping
11:20:26.436 [main] DEBUG org.mongolink.domain.mapper.ClassMap - Mapping id : Property{class=org.mongolink.test.entity.OtherEntityWithNaturalId, field=naturalKey}
11:20:26.436 [main] DEBUG o.m.domain.mapper.ContextBuilder - Mapping : class org.mongolink.test.simpleMapping.FakeAggregateMapping
11:20:26.437 [main] DEBUG org.mongolink.domain.mapper.ClassMap - Mapping id : Property{class=org.mongolink.test.entity.FakeAggregate, field=id}
11:20:26.437 [main] DEBUG org.mongolink.domain.mapper.ClassMap - Mapping property : Property{class=org.mongolink.test.entity.FakeAggregate, field=value}
11:20:26.437 [main] DEBUG org.mongolink.domain.mapper.ClassMap - Mapping collection : Property{class=org.mongolink.test.entity.FakeAggregate, field=comments}
11:20:26.437 [main] DEBUG org.mongolink.domain.mapper.ClassMap - Mapping property : Property{class=org.mongolink.test.entity.FakeAggregate, field=comment}
11:20:26.437 [main] DEBUG org.mongolink.domain.mapper.ClassMap - Mapping property : Property{class=org.mongolink.test.entity.FakeAggregate, field=index}
11:20:26.437 [main] DEBUG o.m.domain.mapper.ContextBuilder - Mapping : class org.mongolink.test.simpleMapping.CommentMapping
11:20:26.437 [main] DEBUG org.mongolink.domain.mapper.ClassMap - Mapping property : Property{class=org.mongolink.test.entity.Comment, field=value}
11:20:26.437 [main] DEBUG o.m.domain.mapper.ContextBuilder - Done scanning : [org.mongolink.test.simpleMapping]
11:20:26.437 [main] DEBUG org.mongolink.MongoSession - Starting
11:20:26.454 [main] DEBUG org.mongolink.MongoSession - New entity register for additon : org.mongolink.test.entity.FakeAggregate@332796d3
11:20:26.454 [main] DEBUG org.mongolink.MongoSession - New entity register for additon : org.mongolink.test.entity.FakeAggregate@4f0100a7
11:20:26.454 [main] DEBUG org.mongolink.MongoSession - Commiting unit of work
11:20:26.470 [main] DEBUG org.mongolink.MongoSession - Entity added :{ "_id" : { "$oid" : "62dfb1da90086aa6cadb7382"} , "value" : "this is a value" , "comments" : [ ] , "index" : 0}
11:20:26.471 [main] DEBUG org.mongolink.MongoSession - Entity added :{ "_id" : { "$oid" : "62dfb1da90086aa6cadb7383"} , "value" : "this is a value" , "comments" : [ ] , "index" : 0}
11:20:26.471 [main] DEBUG org.mongolink.MongoSession - Done commiting
11:20:26.475 [main] DEBUG o.m.domain.mapper.ContextBuilder - Scanning : [org.mongolink.test.simpleMapping]
11:20:26.476 [main] DEBUG o.m.domain.mapper.ContextBuilder - Mapping : class org.mongolink.test.simpleMapping.FakeAggregateWithNaturalIdMapping
11:20:26.476 [main] DEBUG org.mongolink.domain.mapper.ClassMap - Mapping id : Property{class=org.mongolink.test.entity.FakeAggregateWithNaturalId, field=naturalKey}
11:20:26.476 [main] DEBUG org.mongolink.domain.mapper.ClassMap - Mapping property : Property{class=org.mongolink.test.entity.FakeAggregateWithNaturalId, field=value}
11:20:26.477 [main] DEBUG o.m.domain.mapper.ContextBuilder - Mapping : class org.mongolink.test.simpleMapping.FakeAggregateMappingWithCap
11:20:26.477 [main] DEBUG org.mongolink.domain.mapper.ClassMap - Mapping id : Property{class=org.mongolink.test.entity.FakeEntityWithCap, field=id}
11:20:26.477 [main] DEBUG o.m.domain.mapper.ContextBuilder - Mapping : class org.mongolink.test.simpleMapping.OtherAggregateWithNaturalIdMapping
11:20:26.477 [main] DEBUG org.mongolink.domain.mapper.ClassMap - Mapping id : Property{class=org.mongolink.test.entity.OtherEntityWithNaturalId, field=naturalKey}
11:20:26.477 [main] DEBUG o.m.domain.mapper.ContextBuilder - Mapping : class org.mongolink.test.simpleMapping.FakeAggregateMapping
11:20:26.477 [main] DEBUG org.mongolink.domain.mapper.ClassMap - Mapping id : Property{class=org.mongolink.test.entity.FakeAggregate, field=id}
11:20:26.477 [main] DEBUG org.mongolink.domain.mapper.ClassMap - Mapping property : Property{class=org.mongolink.test.entity.FakeAggregate, field=value}
11:20:26.478 [main] DEBUG org.mongolink.domain.mapper.ClassMap - Mapping collection : Property{class=org.mongolink.test.entity.FakeAggregate, field=comments}
11:20:26.478 [main] DEBUG org.mongolink.domain.mapper.ClassMap - Mapping property : Property{class=org.mongolink.test.entity.FakeAggregate, field=comment}
11:20:26.478 [main] DEBUG org.mongolink.domain.mapper.ClassMap - Mapping property : Property{class=org.mongolink.test.entity.FakeAggregate, field=index}
11:20:26.478 [main] DEBUG o.m.domain.mapper.ContextBuilder - Mapping : class org.mongolink.test.simpleMapping.CommentMapping
11:20:26.478 [main] DEBUG org.mongolink.domain.mapper.ClassMap - Mapping property : Property{class=org.mongolink.test.entity.Comment, field=value}
11:20:26.478 [main] DEBUG o.m.domain.mapper.ContextBuilder - Done scanning : [org.mongolink.test.simpleMapping]
11:20:26.478 [main] DEBUG org.mongolink.MongoSession - Starting
11:20:26.484 [main] DEBUG org.mongolink.MongoSession - Starting
11:20:26.486 [main] DEBUG o.m.domain.mapper.ContextBuilder - Scanning : [org.mongolink.test.simpleMapping]
11:20:26.487 [main] DEBUG o.m.domain.mapper.ContextBuilder - Mapping : class org.mongolink.test.simpleMapping.FakeAggregateWithNaturalIdMapping
11:20:26.487 [main] DEBUG org.mongolink.domain.mapper.ClassMap - Mapping id : Property{class=org.mongolink.test.entity.FakeAggregateWithNaturalId, field=naturalKey}
11:20:26.487 [main] DEBUG org.mongolink.domain.mapper.ClassMap - Mapping property : Property{class=org.mongolink.test.entity.FakeAggregateWithNaturalId, field=value}
11:20:26.487 [main] DEBUG o.m.domain.mapper.ContextBuilder - Mapping : class org.mongolink.test.simpleMapping.FakeAggregateMappingWithCap
11:20:26.487 [main] DEBUG org.mongolink.domain.mapper.ClassMap - Mapping id : Property{class=org.mongolink.test.entity.FakeEntityWithCap, field=id}
11:20:26.487 [main] DEBUG o.m.domain.mapper.ContextBuilder - Mapping : class org.mongolink.test.simpleMapping.OtherAggregateWithNaturalIdMapping
11:20:26.488 [main] DEBUG org.mongolink.domain.mapper.ClassMap - Mapping id : Property{class=org.mongolink.test.entity.OtherEntityWithNaturalId, field=naturalKey}
11:20:26.488 [main] DEBUG o.m.domain.mapper.ContextBuilder - Mapping : class org.mongolink.test.simpleMapping.FakeAggregateMapping
11:20:26.488 [main] DEBUG org.mongolink.domain.mapper.ClassMap - Mapping id : Property{class=org.mongolink.test.entity.FakeAggregate, field=id}
11:20:26.488 [main] DEBUG org.mongolink.domain.mapper.ClassMap - Mapping property : Property{class=org.mongolink.test.entity.FakeAggregate, field=value}
11:20:26.488 [main] DEBUG org.mongolink.domain.mapper.ClassMap - Mapping collection : Property{class=org.mongolink.test.entity.FakeAggregate, field=comments}
11:20:26.488 [main] DEBUG org.mongolink.domain.mapper.ClassMap - Mapping property : Property{class=org.mongolink.test.entity.FakeAggregate, field=comment}
11:20:26.488 [main] DEBUG org.mongolink.domain.mapper.ClassMap - Mapping property : Property{class=org.mongolink.test.entity.FakeAggregate, field=index}
11:20:26.488 [main] DEBUG o.m.domain.mapper.ContextBuilder - Mapping : class org.mongolink.test.simpleMapping.CommentMapping
11:20:26.489 [main] DEBUG org.mongolink.domain.mapper.ClassMap - Mapping property : Property{class=org.mongolink.test.entity.Comment, field=value}
11:20:26.489 [main] DEBUG o.m.domain.mapper.ContextBuilder - Done scanning : [org.mongolink.test.simpleMapping]
11:20:26.489 [main] DEBUG org.mongolink.MongoSession - Starting
11:20:26.491 [main] WARN  org.mongolink.utils.FieldContainer - Property value was null : Property{class=org.mongolink.test.entity.FakeAggregate, field=comment}
11:20:26.492 [main] WARN  org.mongolink.utils.FieldContainer - Property value was null : Property{class=org.mongolink.test.entity.FakeAggregate, field=index}
11:20:26.494 [main] DEBUG o.m.domain.mapper.ContextBuilder - Scanning : [org.mongolink.test.simpleMapping]
11:20:26.495 [main] DEBUG o.m.domain.mapper.ContextBuilder - Mapping : class org.mongolink.test.simpleMapping.FakeAggregateWithNaturalIdMapping
11:20:26.495 [main] DEBUG org.mongolink.domain.mapper.ClassMap - Mapping id : Property{class=org.mongolink.test.entity.FakeAggregateWithNaturalId, field=naturalKey}
11:20:26.495 [main] DEBUG org.mongolink.domain.mapper.ClassMap - Mapping property : Property{class=org.mongolink.test.entity.FakeAggregateWithNaturalId, field=value}
11:20:26.496 [main] DEBUG o.m.domain.mapper.ContextBuilder - Mapping : class org.mongolink.test.simpleMapping.FakeAggregateMappingWithCap
11:20:26.496 [main] DEBUG org.mongolink.domain.mapper.ClassMap - Mapping id : Property{class=org.mongolink.test.entity.FakeEntityWithCap, field=id}
11:20:26.496 [main] DEBUG o.m.domain.mapper.ContextBuilder - Mapping : class org.mongolink.test.simpleMapping.OtherAggregateWithNaturalIdMapping
11:20:26.496 [main] DEBUG org.mongolink.domain.mapper.ClassMap - Mapping id : Property{class=org.mongolink.test.entity.OtherEntityWithNaturalId, field=naturalKey}
11:20:26.497 [main] DEBUG o.m.domain.mapper.ContextBuilder - Mapping : class org.mongolink.test.simpleMapping.FakeAggregateMapping
11:20:26.497 [main] DEBUG org.mongolink.domain.mapper.ClassMap - Mapping id : Property{class=org.mongolink.test.entity.FakeAggregate, field=id}
11:20:26.497 [main] DEBUG org.mongolink.domain.mapper.ClassMap - Mapping property : Property{class=org.mongolink.test.entity.FakeAggregate, field=value}
11:20:26.497 [main] DEBUG org.mongolink.domain.mapper.ClassMap - Mapping collection : Property{class=org.mongolink.test.entity.FakeAggregate, field=comments}
11:20:26.497 [main] DEBUG org.mongolink.domain.mapper.ClassMap - Mapping property : Property{class=org.mongolink.test.entity.FakeAggregate, field=comment}
11:20:26.497 [main] DEBUG org.mongolink.domain.mapper.ClassMap - Mapping property : Property{class=org.mongolink.test.entity.FakeAggregate, field=index}
11:20:26.498 [main] DEBUG o.m.domain.mapper.ContextBuilder - Mapping : class org.mongolink.test.simpleMapping.CommentMapping
11:20:26.498 [main] DEBUG org.mongolink.domain.mapper.ClassMap - Mapping property : Property{class=org.mongolink.test.entity.Comment, field=value}
11:20:26.498 [main] DEBUG o.m.domain.mapper.ContextBuilder - Done scanning : [org.mongolink.test.simpleMapping]
11:20:26.498 [main] DEBUG org.mongolink.MongoSession - Starting
11:20:26.498 [main] DEBUG org.mongolink.MongoSession - New entity register for additon : org.mongolink.test.entity.FakeAggregateWithNaturalId@71812481
11:20:26.498 [main] DEBUG org.mongolink.MongoSession - Commiting unit of work
11:20:26.500 [main] DEBUG org.mongolink.MongoSession - Entity added :{ "_id" : "cle unique"}
11:20:26.500 [main] DEBUG org.mongolink.MongoSession - Done commiting
11:20:26.500 [main] DEBUG org.mongolink.MongoSession - Entity register for deletion : org.mongolink.test.entity.FakeAggregateWithNaturalId@71812481
11:20:26.500 [main] DEBUG org.mongolink.MongoSession - Commiting unit of work
11:20:26.500 [main] DEBUG org.mongolink.MongoSession - Deleting entity : org.mongolink.test.entity.FakeAggregateWithNaturalId@71812481
11:20:26.501 [main] DEBUG org.mongolink.MongoSession - Done commiting
11:20:26.503 [main] DEBUG o.m.domain.mapper.ContextBuilder - Scanning : [org.mongolink.test.simpleMapping]
11:20:26.503 [main] DEBUG o.m.domain.mapper.ContextBuilder - Mapping : class org.mongolink.test.simpleMapping.FakeAggregateWithNaturalIdMapping
11:20:26.504 [main] DEBUG org.mongolink.domain.mapper.ClassMap - Mapping id : Property{class=org.mongolink.test.entity.FakeAggregateWithNaturalId, field=naturalKey}
11:20:26.504 [main] DEBUG org.mongolink.domain.mapper.ClassMap - Mapping property : Property{class=org.mongolink.test.entity.FakeAggregateWithNaturalId, field=value}
11:20:26.504 [main] DEBUG o.m.domain.mapper.ContextBuilder - Mapping : class org.mongolink.test.simpleMapping.FakeAggregateMappingWithCap
11:20:26.504 [main] DEBUG org.mongolink.domain.mapper.ClassMap - Mapping id : Property{class=org.mongolink.test.entity.FakeEntityWithCap, field=id}
11:20:26.504 [main] DEBUG o.m.domain.mapper.ContextBuilder - Mapping : class org.mongolink.test.simpleMapping.OtherAggregateWithNaturalIdMapping
11:20:26.504 [main] DEBUG org.mongolink.domain.mapper.ClassMap - Mapping id : Property{class=org.mongolink.test.entity.OtherEntityWithNaturalId, field=naturalKey}
11:20:26.504 [main] DEBUG o.m.domain.mapper.ContextBuilder - Mapping : class org.mongolink.test.simpleMapping.FakeAggregateMapping
11:20:26.504 [main] DEBUG org.mongolink.domain.mapper.ClassMap - Mapping id : Property{class=org.mongolink.test.entity.FakeAggregate, field=id}
11:20:26.504 [main] DEBUG org.mongolink.domain.mapper.ClassMap - Mapping property : Property{class=org.mongolink.test.entity.FakeAggregate, field=value}
11:20:26.504 [main] DEBUG org.mongolink.domain.mapper.ClassMap - Mapping collection : Property{class=org.mongolink.test.entity.FakeAggregate, field=comments}
11:20:26.504 [main] DEBUG org.mongolink.domain.mapper.ClassMap - Mapping property : Property{class=org.mongolink.test.entity.FakeAggregate, field=comment}
11:20:26.505 [main] DEBUG org.mongolink.domain.mapper.ClassMap - Mapping property : Property{class=org.mongolink.test.entity.FakeAggregate, field=index}
11:20:26.505 [main] DEBUG o.m.domain.mapper.ContextBuilder - Mapping : class org.mongolink.test.simpleMapping.CommentMapping
11:20:26.505 [main] DEBUG org.mongolink.domain.mapper.ClassMap - Mapping property : Property{class=org.mongolink.test.entity.Comment, field=value}
11:20:26.505 [main] DEBUG o.m.domain.mapper.ContextBuilder - Done scanning : [org.mongolink.test.simpleMapping]
11:20:26.505 [main] DEBUG org.mongolink.MongoSession - Starting
11:20:26.507 [main] WARN  org.mongolink.utils.FieldContainer - Property value was null : Property{class=org.mongolink.test.entity.FakeAggregateWithNaturalId, field=value}
11:20:26.508 [main] DEBUG o.m.domain.mapper.ContextBuilder - Scanning : [org.mongolink.test.simpleMapping]
11:20:26.509 [main] DEBUG o.m.domain.mapper.ContextBuilder - Mapping : class org.mongolink.test.simpleMapping.FakeAggregateWithNaturalIdMapping
11:20:26.509 [main] DEBUG org.mongolink.domain.mapper.ClassMap - Mapping id : Property{class=org.mongolink.test.entity.FakeAggregateWithNaturalId, field=naturalKey}
11:20:26.509 [main] DEBUG org.mongolink.domain.mapper.ClassMap - Mapping property : Property{class=org.mongolink.test.entity.FakeAggregateWithNaturalId, field=value}
11:20:26.509 [main] DEBUG o.m.domain.mapper.ContextBuilder - Mapping : class org.mongolink.test.simpleMapping.FakeAggregateMappingWithCap
11:20:26.509 [main] DEBUG org.mongolink.domain.mapper.ClassMap - Mapping id : Property{class=org.mongolink.test.entity.FakeEntityWithCap, field=id}
11:20:26.509 [main] DEBUG o.m.domain.mapper.ContextBuilder - Mapping : class org.mongolink.test.simpleMapping.OtherAggregateWithNaturalIdMapping
11:20:26.510 [main] DEBUG org.mongolink.domain.mapper.ClassMap - Mapping id : Property{class=org.mongolink.test.entity.OtherEntityWithNaturalId, field=naturalKey}
11:20:26.510 [main] DEBUG o.m.domain.mapper.ContextBuilder - Mapping : class org.mongolink.test.simpleMapping.FakeAggregateMapping
11:20:26.510 [main] DEBUG org.mongolink.domain.mapper.ClassMap - Mapping id : Property{class=org.mongolink.test.entity.FakeAggregate, field=id}
11:20:26.510 [main] DEBUG org.mongolink.domain.mapper.ClassMap - Mapping property : Property{class=org.mongolink.test.entity.FakeAggregate, field=value}
11:20:26.510 [main] DEBUG org.mongolink.domain.mapper.ClassMap - Mapping collection : Property{class=org.mongolink.test.entity.FakeAggregate, field=comments}
11:20:26.510 [main] DEBUG org.mongolink.domain.mapper.ClassMap - Mapping property : Property{class=org.mongolink.test.entity.FakeAggregate, field=comment}
11:20:26.510 [main] DEBUG org.mongolink.domain.mapper.ClassMap - Mapping property : Property{class=org.mongolink.test.entity.FakeAggregate, field=index}
11:20:26.510 [main] DEBUG o.m.domain.mapper.ContextBuilder - Mapping : class org.mongolink.test.simpleMapping.CommentMapping
11:20:26.510 [main] DEBUG org.mongolink.domain.mapper.ClassMap - Mapping property : Property{class=org.mongolink.test.entity.Comment, field=value}
11:20:26.510 [main] DEBUG o.m.domain.mapper.ContextBuilder - Done scanning : [org.mongolink.test.simpleMapping]
11:20:26.510 [main] DEBUG org.mongolink.MongoSession - Starting
11:20:26.510 [main] DEBUG o.m.domain.mapper.ContextBuilder - Scanning : [org.mongolink.test.simpleMapping]
11:20:26.511 [main] DEBUG o.m.domain.mapper.ContextBuilder - Mapping : class org.mongolink.test.simpleMapping.FakeAggregateWithNaturalIdMapping
11:20:26.511 [main] DEBUG org.mongolink.domain.mapper.ClassMap - Mapping id : Property{class=org.mongolink.test.entity.FakeAggregateWithNaturalId, field=naturalKey}
11:20:26.511 [main] DEBUG org.mongolink.domain.mapper.ClassMap - Mapping property : Property{class=org.mongolink.test.entity.FakeAggregateWithNaturalId, field=value}
11:20:26.511 [main] DEBUG o.m.domain.mapper.ContextBuilder - Mapping : class org.mongolink.test.simpleMapping.FakeAggregateMappingWithCap
11:20:26.511 [main] DEBUG org.mongolink.domain.mapper.ClassMap - Mapping id : Property{class=org.mongolink.test.entity.FakeEntityWithCap, field=id}
11:20:26.511 [main] DEBUG o.m.domain.mapper.ContextBuilder - Mapping : class org.mongolink.test.simpleMapping.OtherAggregateWithNaturalIdMapping
11:20:26.511 [main] DEBUG org.mongolink.domain.mapper.ClassMap - Mapping id : Property{class=org.mongolink.test.entity.OtherEntityWithNaturalId, field=naturalKey}
11:20:26.512 [main] DEBUG o.m.domain.mapper.ContextBuilder - Mapping : class org.mongolink.test.simpleMapping.FakeAggregateMapping
11:20:26.512 [main] DEBUG org.mongolink.domain.mapper.ClassMap - Mapping id : Property{class=org.mongolink.test.entity.FakeAggregate, field=id}
11:20:26.512 [main] DEBUG org.mongolink.domain.mapper.ClassMap - Mapping property : Property{class=org.mongolink.test.entity.FakeAggregate, field=value}
11:20:26.512 [main] DEBUG org.mongolink.domain.mapper.ClassMap - Mapping collection : Property{class=org.mongolink.test.entity.FakeAggregate, field=comments}
11:20:26.512 [main] DEBUG org.mongolink.domain.mapper.ClassMap - Mapping property : Property{class=org.mongolink.test.entity.FakeAggregate, field=comment}
11:20:26.512 [main] DEBUG org.mongolink.domain.mapper.ClassMap - Mapping property : Property{class=org.mongolink.test.entity.FakeAggregate, field=index}
11:20:26.512 [main] DEBUG o.m.domain.mapper.ContextBuilder - Mapping : class org.mongolink.test.simpleMapping.CommentMapping
11:20:26.512 [main] DEBUG org.mongolink.domain.mapper.ClassMap - Mapping property : Property{class=org.mongolink.test.entity.Comment, field=value}
11:20:26.512 [main] DEBUG o.m.domain.mapper.ContextBuilder - Done scanning : [org.mongolink.test.simpleMapping]
11:20:26.515 [main] DEBUG o.m.domain.mapper.ContextBuilder - Scanning : [org.mongolink.test.simpleMapping]
11:20:26.515 [main] DEBUG o.m.domain.mapper.ContextBuilder - Mapping : class org.mongolink.test.simpleMapping.FakeAggregateWithNaturalIdMapping
11:20:26.515 [main] DEBUG org.mongolink.domain.mapper.ClassMap - Mapping id : Property{class=org.mongolink.test.entity.FakeAggregateWithNaturalId, field=naturalKey}
11:20:26.515 [main] DEBUG org.mongolink.domain.mapper.ClassMap - Mapping property : Property{class=org.mongolink.test.entity.FakeAggregateWithNaturalId, field=value}
11:20:26.516 [main] DEBUG o.m.domain.mapper.ContextBuilder - Mapping : class org.mongolink.test.simpleMapping.FakeAggregateMappingWithCap
11:20:26.516 [main] DEBUG org.mongolink.domain.mapper.ClassMap - Mapping id : Property{class=org.mongolink.test.entity.FakeEntityWithCap, field=id}
11:20:26.516 [main] DEBUG o.m.domain.mapper.ContextBuilder - Mapping : class org.mongolink.test.simpleMapping.OtherAggregateWithNaturalIdMapping
11:20:26.516 [main] DEBUG org.mongolink.domain.mapper.ClassMap - Mapping id : Property{class=org.mongolink.test.entity.OtherEntityWithNaturalId, field=naturalKey}
11:20:26.516 [main] DEBUG o.m.domain.mapper.ContextBuilder - Mapping : class org.mongolink.test.simpleMapping.FakeAggregateMapping
11:20:26.516 [main] DEBUG org.mongolink.domain.mapper.ClassMap - Mapping id : Property{class=org.mongolink.test.entity.FakeAggregate, field=id}
11:20:26.516 [main] DEBUG org.mongolink.domain.mapper.ClassMap - Mapping property : Property{class=org.mongolink.test.entity.FakeAggregate, field=value}
11:20:26.516 [main] DEBUG org.mongolink.domain.mapper.ClassMap - Mapping collection : Property{class=org.mongolink.test.entity.FakeAggregate, field=comments}
11:20:26.516 [main] DEBUG org.mongolink.domain.mapper.ClassMap - Mapping property : Property{class=org.mongolink.test.entity.FakeAggregate, field=comment}
11:20:26.516 [main] DEBUG org.mongolink.domain.mapper.ClassMap - Mapping property : Property{class=org.mongolink.test.entity.FakeAggregate, field=index}
11:20:26.516 [main] DEBUG o.m.domain.mapper.ContextBuilder - Mapping : class org.mongolink.test.simpleMapping.CommentMapping
11:20:26.516 [main] DEBUG org.mongolink.domain.mapper.ClassMap - Mapping property : Property{class=org.mongolink.test.entity.Comment, field=value}
11:20:26.516 [main] DEBUG o.m.domain.mapper.ContextBuilder - Done scanning : [org.mongolink.test.simpleMapping]
11:20:26.516 [main] DEBUG org.mongolink.MongoSession - Starting
11:20:26.518 [main] WARN  org.mongolink.utils.FieldContainer - Property value was null : Property{class=org.mongolink.test.entity.FakeAggregateWithNaturalId, field=value}
11:20:26.519 [main] DEBUG o.m.domain.mapper.ContextBuilder - Scanning : [org.mongolink.test.simpleMapping]
11:20:26.520 [main] DEBUG o.m.domain.mapper.ContextBuilder - Mapping : class org.mongolink.test.simpleMapping.FakeAggregateWithNaturalIdMapping
11:20:26.520 [main] DEBUG org.mongolink.domain.mapper.ClassMap - Mapping id : Property{class=org.mongolink.test.entity.FakeAggregateWithNaturalId, field=naturalKey}
11:20:26.520 [main] DEBUG org.mongolink.domain.mapper.ClassMap - Mapping property : Property{class=org.mongolink.test.entity.FakeAggregateWithNaturalId, field=value}
11:20:26.520 [main] DEBUG o.m.domain.mapper.ContextBuilder - Mapping : class org.mongolink.test.simpleMapping.FakeAggregateMappingWithCap
11:20:26.520 [main] DEBUG org.mongolink.domain.mapper.ClassMap - Mapping id : Property{class=org.mongolink.test.entity.FakeEntityWithCap, field=id}
11:20:26.520 [main] DEBUG o.m.domain.mapper.ContextBuilder - Mapping : class org.mongolink.test.simpleMapping.OtherAggregateWithNaturalIdMapping
11:20:26.520 [main] DEBUG org.mongolink.domain.mapper.ClassMap - Mapping id : Property{class=org.mongolink.test.entity.OtherEntityWithNaturalId, field=naturalKey}
11:20:26.521 [main] DEBUG o.m.domain.mapper.ContextBuilder - Mapping : class org.mongolink.test.simpleMapping.FakeAggregateMapping
11:20:26.521 [main] DEBUG org.mongolink.domain.mapper.ClassMap - Mapping id : Property{class=org.mongolink.test.entity.FakeAggregate, field=id}
11:20:26.521 [main] DEBUG org.mongolink.domain.mapper.ClassMap - Mapping property : Property{class=org.mongolink.test.entity.FakeAggregate, field=value}
11:20:26.521 [main] DEBUG org.mongolink.domain.mapper.ClassMap - Mapping collection : Property{class=org.mongolink.test.entity.FakeAggregate, field=comments}
11:20:26.521 [main] DEBUG org.mongolink.domain.mapper.ClassMap - Mapping property : Property{class=org.mongolink.test.entity.FakeAggregate, field=comment}
11:20:26.521 [main] DEBUG org.mongolink.domain.mapper.ClassMap - Mapping property : Property{class=org.mongolink.test.entity.FakeAggregate, field=index}
11:20:26.521 [main] DEBUG o.m.domain.mapper.ContextBuilder - Mapping : class org.mongolink.test.simpleMapping.CommentMapping
11:20:26.521 [main] DEBUG org.mongolink.domain.mapper.ClassMap - Mapping property : Property{class=org.mongolink.test.entity.Comment, field=value}
11:20:26.522 [main] DEBUG o.m.domain.mapper.ContextBuilder - Done scanning : [org.mongolink.test.simpleMapping]
11:20:26.522 [main] DEBUG org.mongolink.MongoSession - Starting
11:20:26.524 [main] WARN  org.mongolink.utils.FieldContainer - Property value was null : Property{class=org.mongolink.test.entity.FakeAggregate, field=comment}
11:20:26.524 [main] WARN  org.mongolink.utils.FieldContainer - Property value was null : Property{class=org.mongolink.test.entity.FakeAggregate, field=index}
11:20:26.524 [main] DEBUG org.mongolink.MongoSession - Commiting unit of work
11:20:26.526 [main] DEBUG o.m.d.u.OverwriteStrategy - Updating : collection fakeaggregate : element { "_id" : { "$oid" : "62dfb1da90086aa6cadb7395"} , "value" : "some new and strange value" , "comments" : [ ] , "index" : 0}
11:20:26.527 [main] DEBUG org.mongolink.MongoSession - Done commiting
11:20:26.527 [main] DEBUG org.mongolink.MongoSession - Stoping
11:20:26.529 [main] DEBUG o.m.domain.mapper.ContextBuilder - Scanning : [org.mongolink.test.simpleMapping]
11:20:26.529 [main] DEBUG o.m.domain.mapper.ContextBuilder - Mapping : class org.mongolink.test.simpleMapping.FakeAggregateWithNaturalIdMapping
11:20:26.529 [main] DEBUG org.mongolink.domain.mapper.ClassMap - Mapping id : Property{class=org.mongolink.test.entity.FakeAggregateWithNaturalId, field=naturalKey}
11:20:26.529 [main] DEBUG org.mongolink.domain.mapper.ClassMap - Mapping property : Property{class=org.mongolink.test.entity.FakeAggregateWithNaturalId, field=value}
11:20:26.529 [main] DEBUG o.m.domain.mapper.ContextBuilder - Mapping : class org.mongolink.test.simpleMapping.FakeAggregateMappingWithCap
11:20:26.530 [main] DEBUG org.mongolink.domain.mapper.ClassMap - Mapping id : Property{class=org.mongolink.test.entity.FakeEntityWithCap, field=id}
11:20:26.530 [main] DEBUG o.m.domain.mapper.ContextBuilder - Mapping : class org.mongolink.test.simpleMapping.OtherAggregateWithNaturalIdMapping
11:20:26.530 [main] DEBUG org.mongolink.domain.mapper.ClassMap - Mapping id : Property{class=org.mongolink.test.entity.OtherEntityWithNaturalId, field=naturalKey}
11:20:26.530 [main] DEBUG o.m.domain.mapper.ContextBuilder - Mapping : class org.mongolink.test.simpleMapping.FakeAggregateMapping
11:20:26.530 [main] DEBUG org.mongolink.domain.mapper.ClassMap - Mapping id : Property{class=org.mongolink.test.entity.FakeAggregate, field=id}
11:20:26.530 [main] DEBUG org.mongolink.domain.mapper.ClassMap - Mapping property : Property{class=org.mongolink.test.entity.FakeAggregate, field=value}
11:20:26.530 [main] DEBUG org.mongolink.domain.mapper.ClassMap - Mapping collection : Property{class=org.mongolink.test.entity.FakeAggregate, field=comments}
11:20:26.530 [main] DEBUG org.mongolink.domain.mapper.ClassMap - Mapping property : Property{class=org.mongolink.test.entity.FakeAggregate, field=comment}
11:20:26.530 [main] DEBUG org.mongolink.domain.mapper.ClassMap - Mapping property : Property{class=org.mongolink.test.entity.FakeAggregate, field=index}
11:20:26.531 [main] DEBUG o.m.domain.mapper.ContextBuilder - Mapping : class org.mongolink.test.simpleMapping.CommentMapping
11:20:26.531 [main] DEBUG org.mongolink.domain.mapper.ClassMap - Mapping property : Property{class=org.mongolink.test.entity.Comment, field=value}
11:20:26.531 [main] DEBUG o.m.domain.mapper.ContextBuilder - Done scanning : [org.mongolink.test.simpleMapping]
11:20:26.531 [main] DEBUG org.mongolink.MongoSession - Starting
11:20:26.531 [main] DEBUG org.mongolink.MongoSession - New entity register for additon : org.mongolink.test.entity.FakeAggregate@3568f9d2
11:20:26.531 [main] DEBUG org.mongolink.MongoSession - Commiting unit of work
11:20:26.532 [main] DEBUG org.mongolink.MongoSession - Entity added :{ "_id" : { "$oid" : "62dfb1da90086aa6cadb7399"} , "value" : "this is a value" , "comments" : [ ] , "index" : 3}
11:20:26.532 [main] DEBUG org.mongolink.MongoSession - Done commiting
11:20:26.533 [main] DEBUG org.mongolink.MongoSession - Commiting unit of work
11:20:26.537 [main] DEBUG o.m.d.updateStrategy.DiffStrategy - Updating : collection fakeaggregate : query { "_id" : { "$oid" : "62dfb1da90086aa6cadb7399"}} : modifiers : { "$set" : { "value" : "a value"}}
11:20:26.538 [main] DEBUG org.mongolink.MongoSession - Done commiting
11:20:26.539 [main] DEBUG o.m.domain.mapper.ContextBuilder - Scanning : [org.mongolink.test.simpleMapping]
11:20:26.540 [main] DEBUG o.m.domain.mapper.ContextBuilder - Mapping : class org.mongolink.test.simpleMapping.FakeAggregateWithNaturalIdMapping
11:20:26.540 [main] DEBUG org.mongolink.domain.mapper.ClassMap - Mapping id : Property{class=org.mongolink.test.entity.FakeAggregateWithNaturalId, field=naturalKey}
11:20:26.540 [main] DEBUG org.mongolink.domain.mapper.ClassMap - Mapping property : Property{class=org.mongolink.test.entity.FakeAggregateWithNaturalId, field=value}
11:20:26.540 [main] DEBUG o.m.domain.mapper.ContextBuilder - Mapping : class org.mongolink.test.simpleMapping.FakeAggregateMappingWithCap
11:20:26.540 [main] DEBUG org.mongolink.domain.mapper.ClassMap - Mapping id : Property{class=org.mongolink.test.entity.FakeEntityWithCap, field=id}
11:20:26.541 [main] DEBUG o.m.domain.mapper.ContextBuilder - Mapping : class org.mongolink.test.simpleMapping.OtherAggregateWithNaturalIdMapping
11:20:26.541 [main] DEBUG org.mongolink.domain.mapper.ClassMap - Mapping id : Property{class=org.mongolink.test.entity.OtherEntityWithNaturalId, field=naturalKey}
11:20:26.541 [main] DEBUG o.m.domain.mapper.ContextBuilder - Mapping : class org.mongolink.test.simpleMapping.FakeAggregateMapping
11:20:26.541 [main] DEBUG org.mongolink.domain.mapper.ClassMap - Mapping id : Property{class=org.mongolink.test.entity.FakeAggregate, field=id}
11:20:26.541 [main] DEBUG org.mongolink.domain.mapper.ClassMap - Mapping property : Property{class=org.mongolink.test.entity.FakeAggregate, field=value}
11:20:26.541 [main] DEBUG org.mongolink.domain.mapper.ClassMap - Mapping collection : Property{class=org.mongolink.test.entity.FakeAggregate, field=comments}
11:20:26.541 [main] DEBUG org.mongolink.domain.mapper.ClassMap - Mapping property : Property{class=org.mongolink.test.entity.FakeAggregate, field=comment}
11:20:26.541 [main] DEBUG org.mongolink.domain.mapper.ClassMap - Mapping property : Property{class=org.mongolink.test.entity.FakeAggregate, field=index}
11:20:26.541 [main] DEBUG o.m.domain.mapper.ContextBuilder - Mapping : class org.mongolink.test.simpleMapping.CommentMapping
11:20:26.541 [main] DEBUG org.mongolink.domain.mapper.ClassMap - Mapping property : Property{class=org.mongolink.test.entity.Comment, field=value}
11:20:26.542 [main] DEBUG o.m.domain.mapper.ContextBuilder - Done scanning : [org.mongolink.test.simpleMapping]
11:20:26.542 [main] DEBUG org.mongolink.MongoSession - Starting
11:20:26.543 [main] DEBUG o.m.domain.mapper.ContextBuilder - Scanning : [org.mongolink.test.simpleMapping]
11:20:26.544 [main] DEBUG o.m.domain.mapper.ContextBuilder - Mapping : class org.mongolink.test.simpleMapping.FakeAggregateWithNaturalIdMapping
11:20:26.544 [main] DEBUG org.mongolink.domain.mapper.ClassMap - Mapping id : Property{class=org.mongolink.test.entity.FakeAggregateWithNaturalId, field=naturalKey}
11:20:26.544 [main] DEBUG org.mongolink.domain.mapper.ClassMap - Mapping property : Property{class=org.mongolink.test.entity.FakeAggregateWithNaturalId, field=value}
11:20:26.544 [main] DEBUG o.m.domain.mapper.ContextBuilder - Mapping : class org.mongolink.test.simpleMapping.FakeAggregateMappingWithCap
11:20:26.544 [main] DEBUG org.mongolink.domain.mapper.ClassMap - Mapping id : Property{class=org.mongolink.test.entity.FakeEntityWithCap, field=id}
11:20:26.545 [main] DEBUG o.m.domain.mapper.ContextBuilder - Mapping : class org.mongolink.test.simpleMapping.OtherAggregateWithNaturalIdMapping
11:20:26.545 [main] DEBUG org.mongolink.domain.mapper.ClassMap - Mapping id : Property{class=org.mongolink.test.entity.OtherEntityWithNaturalId, field=naturalKey}
11:20:26.546 [main] DEBUG o.m.domain.mapper.ContextBuilder - Mapping : class org.mongolink.test.simpleMapping.FakeAggregateMapping
11:20:26.546 [main] DEBUG org.mongolink.domain.mapper.ClassMap - Mapping id : Property{class=org.mongolink.test.entity.FakeAggregate, field=id}
11:20:26.546 [main] DEBUG org.mongolink.domain.mapper.ClassMap - Mapping property : Property{class=org.mongolink.test.entity.FakeAggregate, field=value}
11:20:26.546 [main] DEBUG org.mongolink.domain.mapper.ClassMap - Mapping collection : Property{class=org.mongolink.test.entity.FakeAggregate, field=comments}
11:20:26.546 [main] DEBUG org.mongolink.domain.mapper.ClassMap - Mapping property : Property{class=org.mongolink.test.entity.FakeAggregate, field=comment}
11:20:26.546 [main] DEBUG org.mongolink.domain.mapper.ClassMap - Mapping property : Property{class=org.mongolink.test.entity.FakeAggregate, field=index}
11:20:26.546 [main] DEBUG o.m.domain.mapper.ContextBuilder - Mapping : class org.mongolink.test.simpleMapping.CommentMapping
11:20:26.547 [main] DEBUG org.mongolink.domain.mapper.ClassMap - Mapping property : Property{class=org.mongolink.test.entity.Comment, field=value}
11:20:26.547 [main] DEBUG o.m.domain.mapper.ContextBuilder - Done scanning : [org.mongolink.test.simpleMapping]
11:20:26.547 [main] DEBUG org.mongolink.MongoSession - Starting
11:20:26.547 [main] DEBUG org.mongolink.MongoSession - New entity register for additon : org.mongolink.test.entity.FakeAggregate@61a88b8c
11:20:26.547 [main] DEBUG org.mongolink.MongoSession - Commiting unit of work
11:20:26.548 [main] DEBUG org.mongolink.MongoSession - Entity added :{ "_id" : { "$oid" : "62dfb1da90086aa6cadb739d"} , "value" : "a value" , "comments" : [ ] , "index" : 0}
11:20:26.548 [main] DEBUG org.mongolink.MongoSession - Done commiting
11:20:26.552 [main] DEBUG o.m.domain.mapper.ContextBuilder - Scanning : [org.mongolink.test.simpleMapping]
11:20:26.553 [main] DEBUG o.m.domain.mapper.ContextBuilder - Mapping : class org.mongolink.test.simpleMapping.FakeAggregateWithNaturalIdMapping
11:20:26.553 [main] DEBUG org.mongolink.domain.mapper.ClassMap - Mapping id : Property{class=org.mongolink.test.entity.FakeAggregateWithNaturalId, field=naturalKey}
11:20:26.553 [main] DEBUG org.mongolink.domain.mapper.ClassMap - Mapping property : Property{class=org.mongolink.test.entity.FakeAggregateWithNaturalId, field=value}
11:20:26.553 [main] DEBUG o.m.domain.mapper.ContextBuilder - Mapping : class org.mongolink.test.simpleMapping.FakeAggregateMappingWithCap
11:20:26.553 [main] DEBUG org.mongolink.domain.mapper.ClassMap - Mapping id : Property{class=org.mongolink.test.entity.FakeEntityWithCap, field=id}
11:20:26.554 [main] DEBUG o.m.domain.mapper.ContextBuilder - Mapping : class org.mongolink.test.simpleMapping.OtherAggregateWithNaturalIdMapping
11:20:26.554 [main] DEBUG org.mongolink.domain.mapper.ClassMap - Mapping id : Property{class=org.mongolink.test.entity.OtherEntityWithNaturalId, field=naturalKey}
11:20:26.554 [main] DEBUG o.m.domain.mapper.ContextBuilder - Mapping : class org.mongolink.test.simpleMapping.FakeAggregateMapping
11:20:26.554 [main] DEBUG org.mongolink.domain.mapper.ClassMap - Mapping id : Property{class=org.mongolink.test.entity.FakeAggregate, field=id}
11:20:26.554 [main] DEBUG org.mongolink.domain.mapper.ClassMap - Mapping property : Property{class=org.mongolink.test.entity.FakeAggregate, field=value}
11:20:26.554 [main] DEBUG org.mongolink.domain.mapper.ClassMap - Mapping collection : Property{class=org.mongolink.test.entity.FakeAggregate, field=comments}
11:20:26.554 [main] DEBUG org.mongolink.domain.mapper.ClassMap - Mapping property : Property{class=org.mongolink.test.entity.FakeAggregate, field=comment}
11:20:26.554 [main] DEBUG org.mongolink.domain.mapper.ClassMap - Mapping property : Property{class=org.mongolink.test.entity.FakeAggregate, field=index}
11:20:26.554 [main] DEBUG o.m.domain.mapper.ContextBuilder - Mapping : class org.mongolink.test.simpleMapping.CommentMapping
11:20:26.554 [main] DEBUG org.mongolink.domain.mapper.ClassMap - Mapping property : Property{class=org.mongolink.test.entity.Comment, field=value}
11:20:26.554 [main] DEBUG o.m.domain.mapper.ContextBuilder - Done scanning : [org.mongolink.test.simpleMapping]
11:20:26.555 [main] DEBUG org.mongolink.MongoSession - Starting
11:20:26.555 [main] DEBUG org.mongolink.MongoSession - Starting
11:20:26.555 [main] DEBUG org.mongolink.MongoSession - Commiting unit of work
11:20:26.555 [main] DEBUG org.mongolink.MongoSession - Done commiting
11:20:26.555 [main] DEBUG org.mongolink.MongoSession - Stoping
11:20:26.559 [main] DEBUG o.m.domain.mapper.ContextBuilder - Scanning : [org.mongolink.test.simpleMapping]
11:20:26.560 [main] DEBUG o.m.domain.mapper.ContextBuilder - Mapping : class org.mongolink.test.simpleMapping.FakeAggregateWithNaturalIdMapping
11:20:26.560 [main] DEBUG org.mongolink.domain.mapper.ClassMap - Mapping id : Property{class=org.mongolink.test.entity.FakeAggregateWithNaturalId, field=naturalKey}
11:20:26.560 [main] DEBUG org.mongolink.domain.mapper.ClassMap - Mapping property : Property{class=org.mongolink.test.entity.FakeAggregateWithNaturalId, field=value}
11:20:26.560 [main] DEBUG o.m.domain.mapper.ContextBuilder - Mapping : class org.mongolink.test.simpleMapping.FakeAggregateMappingWithCap
11:20:26.560 [main] DEBUG org.mongolink.domain.mapper.ClassMap - Mapping id : Property{class=org.mongolink.test.entity.FakeEntityWithCap, field=id}
11:20:26.561 [main] DEBUG o.m.domain.mapper.ContextBuilder - Mapping : class org.mongolink.test.simpleMapping.OtherAggregateWithNaturalIdMapping
11:20:26.561 [main] DEBUG org.mongolink.domain.mapper.ClassMap - Mapping id : Property{class=org.mongolink.test.entity.OtherEntityWithNaturalId, field=naturalKey}
11:20:26.561 [main] DEBUG o.m.domain.mapper.ContextBuilder - Mapping : class org.mongolink.test.simpleMapping.FakeAggregateMapping
11:20:26.561 [main] DEBUG org.mongolink.domain.mapper.ClassMap - Mapping id : Property{class=org.mongolink.test.entity.FakeAggregate, field=id}
11:20:26.561 [main] DEBUG org.mongolink.domain.mapper.ClassMap - Mapping property : Property{class=org.mongolink.test.entity.FakeAggregate, field=value}
11:20:26.561 [main] DEBUG org.mongolink.domain.mapper.ClassMap - Mapping collection : Property{class=org.mongolink.test.entity.FakeAggregate, field=comments}
11:20:26.561 [main] DEBUG org.mongolink.domain.mapper.ClassMap - Mapping property : Property{class=org.mongolink.test.entity.FakeAggregate, field=comment}
11:20:26.561 [main] DEBUG org.mongolink.domain.mapper.ClassMap - Mapping property : Property{class=org.mongolink.test.entity.FakeAggregate, field=index}
11:20:26.561 [main] DEBUG o.m.domain.mapper.ContextBuilder - Mapping : class org.mongolink.test.simpleMapping.CommentMapping
11:20:26.561 [main] DEBUG org.mongolink.domain.mapper.ClassMap - Mapping property : Property{class=org.mongolink.test.entity.Comment, field=value}
11:20:26.561 [main] DEBUG o.m.domain.mapper.ContextBuilder - Done scanning : [org.mongolink.test.simpleMapping]
11:20:26.562 [main] DEBUG org.mongolink.MongoSession - Starting
11:20:26.563 [main] WARN  org.mongolink.utils.FieldContainer - Property value was null : Property{class=org.mongolink.test.entity.FakeAggregate, field=comment}
11:20:26.564 [main] WARN  org.mongolink.utils.FieldContainer - Property value was null : Property{class=org.mongolink.test.entity.FakeAggregate, field=index}
11:20:26.564 [main] WARN  org.mongolink.utils.FieldContainer - Property value was null : Property{class=org.mongolink.test.entity.FakeAggregate, field=comment}
11:20:26.564 [main] WARN  org.mongolink.utils.FieldContainer - Property value was null : Property{class=org.mongolink.test.entity.FakeAggregate, field=index}
11:20:26.565 [main] DEBUG o.m.domain.mapper.ContextBuilder - Scanning : [org.mongolink.test.simpleMapping]
11:20:26.565 [main] DEBUG o.m.domain.mapper.ContextBuilder - Mapping : class org.mongolink.test.simpleMapping.FakeAggregateWithNaturalIdMapping
11:20:26.566 [main] DEBUG org.mongolink.domain.mapper.ClassMap - Mapping id : Property{class=org.mongolink.test.entity.FakeAggregateWithNaturalId, field=naturalKey}
11:20:26.566 [main] DEBUG org.mongolink.domain.mapper.ClassMap - Mapping property : Property{class=org.mongolink.test.entity.FakeAggregateWithNaturalId, field=value}
11:20:26.566 [main] DEBUG o.m.domain.mapper.ContextBuilder - Mapping : class org.mongolink.test.simpleMapping.FakeAggregateMappingWithCap
11:20:26.566 [main] DEBUG org.mongolink.domain.mapper.ClassMap - Mapping id : Property{class=org.mongolink.test.entity.FakeEntityWithCap, field=id}
11:20:26.566 [main] DEBUG o.m.domain.mapper.ContextBuilder - Mapping : class org.mongolink.test.simpleMapping.OtherAggregateWithNaturalIdMapping
11:20:26.566 [main] DEBUG org.mongolink.domain.mapper.ClassMap - Mapping id : Property{class=org.mongolink.test.entity.OtherEntityWithNaturalId, field=naturalKey}
11:20:26.567 [main] DEBUG o.m.domain.mapper.ContextBuilder - Mapping : class org.mongolink.test.simpleMapping.FakeAggregateMapping
11:20:26.567 [main] DEBUG org.mongolink.domain.mapper.ClassMap - Mapping id : Property{class=org.mongolink.test.entity.FakeAggregate, field=id}
11:20:26.567 [main] DEBUG org.mongolink.domain.mapper.ClassMap - Mapping property : Property{class=org.mongolink.test.entity.FakeAggregate, field=value}
11:20:26.567 [main] DEBUG org.mongolink.domain.mapper.ClassMap - Mapping collection : Property{class=org.mongolink.test.entity.FakeAggregate, field=comments}
11:20:26.567 [main] DEBUG org.mongolink.domain.mapper.ClassMap - Mapping property : Property{class=org.mongolink.test.entity.FakeAggregate, field=comment}
11:20:26.567 [main] DEBUG org.mongolink.domain.mapper.ClassMap - Mapping property : Property{class=org.mongolink.test.entity.FakeAggregate, field=index}
11:20:26.567 [main] DEBUG o.m.domain.mapper.ContextBuilder - Mapping : class org.mongolink.test.simpleMapping.CommentMapping
11:20:26.567 [main] DEBUG org.mongolink.domain.mapper.ClassMap - Mapping property : Property{class=org.mongolink.test.entity.Comment, field=value}
11:20:26.567 [main] DEBUG o.m.domain.mapper.ContextBuilder - Done scanning : [org.mongolink.test.simpleMapping]
11:20:26.567 [main] DEBUG org.mongolink.MongoSession - Starting
11:20:26.569 [main] DEBUG o.m.domain.mapper.ContextBuilder - Scanning : [org.mongolink.test.simpleMapping]
11:20:26.569 [main] DEBUG o.m.domain.mapper.ContextBuilder - Mapping : class org.mongolink.test.simpleMapping.FakeAggregateWithNaturalIdMapping
11:20:26.569 [main] DEBUG org.mongolink.domain.mapper.ClassMap - Mapping id : Property{class=org.mongolink.test.entity.FakeAggregateWithNaturalId, field=naturalKey}
11:20:26.569 [main] DEBUG org.mongolink.domain.mapper.ClassMap - Mapping property : Property{class=org.mongolink.test.entity.FakeAggregateWithNaturalId, field=value}
11:20:26.575 [main] DEBUG o.m.domain.mapper.ContextBuilder - Mapping : class org.mongolink.test.simpleMapping.FakeAggregateMappingWithCap
11:20:26.575 [main] DEBUG org.mongolink.domain.mapper.ClassMap - Mapping id : Property{class=org.mongolink.test.entity.FakeEntityWithCap, field=id}
11:20:26.575 [main] DEBUG o.m.domain.mapper.ContextBuilder - Mapping : class org.mongolink.test.simpleMapping.OtherAggregateWithNaturalIdMapping
11:20:26.575 [main] DEBUG org.mongolink.domain.mapper.ClassMap - Mapping id : Property{class=org.mongolink.test.entity.OtherEntityWithNaturalId, field=naturalKey}
11:20:26.575 [main] DEBUG o.m.domain.mapper.ContextBuilder - Mapping : class org.mongolink.test.simpleMapping.FakeAggregateMapping
11:20:26.575 [main] DEBUG org.mongolink.domain.mapper.ClassMap - Mapping id : Property{class=org.mongolink.test.entity.FakeAggregate, field=id}
11:20:26.576 [main] DEBUG org.mongolink.domain.mapper.ClassMap - Mapping property : Property{class=org.mongolink.test.entity.FakeAggregate, field=value}
11:20:26.576 [main] DEBUG org.mongolink.domain.mapper.ClassMap - Mapping collection : Property{class=org.mongolink.test.entity.FakeAggregate, field=comments}
11:20:26.576 [main] DEBUG org.mongolink.domain.mapper.ClassMap - Mapping property : Property{class=org.mongolink.test.entity.FakeAggregate, field=comment}
11:20:26.576 [main] DEBUG org.mongolink.domain.mapper.ClassMap - Mapping property : Property{class=org.mongolink.test.entity.FakeAggregate, field=index}
11:20:26.576 [main] DEBUG o.m.domain.mapper.ContextBuilder - Mapping : class org.mongolink.test.simpleMapping.CommentMapping
11:20:26.576 [main] DEBUG org.mongolink.domain.mapper.ClassMap - Mapping property : Property{class=org.mongolink.test.entity.Comment, field=value}
11:20:26.576 [main] DEBUG o.m.domain.mapper.ContextBuilder - Done scanning : [org.mongolink.test.simpleMapping]
11:20:26.576 [main] DEBUG org.mongolink.MongoSession - Starting
11:20:26.576 [main] DEBUG org.mongolink.MongoSession - New entity register for additon : org.mongolink.test.entity.FakeAggregateWithNaturalId@55322aab
11:20:26.579 [main] DEBUG o.m.domain.mapper.ContextBuilder - Scanning : [org.mongolink.test.simpleMapping]
11:20:26.579 [main] DEBUG o.m.domain.mapper.ContextBuilder - Mapping : class org.mongolink.test.simpleMapping.FakeAggregateWithNaturalIdMapping
11:20:26.579 [main] DEBUG org.mongolink.domain.mapper.ClassMap - Mapping id : Property{class=org.mongolink.test.entity.FakeAggregateWithNaturalId, field=naturalKey}
11:20:26.579 [main] DEBUG org.mongolink.domain.mapper.ClassMap - Mapping property : Property{class=org.mongolink.test.entity.FakeAggregateWithNaturalId, field=value}
11:20:26.580 [main] DEBUG o.m.domain.mapper.ContextBuilder - Mapping : class org.mongolink.test.simpleMapping.FakeAggregateMappingWithCap
11:20:26.580 [main] DEBUG org.mongolink.domain.mapper.ClassMap - Mapping id : Property{class=org.mongolink.test.entity.FakeEntityWithCap, field=id}
11:20:26.580 [main] DEBUG o.m.domain.mapper.ContextBuilder - Mapping : class org.mongolink.test.simpleMapping.OtherAggregateWithNaturalIdMapping
11:20:26.580 [main] DEBUG org.mongolink.domain.mapper.ClassMap - Mapping id : Property{class=org.mongolink.test.entity.OtherEntityWithNaturalId, field=naturalKey}
11:20:26.580 [main] DEBUG o.m.domain.mapper.ContextBuilder - Mapping : class org.mongolink.test.simpleMapping.FakeAggregateMapping
11:20:26.580 [main] DEBUG org.mongolink.domain.mapper.ClassMap - Mapping id : Property{class=org.mongolink.test.entity.FakeAggregate, field=id}
11:20:26.580 [main] DEBUG org.mongolink.domain.mapper.ClassMap - Mapping property : Property{class=org.mongolink.test.entity.FakeAggregate, field=value}
11:20:26.580 [main] DEBUG org.mongolink.domain.mapper.ClassMap - Mapping collection : Property{class=org.mongolink.test.entity.FakeAggregate, field=comments}
11:20:26.580 [main] DEBUG org.mongolink.domain.mapper.ClassMap - Mapping property : Property{class=org.mongolink.test.entity.FakeAggregate, field=comment}
11:20:26.580 [main] DEBUG org.mongolink.domain.mapper.ClassMap - Mapping property : Property{class=org.mongolink.test.entity.FakeAggregate, field=index}
11:20:26.580 [main] DEBUG o.m.domain.mapper.ContextBuilder - Mapping : class org.mongolink.test.simpleMapping.CommentMapping
11:20:26.581 [main] DEBUG org.mongolink.domain.mapper.ClassMap - Mapping property : Property{class=org.mongolink.test.entity.Comment, field=value}
11:20:26.581 [main] DEBUG o.m.domain.mapper.ContextBuilder - Done scanning : [org.mongolink.test.simpleMapping]
11:20:26.581 [main] DEBUG org.mongolink.MongoSession - Starting
11:20:26.581 [main] DEBUG org.mongolink.MongoSession - New entity register for additon : org.mongolink.test.entity.FakeAggregateWithNaturalId@16c63f5
11:20:26.581 [main] DEBUG org.mongolink.MongoSession - New entity register for additon : org.mongolink.test.entity.OtherEntityWithNaturalId@35229f85
11:20:26.582 [main] DEBUG o.m.domain.mapper.ContextBuilder - Scanning : [org.mongolink.test.simpleMapping]
11:20:26.582 [main] DEBUG o.m.domain.mapper.ContextBuilder - Mapping : class org.mongolink.test.simpleMapping.FakeAggregateWithNaturalIdMapping
11:20:26.582 [main] DEBUG org.mongolink.domain.mapper.ClassMap - Mapping id : Property{class=org.mongolink.test.entity.FakeAggregateWithNaturalId, field=naturalKey}
11:20:26.583 [main] DEBUG org.mongolink.domain.mapper.ClassMap - Mapping property : Property{class=org.mongolink.test.entity.FakeAggregateWithNaturalId, field=value}
11:20:26.583 [main] DEBUG o.m.domain.mapper.ContextBuilder - Mapping : class org.mongolink.test.simpleMapping.FakeAggregateMappingWithCap
11:20:26.583 [main] DEBUG org.mongolink.domain.mapper.ClassMap - Mapping id : Property{class=org.mongolink.test.entity.FakeEntityWithCap, field=id}
11:20:26.583 [main] DEBUG o.m.domain.mapper.ContextBuilder - Mapping : class org.mongolink.test.simpleMapping.OtherAggregateWithNaturalIdMapping
11:20:26.583 [main] DEBUG org.mongolink.domain.mapper.ClassMap - Mapping id : Property{class=org.mongolink.test.entity.OtherEntityWithNaturalId, field=naturalKey}
11:20:26.583 [main] DEBUG o.m.domain.mapper.ContextBuilder - Mapping : class org.mongolink.test.simpleMapping.FakeAggregateMapping
11:20:26.583 [main] DEBUG org.mongolink.domain.mapper.ClassMap - Mapping id : Property{class=org.mongolink.test.entity.FakeAggregate, field=id}
11:20:26.583 [main] DEBUG org.mongolink.domain.mapper.ClassMap - Mapping property : Property{class=org.mongolink.test.entity.FakeAggregate, field=value}
11:20:26.583 [main] DEBUG org.mongolink.domain.mapper.ClassMap - Mapping collection : Property{class=org.mongolink.test.entity.FakeAggregate, field=comments}
11:20:26.583 [main] DEBUG org.mongolink.domain.mapper.ClassMap - Mapping property : Property{class=org.mongolink.test.entity.FakeAggregate, field=comment}
11:20:26.583 [main] DEBUG org.mongolink.domain.mapper.ClassMap - Mapping property : Property{class=org.mongolink.test.entity.FakeAggregate, field=index}
11:20:26.584 [main] DEBUG o.m.domain.mapper.ContextBuilder - Mapping : class org.mongolink.test.simpleMapping.CommentMapping
11:20:26.584 [main] DEBUG org.mongolink.domain.mapper.ClassMap - Mapping property : Property{class=org.mongolink.test.entity.Comment, field=value}
11:20:26.584 [main] DEBUG o.m.domain.mapper.ContextBuilder - Done scanning : [org.mongolink.test.simpleMapping]
11:20:26.584 [main] DEBUG org.mongolink.MongoSession - Starting
11:20:26.585 [main] DEBUG o.m.domain.mapper.ContextBuilder - Scanning : [org.mongolink.test.simpleMapping]
11:20:26.587 [main] DEBUG o.m.domain.mapper.ContextBuilder - Mapping : class org.mongolink.test.simpleMapping.FakeAggregateWithNaturalIdMapping
11:20:26.587 [main] DEBUG org.mongolink.domain.mapper.ClassMap - Mapping id : Property{class=org.mongolink.test.entity.FakeAggregateWithNaturalId, field=naturalKey}
11:20:26.587 [main] DEBUG org.mongolink.domain.mapper.ClassMap - Mapping property : Property{class=org.mongolink.test.entity.FakeAggregateWithNaturalId, field=value}
11:20:26.588 [main] DEBUG o.m.domain.mapper.ContextBuilder - Mapping : class org.mongolink.test.simpleMapping.FakeAggregateMappingWithCap
11:20:26.588 [main] DEBUG org.mongolink.domain.mapper.ClassMap - Mapping id : Property{class=org.mongolink.test.entity.FakeEntityWithCap, field=id}
11:20:26.588 [main] DEBUG o.m.domain.mapper.ContextBuilder - Mapping : class org.mongolink.test.simpleMapping.OtherAggregateWithNaturalIdMapping
11:20:26.588 [main] DEBUG org.mongolink.domain.mapper.ClassMap - Mapping id : Property{class=org.mongolink.test.entity.OtherEntityWithNaturalId, field=naturalKey}
11:20:26.588 [main] DEBUG o.m.domain.mapper.ContextBuilder - Mapping : class org.mongolink.test.simpleMapping.FakeAggregateMapping
11:20:26.588 [main] DEBUG org.mongolink.domain.mapper.ClassMap - Mapping id : Property{class=org.mongolink.test.entity.FakeAggregate, field=id}
11:20:26.588 [main] DEBUG org.mongolink.domain.mapper.ClassMap - Mapping property : Property{class=org.mongolink.test.entity.FakeAggregate, field=value}
11:20:26.588 [main] DEBUG org.mongolink.domain.mapper.ClassMap - Mapping collection : Property{class=org.mongolink.test.entity.FakeAggregate, field=comments}
11:20:26.588 [main] DEBUG org.mongolink.domain.mapper.ClassMap - Mapping property : Property{class=org.mongolink.test.entity.FakeAggregate, field=comment}
11:20:26.588 [main] DEBUG org.mongolink.domain.mapper.ClassMap - Mapping property : Property{class=org.mongolink.test.entity.FakeAggregate, field=index}
11:20:26.588 [main] DEBUG o.m.domain.mapper.ContextBuilder - Mapping : class org.mongolink.test.simpleMapping.CommentMapping
11:20:26.589 [main] DEBUG org.mongolink.domain.mapper.ClassMap - Mapping property : Property{class=org.mongolink.test.entity.Comment, field=value}
11:20:26.589 [main] DEBUG o.m.domain.mapper.ContextBuilder - Done scanning : [org.mongolink.test.simpleMapping]
11:20:26.589 [main] DEBUG org.mongolink.MongoSession - Starting
11:20:26.590 [main] WARN  org.mongolink.utils.FieldContainer - Property value was null : Property{class=org.mongolink.test.entity.FakeAggregate, field=comment}
11:20:26.590 [main] WARN  org.mongolink.utils.FieldContainer - Property value was null : Property{class=org.mongolink.test.entity.FakeAggregate, field=index}
11:20:26.593 [main] DEBUG org.mongolink.MongoSession - Commiting unit of work
11:20:26.593 [main] DEBUG o.m.d.u.OverwriteStrategy - Updating : collection fakeaggregate : element { "_id" : { "$oid" : "62dfb1da90086aa6cadb73a7"} , "value" : "un test de plus" , "comments" : [ ] , "index" : 0}
11:20:26.594 [main] DEBUG org.mongolink.MongoSession - Done commiting
11:20:26.595 [main] DEBUG o.m.domain.mapper.ContextBuilder - Scanning : [org.mongolink.test.simpleMapping]
11:20:26.596 [main] DEBUG o.m.domain.mapper.ContextBuilder - Mapping : class org.mongolink.test.simpleMapping.FakeAggregateWithNaturalIdMapping
11:20:26.596 [main] DEBUG org.mongolink.domain.mapper.ClassMap - Mapping id : Property{class=org.mongolink.test.entity.FakeAggregateWithNaturalId, field=naturalKey}
11:20:26.596 [main] DEBUG org.mongolink.domain.mapper.ClassMap - Mapping property : Property{class=org.mongolink.test.entity.FakeAggregateWithNaturalId, field=value}
11:20:26.596 [main] DEBUG o.m.domain.mapper.ContextBuilder - Mapping : class org.mongolink.test.simpleMapping.FakeAggregateMappingWithCap
11:20:26.597 [main] DEBUG org.mongolink.domain.mapper.ClassMap - Mapping id : Property{class=org.mongolink.test.entity.FakeEntityWithCap, field=id}
11:20:26.597 [main] DEBUG o.m.domain.mapper.ContextBuilder - Mapping : class org.mongolink.test.simpleMapping.OtherAggregateWithNaturalIdMapping
11:20:26.597 [main] DEBUG org.mongolink.domain.mapper.ClassMap - Mapping id : Property{class=org.mongolink.test.entity.OtherEntityWithNaturalId, field=naturalKey}
11:20:26.597 [main] DEBUG o.m.domain.mapper.ContextBuilder - Mapping : class org.mongolink.test.simpleMapping.FakeAggregateMapping
11:20:26.597 [main] DEBUG org.mongolink.domain.mapper.ClassMap - Mapping id : Property{class=org.mongolink.test.entity.FakeAggregate, field=id}
11:20:26.597 [main] DEBUG org.mongolink.domain.mapper.ClassMap - Mapping property : Property{class=org.mongolink.test.entity.FakeAggregate, field=value}
11:20:26.597 [main] DEBUG org.mongolink.domain.mapper.ClassMap - Mapping collection : Property{class=org.mongolink.test.entity.FakeAggregate, field=comments}
11:20:26.597 [main] DEBUG org.mongolink.domain.mapper.ClassMap - Mapping property : Property{class=org.mongolink.test.entity.FakeAggregate, field=comment}
11:20:26.597 [main] DEBUG org.mongolink.domain.mapper.ClassMap - Mapping property : Property{class=org.mongolink.test.entity.FakeAggregate, field=index}
11:20:26.597 [main] DEBUG o.m.domain.mapper.ContextBuilder - Mapping : class org.mongolink.test.simpleMapping.CommentMapping
11:20:26.598 [main] DEBUG org.mongolink.domain.mapper.ClassMap - Mapping property : Property{class=org.mongolink.test.entity.Comment, field=value}
11:20:26.598 [main] DEBUG o.m.domain.mapper.ContextBuilder - Done scanning : [org.mongolink.test.simpleMapping]
11:20:26.598 [main] DEBUG org.mongolink.MongoSession - Starting
11:20:26.598 [main] DEBUG org.mongolink.MongoSession - New entity register for additon : org.mongolink.test.entity.FakeAggregate@2da59753
11:20:26.599 [main] DEBUG o.m.domain.mapper.ContextBuilder - Scanning : [org.mongolink.test.simpleMapping]
11:20:26.600 [main] DEBUG o.m.domain.mapper.ContextBuilder - Mapping : class org.mongolink.test.simpleMapping.FakeAggregateWithNaturalIdMapping
11:20:26.600 [main] DEBUG org.mongolink.domain.mapper.ClassMap - Mapping id : Property{class=org.mongolink.test.entity.FakeAggregateWithNaturalId, field=naturalKey}
11:20:26.600 [main] DEBUG org.mongolink.domain.mapper.ClassMap - Mapping property : Property{class=org.mongolink.test.entity.FakeAggregateWithNaturalId, field=value}
11:20:26.600 [main] DEBUG o.m.domain.mapper.ContextBuilder - Mapping : class org.mongolink.test.simpleMapping.FakeAggregateMappingWithCap
11:20:26.600 [main] DEBUG org.mongolink.domain.mapper.ClassMap - Mapping id : Property{class=org.mongolink.test.entity.FakeEntityWithCap, field=id}
11:20:26.601 [main] DEBUG o.m.domain.mapper.ContextBuilder - Mapping : class org.mongolink.test.simpleMapping.OtherAggregateWithNaturalIdMapping
11:20:26.601 [main] DEBUG org.mongolink.domain.mapper.ClassMap - Mapping id : Property{class=org.mongolink.test.entity.OtherEntityWithNaturalId, field=naturalKey}
11:20:26.601 [main] DEBUG o.m.domain.mapper.ContextBuilder - Mapping : class org.mongolink.test.simpleMapping.FakeAggregateMapping
11:20:26.601 [main] DEBUG org.mongolink.domain.mapper.ClassMap - Mapping id : Property{class=org.mongolink.test.entity.FakeAggregate, field=id}
11:20:26.601 [main] DEBUG org.mongolink.domain.mapper.ClassMap - Mapping property : Property{class=org.mongolink.test.entity.FakeAggregate, field=value}
11:20:26.601 [main] DEBUG org.mongolink.domain.mapper.ClassMap - Mapping collection : Property{class=org.mongolink.test.entity.FakeAggregate, field=comments}
11:20:26.601 [main] DEBUG org.mongolink.domain.mapper.ClassMap - Mapping property : Property{class=org.mongolink.test.entity.FakeAggregate, field=comment}
11:20:26.601 [main] DEBUG org.mongolink.domain.mapper.ClassMap - Mapping property : Property{class=org.mongolink.test.entity.FakeAggregate, field=index}
11:20:26.602 [main] DEBUG o.m.domain.mapper.ContextBuilder - Mapping : class org.mongolink.test.simpleMapping.CommentMapping
11:20:26.602 [main] DEBUG org.mongolink.domain.mapper.ClassMap - Mapping property : Property{class=org.mongolink.test.entity.Comment, field=value}
11:20:26.602 [main] DEBUG o.m.domain.mapper.ContextBuilder - Done scanning : [org.mongolink.test.simpleMapping]
11:20:26.602 [main] DEBUG org.mongolink.MongoSession - Starting
11:20:26.604 [main] WARN  org.mongolink.utils.FieldContainer - Property value was null : Property{class=org.mongolink.test.entity.FakeAggregate, field=comment}
11:20:26.604 [main] WARN  org.mongolink.utils.FieldContainer - Property value was null : Property{class=org.mongolink.test.entity.FakeAggregate, field=index}
11:20:26.605 [main] DEBUG o.m.domain.mapper.ContextBuilder - Scanning : [org.mongolink.test.simpleMapping]
11:20:26.606 [main] DEBUG o.m.domain.mapper.ContextBuilder - Mapping : class org.mongolink.test.simpleMapping.FakeAggregateWithNaturalIdMapping
11:20:26.606 [main] DEBUG org.mongolink.domain.mapper.ClassMap - Mapping id : Property{class=org.mongolink.test.entity.FakeAggregateWithNaturalId, field=naturalKey}
11:20:26.606 [main] DEBUG org.mongolink.domain.mapper.ClassMap - Mapping property : Property{class=org.mongolink.test.entity.FakeAggregateWithNaturalId, field=value}
11:20:26.606 [main] DEBUG o.m.domain.mapper.ContextBuilder - Mapping : class org.mongolink.test.simpleMapping.FakeAggregateMappingWithCap
11:20:26.606 [main] DEBUG org.mongolink.domain.mapper.ClassMap - Mapping id : Property{class=org.mongolink.test.entity.FakeEntityWithCap, field=id}
11:20:26.607 [main] DEBUG o.m.domain.mapper.ContextBuilder - Mapping : class org.mongolink.test.simpleMapping.OtherAggregateWithNaturalIdMapping
11:20:26.607 [main] DEBUG org.mongolink.domain.mapper.ClassMap - Mapping id : Property{class=org.mongolink.test.entity.OtherEntityWithNaturalId, field=naturalKey}
11:20:26.609 [main] DEBUG o.m.domain.mapper.ContextBuilder - Mapping : class org.mongolink.test.simpleMapping.FakeAggregateMapping
11:20:26.609 [main] DEBUG org.mongolink.domain.mapper.ClassMap - Mapping id : Property{class=org.mongolink.test.entity.FakeAggregate, field=id}
11:20:26.609 [main] DEBUG org.mongolink.domain.mapper.ClassMap - Mapping property : Property{class=org.mongolink.test.entity.FakeAggregate, field=value}
11:20:26.609 [main] DEBUG org.mongolink.domain.mapper.ClassMap - Mapping collection : Property{class=org.mongolink.test.entity.FakeAggregate, field=comments}
11:20:26.609 [main] DEBUG org.mongolink.domain.mapper.ClassMap - Mapping property : Property{class=org.mongolink.test.entity.FakeAggregate, field=comment}
11:20:26.609 [main] DEBUG org.mongolink.domain.mapper.ClassMap - Mapping property : Property{class=org.mongolink.test.entity.FakeAggregate, field=index}
11:20:26.610 [main] DEBUG o.m.domain.mapper.ContextBuilder - Mapping : class org.mongolink.test.simpleMapping.CommentMapping
11:20:26.610 [main] DEBUG org.mongolink.domain.mapper.ClassMap - Mapping property : Property{class=org.mongolink.test.entity.Comment, field=value}
11:20:26.610 [main] DEBUG o.m.domain.mapper.ContextBuilder - Done scanning : [org.mongolink.test.simpleMapping]
11:20:26.610 [main] DEBUG org.mongolink.MongoSession - Starting
11:20:26.610 [main] DEBUG org.mongolink.MongoSession - New entity register for additon : org.mongolink.test.entity.FakeAggregate@4d9ac0b4
11:20:26.610 [main] DEBUG org.mongolink.MongoSession - Commiting unit of work
11:20:26.611 [main] DEBUG org.mongolink.MongoSession - Entity added :{ "_id" : { "$oid" : "62dfb1da90086aa6cadb73b0"} , "value" : "value" , "comments" : [ ] , "index" : 0}
11:20:26.611 [main] DEBUG org.mongolink.MongoSession - Done commiting
11:20:26.613 [main] DEBUG o.m.domain.mapper.ContextBuilder - Scanning : [org.mongolink.test.simpleMapping]
11:20:26.613 [main] DEBUG o.m.domain.mapper.ContextBuilder - Mapping : class org.mongolink.test.simpleMapping.FakeAggregateWithNaturalIdMapping
11:20:26.614 [main] DEBUG org.mongolink.domain.mapper.ClassMap - Mapping id : Property{class=org.mongolink.test.entity.FakeAggregateWithNaturalId, field=naturalKey}
11:20:26.614 [main] DEBUG org.mongolink.domain.mapper.ClassMap - Mapping property : Property{class=org.mongolink.test.entity.FakeAggregateWithNaturalId, field=value}
11:20:26.614 [main] DEBUG o.m.domain.mapper.ContextBuilder - Mapping : class org.mongolink.test.simpleMapping.FakeAggregateMappingWithCap
11:20:26.614 [main] DEBUG org.mongolink.domain.mapper.ClassMap - Mapping id : Property{class=org.mongolink.test.entity.FakeEntityWithCap, field=id}
11:20:26.614 [main] DEBUG o.m.domain.mapper.ContextBuilder - Mapping : class org.mongolink.test.simpleMapping.OtherAggregateWithNaturalIdMapping
11:20:26.614 [main] DEBUG org.mongolink.domain.mapper.ClassMap - Mapping id : Property{class=org.mongolink.test.entity.OtherEntityWithNaturalId, field=naturalKey}
11:20:26.615 [main] DEBUG o.m.domain.mapper.ContextBuilder - Mapping : class org.mongolink.test.simpleMapping.FakeAggregateMapping
11:20:26.615 [main] DEBUG org.mongolink.domain.mapper.ClassMap - Mapping id : Property{class=org.mongolink.test.entity.FakeAggregate, field=id}
11:20:26.615 [main] DEBUG org.mongolink.domain.mapper.ClassMap - Mapping property : Property{class=org.mongolink.test.entity.FakeAggregate, field=value}
11:20:26.615 [main] DEBUG org.mongolink.domain.mapper.ClassMap - Mapping collection : Property{class=org.mongolink.test.entity.FakeAggregate, field=comments}
11:20:26.615 [main] DEBUG org.mongolink.domain.mapper.ClassMap - Mapping property : Property{class=org.mongolink.test.entity.FakeAggregate, field=comment}
11:20:26.615 [main] DEBUG org.mongolink.domain.mapper.ClassMap - Mapping property : Property{class=org.mongolink.test.entity.FakeAggregate, field=index}
11:20:26.615 [main] DEBUG o.m.domain.mapper.ContextBuilder - Mapping : class org.mongolink.test.simpleMapping.CommentMapping
11:20:26.615 [main] DEBUG org.mongolink.domain.mapper.ClassMap - Mapping property : Property{class=org.mongolink.test.entity.Comment, field=value}
11:20:26.615 [main] DEBUG o.m.domain.mapper.ContextBuilder - Done scanning : [org.mongolink.test.simpleMapping]
11:20:26.615 [main] DEBUG org.mongolink.MongoSession - Starting
11:20:26.617 [main] WARN  org.mongolink.utils.FieldContainer - Property value was null : Property{class=org.mongolink.test.entity.FakeAggregateWithNaturalId, field=value}
11:20:26.618 [main] DEBUG o.m.domain.mapper.ContextBuilder - Scanning : [org.mongolink.test.simpleMapping]
11:20:26.619 [main] DEBUG o.m.domain.mapper.ContextBuilder - Mapping : class org.mongolink.test.simpleMapping.FakeAggregateWithNaturalIdMapping
11:20:26.619 [main] DEBUG org.mongolink.domain.mapper.ClassMap - Mapping id : Property{class=org.mongolink.test.entity.FakeAggregateWithNaturalId, field=naturalKey}
11:20:26.619 [main] DEBUG org.mongolink.domain.mapper.ClassMap - Mapping property : Property{class=org.mongolink.test.entity.FakeAggregateWithNaturalId, field=value}
11:20:26.619 [main] DEBUG o.m.domain.mapper.ContextBuilder - Mapping : class org.mongolink.test.simpleMapping.FakeAggregateMappingWithCap
11:20:26.619 [main] DEBUG org.mongolink.domain.mapper.ClassMap - Mapping id : Property{class=org.mongolink.test.entity.FakeEntityWithCap, field=id}
11:20:26.620 [main] DEBUG o.m.domain.mapper.ContextBuilder - Mapping : class org.mongolink.test.simpleMapping.OtherAggregateWithNaturalIdMapping
11:20:26.620 [main] DEBUG org.mongolink.domain.mapper.ClassMap - Mapping id : Property{class=org.mongolink.test.entity.OtherEntityWithNaturalId, field=naturalKey}
11:20:26.620 [main] DEBUG o.m.domain.mapper.ContextBuilder - Mapping : class org.mongolink.test.simpleMapping.FakeAggregateMapping
11:20:26.620 [main] DEBUG org.mongolink.domain.mapper.ClassMap - Mapping id : Property{class=org.mongolink.test.entity.FakeAggregate, field=id}
11:20:26.620 [main] DEBUG org.mongolink.domain.mapper.ClassMap - Mapping property : Property{class=org.mongolink.test.entity.FakeAggregate, field=value}
11:20:26.620 [main] DEBUG org.mongolink.domain.mapper.ClassMap - Mapping collection : Property{class=org.mongolink.test.entity.FakeAggregate, field=comments}
11:20:26.620 [main] DEBUG org.mongolink.domain.mapper.ClassMap - Mapping property : Property{class=org.mongolink.test.entity.FakeAggregate, field=comment}
11:20:26.620 [main] DEBUG org.mongolink.domain.mapper.ClassMap - Mapping property : Property{class=org.mongolink.test.entity.FakeAggregate, field=index}
11:20:26.621 [main] DEBUG o.m.domain.mapper.ContextBuilder - Mapping : class org.mongolink.test.simpleMapping.CommentMapping
11:20:26.621 [main] DEBUG org.mongolink.domain.mapper.ClassMap - Mapping property : Property{class=org.mongolink.test.entity.Comment, field=value}
11:20:26.621 [main] DEBUG o.m.domain.mapper.ContextBuilder - Done scanning : [org.mongolink.test.simpleMapping]
11:20:26.621 [main] DEBUG org.mongolink.MongoSession - Starting
11:20:26.621 [main] DEBUG org.mongolink.MongoSession - New entity register for additon : org.mongolink.test.entity.FakeAggregateWithNaturalId@1e636ea3
11:20:26.622 [main] DEBUG o.m.domain.mapper.ContextBuilder - Scanning : [org.mongolink.test.simpleMapping]
11:20:26.623 [main] DEBUG o.m.domain.mapper.ContextBuilder - Mapping : class org.mongolink.test.simpleMapping.FakeAggregateWithNaturalIdMapping
11:20:26.623 [main] DEBUG org.mongolink.domain.mapper.ClassMap - Mapping id : Property{class=org.mongolink.test.entity.FakeAggregateWithNaturalId, field=naturalKey}
11:20:26.623 [main] DEBUG org.mongolink.domain.mapper.ClassMap - Mapping property : Property{class=org.mongolink.test.entity.FakeAggregateWithNaturalId, field=value}
11:20:26.623 [main] DEBUG o.m.domain.mapper.ContextBuilder - Mapping : class org.mongolink.test.simpleMapping.FakeAggregateMappingWithCap
11:20:26.623 [main] DEBUG org.mongolink.domain.mapper.ClassMap - Mapping id : Property{class=org.mongolink.test.entity.FakeEntityWithCap, field=id}
11:20:26.624 [main] DEBUG o.m.domain.mapper.ContextBuilder - Mapping : class org.mongolink.test.simpleMapping.OtherAggregateWithNaturalIdMapping
11:20:26.624 [main] DEBUG org.mongolink.domain.mapper.ClassMap - Mapping id : Property{class=org.mongolink.test.entity.OtherEntityWithNaturalId, field=naturalKey}
11:20:26.624 [main] DEBUG o.m.domain.mapper.ContextBuilder - Mapping : class org.mongolink.test.simpleMapping.FakeAggregateMapping
11:20:26.624 [main] DEBUG org.mongolink.domain.mapper.ClassMap - Mapping id : Property{class=org.mongolink.test.entity.FakeAggregate, field=id}
11:20:26.624 [main] DEBUG org.mongolink.domain.mapper.ClassMap - Mapping property : Property{class=org.mongolink.test.entity.FakeAggregate, field=value}
11:20:26.624 [main] DEBUG org.mongolink.domain.mapper.ClassMap - Mapping collection : Property{class=org.mongolink.test.entity.FakeAggregate, field=comments}
11:20:26.624 [main] DEBUG org.mongolink.domain.mapper.ClassMap - Mapping property : Property{class=org.mongolink.test.entity.FakeAggregate, field=comment}
11:20:26.624 [main] DEBUG org.mongolink.domain.mapper.ClassMap - Mapping property : Property{class=org.mongolink.test.entity.FakeAggregate, field=index}
11:20:26.624 [main] DEBUG o.m.domain.mapper.ContextBuilder - Mapping : class org.mongolink.test.simpleMapping.CommentMapping
11:20:26.625 [main] DEBUG org.mongolink.domain.mapper.ClassMap - Mapping property : Property{class=org.mongolink.test.entity.Comment, field=value}
11:20:26.625 [main] DEBUG o.m.domain.mapper.ContextBuilder - Done scanning : [org.mongolink.test.simpleMapping]
11:20:26.625 [main] DEBUG org.mongolink.MongoSession - Starting
11:20:26.627 [main] DEBUG o.m.domain.mapper.ContextBuilder - Scanning : [org.mongolink.test.simpleMapping]
11:20:26.627 [main] DEBUG o.m.domain.mapper.ContextBuilder - Mapping : class org.mongolink.test.simpleMapping.FakeAggregateWithNaturalIdMapping
11:20:26.628 [main] DEBUG org.mongolink.domain.mapper.ClassMap - Mapping id : Property{class=org.mongolink.test.entity.FakeAggregateWithNaturalId, field=naturalKey}
11:20:26.628 [main] DEBUG org.mongolink.domain.mapper.ClassMap - Mapping property : Property{class=org.mongolink.test.entity.FakeAggregateWithNaturalId, field=value}
11:20:26.628 [main] DEBUG o.m.domain.mapper.ContextBuilder - Mapping : class org.mongolink.test.simpleMapping.FakeAggregateMappingWithCap
11:20:26.628 [main] DEBUG org.mongolink.domain.mapper.ClassMap - Mapping id : Property{class=org.mongolink.test.entity.FakeEntityWithCap, field=id}
11:20:26.628 [main] DEBUG o.m.domain.mapper.ContextBuilder - Mapping : class org.mongolink.test.simpleMapping.OtherAggregateWithNaturalIdMapping
11:20:26.628 [main] DEBUG org.mongolink.domain.mapper.ClassMap - Mapping id : Property{class=org.mongolink.test.entity.OtherEntityWithNaturalId, field=naturalKey}
11:20:26.629 [main] DEBUG o.m.domain.mapper.ContextBuilder - Mapping : class org.mongolink.test.simpleMapping.FakeAggregateMapping
11:20:26.629 [main] DEBUG org.mongolink.domain.mapper.ClassMap - Mapping id : Property{class=org.mongolink.test.entity.FakeAggregate, field=id}
11:20:26.629 [main] DEBUG org.mongolink.domain.mapper.ClassMap - Mapping property : Property{class=org.mongolink.test.entity.FakeAggregate, field=value}
11:20:26.629 [main] DEBUG org.mongolink.domain.mapper.ClassMap - Mapping collection : Property{class=org.mongolink.test.entity.FakeAggregate, field=comments}
11:20:26.629 [main] DEBUG org.mongolink.domain.mapper.ClassMap - Mapping property : Property{class=org.mongolink.test.entity.FakeAggregate, field=comment}
11:20:26.629 [main] DEBUG org.mongolink.domain.mapper.ClassMap - Mapping property : Property{class=org.mongolink.test.entity.FakeAggregate, field=index}
11:20:26.629 [main] DEBUG o.m.domain.mapper.ContextBuilder - Mapping : class org.mongolink.test.simpleMapping.CommentMapping
11:20:26.629 [main] DEBUG org.mongolink.domain.mapper.ClassMap - Mapping property : Property{class=org.mongolink.test.entity.Comment, field=value}
11:20:26.629 [main] DEBUG o.m.domain.mapper.ContextBuilder - Done scanning : [org.mongolink.test.simpleMapping]
11:20:26.629 [main] DEBUG org.mongolink.MongoSession - Starting
11:20:26.631 [main] DEBUG o.m.domain.mapper.ContextBuilder - Scanning : [org.mongolink.test.simpleMapping]
11:20:26.631 [main] DEBUG o.m.domain.mapper.ContextBuilder - Mapping : class org.mongolink.test.simpleMapping.FakeAggregateWithNaturalIdMapping
11:20:26.631 [main] DEBUG org.mongolink.domain.mapper.ClassMap - Mapping id : Property{class=org.mongolink.test.entity.FakeAggregateWithNaturalId, field=naturalKey}
11:20:26.631 [main] DEBUG org.mongolink.domain.mapper.ClassMap - Mapping property : Property{class=org.mongolink.test.entity.FakeAggregateWithNaturalId, field=value}
11:20:26.632 [main] DEBUG o.m.domain.mapper.ContextBuilder - Mapping : class org.mongolink.test.simpleMapping.FakeAggregateMappingWithCap
11:20:26.632 [main] DEBUG org.mongolink.domain.mapper.ClassMap - Mapping id : Property{class=org.mongolink.test.entity.FakeEntityWithCap, field=id}
11:20:26.632 [main] DEBUG o.m.domain.mapper.ContextBuilder - Mapping : class org.mongolink.test.simpleMapping.OtherAggregateWithNaturalIdMapping
11:20:26.632 [main] DEBUG org.mongolink.domain.mapper.ClassMap - Mapping id : Property{class=org.mongolink.test.entity.OtherEntityWithNaturalId, field=naturalKey}
11:20:26.632 [main] DEBUG o.m.domain.mapper.ContextBuilder - Mapping : class org.mongolink.test.simpleMapping.FakeAggregateMapping
11:20:26.632 [main] DEBUG org.mongolink.domain.mapper.ClassMap - Mapping id : Property{class=org.mongolink.test.entity.FakeAggregate, field=id}
11:20:26.632 [main] DEBUG org.mongolink.domain.mapper.ClassMap - Mapping property : Property{class=org.mongolink.test.entity.FakeAggregate, field=value}
11:20:26.632 [main] DEBUG org.mongolink.domain.mapper.ClassMap - Mapping collection : Property{class=org.mongolink.test.entity.FakeAggregate, field=comments}
11:20:26.632 [main] DEBUG org.mongolink.domain.mapper.ClassMap - Mapping property : Property{class=org.mongolink.test.entity.FakeAggregate, field=comment}
11:20:26.632 [main] DEBUG org.mongolink.domain.mapper.ClassMap - Mapping property : Property{class=org.mongolink.test.entity.FakeAggregate, field=index}
11:20:26.633 [main] DEBUG o.m.domain.mapper.ContextBuilder - Mapping : class org.mongolink.test.simpleMapping.CommentMapping
11:20:26.633 [main] DEBUG org.mongolink.domain.mapper.ClassMap - Mapping property : Property{class=org.mongolink.test.entity.Comment, field=value}
11:20:26.633 [main] DEBUG o.m.domain.mapper.ContextBuilder - Done scanning : [org.mongolink.test.simpleMapping]
11:20:26.633 [main] DEBUG org.mongolink.MongoSession - Starting
11:20:26.633 [main] DEBUG org.mongolink.MongoSession - New entity register for additon : org.mongolink.test.entity.FakeAggregateWithNaturalId@495fac5f
11:20:26.633 [main] DEBUG org.mongolink.MongoSession - Commiting unit of work
11:20:26.634 [main] DEBUG org.mongolink.MongoSession - Entity added :{ "_id" : "natural key" , "value" : "a value"}
11:20:26.634 [main] DEBUG org.mongolink.MongoSession - Done commiting
Tests run: 26, Failures: 0, Errors: 0, Skipped: 0, Time elapsed: 0.235 sec
Running org.mongolink.domain.session.TestsMongoSessionWithInheritance
11:20:26.637 [main] DEBUG org.mongolink.domain.mapper.ClassMap - Mapping id : Property{class=org.mongolink.test.entity.FakeAggregate, field=id}
11:20:26.637 [main] DEBUG org.mongolink.domain.mapper.ClassMap - Mapping property : Property{class=org.mongolink.test.entity.FakeAggregate, field=value}
11:20:26.641 [main] DEBUG org.mongolink.domain.mapper.ClassMap - Mapping subclass : FakeChildAggregate
11:20:26.641 [main] DEBUG org.mongolink.domain.mapper.ClassMap - Mapping property : Property{class=org.mongolink.test.entity.FakeChildAggregate, field=childName}
11:20:26.641 [main] DEBUG org.mongolink.MongoSession - Starting
11:20:26.642 [main] WARN  org.mongolink.utils.FieldContainer - Property value was null : Property{class=org.mongolink.test.entity.FakeChildAggregate, field=childName}
11:20:26.643 [main] WARN  org.mongolink.utils.FieldContainer - Property value was null : Property{class=org.mongolink.test.entity.FakeAggregate, field=value}
11:20:26.644 [main] DEBUG org.mongolink.domain.mapper.ClassMap - Mapping id : Property{class=org.mongolink.test.entity.FakeAggregate, field=id}
11:20:26.644 [main] DEBUG org.mongolink.domain.mapper.ClassMap - Mapping property : Property{class=org.mongolink.test.entity.FakeAggregate, field=value}
11:20:26.644 [main] DEBUG org.mongolink.domain.mapper.ClassMap - Mapping subclass : FakeChildAggregate
11:20:26.644 [main] DEBUG org.mongolink.domain.mapper.ClassMap - Mapping property : Property{class=org.mongolink.test.entity.FakeChildAggregate, field=childName}
11:20:26.644 [main] DEBUG org.mongolink.MongoSession - Starting
11:20:26.645 [main] WARN  org.mongolink.utils.FieldContainer - Property value was null : Property{class=org.mongolink.test.entity.FakeChildAggregate, field=childName}
11:20:26.646 [main] WARN  org.mongolink.utils.FieldContainer - Property value was null : Property{class=org.mongolink.test.entity.FakeAggregate, field=value}
11:20:26.646 [main] DEBUG org.mongolink.domain.mapper.ClassMap - Mapping id : Property{class=org.mongolink.test.entity.FakeAggregate, field=id}
11:20:26.647 [main] DEBUG org.mongolink.domain.mapper.ClassMap - Mapping property : Property{class=org.mongolink.test.entity.FakeAggregate, field=value}
11:20:26.647 [main] DEBUG org.mongolink.domain.mapper.ClassMap - Mapping subclass : FakeChildAggregate
11:20:26.647 [main] DEBUG org.mongolink.domain.mapper.ClassMap - Mapping property : Property{class=org.mongolink.test.entity.FakeChildAggregate, field=childName}
11:20:26.647 [main] DEBUG org.mongolink.MongoSession - Starting
11:20:26.647 [main] DEBUG org.mongolink.MongoSession - New entity register for additon : org.mongolink.test.entity.FakeChildAggregate@7cf6a5f9
11:20:26.647 [main] DEBUG org.mongolink.MongoSession - Commiting unit of work
11:20:26.648 [main] DEBUG org.mongolink.MongoSession - Entity added :{ "__discriminator" : "FakeChildAggregate" , "_id" : "2"}
11:20:26.648 [main] DEBUG org.mongolink.MongoSession - Done commiting
Tests run: 3, Failures: 0, Errors: 0, Skipped: 0, Time elapsed: 0.012 sec
Running org.mongolink.domain.session.TestsUnitOfWork
Tests run: 2, Failures: 0, Errors: 0, Skipped: 0, Time elapsed: 0.004 sec
Running org.mongolink.domain.updateStrategy.DiffTest
1
2
3
Tests run: 1, Failures: 0, Errors: 0, Skipped: 0, Time elapsed: 0.004 sec
Running org.mongolink.domain.updateStrategy.DiffStrategyTest
11:20:26.662 [main] DEBUG o.m.d.updateStrategy.DiffStrategy - Updating array : { "_id" :  null } modifier: $pull  values: { "liste" : "first"}
11:20:26.662 [main] DEBUG o.m.d.updateStrategy.DiffStrategy - Updating array : { "_id" :  null } modifier: $pushAll  values: { "liste" : [ "third" , "other"]}
11:20:26.663 [main] DEBUG o.m.d.updateStrategy.DiffStrategy - Updating array : { "_id" :  null } modifier: $push  values: { "liste" : "third"}
11:20:26.664 [main] DEBUG o.m.d.updateStrategy.DiffStrategy - Updating : collection null : query { "_id" :  null } : modifiers : { "$set" : { "liste.0" : "second" , "liste.1" : "first"}}
Tests run: 3, Failures: 0, Errors: 0, Skipped: 0, Time elapsed: 0.006 sec
Running org.mongolink.domain.updateStrategy.TestsListVisitor
Tests run: 6, Failures: 0, Errors: 0, Skipped: 2, Time elapsed: 0.008 sec
Running org.mongolink.domain.updateStrategy.TestsDbObjectDiff
Tests run: 12, Failures: 0, Errors: 0, Skipped: 0, Time elapsed: 0.005 sec
Running org.mongolink.domain.mapper.TestsContextBuilder
11:20:26.682 [main] DEBUG o.m.domain.mapper.ContextBuilder - Scanning : [org.mongolink.test.simpleMapping, org.mongolink.test.additionalMapping]
11:20:26.683 [main] DEBUG o.m.domain.mapper.ContextBuilder - Mapping : class org.mongolink.test.simpleMapping.FakeAggregateWithNaturalIdMapping
11:20:26.684 [main] DEBUG org.mongolink.domain.mapper.ClassMap - Mapping id : Property{class=org.mongolink.test.entity.FakeAggregateWithNaturalId, field=naturalKey}
11:20:26.684 [main] DEBUG org.mongolink.domain.mapper.ClassMap - Mapping property : Property{class=org.mongolink.test.entity.FakeAggregateWithNaturalId, field=value}
11:20:26.684 [main] DEBUG o.m.domain.mapper.ContextBuilder - Mapping : class org.mongolink.test.simpleMapping.FakeAggregateMappingWithCap
11:20:26.684 [main] DEBUG org.mongolink.domain.mapper.ClassMap - Mapping id : Property{class=org.mongolink.test.entity.FakeEntityWithCap, field=id}
11:20:26.684 [main] DEBUG o.m.domain.mapper.ContextBuilder - Mapping : class org.mongolink.test.simpleMapping.OtherAggregateWithNaturalIdMapping
11:20:26.684 [main] DEBUG org.mongolink.domain.mapper.ClassMap - Mapping id : Property{class=org.mongolink.test.entity.OtherEntityWithNaturalId, field=naturalKey}
11:20:26.684 [main] DEBUG o.m.domain.mapper.ContextBuilder - Mapping : class org.mongolink.test.simpleMapping.FakeAggregateMapping
11:20:26.684 [main] DEBUG org.mongolink.domain.mapper.ClassMap - Mapping id : Property{class=org.mongolink.test.entity.FakeAggregate, field=id}
11:20:26.684 [main] DEBUG org.mongolink.domain.mapper.ClassMap - Mapping property : Property{class=org.mongolink.test.entity.FakeAggregate, field=value}
11:20:26.685 [main] DEBUG org.mongolink.domain.mapper.ClassMap - Mapping collection : Property{class=org.mongolink.test.entity.FakeAggregate, field=comments}
11:20:26.685 [main] DEBUG org.mongolink.domain.mapper.ClassMap - Mapping property : Property{class=org.mongolink.test.entity.FakeAggregate, field=comment}
11:20:26.685 [main] DEBUG org.mongolink.domain.mapper.ClassMap - Mapping property : Property{class=org.mongolink.test.entity.FakeAggregate, field=index}
11:20:26.685 [main] DEBUG o.m.domain.mapper.ContextBuilder - Mapping : class org.mongolink.test.simpleMapping.CommentMapping
11:20:26.685 [main] DEBUG org.mongolink.domain.mapper.ClassMap - Mapping property : Property{class=org.mongolink.test.entity.Comment, field=value}
11:20:26.687 [main] DEBUG o.m.domain.mapper.ContextBuilder - Mapping : class org.mongolink.test.additionalMapping.PostMapping
11:20:26.688 [main] DEBUG org.mongolink.domain.mapper.ClassMap - Mapping property : Property{class=org.mongolink.test.entity.Post, field=title}
11:20:26.688 [main] DEBUG org.mongolink.domain.mapper.ClassMap - Mapping property : Property{class=org.mongolink.test.entity.Post, field=content}
11:20:26.688 [main] DEBUG o.m.domain.mapper.ContextBuilder - Done scanning : [org.mongolink.test.simpleMapping, org.mongolink.test.additionalMapping]
11:20:26.688 [main] DEBUG o.m.domain.mapper.ContextBuilder - Scanning : [org.mongolink.test.simpleMapping]
11:20:26.689 [main] DEBUG o.m.domain.mapper.ContextBuilder - Mapping : class org.mongolink.test.simpleMapping.FakeAggregateWithNaturalIdMapping
11:20:26.689 [main] DEBUG org.mongolink.domain.mapper.ClassMap - Mapping id : Property{class=org.mongolink.test.entity.FakeAggregateWithNaturalId, field=naturalKey}
11:20:26.689 [main] DEBUG org.mongolink.domain.mapper.ClassMap - Mapping property : Property{class=org.mongolink.test.entity.FakeAggregateWithNaturalId, field=value}
11:20:26.689 [main] DEBUG o.m.domain.mapper.ContextBuilder - Mapping : class org.mongolink.test.simpleMapping.FakeAggregateMappingWithCap
11:20:26.689 [main] DEBUG org.mongolink.domain.mapper.ClassMap - Mapping id : Property{class=org.mongolink.test.entity.FakeEntityWithCap, field=id}
11:20:26.689 [main] DEBUG o.m.domain.mapper.ContextBuilder - Mapping : class org.mongolink.test.simpleMapping.OtherAggregateWithNaturalIdMapping
11:20:26.690 [main] DEBUG org.mongolink.domain.mapper.ClassMap - Mapping id : Property{class=org.mongolink.test.entity.OtherEntityWithNaturalId, field=naturalKey}
11:20:26.690 [main] DEBUG o.m.domain.mapper.ContextBuilder - Mapping : class org.mongolink.test.simpleMapping.FakeAggregateMapping
11:20:26.690 [main] DEBUG org.mongolink.domain.mapper.ClassMap - Mapping id : Property{class=org.mongolink.test.entity.FakeAggregate, field=id}
11:20:26.690 [main] DEBUG org.mongolink.domain.mapper.ClassMap - Mapping property : Property{class=org.mongolink.test.entity.FakeAggregate, field=value}
11:20:26.690 [main] DEBUG org.mongolink.domain.mapper.ClassMap - Mapping collection : Property{class=org.mongolink.test.entity.FakeAggregate, field=comments}
11:20:26.690 [main] DEBUG org.mongolink.domain.mapper.ClassMap - Mapping property : Property{class=org.mongolink.test.entity.FakeAggregate, field=comment}
11:20:26.690 [main] DEBUG org.mongolink.domain.mapper.ClassMap - Mapping property : Property{class=org.mongolink.test.entity.FakeAggregate, field=index}
11:20:26.690 [main] DEBUG o.m.domain.mapper.ContextBuilder - Mapping : class org.mongolink.test.simpleMapping.CommentMapping
11:20:26.690 [main] DEBUG org.mongolink.domain.mapper.ClassMap - Mapping property : Property{class=org.mongolink.test.entity.Comment, field=value}
11:20:26.691 [main] DEBUG o.m.domain.mapper.ContextBuilder - Done scanning : [org.mongolink.test.simpleMapping]
11:20:26.691 [main] DEBUG o.m.domain.mapper.ContextBuilder - Scanning : [org.mongolink.test.inheritanceMapping]
11:20:26.692 [main] DEBUG o.m.domain.mapper.ContextBuilder - Mapping : class org.mongolink.test.inheritanceMapping.FakeAggregateWithSubclassMapping
11:20:26.692 [main] DEBUG org.mongolink.domain.mapper.ClassMap - Mapping id : Property{class=org.mongolink.test.entity.FakeAggregate, field=id}
11:20:26.692 [main] DEBUG org.mongolink.domain.mapper.ClassMap - Mapping property : Property{class=org.mongolink.test.entity.FakeAggregate, field=value}
11:20:26.693 [main] DEBUG org.mongolink.domain.mapper.ClassMap - Mapping subclass : FakeChildAggregate
11:20:26.693 [main] DEBUG org.mongolink.domain.mapper.ClassMap - Mapping property : Property{class=org.mongolink.test.entity.FakeChildAggregate, field=childName}
11:20:26.693 [main] DEBUG o.m.domain.mapper.ContextBuilder - Mapping : class org.mongolink.test.inheritanceMapping.FakeAggregateWithTwoSubclassMapping
11:20:26.693 [main] DEBUG org.mongolink.domain.mapper.ClassMap - Mapping id : Property{class=org.mongolink.test.entity.FakeAggregate, field=id}
11:20:26.693 [main] DEBUG org.mongolink.domain.mapper.ClassMap - Mapping subclass : FakeChildAggregate
11:20:26.696 [main] DEBUG org.mongolink.domain.mapper.ClassMap - Mapping subclass : OtherFakeChildAggregate
11:20:26.696 [main] DEBUG o.m.domain.mapper.ContextBuilder - Done scanning : [org.mongolink.test.inheritanceMapping]
Tests run: 3, Failures: 0, Errors: 0, Skipped: 0, Time elapsed: 0.015 sec
Running org.mongolink.domain.mapper.TestsCollectionMapper
Tests run: 2, Failures: 0, Errors: 0, Skipped: 0, Time elapsed: 0.007 sec
Running org.mongolink.domain.mapper.TestsSubclassMapper
11:20:26.706 [main] DEBUG org.mongolink.domain.mapper.ClassMap - Mapping subclass : FakeChildAggregate
11:20:26.707 [main] DEBUG org.mongolink.domain.mapper.ClassMap - Mapping id : Property{class=org.mongolink.test.entity.FakeAggregate, field=id}
11:20:26.707 [main] DEBUG org.mongolink.domain.mapper.ClassMap - Mapping property : Property{class=org.mongolink.test.entity.FakeAggregate, field=value}
11:20:26.707 [main] DEBUG org.mongolink.domain.mapper.ClassMap - Mapping collection : Property{class=org.mongolink.test.entity.FakeAggregate, field=comments}
11:20:26.707 [main] DEBUG org.mongolink.domain.mapper.ClassMap - Mapping property : Property{class=org.mongolink.test.entity.FakeAggregate, field=comment}
11:20:26.707 [main] DEBUG org.mongolink.domain.mapper.ClassMap - Mapping property : Property{class=org.mongolink.test.entity.FakeAggregate, field=index}
11:20:26.707 [main] DEBUG org.mongolink.domain.mapper.ClassMap - Mapping property : Property{class=org.mongolink.test.entity.FakeChildAggregate, field=childName}
11:20:26.708 [main] DEBUG org.mongolink.domain.mapper.ClassMap - Mapping subclass : FakeChildAggregate
11:20:26.708 [main] DEBUG org.mongolink.domain.mapper.ClassMap - Mapping id : Property{class=org.mongolink.test.entity.FakeAggregate, field=id}
11:20:26.708 [main] DEBUG org.mongolink.domain.mapper.ClassMap - Mapping property : Property{class=org.mongolink.test.entity.FakeAggregate, field=value}
11:20:26.708 [main] DEBUG org.mongolink.domain.mapper.ClassMap - Mapping collection : Property{class=org.mongolink.test.entity.FakeAggregate, field=comments}
11:20:26.708 [main] DEBUG org.mongolink.domain.mapper.ClassMap - Mapping property : Property{class=org.mongolink.test.entity.FakeAggregate, field=comment}
11:20:26.708 [main] DEBUG org.mongolink.domain.mapper.ClassMap - Mapping property : Property{class=org.mongolink.test.entity.FakeAggregate, field=index}
11:20:26.708 [main] DEBUG org.mongolink.domain.mapper.ClassMap - Mapping property : Property{class=org.mongolink.test.entity.FakeChildAggregate, field=childName}
11:20:26.709 [main] DEBUG org.mongolink.domain.mapper.ClassMap - Mapping subclass : FakeChildAggregate
11:20:26.709 [main] DEBUG org.mongolink.domain.mapper.ClassMap - Mapping id : Property{class=org.mongolink.test.entity.FakeAggregate, field=id}
11:20:26.709 [main] DEBUG org.mongolink.domain.mapper.ClassMap - Mapping property : Property{class=org.mongolink.test.entity.FakeAggregate, field=value}
11:20:26.709 [main] DEBUG org.mongolink.domain.mapper.ClassMap - Mapping collection : Property{class=org.mongolink.test.entity.FakeAggregate, field=comments}
11:20:26.709 [main] DEBUG org.mongolink.domain.mapper.ClassMap - Mapping property : Property{class=org.mongolink.test.entity.FakeAggregate, field=comment}
11:20:26.709 [main] DEBUG org.mongolink.domain.mapper.ClassMap - Mapping property : Property{class=org.mongolink.test.entity.FakeAggregate, field=index}
11:20:26.709 [main] DEBUG org.mongolink.domain.mapper.ClassMap - Mapping property : Property{class=org.mongolink.test.entity.FakeChildAggregate, field=childName}
11:20:26.709 [main] WARN  org.mongolink.utils.FieldContainer - Property value was null : Property{class=org.mongolink.test.entity.FakeAggregate, field=comment}
11:20:26.709 [main] WARN  org.mongolink.utils.FieldContainer - Property value was null : Property{class=org.mongolink.test.entity.FakeAggregate, field=index}
11:20:26.710 [main] DEBUG org.mongolink.domain.mapper.ClassMap - Mapping subclass : FakeChildAggregate
11:20:26.710 [main] DEBUG org.mongolink.domain.mapper.ClassMap - Mapping id : Property{class=org.mongolink.test.entity.FakeAggregate, field=id}
11:20:26.710 [main] DEBUG org.mongolink.domain.mapper.ClassMap - Mapping property : Property{class=org.mongolink.test.entity.FakeAggregate, field=value}
11:20:26.710 [main] DEBUG org.mongolink.domain.mapper.ClassMap - Mapping collection : Property{class=org.mongolink.test.entity.FakeAggregate, field=comments}
11:20:26.710 [main] DEBUG org.mongolink.domain.mapper.ClassMap - Mapping property : Property{class=org.mongolink.test.entity.FakeAggregate, field=comment}
11:20:26.710 [main] DEBUG org.mongolink.domain.mapper.ClassMap - Mapping property : Property{class=org.mongolink.test.entity.FakeAggregate, field=index}
11:20:26.710 [main] DEBUG org.mongolink.domain.mapper.ClassMap - Mapping property : Property{class=org.mongolink.test.entity.FakeChildAggregate, field=childName}
11:20:26.710 [main] DEBUG org.mongolink.domain.mapper.ClassMap - Mapping subclass : FakeChildAggregate
11:20:26.710 [main] DEBUG org.mongolink.domain.mapper.ClassMap - Mapping id : Property{class=org.mongolink.test.entity.FakeAggregate, field=id}
11:20:26.710 [main] DEBUG org.mongolink.domain.mapper.ClassMap - Mapping property : Property{class=org.mongolink.test.entity.FakeAggregate, field=value}
11:20:26.711 [main] DEBUG org.mongolink.domain.mapper.ClassMap - Mapping collection : Property{class=org.mongolink.test.entity.FakeAggregate, field=comments}
11:20:26.711 [main] DEBUG org.mongolink.domain.mapper.ClassMap - Mapping property : Property{class=org.mongolink.test.entity.FakeAggregate, field=comment}
11:20:26.711 [main] DEBUG org.mongolink.domain.mapper.ClassMap - Mapping property : Property{class=org.mongolink.test.entity.FakeAggregate, field=index}
11:20:26.711 [main] DEBUG org.mongolink.domain.mapper.ClassMap - Mapping property : Property{class=org.mongolink.test.entity.FakeChildAggregate, field=childName}
11:20:26.711 [main] WARN  org.mongolink.utils.FieldContainer - Property value was null : Property{class=org.mongolink.test.entity.FakeAggregate, field=comment}
11:20:26.711 [main] WARN  org.mongolink.utils.FieldContainer - Property value was null : Property{class=org.mongolink.test.entity.FakeAggregate, field=index}
11:20:26.711 [main] DEBUG org.mongolink.domain.mapper.ClassMap - Mapping subclass : FakeChildAggregate
11:20:26.711 [main] DEBUG org.mongolink.domain.mapper.ClassMap - Mapping id : Property{class=org.mongolink.test.entity.FakeAggregate, field=id}
11:20:26.711 [main] DEBUG org.mongolink.domain.mapper.ClassMap - Mapping property : Property{class=org.mongolink.test.entity.FakeAggregate, field=value}
11:20:26.711 [main] DEBUG org.mongolink.domain.mapper.ClassMap - Mapping collection : Property{class=org.mongolink.test.entity.FakeAggregate, field=comments}
11:20:26.711 [main] DEBUG org.mongolink.domain.mapper.ClassMap - Mapping property : Property{class=org.mongolink.test.entity.FakeAggregate, field=comment}
11:20:26.711 [main] DEBUG org.mongolink.domain.mapper.ClassMap - Mapping property : Property{class=org.mongolink.test.entity.FakeAggregate, field=index}
11:20:26.711 [main] DEBUG org.mongolink.domain.mapper.ClassMap - Mapping property : Property{class=org.mongolink.test.entity.FakeChildAggregate, field=childName}
Tests run: 6, Failures: 0, Errors: 0, Skipped: 0, Time elapsed: 0.006 sec
Running org.mongolink.domain.mapper.TestsComponentMapper
11:20:26.712 [main] DEBUG org.mongolink.domain.mapper.ClassMap - Mapping property : Property{class=org.mongolink.test.entity.Comment, field=value}
11:20:26.713 [main] DEBUG org.mongolink.domain.mapper.ClassMap - Mapping property : Property{class=org.mongolink.test.entity.Comment, field=value}
Tests run: 2, Failures: 0, Errors: 0, Skipped: 0, Time elapsed: 0.001 sec
Running org.mongolink.domain.mapper.TestsPropertyMapper
11:20:26.715 [main] DEBUG org.mongolink.domain.mapper.ClassMap - Mapping property : Property{class=org.mongolink.test.entity.Comment, field=value}
11:20:26.716 [main] DEBUG org.mongolink.domain.mapper.ClassMap - Mapping property : Property{class=org.mongolink.test.entity.Comment, field=value}
Tests run: 11, Failures: 0, Errors: 0, Skipped: 0, Time elapsed: 0.015 sec
Running org.mongolink.domain.mapper.TestsMapperContext
11:20:26.728 [main] DEBUG org.mongolink.domain.mapper.ClassMap - Mapping property : Property{class=org.mongolink.test.entity.Comment, field=value}
Tests run: 2, Failures: 0, Errors: 0, Skipped: 0, Time elapsed: 0.001 sec
Running org.mongolink.domain.mapper.TestsClassMapper
11:20:26.729 [main] DEBUG org.mongolink.domain.mapper.ClassMap - Mapping id : Property{class=org.mongolink.test.entity.FakeAggregate, field=id}
11:20:26.730 [main] DEBUG org.mongolink.domain.mapper.ClassMap - Mapping property : Property{class=org.mongolink.test.entity.FakeAggregate, field=value}
11:20:26.730 [main] DEBUG org.mongolink.domain.mapper.ClassMap - Mapping collection : Property{class=org.mongolink.test.entity.FakeAggregate, field=comments}
11:20:26.730 [main] DEBUG org.mongolink.domain.mapper.ClassMap - Mapping property : Property{class=org.mongolink.test.entity.FakeAggregate, field=comment}
11:20:26.730 [main] DEBUG org.mongolink.domain.mapper.ClassMap - Mapping property : Property{class=org.mongolink.test.entity.FakeAggregate, field=index}
11:20:26.730 [main] DEBUG org.mongolink.domain.mapper.ClassMap - Mapping property : Property{class=org.mongolink.test.entity.Comment, field=value}
11:20:26.730 [main] DEBUG org.mongolink.domain.mapper.ClassMap - Mapping id : Property{class=org.mongolink.test.entity.FakeAggregate, field=id}
11:20:26.730 [main] DEBUG org.mongolink.domain.mapper.ClassMap - Mapping property : Property{class=org.mongolink.test.entity.FakeAggregate, field=value}
11:20:26.730 [main] DEBUG org.mongolink.domain.mapper.ClassMap - Mapping collection : Property{class=org.mongolink.test.entity.FakeAggregate, field=comments}
11:20:26.730 [main] DEBUG org.mongolink.domain.mapper.ClassMap - Mapping property : Property{class=org.mongolink.test.entity.FakeAggregate, field=comment}
11:20:26.730 [main] DEBUG org.mongolink.domain.mapper.ClassMap - Mapping property : Property{class=org.mongolink.test.entity.FakeAggregate, field=index}
11:20:26.730 [main] DEBUG org.mongolink.domain.mapper.ClassMap - Mapping property : Property{class=org.mongolink.test.entity.Comment, field=value}
11:20:26.731 [main] DEBUG org.mongolink.domain.mapper.ClassMap - Mapping id : Property{class=org.mongolink.test.entity.FakeAggregate, field=id}
11:20:26.731 [main] DEBUG org.mongolink.domain.mapper.ClassMap - Mapping property : Property{class=org.mongolink.test.entity.FakeAggregate, field=value}
11:20:26.731 [main] DEBUG org.mongolink.domain.mapper.ClassMap - Mapping collection : Property{class=org.mongolink.test.entity.FakeAggregate, field=comments}
11:20:26.731 [main] DEBUG org.mongolink.domain.mapper.ClassMap - Mapping property : Property{class=org.mongolink.test.entity.FakeAggregate, field=comment}
11:20:26.731 [main] DEBUG org.mongolink.domain.mapper.ClassMap - Mapping property : Property{class=org.mongolink.test.entity.FakeAggregate, field=index}
11:20:26.731 [main] DEBUG org.mongolink.domain.mapper.ClassMap - Mapping property : Property{class=org.mongolink.test.entity.Comment, field=value}
11:20:26.731 [main] DEBUG org.mongolink.domain.mapper.ClassMap - Mapping id : Property{class=org.mongolink.test.entity.FakeAggregate, field=id}
11:20:26.732 [main] DEBUG org.mongolink.domain.mapper.ClassMap - Mapping property : Property{class=org.mongolink.test.entity.FakeAggregate, field=value}
11:20:26.732 [main] DEBUG org.mongolink.domain.mapper.ClassMap - Mapping collection : Property{class=org.mongolink.test.entity.FakeAggregate, field=comments}
11:20:26.732 [main] DEBUG org.mongolink.domain.mapper.ClassMap - Mapping property : Property{class=org.mongolink.test.entity.FakeAggregate, field=comment}
11:20:26.732 [main] DEBUG org.mongolink.domain.mapper.ClassMap - Mapping property : Property{class=org.mongolink.test.entity.FakeAggregate, field=index}
11:20:26.732 [main] DEBUG org.mongolink.domain.mapper.ClassMap - Mapping property : Property{class=org.mongolink.test.entity.Comment, field=value}
11:20:26.732 [main] WARN  org.mongolink.utils.FieldContainer - Property value was null : Property{class=org.mongolink.test.entity.FakeAggregate, field=comment}
11:20:26.732 [main] WARN  org.mongolink.utils.FieldContainer - Property value was null : Property{class=org.mongolink.test.entity.FakeAggregate, field=index}
Tests run: 4, Failures: 0, Errors: 0, Skipped: 0, Time elapsed: 0.003 sec
Running org.mongolink.domain.mapper.TestsIdMapper
Tests run: 2, Failures: 0, Errors: 0, Skipped: 0, Time elapsed: 0.002 sec
Running org.mongolink.domain.mapper.TestsMapMapper
Tests run: 2, Failures: 0, Errors: 0, Skipped: 0, Time elapsed: 0.001 sec
Running org.mongolink.domain.mapper.TestsAggregateMapper
11:20:26.738 [main] DEBUG org.mongolink.domain.mapper.ClassMap - Mapping id : Property{class=org.mongolink.test.entity.FakeAggregate, field=id}
11:20:26.738 [main] DEBUG org.mongolink.domain.mapper.ClassMap - Mapping property : Property{class=org.mongolink.test.entity.FakeAggregate, field=value}
11:20:26.738 [main] DEBUG org.mongolink.domain.mapper.ClassMap - Mapping collection : Property{class=org.mongolink.test.entity.FakeAggregate, field=comments}
11:20:26.738 [main] DEBUG org.mongolink.domain.mapper.ClassMap - Mapping property : Property{class=org.mongolink.test.entity.FakeAggregate, field=comment}
11:20:26.738 [main] DEBUG org.mongolink.domain.mapper.ClassMap - Mapping property : Property{class=org.mongolink.test.entity.FakeAggregate, field=index}
11:20:26.738 [main] DEBUG org.mongolink.domain.mapper.ClassMap - Mapping property : Property{class=org.mongolink.test.entity.Comment, field=value}
11:20:26.739 [main] DEBUG org.mongolink.domain.mapper.ClassMap - Mapping id : Property{class=org.mongolink.test.entity.FakeAggregate, field=id}
11:20:26.739 [main] DEBUG org.mongolink.domain.mapper.ClassMap - Mapping property : Property{class=org.mongolink.test.entity.FakeAggregate, field=value}
11:20:26.739 [main] DEBUG org.mongolink.domain.mapper.ClassMap - Mapping collection : Property{class=org.mongolink.test.entity.FakeAggregate, field=comments}
11:20:26.739 [main] DEBUG org.mongolink.domain.mapper.ClassMap - Mapping property : Property{class=org.mongolink.test.entity.FakeAggregate, field=comment}
11:20:26.739 [main] DEBUG org.mongolink.domain.mapper.ClassMap - Mapping property : Property{class=org.mongolink.test.entity.FakeAggregate, field=index}
11:20:26.739 [main] DEBUG org.mongolink.domain.mapper.ClassMap - Mapping property : Property{class=org.mongolink.test.entity.Comment, field=value}
11:20:26.739 [main] DEBUG org.mongolink.domain.mapper.ClassMap - Mapping id : Property{class=org.mongolink.test.entity.FakeAggregateWithNaturalId, field=naturalKey}
11:20:26.739 [main] DEBUG org.mongolink.domain.mapper.ClassMap - Mapping property : Property{class=org.mongolink.test.entity.FakeAggregateWithNaturalId, field=value}
11:20:26.740 [main] DEBUG org.mongolink.domain.mapper.ClassMap - Mapping id : Property{class=org.mongolink.test.entity.FakeAggregate, field=id}
11:20:26.740 [main] DEBUG org.mongolink.domain.mapper.ClassMap - Mapping property : Property{class=org.mongolink.test.entity.FakeAggregate, field=value}
11:20:26.740 [main] DEBUG org.mongolink.domain.mapper.ClassMap - Mapping collection : Property{class=org.mongolink.test.entity.FakeAggregate, field=comments}
11:20:26.740 [main] DEBUG org.mongolink.domain.mapper.ClassMap - Mapping property : Property{class=org.mongolink.test.entity.FakeAggregate, field=comment}
11:20:26.740 [main] DEBUG org.mongolink.domain.mapper.ClassMap - Mapping property : Property{class=org.mongolink.test.entity.FakeAggregate, field=index}
11:20:26.740 [main] DEBUG org.mongolink.domain.mapper.ClassMap - Mapping property : Property{class=org.mongolink.test.entity.Comment, field=value}
11:20:26.740 [main] DEBUG org.mongolink.domain.mapper.ClassMap - Mapping id : Property{class=org.mongolink.test.entity.FakeAggregate, field=id}
11:20:26.740 [main] DEBUG org.mongolink.domain.mapper.ClassMap - Mapping property : Property{class=org.mongolink.test.entity.FakeAggregate, field=value}
11:20:26.740 [main] DEBUG org.mongolink.domain.mapper.ClassMap - Mapping subclass : FakeChildAggregate
11:20:26.740 [main] DEBUG org.mongolink.domain.mapper.ClassMap - Mapping property : Property{class=org.mongolink.test.entity.FakeChildAggregate, field=childName}
11:20:26.741 [main] WARN  org.mongolink.utils.FieldContainer - Property value was null : Property{class=org.mongolink.test.entity.FakeAggregate, field=value}
11:20:26.741 [main] DEBUG org.mongolink.domain.mapper.ClassMap - Mapping id : Property{class=org.mongolink.test.entity.FakeAggregate, field=id}
11:20:26.741 [main] DEBUG org.mongolink.domain.mapper.ClassMap - Mapping property : Property{class=org.mongolink.test.entity.FakeAggregate, field=value}
11:20:26.741 [main] DEBUG org.mongolink.domain.mapper.ClassMap - Mapping collection : Property{class=org.mongolink.test.entity.FakeAggregate, field=comments}
11:20:26.741 [main] DEBUG org.mongolink.domain.mapper.ClassMap - Mapping property : Property{class=org.mongolink.test.entity.FakeAggregate, field=comment}
11:20:26.741 [main] DEBUG org.mongolink.domain.mapper.ClassMap - Mapping property : Property{class=org.mongolink.test.entity.FakeAggregate, field=index}
11:20:26.741 [main] DEBUG org.mongolink.domain.mapper.ClassMap - Mapping property : Property{class=org.mongolink.test.entity.Comment, field=value}
11:20:26.741 [main] WARN  org.mongolink.utils.FieldContainer - Property value was null : Property{class=org.mongolink.test.entity.FakeAggregate, field=value}
11:20:26.741 [main] WARN  org.mongolink.utils.FieldContainer - Property value was null : Property{class=org.mongolink.test.entity.FakeAggregate, field=comment}
11:20:26.741 [main] WARN  org.mongolink.utils.FieldContainer - Property value was null : Property{class=org.mongolink.test.entity.FakeAggregate, field=index}
11:20:26.742 [main] DEBUG org.mongolink.domain.mapper.ClassMap - Mapping id : Property{class=org.mongolink.test.entity.FakeAggregate, field=id}
11:20:26.742 [main] DEBUG org.mongolink.domain.mapper.ClassMap - Mapping property : Property{class=org.mongolink.test.entity.FakeAggregate, field=value}
11:20:26.742 [main] DEBUG org.mongolink.domain.mapper.ClassMap - Mapping collection : Property{class=org.mongolink.test.entity.FakeAggregate, field=comments}
11:20:26.742 [main] DEBUG org.mongolink.domain.mapper.ClassMap - Mapping property : Property{class=org.mongolink.test.entity.FakeAggregate, field=comment}
11:20:26.742 [main] DEBUG org.mongolink.domain.mapper.ClassMap - Mapping property : Property{class=org.mongolink.test.entity.FakeAggregate, field=index}
11:20:26.742 [main] DEBUG org.mongolink.domain.mapper.ClassMap - Mapping property : Property{class=org.mongolink.test.entity.Comment, field=value}
11:20:26.742 [main] DEBUG org.mongolink.domain.mapper.ClassMap - Mapping id : Property{class=org.mongolink.test.entity.FakeAggregateWithNaturalId, field=naturalKey}
11:20:26.742 [main] DEBUG org.mongolink.domain.mapper.ClassMap - Mapping property : Property{class=org.mongolink.test.entity.FakeAggregateWithNaturalId, field=value}
11:20:26.742 [main] WARN  org.mongolink.utils.FieldContainer - Property value was null : Property{class=org.mongolink.test.entity.FakeAggregateWithNaturalId, field=value}
11:20:26.743 [main] DEBUG org.mongolink.domain.mapper.ClassMap - Mapping id : Property{class=org.mongolink.test.entity.FakeAggregate, field=id}
11:20:26.743 [main] DEBUG org.mongolink.domain.mapper.ClassMap - Mapping property : Property{class=org.mongolink.test.entity.FakeAggregate, field=value}
11:20:26.743 [main] DEBUG org.mongolink.domain.mapper.ClassMap - Mapping collection : Property{class=org.mongolink.test.entity.FakeAggregate, field=comments}
11:20:26.743 [main] DEBUG org.mongolink.domain.mapper.ClassMap - Mapping property : Property{class=org.mongolink.test.entity.FakeAggregate, field=comment}
11:20:26.743 [main] DEBUG org.mongolink.domain.mapper.ClassMap - Mapping property : Property{class=org.mongolink.test.entity.FakeAggregate, field=index}
11:20:26.743 [main] DEBUG org.mongolink.domain.mapper.ClassMap - Mapping property : Property{class=org.mongolink.test.entity.Comment, field=value}
11:20:26.743 [main] DEBUG org.mongolink.domain.mapper.ClassMap - Mapping id : Property{class=org.mongolink.test.entity.FakeAggregate, field=id}
11:20:26.743 [main] DEBUG org.mongolink.domain.mapper.ClassMap - Mapping property : Property{class=org.mongolink.test.entity.FakeAggregate, field=value}
11:20:26.743 [main] DEBUG org.mongolink.domain.mapper.ClassMap - Mapping collection : Property{class=org.mongolink.test.entity.FakeAggregate, field=comments}
11:20:26.743 [main] DEBUG org.mongolink.domain.mapper.ClassMap - Mapping property : Property{class=org.mongolink.test.entity.FakeAggregate, field=comment}
11:20:26.744 [main] DEBUG org.mongolink.domain.mapper.ClassMap - Mapping property : Property{class=org.mongolink.test.entity.FakeAggregate, field=index}
11:20:26.744 [main] DEBUG org.mongolink.domain.mapper.ClassMap - Mapping property : Property{class=org.mongolink.test.entity.Comment, field=value}
11:20:26.744 [main] WARN  org.mongolink.utils.FieldContainer - Property value was null : Property{class=org.mongolink.test.entity.FakeAggregate, field=comment}
11:20:26.744 [main] WARN  org.mongolink.utils.FieldContainer - Property value was null : Property{class=org.mongolink.test.entity.FakeAggregate, field=index}
11:20:26.744 [main] DEBUG org.mongolink.domain.mapper.ClassMap - Mapping id : Property{class=org.mongolink.test.entity.FakeAggregate, field=id}
11:20:26.744 [main] DEBUG org.mongolink.domain.mapper.ClassMap - Mapping property : Property{class=org.mongolink.test.entity.FakeAggregate, field=value}
11:20:26.744 [main] DEBUG org.mongolink.domain.mapper.ClassMap - Mapping collection : Property{class=org.mongolink.test.entity.FakeAggregate, field=comments}
11:20:26.744 [main] DEBUG org.mongolink.domain.mapper.ClassMap - Mapping property : Property{class=org.mongolink.test.entity.FakeAggregate, field=comment}
11:20:26.744 [main] DEBUG org.mongolink.domain.mapper.ClassMap - Mapping property : Property{class=org.mongolink.test.entity.FakeAggregate, field=index}
11:20:26.744 [main] DEBUG org.mongolink.domain.mapper.ClassMap - Mapping property : Property{class=org.mongolink.test.entity.Comment, field=value}
11:20:26.745 [main] DEBUG org.mongolink.domain.mapper.ClassMap - Mapping id : Property{class=org.mongolink.test.entity.FakeAggregate, field=id}
11:20:26.745 [main] DEBUG org.mongolink.domain.mapper.ClassMap - Mapping property : Property{class=org.mongolink.test.entity.FakeAggregate, field=value}
11:20:26.745 [main] DEBUG org.mongolink.domain.mapper.ClassMap - Mapping collection : Property{class=org.mongolink.test.entity.FakeAggregate, field=comments}
11:20:26.745 [main] DEBUG org.mongolink.domain.mapper.ClassMap - Mapping property : Property{class=org.mongolink.test.entity.FakeAggregate, field=comment}
11:20:26.745 [main] DEBUG org.mongolink.domain.mapper.ClassMap - Mapping property : Property{class=org.mongolink.test.entity.FakeAggregate, field=index}
11:20:26.745 [main] DEBUG org.mongolink.domain.mapper.ClassMap - Mapping property : Property{class=org.mongolink.test.entity.Comment, field=value}
11:20:26.745 [main] DEBUG org.mongolink.domain.mapper.ClassMap - Mapping id : Property{class=org.mongolink.test.entity.FakeAggregate, field=id}
11:20:26.745 [main] DEBUG org.mongolink.domain.mapper.ClassMap - Mapping property : Property{class=org.mongolink.test.entity.FakeAggregate, field=value}
11:20:26.745 [main] DEBUG org.mongolink.domain.mapper.ClassMap - Mapping subclass : FakeChildAggregate
11:20:26.745 [main] DEBUG org.mongolink.domain.mapper.ClassMap - Mapping property : Property{class=org.mongolink.test.entity.FakeChildAggregate, field=childName}
11:20:26.745 [main] WARN  org.mongolink.utils.FieldContainer - Property value was null : Property{class=org.mongolink.test.entity.FakeChildAggregate, field=childName}
11:20:26.745 [main] WARN  org.mongolink.utils.FieldContainer - Property value was null : Property{class=org.mongolink.test.entity.FakeAggregate, field=value}
Tests run: 9, Failures: 0, Errors: 0, Skipped: 0, Time elapsed: 0.011 sec
Running org.mongolink.domain.mapper.TestsPropertyInterceptor
Tests run: 2, Failures: 0, Errors: 0, Skipped: 0, Time elapsed: 0.003 sec
Running org.mongolink.domain.mapper.TestsAggregateMap
11:20:26.753 [main] DEBUG org.mongolink.domain.mapper.ClassMap - Mapping id : Property{class=org.mongolink.test.entity.FakeAggregate, field=id}
11:20:26.753 [main] DEBUG org.mongolink.domain.mapper.ClassMap - Mapping subclass : FakeChildAggregate
11:20:26.753 [main] DEBUG org.mongolink.domain.mapper.ClassMap - Mapping subclass : OtherFakeChildAggregate
11:20:26.754 [main] DEBUG org.mongolink.domain.mapper.ClassMap - Mapping id : Property{class=org.mongolink.test.entity.FakeAggregate, field=id}
11:20:26.754 [main] DEBUG org.mongolink.domain.mapper.ClassMap - Mapping property : Property{class=org.mongolink.test.entity.FakeAggregate, field=value}
11:20:26.754 [main] DEBUG org.mongolink.domain.mapper.ClassMap - Mapping subclass : FakeChildAggregate
11:20:26.754 [main] DEBUG org.mongolink.domain.mapper.ClassMap - Mapping property : Property{class=org.mongolink.test.entity.FakeChildAggregate, field=childName}
11:20:26.754 [main] DEBUG org.mongolink.domain.mapper.ClassMap - Mapping id : Property{class=org.mongolink.test.entity.FakeEntityWithCap, field=id}
11:20:26.755 [main] DEBUG org.mongolink.domain.mapper.ClassMap - Mapping id : Property{class=org.mongolink.test.entity.FakeAggregate, field=id}
11:20:26.755 [main] DEBUG org.mongolink.domain.mapper.ClassMap - Mapping property : Property{class=org.mongolink.test.entity.FakeAggregate, field=value}
11:20:26.755 [main] DEBUG org.mongolink.domain.mapper.ClassMap - Mapping collection : Property{class=org.mongolink.test.entity.FakeAggregate, field=comments}
11:20:26.755 [main] DEBUG org.mongolink.domain.mapper.ClassMap - Mapping property : Property{class=org.mongolink.test.entity.FakeAggregate, field=comment}
11:20:26.755 [main] DEBUG org.mongolink.domain.mapper.ClassMap - Mapping property : Property{class=org.mongolink.test.entity.FakeAggregate, field=index}
11:20:26.755 [main] DEBUG org.mongolink.domain.mapper.ClassMap - Mapping id : Property{class=org.mongolink.test.entity.FakeEntityWithCap, field=id}
11:20:26.756 [main] DEBUG org.mongolink.domain.mapper.ClassMap - Mapping id : Property{class=org.mongolink.test.entity.FakeEntityWithCap, field=id}
Tests run: 7, Failures: 0, Errors: 0, Skipped: 0, Time elapsed: 0.009 sec
Running org.mongolink.domain.TestQueryExecutor
Tests run: 3, Failures: 0, Errors: 0, Skipped: 0, Time elapsed: 0.012 sec
Running org.mongolink.domain.converter.TestsLocalDateConverter
Tests run: 3, Failures: 0, Errors: 0, Skipped: 0, Time elapsed: 0 sec
Running org.mongolink.domain.converter.Java8LocalDateTimeConverterTest
Tests run: 4, Failures: 0, Errors: 0, Skipped: 0, Time elapsed: 0.006 sec
Running org.mongolink.domain.converter.Java8LocalDateConverterTest
Tests run: 3, Failures: 0, Errors: 0, Skipped: 0, Time elapsed: 0 sec
Running org.mongolink.domain.converter.TestsConverter
Tests run: 2, Failures: 0, Errors: 0, Skipped: 0, Time elapsed: 0.001 sec
Running org.mongolink.domain.converter.TestsMoneyConverter
Tests run: 3, Failures: 0, Errors: 0, Skipped: 0, Time elapsed: 0.01 sec
Running org.mongolink.domain.converter.TestsDateTimeConverter
Tests run: 4, Failures: 0, Errors: 0, Skipped: 0, Time elapsed: 0.001 sec
Running org.mongolink.utils.TestsSettings
Tests run: 10, Failures: 0, Errors: 0, Skipped: 0, Time elapsed: 0.008 sec
Running org.mongolink.utils.TestsPropertyContainer
Tests run: 4, Failures: 0, Errors: 0, Skipped: 0, Time elapsed: 0 sec

Results :

Tests run: 159, Failures: 0, Errors: 0, Skipped: 3

[[1;34mINFO[m] 
[[1;34mINFO[m] [1m-----------------< [0;36morg.mongolink:mongolink-testtools[0;1m >------------------[m
[[1;34mINFO[m] [1mBuilding mongolink-testtools 1.2.2                                 [3/3][m
[[1;34mINFO[m] [1m--------------------------------[ jar ]---------------------------------[m
[[1;34mINFO[m] 
[[1;34mINFO[m] [1m--- [0;32mmaven-enforcer-plugin:1.2:enforce[m [1m(enforce-maven)[m @ [36mmongolink-testtools[0;1m ---[m
[[1;34mINFO[m] 
[[1;34mINFO[m] [1m--- [0;32mmaven-resources-plugin:2.6:resources[m [1m(default-resources)[m @ [36mmongolink-testtools[0;1m ---[m
[[1;34mINFO[m] Using 'UTF-8' encoding to copy filtered resources.
[[1;34mINFO[m] skip non existing resourceDirectory /home/kbour/Documents/Stage/ProjetTest/repoV1_bis/varymvn/mongolink-1.2.2_clone/mongolink-1.2.2_6_1/mongolink-testtools/src/main/resources
[[1;34mINFO[m] 
[[1;34mINFO[m] [1m--- [0;32mmaven-compiler-plugin:2.3.2:compile[m [1m(default-compile)[m @ [36mmongolink-testtools[0;1m ---[m
[[1;34mINFO[m] Nothing to compile - all classes are up to date
[[1;34mINFO[m] 
[[1;34mINFO[m] [1m--- [0;32mmaven-resources-plugin:2.6:testResources[m [1m(default-testResources)[m @ [36mmongolink-testtools[0;1m ---[m
[[1;34mINFO[m] Using 'UTF-8' encoding to copy filtered resources.
[[1;34mINFO[m] skip non existing resourceDirectory /home/kbour/Documents/Stage/ProjetTest/repoV1_bis/varymvn/mongolink-1.2.2_clone/mongolink-1.2.2_6_1/mongolink-testtools/src/test/resources
[[1;34mINFO[m] 
[[1;34mINFO[m] [1m--- [0;32mmaven-compiler-plugin:2.3.2:testCompile[m [1m(default-testCompile)[m @ [36mmongolink-testtools[0;1m ---[m
[[1;34mINFO[m] No sources to compile
[[1;34mINFO[m] 
[[1;34mINFO[m] [1m--- [0;32mmaven-surefire-plugin:2.12.4:test[m [1m(default-test)[m @ [36mmongolink-testtools[0;1m ---[m
[[1;34mINFO[m] No tests to run.
[[1;34mINFO[m] [1m------------------------------------------------------------------------[m
[[1;34mINFO[m] [1mReactor Summary for mongolink-parent 1.2.2:[m
[[1;34mINFO[m] 
[[1;34mINFO[m] mongolink-parent ................................... [1;32mSUCCESS[m [  0.130 s]
[[1;34mINFO[m] mongolink .......................................... [1;32mSUCCESS[m [  1.597 s]
[[1;34mINFO[m] mongolink-testtools ................................ [1;32mSUCCESS[m [  0.028 s]
[[1;34mINFO[m] [1m------------------------------------------------------------------------[m
[[1;34mINFO[m] [1;32mBUILD SUCCESS[m
[[1;34mINFO[m] [1m------------------------------------------------------------------------[m
[[1;34mINFO[m] Total time:  2.290 s
[[1;34mINFO[m] Finished at: 2022-07-26T11:20:26+02:00
[[1;34mINFO[m] [1m------------------------------------------------------------------------[m
