[[1;34mINFO[m] Scanning for projects...
[[1;34mINFO[m] Inspecting build with total of 3 modules...
[[1;34mINFO[m] Installing Nexus Staging features:
[[1;34mINFO[m]   ... total of 3 executions of maven-deploy-plugin replaced with nexus-staging-maven-plugin
[[1;34mINFO[m] [1m------------------------------------------------------------------------[m
[[1;34mINFO[m] [1mReactor Build Order:[m
[[1;34mINFO[m] 
[[1;34mINFO[m] mongolink-parent                                                   [pom]
[[1;34mINFO[m] mongolink                                                          [jar]
[[1;34mINFO[m] mongolink-testtools                                                [jar]
[[1;34mINFO[m] 
[[1;34mINFO[m] [1m-------------------< [0;36morg.mongolink:mongolink-parent[0;1m >-------------------[m
[[1;34mINFO[m] [1mBuilding mongolink-parent 1.2.2                                    [1/3][m
[[1;34mINFO[m] [1m--------------------------------[ pom ]---------------------------------[m
[[1;34mINFO[m] 
[[1;34mINFO[m] [1m--- [0;32mmaven-enforcer-plugin:1.2:enforce[m [1m(enforce-maven)[m @ [36mmongolink-parent[0;1m ---[m
[[1;34mINFO[m] 
[[1;34mINFO[m] [1m----------------------< [0;36morg.mongolink:mongolink[0;1m >-----------------------[m
[[1;34mINFO[m] [1mBuilding mongolink 1.2.2                                           [2/3][m
[[1;34mINFO[m] [1m--------------------------------[ jar ]---------------------------------[m
[[1;34mINFO[m] 
[[1;34mINFO[m] [1m--- [0;32mmaven-enforcer-plugin:1.2:enforce[m [1m(enforce-maven)[m @ [36mmongolink[0;1m ---[m
[[1;34mINFO[m] 
[[1;34mINFO[m] [1m--- [0;32mmaven-resources-plugin:2.6:resources[m [1m(default-resources)[m @ [36mmongolink[0;1m ---[m
[[1;34mINFO[m] Using 'UTF-8' encoding to copy filtered resources.
[[1;34mINFO[m] skip non existing resourceDirectory /home/kbour/Documents/Stage/ProjetTest/repoV1_bis/varymvn/mongolink-1.2.2_clone/mongolink-1.2.2_8_8/mongolink/src/main/resources
[[1;34mINFO[m] 
[[1;34mINFO[m] [1m--- [0;32mmaven-compiler-plugin:2.3.2:compile[m [1m(default-compile)[m @ [36mmongolink[0;1m ---[m
[[1;34mINFO[m] Nothing to compile - all classes are up to date
[[1;34mINFO[m] 
[[1;34mINFO[m] [1m--- [0;32mmaven-resources-plugin:2.6:testResources[m [1m(default-testResources)[m @ [36mmongolink[0;1m ---[m
[[1;34mINFO[m] Using 'UTF-8' encoding to copy filtered resources.
[[1;34mINFO[m] Copying 1 resource
[[1;34mINFO[m] 
[[1;34mINFO[m] [1m--- [0;32mmaven-compiler-plugin:2.3.2:testCompile[m [1m(default-testCompile)[m @ [36mmongolink[0;1m ---[m
[[1;34mINFO[m] Nothing to compile - all classes are up to date
[[1;34mINFO[m] 
[[1;34mINFO[m] [1m--- [0;32mmaven-surefire-plugin:2.12.4:test[m [1m(default-test)[m @ [36mmongolink[0;1m ---[m
[[1;34mINFO[m] Surefire report directory: /home/kbour/Documents/Stage/ProjetTest/repoV1_bis/varymvn/mongolink-1.2.2_clone/mongolink-1.2.2_8_8/mongolink/target/surefire-reports

-------------------------------------------------------
 T E S T S
-------------------------------------------------------
Running org.mongolink.domain.criteria.TestsElementMatchCriteria
WARNING: An illegal reflective access operation has occurred
WARNING: Illegal reflective access by org.mockito.cglib.core.ReflectUtils$2 (file:/root/.m2/repository/org/mockito/mockito-core/1.9.5/mockito-core-1.9.5.jar) to method java.lang.ClassLoader.defineClass(java.lang.String,byte[],int,int,java.security.ProtectionDomain)
WARNING: Please consider reporting this to the maintainers of org.mockito.cglib.core.ReflectUtils$2
WARNING: Use --illegal-access=warn to enable warnings of further illegal reflective access operations
WARNING: All illegal access operations will be denied in a future release
Tests run: 1, Failures: 0, Errors: 0, Skipped: 0, Time elapsed: 0.107 sec
Running org.mongolink.domain.criteria.TestsCriteria
Tests run: 12, Failures: 0, Errors: 0, Skipped: 0, Time elapsed: 0.064 sec
Running org.mongolink.domain.session.TestsMongoSessionManagerImpl
11:22:01.621 [main] DEBUG o.m.domain.mapper.ContextBuilder - Scanning : [org.mongolink.test.simpleMapping]
11:22:01.681 [main] DEBUG o.m.domain.mapper.ContextBuilder - Mapping : class org.mongolink.test.simpleMapping.FakeAggregateWithNaturalIdMapping
11:22:01.686 [main] DEBUG org.mongolink.domain.mapper.ClassMap - Mapping id : Property{class=org.mongolink.test.entity.FakeAggregateWithNaturalId, field=naturalKey}
11:22:01.687 [main] DEBUG org.mongolink.domain.mapper.ClassMap - Mapping property : Property{class=org.mongolink.test.entity.FakeAggregateWithNaturalId, field=value}
11:22:01.691 [main] DEBUG o.m.domain.mapper.ContextBuilder - Mapping : class org.mongolink.test.simpleMapping.FakeAggregateMappingWithCap
11:22:01.691 [main] DEBUG org.mongolink.domain.mapper.ClassMap - Mapping id : Property{class=org.mongolink.test.entity.FakeEntityWithCap, field=id}
11:22:01.693 [main] DEBUG o.m.domain.mapper.ContextBuilder - Mapping : class org.mongolink.test.simpleMapping.OtherAggregateWithNaturalIdMapping
11:22:01.694 [main] DEBUG org.mongolink.domain.mapper.ClassMap - Mapping id : Property{class=org.mongolink.test.entity.OtherEntityWithNaturalId, field=naturalKey}
11:22:01.698 [main] DEBUG o.m.domain.mapper.ContextBuilder - Mapping : class org.mongolink.test.simpleMapping.FakeAggregateMapping
11:22:01.699 [main] DEBUG org.mongolink.domain.mapper.ClassMap - Mapping id : Property{class=org.mongolink.test.entity.FakeAggregate, field=id}
11:22:01.699 [main] DEBUG org.mongolink.domain.mapper.ClassMap - Mapping property : Property{class=org.mongolink.test.entity.FakeAggregate, field=value}
11:22:01.699 [main] DEBUG org.mongolink.domain.mapper.ClassMap - Mapping collection : Property{class=org.mongolink.test.entity.FakeAggregate, field=comments}
11:22:01.700 [main] DEBUG org.mongolink.domain.mapper.ClassMap - Mapping property : Property{class=org.mongolink.test.entity.FakeAggregate, field=comment}
11:22:01.700 [main] DEBUG org.mongolink.domain.mapper.ClassMap - Mapping property : Property{class=org.mongolink.test.entity.FakeAggregate, field=index}
11:22:01.703 [main] DEBUG o.m.domain.mapper.ContextBuilder - Mapping : class org.mongolink.test.simpleMapping.CommentMapping
11:22:01.703 [main] DEBUG org.mongolink.domain.mapper.ClassMap - Mapping property : Property{class=org.mongolink.test.entity.Comment, field=value}
11:22:01.703 [main] DEBUG o.m.domain.mapper.ContextBuilder - Done scanning : [org.mongolink.test.simpleMapping]
11:22:01.747 [main] DEBUG org.mongolink.MongoSession - Starting
11:22:01.773 [main] DEBUG org.mongolink.MongoSession - Commiting unit of work
11:22:01.775 [main] DEBUG org.mongolink.MongoSession - Done commiting
11:22:01.775 [main] DEBUG org.mongolink.MongoSession - Stoping
11:22:01.777 [main] DEBUG o.m.domain.mapper.ContextBuilder - Scanning : [org.mongolink.test.simpleMapping]
11:22:01.778 [main] DEBUG o.m.domain.mapper.ContextBuilder - Mapping : class org.mongolink.test.simpleMapping.FakeAggregateWithNaturalIdMapping
11:22:01.778 [main] DEBUG org.mongolink.domain.mapper.ClassMap - Mapping id : Property{class=org.mongolink.test.entity.FakeAggregateWithNaturalId, field=naturalKey}
11:22:01.778 [main] DEBUG org.mongolink.domain.mapper.ClassMap - Mapping property : Property{class=org.mongolink.test.entity.FakeAggregateWithNaturalId, field=value}
11:22:01.778 [main] DEBUG o.m.domain.mapper.ContextBuilder - Mapping : class org.mongolink.test.simpleMapping.FakeAggregateMappingWithCap
11:22:01.778 [main] DEBUG org.mongolink.domain.mapper.ClassMap - Mapping id : Property{class=org.mongolink.test.entity.FakeEntityWithCap, field=id}
11:22:01.778 [main] DEBUG o.m.domain.mapper.ContextBuilder - Mapping : class org.mongolink.test.simpleMapping.OtherAggregateWithNaturalIdMapping
11:22:01.779 [main] DEBUG org.mongolink.domain.mapper.ClassMap - Mapping id : Property{class=org.mongolink.test.entity.OtherEntityWithNaturalId, field=naturalKey}
11:22:01.779 [main] DEBUG o.m.domain.mapper.ContextBuilder - Mapping : class org.mongolink.test.simpleMapping.FakeAggregateMapping
11:22:01.779 [main] DEBUG org.mongolink.domain.mapper.ClassMap - Mapping id : Property{class=org.mongolink.test.entity.FakeAggregate, field=id}
11:22:01.779 [main] DEBUG org.mongolink.domain.mapper.ClassMap - Mapping property : Property{class=org.mongolink.test.entity.FakeAggregate, field=value}
11:22:01.779 [main] DEBUG org.mongolink.domain.mapper.ClassMap - Mapping collection : Property{class=org.mongolink.test.entity.FakeAggregate, field=comments}
11:22:01.779 [main] DEBUG org.mongolink.domain.mapper.ClassMap - Mapping property : Property{class=org.mongolink.test.entity.FakeAggregate, field=comment}
11:22:01.779 [main] DEBUG org.mongolink.domain.mapper.ClassMap - Mapping property : Property{class=org.mongolink.test.entity.FakeAggregate, field=index}
11:22:01.780 [main] DEBUG o.m.domain.mapper.ContextBuilder - Mapping : class org.mongolink.test.simpleMapping.CommentMapping
11:22:01.780 [main] DEBUG org.mongolink.domain.mapper.ClassMap - Mapping property : Property{class=org.mongolink.test.entity.Comment, field=value}
11:22:01.780 [main] DEBUG o.m.domain.mapper.ContextBuilder - Done scanning : [org.mongolink.test.simpleMapping]
11:22:01.780 [main] DEBUG org.mongolink.MongoSession - Starting
11:22:01.780 [main] DEBUG org.mongolink.MongoSession - Commiting unit of work
11:22:01.780 [main] DEBUG org.mongolink.MongoSession - Done commiting
11:22:01.780 [main] DEBUG org.mongolink.MongoSession - Stoping
11:22:01.781 [main] DEBUG o.m.domain.mapper.ContextBuilder - Scanning : [org.mongolink.test.simpleMapping]
11:22:01.782 [main] DEBUG o.m.domain.mapper.ContextBuilder - Mapping : class org.mongolink.test.simpleMapping.FakeAggregateWithNaturalIdMapping
11:22:01.782 [main] DEBUG org.mongolink.domain.mapper.ClassMap - Mapping id : Property{class=org.mongolink.test.entity.FakeAggregateWithNaturalId, field=naturalKey}
11:22:01.782 [main] DEBUG org.mongolink.domain.mapper.ClassMap - Mapping property : Property{class=org.mongolink.test.entity.FakeAggregateWithNaturalId, field=value}
11:22:01.782 [main] DEBUG o.m.domain.mapper.ContextBuilder - Mapping : class org.mongolink.test.simpleMapping.FakeAggregateMappingWithCap
11:22:01.782 [main] DEBUG org.mongolink.domain.mapper.ClassMap - Mapping id : Property{class=org.mongolink.test.entity.FakeEntityWithCap, field=id}
11:22:01.782 [main] DEBUG o.m.domain.mapper.ContextBuilder - Mapping : class org.mongolink.test.simpleMapping.OtherAggregateWithNaturalIdMapping
11:22:01.782 [main] DEBUG org.mongolink.domain.mapper.ClassMap - Mapping id : Property{class=org.mongolink.test.entity.OtherEntityWithNaturalId, field=naturalKey}
11:22:01.783 [main] DEBUG o.m.domain.mapper.ContextBuilder - Mapping : class org.mongolink.test.simpleMapping.FakeAggregateMapping
11:22:01.783 [main] DEBUG org.mongolink.domain.mapper.ClassMap - Mapping id : Property{class=org.mongolink.test.entity.FakeAggregate, field=id}
11:22:01.783 [main] DEBUG org.mongolink.domain.mapper.ClassMap - Mapping property : Property{class=org.mongolink.test.entity.FakeAggregate, field=value}
11:22:01.783 [main] DEBUG org.mongolink.domain.mapper.ClassMap - Mapping collection : Property{class=org.mongolink.test.entity.FakeAggregate, field=comments}
11:22:01.783 [main] DEBUG org.mongolink.domain.mapper.ClassMap - Mapping property : Property{class=org.mongolink.test.entity.FakeAggregate, field=comment}
11:22:01.783 [main] DEBUG org.mongolink.domain.mapper.ClassMap - Mapping property : Property{class=org.mongolink.test.entity.FakeAggregate, field=index}
11:22:01.783 [main] DEBUG o.m.domain.mapper.ContextBuilder - Mapping : class org.mongolink.test.simpleMapping.CommentMapping
11:22:01.784 [main] DEBUG org.mongolink.domain.mapper.ClassMap - Mapping property : Property{class=org.mongolink.test.entity.Comment, field=value}
11:22:01.784 [main] DEBUG o.m.domain.mapper.ContextBuilder - Done scanning : [org.mongolink.test.simpleMapping]
11:22:01.784 [main] DEBUG org.mongolink.MongoSession - Starting
11:22:01.784 [main] DEBUG org.mongolink.MongoSession - Commiting unit of work
11:22:01.784 [main] DEBUG org.mongolink.MongoSession - Done commiting
11:22:01.784 [main] DEBUG org.mongolink.MongoSession - Stoping
11:22:01.785 [main] DEBUG o.m.domain.mapper.ContextBuilder - Scanning : [org.mongolink.test.simpleMapping]
11:22:01.786 [main] DEBUG o.m.domain.mapper.ContextBuilder - Mapping : class org.mongolink.test.simpleMapping.FakeAggregateWithNaturalIdMapping
11:22:01.786 [main] DEBUG org.mongolink.domain.mapper.ClassMap - Mapping id : Property{class=org.mongolink.test.entity.FakeAggregateWithNaturalId, field=naturalKey}
11:22:01.786 [main] DEBUG org.mongolink.domain.mapper.ClassMap - Mapping property : Property{class=org.mongolink.test.entity.FakeAggregateWithNaturalId, field=value}
11:22:01.786 [main] DEBUG o.m.domain.mapper.ContextBuilder - Mapping : class org.mongolink.test.simpleMapping.FakeAggregateMappingWithCap
11:22:01.786 [main] DEBUG org.mongolink.domain.mapper.ClassMap - Mapping id : Property{class=org.mongolink.test.entity.FakeEntityWithCap, field=id}
11:22:01.787 [main] DEBUG o.m.domain.mapper.ContextBuilder - Mapping : class org.mongolink.test.simpleMapping.OtherAggregateWithNaturalIdMapping
11:22:01.787 [main] DEBUG org.mongolink.domain.mapper.ClassMap - Mapping id : Property{class=org.mongolink.test.entity.OtherEntityWithNaturalId, field=naturalKey}
11:22:01.787 [main] DEBUG o.m.domain.mapper.ContextBuilder - Mapping : class org.mongolink.test.simpleMapping.FakeAggregateMapping
11:22:01.787 [main] DEBUG org.mongolink.domain.mapper.ClassMap - Mapping id : Property{class=org.mongolink.test.entity.FakeAggregate, field=id}
11:22:01.787 [main] DEBUG org.mongolink.domain.mapper.ClassMap - Mapping property : Property{class=org.mongolink.test.entity.FakeAggregate, field=value}
11:22:01.787 [main] DEBUG org.mongolink.domain.mapper.ClassMap - Mapping collection : Property{class=org.mongolink.test.entity.FakeAggregate, field=comments}
11:22:01.787 [main] DEBUG org.mongolink.domain.mapper.ClassMap - Mapping property : Property{class=org.mongolink.test.entity.FakeAggregate, field=comment}
11:22:01.788 [main] DEBUG org.mongolink.domain.mapper.ClassMap - Mapping property : Property{class=org.mongolink.test.entity.FakeAggregate, field=index}
11:22:01.788 [main] DEBUG o.m.domain.mapper.ContextBuilder - Mapping : class org.mongolink.test.simpleMapping.CommentMapping
11:22:01.788 [main] DEBUG org.mongolink.domain.mapper.ClassMap - Mapping property : Property{class=org.mongolink.test.entity.Comment, field=value}
11:22:01.788 [main] DEBUG o.m.domain.mapper.ContextBuilder - Done scanning : [org.mongolink.test.simpleMapping]
11:22:01.788 [main] DEBUG org.mongolink.MongoSession - Starting
11:22:01.788 [main] DEBUG org.mongolink.MongoSession - Commiting unit of work
11:22:01.789 [main] DEBUG org.mongolink.MongoSession - Done commiting
11:22:01.789 [main] DEBUG org.mongolink.MongoSession - Stoping
11:22:01.789 [main] DEBUG org.mongolink.MongoSession - Starting
Tests run: 5, Failures: 0, Errors: 0, Skipped: 1, Time elapsed: 0.33 sec
Running org.mongolink.domain.session.TestsMongoSessionImpl
11:22:01.833 [main] DEBUG o.m.domain.mapper.ContextBuilder - Scanning : [org.mongolink.test.simpleMapping]
11:22:01.834 [main] DEBUG o.m.domain.mapper.ContextBuilder - Mapping : class org.mongolink.test.simpleMapping.FakeAggregateWithNaturalIdMapping
11:22:01.834 [main] DEBUG org.mongolink.domain.mapper.ClassMap - Mapping id : Property{class=org.mongolink.test.entity.FakeAggregateWithNaturalId, field=naturalKey}
11:22:01.834 [main] DEBUG org.mongolink.domain.mapper.ClassMap - Mapping property : Property{class=org.mongolink.test.entity.FakeAggregateWithNaturalId, field=value}
11:22:01.834 [main] DEBUG o.m.domain.mapper.ContextBuilder - Mapping : class org.mongolink.test.simpleMapping.FakeAggregateMappingWithCap
11:22:01.834 [main] DEBUG org.mongolink.domain.mapper.ClassMap - Mapping id : Property{class=org.mongolink.test.entity.FakeEntityWithCap, field=id}
11:22:01.835 [main] DEBUG o.m.domain.mapper.ContextBuilder - Mapping : class org.mongolink.test.simpleMapping.OtherAggregateWithNaturalIdMapping
11:22:01.835 [main] DEBUG org.mongolink.domain.mapper.ClassMap - Mapping id : Property{class=org.mongolink.test.entity.OtherEntityWithNaturalId, field=naturalKey}
11:22:01.835 [main] DEBUG o.m.domain.mapper.ContextBuilder - Mapping : class org.mongolink.test.simpleMapping.FakeAggregateMapping
11:22:01.835 [main] DEBUG org.mongolink.domain.mapper.ClassMap - Mapping id : Property{class=org.mongolink.test.entity.FakeAggregate, field=id}
11:22:01.835 [main] DEBUG org.mongolink.domain.mapper.ClassMap - Mapping property : Property{class=org.mongolink.test.entity.FakeAggregate, field=value}
11:22:01.835 [main] DEBUG org.mongolink.domain.mapper.ClassMap - Mapping collection : Property{class=org.mongolink.test.entity.FakeAggregate, field=comments}
11:22:01.835 [main] DEBUG org.mongolink.domain.mapper.ClassMap - Mapping property : Property{class=org.mongolink.test.entity.FakeAggregate, field=comment}
11:22:01.835 [main] DEBUG org.mongolink.domain.mapper.ClassMap - Mapping property : Property{class=org.mongolink.test.entity.FakeAggregate, field=index}
11:22:01.835 [main] DEBUG o.m.domain.mapper.ContextBuilder - Mapping : class org.mongolink.test.simpleMapping.CommentMapping
11:22:01.836 [main] DEBUG org.mongolink.domain.mapper.ClassMap - Mapping property : Property{class=org.mongolink.test.entity.Comment, field=value}
11:22:01.836 [main] DEBUG o.m.domain.mapper.ContextBuilder - Done scanning : [org.mongolink.test.simpleMapping]
11:22:01.836 [main] DEBUG org.mongolink.MongoSession - Starting
11:22:01.855 [main] DEBUG org.mongolink.MongoSession - New entity register for additon : org.mongolink.test.entity.FakeAggregate@332796d3
11:22:01.856 [main] DEBUG org.mongolink.MongoSession - New entity register for additon : org.mongolink.test.entity.FakeAggregate@4f0100a7
11:22:01.856 [main] DEBUG org.mongolink.MongoSession - Commiting unit of work
11:22:01.871 [main] DEBUG org.mongolink.MongoSession - Entity added :{ "_id" : { "$oid" : "62dfb23990085ab4736840dd"} , "value" : "this is a value" , "comments" : [ ] , "index" : 0}
11:22:01.872 [main] DEBUG org.mongolink.MongoSession - Entity added :{ "_id" : { "$oid" : "62dfb23990085ab4736840dc"} , "value" : "this is a value" , "comments" : [ ] , "index" : 0}
11:22:01.873 [main] DEBUG org.mongolink.MongoSession - Done commiting
11:22:01.877 [main] DEBUG o.m.domain.mapper.ContextBuilder - Scanning : [org.mongolink.test.simpleMapping]
11:22:01.878 [main] DEBUG o.m.domain.mapper.ContextBuilder - Mapping : class org.mongolink.test.simpleMapping.FakeAggregateWithNaturalIdMapping
11:22:01.878 [main] DEBUG org.mongolink.domain.mapper.ClassMap - Mapping id : Property{class=org.mongolink.test.entity.FakeAggregateWithNaturalId, field=naturalKey}
11:22:01.878 [main] DEBUG org.mongolink.domain.mapper.ClassMap - Mapping property : Property{class=org.mongolink.test.entity.FakeAggregateWithNaturalId, field=value}
11:22:01.878 [main] DEBUG o.m.domain.mapper.ContextBuilder - Mapping : class org.mongolink.test.simpleMapping.FakeAggregateMappingWithCap
11:22:01.878 [main] DEBUG org.mongolink.domain.mapper.ClassMap - Mapping id : Property{class=org.mongolink.test.entity.FakeEntityWithCap, field=id}
11:22:01.879 [main] DEBUG o.m.domain.mapper.ContextBuilder - Mapping : class org.mongolink.test.simpleMapping.OtherAggregateWithNaturalIdMapping
11:22:01.879 [main] DEBUG org.mongolink.domain.mapper.ClassMap - Mapping id : Property{class=org.mongolink.test.entity.OtherEntityWithNaturalId, field=naturalKey}
11:22:01.879 [main] DEBUG o.m.domain.mapper.ContextBuilder - Mapping : class org.mongolink.test.simpleMapping.FakeAggregateMapping
11:22:01.879 [main] DEBUG org.mongolink.domain.mapper.ClassMap - Mapping id : Property{class=org.mongolink.test.entity.FakeAggregate, field=id}
11:22:01.879 [main] DEBUG org.mongolink.domain.mapper.ClassMap - Mapping property : Property{class=org.mongolink.test.entity.FakeAggregate, field=value}
11:22:01.879 [main] DEBUG org.mongolink.domain.mapper.ClassMap - Mapping collection : Property{class=org.mongolink.test.entity.FakeAggregate, field=comments}
11:22:01.879 [main] DEBUG org.mongolink.domain.mapper.ClassMap - Mapping property : Property{class=org.mongolink.test.entity.FakeAggregate, field=comment}
11:22:01.879 [main] DEBUG org.mongolink.domain.mapper.ClassMap - Mapping property : Property{class=org.mongolink.test.entity.FakeAggregate, field=index}
11:22:01.880 [main] DEBUG o.m.domain.mapper.ContextBuilder - Mapping : class org.mongolink.test.simpleMapping.CommentMapping
11:22:01.880 [main] DEBUG org.mongolink.domain.mapper.ClassMap - Mapping property : Property{class=org.mongolink.test.entity.Comment, field=value}
11:22:01.880 [main] DEBUG o.m.domain.mapper.ContextBuilder - Done scanning : [org.mongolink.test.simpleMapping]
11:22:01.880 [main] DEBUG org.mongolink.MongoSession - Starting
11:22:01.886 [main] DEBUG org.mongolink.MongoSession - Starting
11:22:01.888 [main] DEBUG o.m.domain.mapper.ContextBuilder - Scanning : [org.mongolink.test.simpleMapping]
11:22:01.888 [main] DEBUG o.m.domain.mapper.ContextBuilder - Mapping : class org.mongolink.test.simpleMapping.FakeAggregateWithNaturalIdMapping
11:22:01.889 [main] DEBUG org.mongolink.domain.mapper.ClassMap - Mapping id : Property{class=org.mongolink.test.entity.FakeAggregateWithNaturalId, field=naturalKey}
11:22:01.889 [main] DEBUG org.mongolink.domain.mapper.ClassMap - Mapping property : Property{class=org.mongolink.test.entity.FakeAggregateWithNaturalId, field=value}
11:22:01.889 [main] DEBUG o.m.domain.mapper.ContextBuilder - Mapping : class org.mongolink.test.simpleMapping.FakeAggregateMappingWithCap
11:22:01.889 [main] DEBUG org.mongolink.domain.mapper.ClassMap - Mapping id : Property{class=org.mongolink.test.entity.FakeEntityWithCap, field=id}
11:22:01.889 [main] DEBUG o.m.domain.mapper.ContextBuilder - Mapping : class org.mongolink.test.simpleMapping.OtherAggregateWithNaturalIdMapping
11:22:01.889 [main] DEBUG org.mongolink.domain.mapper.ClassMap - Mapping id : Property{class=org.mongolink.test.entity.OtherEntityWithNaturalId, field=naturalKey}
11:22:01.890 [main] DEBUG o.m.domain.mapper.ContextBuilder - Mapping : class org.mongolink.test.simpleMapping.FakeAggregateMapping
11:22:01.890 [main] DEBUG org.mongolink.domain.mapper.ClassMap - Mapping id : Property{class=org.mongolink.test.entity.FakeAggregate, field=id}
11:22:01.890 [main] DEBUG org.mongolink.domain.mapper.ClassMap - Mapping property : Property{class=org.mongolink.test.entity.FakeAggregate, field=value}
11:22:01.890 [main] DEBUG org.mongolink.domain.mapper.ClassMap - Mapping collection : Property{class=org.mongolink.test.entity.FakeAggregate, field=comments}
11:22:01.890 [main] DEBUG org.mongolink.domain.mapper.ClassMap - Mapping property : Property{class=org.mongolink.test.entity.FakeAggregate, field=comment}
11:22:01.890 [main] DEBUG org.mongolink.domain.mapper.ClassMap - Mapping property : Property{class=org.mongolink.test.entity.FakeAggregate, field=index}
11:22:01.890 [main] DEBUG o.m.domain.mapper.ContextBuilder - Mapping : class org.mongolink.test.simpleMapping.CommentMapping
11:22:01.890 [main] DEBUG org.mongolink.domain.mapper.ClassMap - Mapping property : Property{class=org.mongolink.test.entity.Comment, field=value}
11:22:01.890 [main] DEBUG o.m.domain.mapper.ContextBuilder - Done scanning : [org.mongolink.test.simpleMapping]
11:22:01.890 [main] DEBUG org.mongolink.MongoSession - Starting
11:22:01.893 [main] WARN  org.mongolink.utils.FieldContainer - Property value was null : Property{class=org.mongolink.test.entity.FakeAggregate, field=comment}
11:22:01.894 [main] WARN  org.mongolink.utils.FieldContainer - Property value was null : Property{class=org.mongolink.test.entity.FakeAggregate, field=index}
11:22:01.896 [main] DEBUG o.m.domain.mapper.ContextBuilder - Scanning : [org.mongolink.test.simpleMapping]
11:22:01.897 [main] DEBUG o.m.domain.mapper.ContextBuilder - Mapping : class org.mongolink.test.simpleMapping.FakeAggregateWithNaturalIdMapping
11:22:01.897 [main] DEBUG org.mongolink.domain.mapper.ClassMap - Mapping id : Property{class=org.mongolink.test.entity.FakeAggregateWithNaturalId, field=naturalKey}
11:22:01.897 [main] DEBUG org.mongolink.domain.mapper.ClassMap - Mapping property : Property{class=org.mongolink.test.entity.FakeAggregateWithNaturalId, field=value}
11:22:01.898 [main] DEBUG o.m.domain.mapper.ContextBuilder - Mapping : class org.mongolink.test.simpleMapping.FakeAggregateMappingWithCap
11:22:01.898 [main] DEBUG org.mongolink.domain.mapper.ClassMap - Mapping id : Property{class=org.mongolink.test.entity.FakeEntityWithCap, field=id}
11:22:01.898 [main] DEBUG o.m.domain.mapper.ContextBuilder - Mapping : class org.mongolink.test.simpleMapping.OtherAggregateWithNaturalIdMapping
11:22:01.898 [main] DEBUG org.mongolink.domain.mapper.ClassMap - Mapping id : Property{class=org.mongolink.test.entity.OtherEntityWithNaturalId, field=naturalKey}
11:22:01.899 [main] DEBUG o.m.domain.mapper.ContextBuilder - Mapping : class org.mongolink.test.simpleMapping.FakeAggregateMapping
11:22:01.899 [main] DEBUG org.mongolink.domain.mapper.ClassMap - Mapping id : Property{class=org.mongolink.test.entity.FakeAggregate, field=id}
11:22:01.899 [main] DEBUG org.mongolink.domain.mapper.ClassMap - Mapping property : Property{class=org.mongolink.test.entity.FakeAggregate, field=value}
11:22:01.899 [main] DEBUG org.mongolink.domain.mapper.ClassMap - Mapping collection : Property{class=org.mongolink.test.entity.FakeAggregate, field=comments}
11:22:01.899 [main] DEBUG org.mongolink.domain.mapper.ClassMap - Mapping property : Property{class=org.mongolink.test.entity.FakeAggregate, field=comment}
11:22:01.899 [main] DEBUG org.mongolink.domain.mapper.ClassMap - Mapping property : Property{class=org.mongolink.test.entity.FakeAggregate, field=index}
11:22:01.900 [main] DEBUG o.m.domain.mapper.ContextBuilder - Mapping : class org.mongolink.test.simpleMapping.CommentMapping
11:22:01.900 [main] DEBUG org.mongolink.domain.mapper.ClassMap - Mapping property : Property{class=org.mongolink.test.entity.Comment, field=value}
11:22:01.900 [main] DEBUG o.m.domain.mapper.ContextBuilder - Done scanning : [org.mongolink.test.simpleMapping]
11:22:01.900 [main] DEBUG org.mongolink.MongoSession - Starting
11:22:01.900 [main] DEBUG org.mongolink.MongoSession - New entity register for additon : org.mongolink.test.entity.FakeAggregateWithNaturalId@71812481
11:22:01.900 [main] DEBUG org.mongolink.MongoSession - Commiting unit of work
11:22:01.902 [main] DEBUG org.mongolink.MongoSession - Entity added :{ "_id" : "cle unique"}
11:22:01.902 [main] DEBUG org.mongolink.MongoSession - Done commiting
11:22:01.902 [main] DEBUG org.mongolink.MongoSession - Entity register for deletion : org.mongolink.test.entity.FakeAggregateWithNaturalId@71812481
11:22:01.902 [main] DEBUG org.mongolink.MongoSession - Commiting unit of work
11:22:01.902 [main] DEBUG org.mongolink.MongoSession - Deleting entity : org.mongolink.test.entity.FakeAggregateWithNaturalId@71812481
11:22:01.903 [main] DEBUG org.mongolink.MongoSession - Done commiting
11:22:01.905 [main] DEBUG o.m.domain.mapper.ContextBuilder - Scanning : [org.mongolink.test.simpleMapping]
11:22:01.906 [main] DEBUG o.m.domain.mapper.ContextBuilder - Mapping : class org.mongolink.test.simpleMapping.FakeAggregateWithNaturalIdMapping
11:22:01.906 [main] DEBUG org.mongolink.domain.mapper.ClassMap - Mapping id : Property{class=org.mongolink.test.entity.FakeAggregateWithNaturalId, field=naturalKey}
11:22:01.906 [main] DEBUG org.mongolink.domain.mapper.ClassMap - Mapping property : Property{class=org.mongolink.test.entity.FakeAggregateWithNaturalId, field=value}
11:22:01.907 [main] DEBUG o.m.domain.mapper.ContextBuilder - Mapping : class org.mongolink.test.simpleMapping.FakeAggregateMappingWithCap
11:22:01.907 [main] DEBUG org.mongolink.domain.mapper.ClassMap - Mapping id : Property{class=org.mongolink.test.entity.FakeEntityWithCap, field=id}
11:22:01.907 [main] DEBUG o.m.domain.mapper.ContextBuilder - Mapping : class org.mongolink.test.simpleMapping.OtherAggregateWithNaturalIdMapping
11:22:01.907 [main] DEBUG org.mongolink.domain.mapper.ClassMap - Mapping id : Property{class=org.mongolink.test.entity.OtherEntityWithNaturalId, field=naturalKey}
11:22:01.907 [main] DEBUG o.m.domain.mapper.ContextBuilder - Mapping : class org.mongolink.test.simpleMapping.FakeAggregateMapping
11:22:01.907 [main] DEBUG org.mongolink.domain.mapper.ClassMap - Mapping id : Property{class=org.mongolink.test.entity.FakeAggregate, field=id}
11:22:01.907 [main] DEBUG org.mongolink.domain.mapper.ClassMap - Mapping property : Property{class=org.mongolink.test.entity.FakeAggregate, field=value}
11:22:01.907 [main] DEBUG org.mongolink.domain.mapper.ClassMap - Mapping collection : Property{class=org.mongolink.test.entity.FakeAggregate, field=comments}
11:22:01.907 [main] DEBUG org.mongolink.domain.mapper.ClassMap - Mapping property : Property{class=org.mongolink.test.entity.FakeAggregate, field=comment}
11:22:01.908 [main] DEBUG org.mongolink.domain.mapper.ClassMap - Mapping property : Property{class=org.mongolink.test.entity.FakeAggregate, field=index}
11:22:01.908 [main] DEBUG o.m.domain.mapper.ContextBuilder - Mapping : class org.mongolink.test.simpleMapping.CommentMapping
11:22:01.908 [main] DEBUG org.mongolink.domain.mapper.ClassMap - Mapping property : Property{class=org.mongolink.test.entity.Comment, field=value}
11:22:01.908 [main] DEBUG o.m.domain.mapper.ContextBuilder - Done scanning : [org.mongolink.test.simpleMapping]
11:22:01.908 [main] DEBUG org.mongolink.MongoSession - Starting
11:22:01.910 [main] WARN  org.mongolink.utils.FieldContainer - Property value was null : Property{class=org.mongolink.test.entity.FakeAggregateWithNaturalId, field=value}
11:22:01.911 [main] DEBUG o.m.domain.mapper.ContextBuilder - Scanning : [org.mongolink.test.simpleMapping]
11:22:01.912 [main] DEBUG o.m.domain.mapper.ContextBuilder - Mapping : class org.mongolink.test.simpleMapping.FakeAggregateWithNaturalIdMapping
11:22:01.912 [main] DEBUG org.mongolink.domain.mapper.ClassMap - Mapping id : Property{class=org.mongolink.test.entity.FakeAggregateWithNaturalId, field=naturalKey}
11:22:01.912 [main] DEBUG org.mongolink.domain.mapper.ClassMap - Mapping property : Property{class=org.mongolink.test.entity.FakeAggregateWithNaturalId, field=value}
11:22:01.913 [main] DEBUG o.m.domain.mapper.ContextBuilder - Mapping : class org.mongolink.test.simpleMapping.FakeAggregateMappingWithCap
11:22:01.913 [main] DEBUG org.mongolink.domain.mapper.ClassMap - Mapping id : Property{class=org.mongolink.test.entity.FakeEntityWithCap, field=id}
11:22:01.913 [main] DEBUG o.m.domain.mapper.ContextBuilder - Mapping : class org.mongolink.test.simpleMapping.OtherAggregateWithNaturalIdMapping
11:22:01.913 [main] DEBUG org.mongolink.domain.mapper.ClassMap - Mapping id : Property{class=org.mongolink.test.entity.OtherEntityWithNaturalId, field=naturalKey}
11:22:01.913 [main] DEBUG o.m.domain.mapper.ContextBuilder - Mapping : class org.mongolink.test.simpleMapping.FakeAggregateMapping
11:22:01.913 [main] DEBUG org.mongolink.domain.mapper.ClassMap - Mapping id : Property{class=org.mongolink.test.entity.FakeAggregate, field=id}
11:22:01.914 [main] DEBUG org.mongolink.domain.mapper.ClassMap - Mapping property : Property{class=org.mongolink.test.entity.FakeAggregate, field=value}
11:22:01.914 [main] DEBUG org.mongolink.domain.mapper.ClassMap - Mapping collection : Property{class=org.mongolink.test.entity.FakeAggregate, field=comments}
11:22:01.914 [main] DEBUG org.mongolink.domain.mapper.ClassMap - Mapping property : Property{class=org.mongolink.test.entity.FakeAggregate, field=comment}
11:22:01.914 [main] DEBUG org.mongolink.domain.mapper.ClassMap - Mapping property : Property{class=org.mongolink.test.entity.FakeAggregate, field=index}
11:22:01.914 [main] DEBUG o.m.domain.mapper.ContextBuilder - Mapping : class org.mongolink.test.simpleMapping.CommentMapping
11:22:01.914 [main] DEBUG org.mongolink.domain.mapper.ClassMap - Mapping property : Property{class=org.mongolink.test.entity.Comment, field=value}
11:22:01.914 [main] DEBUG o.m.domain.mapper.ContextBuilder - Done scanning : [org.mongolink.test.simpleMapping]
11:22:01.915 [main] DEBUG org.mongolink.MongoSession - Starting
11:22:01.915 [main] DEBUG o.m.domain.mapper.ContextBuilder - Scanning : [org.mongolink.test.simpleMapping]
11:22:01.915 [main] DEBUG o.m.domain.mapper.ContextBuilder - Mapping : class org.mongolink.test.simpleMapping.FakeAggregateWithNaturalIdMapping
11:22:01.915 [main] DEBUG org.mongolink.domain.mapper.ClassMap - Mapping id : Property{class=org.mongolink.test.entity.FakeAggregateWithNaturalId, field=naturalKey}
11:22:01.915 [main] DEBUG org.mongolink.domain.mapper.ClassMap - Mapping property : Property{class=org.mongolink.test.entity.FakeAggregateWithNaturalId, field=value}
11:22:01.916 [main] DEBUG o.m.domain.mapper.ContextBuilder - Mapping : class org.mongolink.test.simpleMapping.FakeAggregateMappingWithCap
11:22:01.916 [main] DEBUG org.mongolink.domain.mapper.ClassMap - Mapping id : Property{class=org.mongolink.test.entity.FakeEntityWithCap, field=id}
11:22:01.916 [main] DEBUG o.m.domain.mapper.ContextBuilder - Mapping : class org.mongolink.test.simpleMapping.OtherAggregateWithNaturalIdMapping
11:22:01.916 [main] DEBUG org.mongolink.domain.mapper.ClassMap - Mapping id : Property{class=org.mongolink.test.entity.OtherEntityWithNaturalId, field=naturalKey}
11:22:01.917 [main] DEBUG o.m.domain.mapper.ContextBuilder - Mapping : class org.mongolink.test.simpleMapping.FakeAggregateMapping
11:22:01.917 [main] DEBUG org.mongolink.domain.mapper.ClassMap - Mapping id : Property{class=org.mongolink.test.entity.FakeAggregate, field=id}
11:22:01.917 [main] DEBUG org.mongolink.domain.mapper.ClassMap - Mapping property : Property{class=org.mongolink.test.entity.FakeAggregate, field=value}
11:22:01.917 [main] DEBUG org.mongolink.domain.mapper.ClassMap - Mapping collection : Property{class=org.mongolink.test.entity.FakeAggregate, field=comments}
11:22:01.917 [main] DEBUG org.mongolink.domain.mapper.ClassMap - Mapping property : Property{class=org.mongolink.test.entity.FakeAggregate, field=comment}
11:22:01.917 [main] DEBUG org.mongolink.domain.mapper.ClassMap - Mapping property : Property{class=org.mongolink.test.entity.FakeAggregate, field=index}
11:22:01.918 [main] DEBUG o.m.domain.mapper.ContextBuilder - Mapping : class org.mongolink.test.simpleMapping.CommentMapping
11:22:01.918 [main] DEBUG org.mongolink.domain.mapper.ClassMap - Mapping property : Property{class=org.mongolink.test.entity.Comment, field=value}
11:22:01.918 [main] DEBUG o.m.domain.mapper.ContextBuilder - Done scanning : [org.mongolink.test.simpleMapping]
11:22:01.922 [main] DEBUG o.m.domain.mapper.ContextBuilder - Scanning : [org.mongolink.test.simpleMapping]
11:22:01.923 [main] DEBUG o.m.domain.mapper.ContextBuilder - Mapping : class org.mongolink.test.simpleMapping.FakeAggregateWithNaturalIdMapping
11:22:01.923 [main] DEBUG org.mongolink.domain.mapper.ClassMap - Mapping id : Property{class=org.mongolink.test.entity.FakeAggregateWithNaturalId, field=naturalKey}
11:22:01.923 [main] DEBUG org.mongolink.domain.mapper.ClassMap - Mapping property : Property{class=org.mongolink.test.entity.FakeAggregateWithNaturalId, field=value}
11:22:01.923 [main] DEBUG o.m.domain.mapper.ContextBuilder - Mapping : class org.mongolink.test.simpleMapping.FakeAggregateMappingWithCap
11:22:01.923 [main] DEBUG org.mongolink.domain.mapper.ClassMap - Mapping id : Property{class=org.mongolink.test.entity.FakeEntityWithCap, field=id}
11:22:01.923 [main] DEBUG o.m.domain.mapper.ContextBuilder - Mapping : class org.mongolink.test.simpleMapping.OtherAggregateWithNaturalIdMapping
11:22:01.924 [main] DEBUG org.mongolink.domain.mapper.ClassMap - Mapping id : Property{class=org.mongolink.test.entity.OtherEntityWithNaturalId, field=naturalKey}
11:22:01.924 [main] DEBUG o.m.domain.mapper.ContextBuilder - Mapping : class org.mongolink.test.simpleMapping.FakeAggregateMapping
11:22:01.924 [main] DEBUG org.mongolink.domain.mapper.ClassMap - Mapping id : Property{class=org.mongolink.test.entity.FakeAggregate, field=id}
11:22:01.924 [main] DEBUG org.mongolink.domain.mapper.ClassMap - Mapping property : Property{class=org.mongolink.test.entity.FakeAggregate, field=value}
11:22:01.924 [main] DEBUG org.mongolink.domain.mapper.ClassMap - Mapping collection : Property{class=org.mongolink.test.entity.FakeAggregate, field=comments}
11:22:01.924 [main] DEBUG org.mongolink.domain.mapper.ClassMap - Mapping property : Property{class=org.mongolink.test.entity.FakeAggregate, field=comment}
11:22:01.924 [main] DEBUG org.mongolink.domain.mapper.ClassMap - Mapping property : Property{class=org.mongolink.test.entity.FakeAggregate, field=index}
11:22:01.924 [main] DEBUG o.m.domain.mapper.ContextBuilder - Mapping : class org.mongolink.test.simpleMapping.CommentMapping
11:22:01.924 [main] DEBUG org.mongolink.domain.mapper.ClassMap - Mapping property : Property{class=org.mongolink.test.entity.Comment, field=value}
11:22:01.925 [main] DEBUG o.m.domain.mapper.ContextBuilder - Done scanning : [org.mongolink.test.simpleMapping]
11:22:01.925 [main] DEBUG org.mongolink.MongoSession - Starting
11:22:01.927 [main] WARN  org.mongolink.utils.FieldContainer - Property value was null : Property{class=org.mongolink.test.entity.FakeAggregateWithNaturalId, field=value}
11:22:01.928 [main] DEBUG o.m.domain.mapper.ContextBuilder - Scanning : [org.mongolink.test.simpleMapping]
11:22:01.929 [main] DEBUG o.m.domain.mapper.ContextBuilder - Mapping : class org.mongolink.test.simpleMapping.FakeAggregateWithNaturalIdMapping
11:22:01.929 [main] DEBUG org.mongolink.domain.mapper.ClassMap - Mapping id : Property{class=org.mongolink.test.entity.FakeAggregateWithNaturalId, field=naturalKey}
11:22:01.929 [main] DEBUG org.mongolink.domain.mapper.ClassMap - Mapping property : Property{class=org.mongolink.test.entity.FakeAggregateWithNaturalId, field=value}
11:22:01.929 [main] DEBUG o.m.domain.mapper.ContextBuilder - Mapping : class org.mongolink.test.simpleMapping.FakeAggregateMappingWithCap
11:22:01.929 [main] DEBUG org.mongolink.domain.mapper.ClassMap - Mapping id : Property{class=org.mongolink.test.entity.FakeEntityWithCap, field=id}
11:22:01.929 [main] DEBUG o.m.domain.mapper.ContextBuilder - Mapping : class org.mongolink.test.simpleMapping.OtherAggregateWithNaturalIdMapping
11:22:01.929 [main] DEBUG org.mongolink.domain.mapper.ClassMap - Mapping id : Property{class=org.mongolink.test.entity.OtherEntityWithNaturalId, field=naturalKey}
11:22:01.929 [main] DEBUG o.m.domain.mapper.ContextBuilder - Mapping : class org.mongolink.test.simpleMapping.FakeAggregateMapping
11:22:01.930 [main] DEBUG org.mongolink.domain.mapper.ClassMap - Mapping id : Property{class=org.mongolink.test.entity.FakeAggregate, field=id}
11:22:01.930 [main] DEBUG org.mongolink.domain.mapper.ClassMap - Mapping property : Property{class=org.mongolink.test.entity.FakeAggregate, field=value}
11:22:01.930 [main] DEBUG org.mongolink.domain.mapper.ClassMap - Mapping collection : Property{class=org.mongolink.test.entity.FakeAggregate, field=comments}
11:22:01.930 [main] DEBUG org.mongolink.domain.mapper.ClassMap - Mapping property : Property{class=org.mongolink.test.entity.FakeAggregate, field=comment}
11:22:01.930 [main] DEBUG org.mongolink.domain.mapper.ClassMap - Mapping property : Property{class=org.mongolink.test.entity.FakeAggregate, field=index}
11:22:01.930 [main] DEBUG o.m.domain.mapper.ContextBuilder - Mapping : class org.mongolink.test.simpleMapping.CommentMapping
11:22:01.930 [main] DEBUG org.mongolink.domain.mapper.ClassMap - Mapping property : Property{class=org.mongolink.test.entity.Comment, field=value}
11:22:01.930 [main] DEBUG o.m.domain.mapper.ContextBuilder - Done scanning : [org.mongolink.test.simpleMapping]
11:22:01.930 [main] DEBUG org.mongolink.MongoSession - Starting
11:22:01.933 [main] WARN  org.mongolink.utils.FieldContainer - Property value was null : Property{class=org.mongolink.test.entity.FakeAggregate, field=comment}
11:22:01.933 [main] WARN  org.mongolink.utils.FieldContainer - Property value was null : Property{class=org.mongolink.test.entity.FakeAggregate, field=index}
11:22:01.933 [main] DEBUG org.mongolink.MongoSession - Commiting unit of work
11:22:01.933 [main] DEBUG o.m.d.u.OverwriteStrategy - Updating : collection fakeaggregate : element { "_id" : { "$oid" : "62dfb23990085ab4736840ef"} , "value" : "some new and strange value" , "comments" : [ ] , "index" : 0}
11:22:01.934 [main] DEBUG org.mongolink.MongoSession - Done commiting
11:22:01.935 [main] DEBUG org.mongolink.MongoSession - Stoping
11:22:01.936 [main] DEBUG o.m.domain.mapper.ContextBuilder - Scanning : [org.mongolink.test.simpleMapping]
11:22:01.937 [main] DEBUG o.m.domain.mapper.ContextBuilder - Mapping : class org.mongolink.test.simpleMapping.FakeAggregateWithNaturalIdMapping
11:22:01.937 [main] DEBUG org.mongolink.domain.mapper.ClassMap - Mapping id : Property{class=org.mongolink.test.entity.FakeAggregateWithNaturalId, field=naturalKey}
11:22:01.937 [main] DEBUG org.mongolink.domain.mapper.ClassMap - Mapping property : Property{class=org.mongolink.test.entity.FakeAggregateWithNaturalId, field=value}
11:22:01.939 [main] DEBUG o.m.domain.mapper.ContextBuilder - Mapping : class org.mongolink.test.simpleMapping.FakeAggregateMappingWithCap
11:22:01.939 [main] DEBUG org.mongolink.domain.mapper.ClassMap - Mapping id : Property{class=org.mongolink.test.entity.FakeEntityWithCap, field=id}
11:22:01.940 [main] DEBUG o.m.domain.mapper.ContextBuilder - Mapping : class org.mongolink.test.simpleMapping.OtherAggregateWithNaturalIdMapping
11:22:01.940 [main] DEBUG org.mongolink.domain.mapper.ClassMap - Mapping id : Property{class=org.mongolink.test.entity.OtherEntityWithNaturalId, field=naturalKey}
11:22:01.940 [main] DEBUG o.m.domain.mapper.ContextBuilder - Mapping : class org.mongolink.test.simpleMapping.FakeAggregateMapping
11:22:01.940 [main] DEBUG org.mongolink.domain.mapper.ClassMap - Mapping id : Property{class=org.mongolink.test.entity.FakeAggregate, field=id}
11:22:01.940 [main] DEBUG org.mongolink.domain.mapper.ClassMap - Mapping property : Property{class=org.mongolink.test.entity.FakeAggregate, field=value}
11:22:01.940 [main] DEBUG org.mongolink.domain.mapper.ClassMap - Mapping collection : Property{class=org.mongolink.test.entity.FakeAggregate, field=comments}
11:22:01.940 [main] DEBUG org.mongolink.domain.mapper.ClassMap - Mapping property : Property{class=org.mongolink.test.entity.FakeAggregate, field=comment}
11:22:01.940 [main] DEBUG org.mongolink.domain.mapper.ClassMap - Mapping property : Property{class=org.mongolink.test.entity.FakeAggregate, field=index}
11:22:01.940 [main] DEBUG o.m.domain.mapper.ContextBuilder - Mapping : class org.mongolink.test.simpleMapping.CommentMapping
11:22:01.940 [main] DEBUG org.mongolink.domain.mapper.ClassMap - Mapping property : Property{class=org.mongolink.test.entity.Comment, field=value}
11:22:01.940 [main] DEBUG o.m.domain.mapper.ContextBuilder - Done scanning : [org.mongolink.test.simpleMapping]
11:22:01.940 [main] DEBUG org.mongolink.MongoSession - Starting
11:22:01.941 [main] DEBUG org.mongolink.MongoSession - New entity register for additon : org.mongolink.test.entity.FakeAggregate@3568f9d2
11:22:01.941 [main] DEBUG org.mongolink.MongoSession - Commiting unit of work
11:22:01.942 [main] DEBUG org.mongolink.MongoSession - Entity added :{ "_id" : { "$oid" : "62dfb23990085ab4736840f3"} , "value" : "this is a value" , "comments" : [ ] , "index" : 3}
11:22:01.942 [main] DEBUG org.mongolink.MongoSession - Done commiting
11:22:01.943 [main] DEBUG org.mongolink.MongoSession - Commiting unit of work
11:22:01.947 [main] DEBUG o.m.d.updateStrategy.DiffStrategy - Updating : collection fakeaggregate : query { "_id" : { "$oid" : "62dfb23990085ab4736840f3"}} : modifiers : { "$set" : { "value" : "a value"}}
11:22:01.948 [main] DEBUG org.mongolink.MongoSession - Done commiting
11:22:01.950 [main] DEBUG o.m.domain.mapper.ContextBuilder - Scanning : [org.mongolink.test.simpleMapping]
11:22:01.950 [main] DEBUG o.m.domain.mapper.ContextBuilder - Mapping : class org.mongolink.test.simpleMapping.FakeAggregateWithNaturalIdMapping
11:22:01.950 [main] DEBUG org.mongolink.domain.mapper.ClassMap - Mapping id : Property{class=org.mongolink.test.entity.FakeAggregateWithNaturalId, field=naturalKey}
11:22:01.951 [main] DEBUG org.mongolink.domain.mapper.ClassMap - Mapping property : Property{class=org.mongolink.test.entity.FakeAggregateWithNaturalId, field=value}
11:22:01.951 [main] DEBUG o.m.domain.mapper.ContextBuilder - Mapping : class org.mongolink.test.simpleMapping.FakeAggregateMappingWithCap
11:22:01.951 [main] DEBUG org.mongolink.domain.mapper.ClassMap - Mapping id : Property{class=org.mongolink.test.entity.FakeEntityWithCap, field=id}
11:22:01.951 [main] DEBUG o.m.domain.mapper.ContextBuilder - Mapping : class org.mongolink.test.simpleMapping.OtherAggregateWithNaturalIdMapping
11:22:01.951 [main] DEBUG org.mongolink.domain.mapper.ClassMap - Mapping id : Property{class=org.mongolink.test.entity.OtherEntityWithNaturalId, field=naturalKey}
11:22:01.952 [main] DEBUG o.m.domain.mapper.ContextBuilder - Mapping : class org.mongolink.test.simpleMapping.FakeAggregateMapping
11:22:01.952 [main] DEBUG org.mongolink.domain.mapper.ClassMap - Mapping id : Property{class=org.mongolink.test.entity.FakeAggregate, field=id}
11:22:01.952 [main] DEBUG org.mongolink.domain.mapper.ClassMap - Mapping property : Property{class=org.mongolink.test.entity.FakeAggregate, field=value}
11:22:01.952 [main] DEBUG org.mongolink.domain.mapper.ClassMap - Mapping collection : Property{class=org.mongolink.test.entity.FakeAggregate, field=comments}
11:22:01.952 [main] DEBUG org.mongolink.domain.mapper.ClassMap - Mapping property : Property{class=org.mongolink.test.entity.FakeAggregate, field=comment}
11:22:01.952 [main] DEBUG org.mongolink.domain.mapper.ClassMap - Mapping property : Property{class=org.mongolink.test.entity.FakeAggregate, field=index}
11:22:01.952 [main] DEBUG o.m.domain.mapper.ContextBuilder - Mapping : class org.mongolink.test.simpleMapping.CommentMapping
11:22:01.952 [main] DEBUG org.mongolink.domain.mapper.ClassMap - Mapping property : Property{class=org.mongolink.test.entity.Comment, field=value}
11:22:01.952 [main] DEBUG o.m.domain.mapper.ContextBuilder - Done scanning : [org.mongolink.test.simpleMapping]
11:22:01.953 [main] DEBUG org.mongolink.MongoSession - Starting
11:22:01.954 [main] DEBUG o.m.domain.mapper.ContextBuilder - Scanning : [org.mongolink.test.simpleMapping]
11:22:01.955 [main] DEBUG o.m.domain.mapper.ContextBuilder - Mapping : class org.mongolink.test.simpleMapping.FakeAggregateWithNaturalIdMapping
11:22:01.955 [main] DEBUG org.mongolink.domain.mapper.ClassMap - Mapping id : Property{class=org.mongolink.test.entity.FakeAggregateWithNaturalId, field=naturalKey}
11:22:01.955 [main] DEBUG org.mongolink.domain.mapper.ClassMap - Mapping property : Property{class=org.mongolink.test.entity.FakeAggregateWithNaturalId, field=value}
11:22:01.956 [main] DEBUG o.m.domain.mapper.ContextBuilder - Mapping : class org.mongolink.test.simpleMapping.FakeAggregateMappingWithCap
11:22:01.956 [main] DEBUG org.mongolink.domain.mapper.ClassMap - Mapping id : Property{class=org.mongolink.test.entity.FakeEntityWithCap, field=id}
11:22:01.957 [main] DEBUG o.m.domain.mapper.ContextBuilder - Mapping : class org.mongolink.test.simpleMapping.OtherAggregateWithNaturalIdMapping
11:22:01.957 [main] DEBUG org.mongolink.domain.mapper.ClassMap - Mapping id : Property{class=org.mongolink.test.entity.OtherEntityWithNaturalId, field=naturalKey}
11:22:01.958 [main] DEBUG o.m.domain.mapper.ContextBuilder - Mapping : class org.mongolink.test.simpleMapping.FakeAggregateMapping
11:22:01.958 [main] DEBUG org.mongolink.domain.mapper.ClassMap - Mapping id : Property{class=org.mongolink.test.entity.FakeAggregate, field=id}
11:22:01.958 [main] DEBUG org.mongolink.domain.mapper.ClassMap - Mapping property : Property{class=org.mongolink.test.entity.FakeAggregate, field=value}
11:22:01.958 [main] DEBUG org.mongolink.domain.mapper.ClassMap - Mapping collection : Property{class=org.mongolink.test.entity.FakeAggregate, field=comments}
11:22:01.958 [main] DEBUG org.mongolink.domain.mapper.ClassMap - Mapping property : Property{class=org.mongolink.test.entity.FakeAggregate, field=comment}
11:22:01.958 [main] DEBUG org.mongolink.domain.mapper.ClassMap - Mapping property : Property{class=org.mongolink.test.entity.FakeAggregate, field=index}
11:22:01.958 [main] DEBUG o.m.domain.mapper.ContextBuilder - Mapping : class org.mongolink.test.simpleMapping.CommentMapping
11:22:01.959 [main] DEBUG org.mongolink.domain.mapper.ClassMap - Mapping property : Property{class=org.mongolink.test.entity.Comment, field=value}
11:22:01.959 [main] DEBUG o.m.domain.mapper.ContextBuilder - Done scanning : [org.mongolink.test.simpleMapping]
11:22:01.959 [main] DEBUG org.mongolink.MongoSession - Starting
11:22:01.959 [main] DEBUG org.mongolink.MongoSession - New entity register for additon : org.mongolink.test.entity.FakeAggregate@61a88b8c
11:22:01.959 [main] DEBUG org.mongolink.MongoSession - Commiting unit of work
11:22:01.960 [main] DEBUG org.mongolink.MongoSession - Entity added :{ "_id" : { "$oid" : "62dfb23990085ab4736840f7"} , "value" : "a value" , "comments" : [ ] , "index" : 0}
11:22:01.961 [main] DEBUG org.mongolink.MongoSession - Done commiting
11:22:01.962 [main] DEBUG o.m.domain.mapper.ContextBuilder - Scanning : [org.mongolink.test.simpleMapping]
11:22:01.962 [main] DEBUG o.m.domain.mapper.ContextBuilder - Mapping : class org.mongolink.test.simpleMapping.FakeAggregateWithNaturalIdMapping
11:22:01.962 [main] DEBUG org.mongolink.domain.mapper.ClassMap - Mapping id : Property{class=org.mongolink.test.entity.FakeAggregateWithNaturalId, field=naturalKey}
11:22:01.963 [main] DEBUG org.mongolink.domain.mapper.ClassMap - Mapping property : Property{class=org.mongolink.test.entity.FakeAggregateWithNaturalId, field=value}
11:22:01.963 [main] DEBUG o.m.domain.mapper.ContextBuilder - Mapping : class org.mongolink.test.simpleMapping.FakeAggregateMappingWithCap
11:22:01.963 [main] DEBUG org.mongolink.domain.mapper.ClassMap - Mapping id : Property{class=org.mongolink.test.entity.FakeEntityWithCap, field=id}
11:22:01.963 [main] DEBUG o.m.domain.mapper.ContextBuilder - Mapping : class org.mongolink.test.simpleMapping.OtherAggregateWithNaturalIdMapping
11:22:01.963 [main] DEBUG org.mongolink.domain.mapper.ClassMap - Mapping id : Property{class=org.mongolink.test.entity.OtherEntityWithNaturalId, field=naturalKey}
11:22:01.963 [main] DEBUG o.m.domain.mapper.ContextBuilder - Mapping : class org.mongolink.test.simpleMapping.FakeAggregateMapping
11:22:01.963 [main] DEBUG org.mongolink.domain.mapper.ClassMap - Mapping id : Property{class=org.mongolink.test.entity.FakeAggregate, field=id}
11:22:01.963 [main] DEBUG org.mongolink.domain.mapper.ClassMap - Mapping property : Property{class=org.mongolink.test.entity.FakeAggregate, field=value}
11:22:01.963 [main] DEBUG org.mongolink.domain.mapper.ClassMap - Mapping collection : Property{class=org.mongolink.test.entity.FakeAggregate, field=comments}
11:22:01.963 [main] DEBUG org.mongolink.domain.mapper.ClassMap - Mapping property : Property{class=org.mongolink.test.entity.FakeAggregate, field=comment}
11:22:01.963 [main] DEBUG org.mongolink.domain.mapper.ClassMap - Mapping property : Property{class=org.mongolink.test.entity.FakeAggregate, field=index}
11:22:01.963 [main] DEBUG o.m.domain.mapper.ContextBuilder - Mapping : class org.mongolink.test.simpleMapping.CommentMapping
11:22:01.964 [main] DEBUG org.mongolink.domain.mapper.ClassMap - Mapping property : Property{class=org.mongolink.test.entity.Comment, field=value}
11:22:01.964 [main] DEBUG o.m.domain.mapper.ContextBuilder - Done scanning : [org.mongolink.test.simpleMapping]
11:22:01.964 [main] DEBUG org.mongolink.MongoSession - Starting
11:22:01.964 [main] DEBUG org.mongolink.MongoSession - Starting
11:22:01.964 [main] DEBUG org.mongolink.MongoSession - Commiting unit of work
11:22:01.964 [main] DEBUG org.mongolink.MongoSession - Done commiting
11:22:01.964 [main] DEBUG org.mongolink.MongoSession - Stoping
11:22:01.968 [main] DEBUG o.m.domain.mapper.ContextBuilder - Scanning : [org.mongolink.test.simpleMapping]
11:22:01.968 [main] DEBUG o.m.domain.mapper.ContextBuilder - Mapping : class org.mongolink.test.simpleMapping.FakeAggregateWithNaturalIdMapping
11:22:01.968 [main] DEBUG org.mongolink.domain.mapper.ClassMap - Mapping id : Property{class=org.mongolink.test.entity.FakeAggregateWithNaturalId, field=naturalKey}
11:22:01.969 [main] DEBUG org.mongolink.domain.mapper.ClassMap - Mapping property : Property{class=org.mongolink.test.entity.FakeAggregateWithNaturalId, field=value}
11:22:01.969 [main] DEBUG o.m.domain.mapper.ContextBuilder - Mapping : class org.mongolink.test.simpleMapping.FakeAggregateMappingWithCap
11:22:01.969 [main] DEBUG org.mongolink.domain.mapper.ClassMap - Mapping id : Property{class=org.mongolink.test.entity.FakeEntityWithCap, field=id}
11:22:01.969 [main] DEBUG o.m.domain.mapper.ContextBuilder - Mapping : class org.mongolink.test.simpleMapping.OtherAggregateWithNaturalIdMapping
11:22:01.969 [main] DEBUG org.mongolink.domain.mapper.ClassMap - Mapping id : Property{class=org.mongolink.test.entity.OtherEntityWithNaturalId, field=naturalKey}
11:22:01.970 [main] DEBUG o.m.domain.mapper.ContextBuilder - Mapping : class org.mongolink.test.simpleMapping.FakeAggregateMapping
11:22:01.970 [main] DEBUG org.mongolink.domain.mapper.ClassMap - Mapping id : Property{class=org.mongolink.test.entity.FakeAggregate, field=id}
11:22:01.970 [main] DEBUG org.mongolink.domain.mapper.ClassMap - Mapping property : Property{class=org.mongolink.test.entity.FakeAggregate, field=value}
11:22:01.970 [main] DEBUG org.mongolink.domain.mapper.ClassMap - Mapping collection : Property{class=org.mongolink.test.entity.FakeAggregate, field=comments}
11:22:01.970 [main] DEBUG org.mongolink.domain.mapper.ClassMap - Mapping property : Property{class=org.mongolink.test.entity.FakeAggregate, field=comment}
11:22:01.970 [main] DEBUG org.mongolink.domain.mapper.ClassMap - Mapping property : Property{class=org.mongolink.test.entity.FakeAggregate, field=index}
11:22:01.970 [main] DEBUG o.m.domain.mapper.ContextBuilder - Mapping : class org.mongolink.test.simpleMapping.CommentMapping
11:22:01.970 [main] DEBUG org.mongolink.domain.mapper.ClassMap - Mapping property : Property{class=org.mongolink.test.entity.Comment, field=value}
11:22:01.971 [main] DEBUG o.m.domain.mapper.ContextBuilder - Done scanning : [org.mongolink.test.simpleMapping]
11:22:01.971 [main] DEBUG org.mongolink.MongoSession - Starting
11:22:01.972 [main] WARN  org.mongolink.utils.FieldContainer - Property value was null : Property{class=org.mongolink.test.entity.FakeAggregate, field=comment}
11:22:01.973 [main] WARN  org.mongolink.utils.FieldContainer - Property value was null : Property{class=org.mongolink.test.entity.FakeAggregate, field=index}
11:22:01.973 [main] WARN  org.mongolink.utils.FieldContainer - Property value was null : Property{class=org.mongolink.test.entity.FakeAggregate, field=comment}
11:22:01.973 [main] WARN  org.mongolink.utils.FieldContainer - Property value was null : Property{class=org.mongolink.test.entity.FakeAggregate, field=index}
11:22:01.974 [main] DEBUG o.m.domain.mapper.ContextBuilder - Scanning : [org.mongolink.test.simpleMapping]
11:22:01.975 [main] DEBUG o.m.domain.mapper.ContextBuilder - Mapping : class org.mongolink.test.simpleMapping.FakeAggregateWithNaturalIdMapping
11:22:01.975 [main] DEBUG org.mongolink.domain.mapper.ClassMap - Mapping id : Property{class=org.mongolink.test.entity.FakeAggregateWithNaturalId, field=naturalKey}
11:22:01.975 [main] DEBUG org.mongolink.domain.mapper.ClassMap - Mapping property : Property{class=org.mongolink.test.entity.FakeAggregateWithNaturalId, field=value}
11:22:01.976 [main] DEBUG o.m.domain.mapper.ContextBuilder - Mapping : class org.mongolink.test.simpleMapping.FakeAggregateMappingWithCap
11:22:01.976 [main] DEBUG org.mongolink.domain.mapper.ClassMap - Mapping id : Property{class=org.mongolink.test.entity.FakeEntityWithCap, field=id}
11:22:01.976 [main] DEBUG o.m.domain.mapper.ContextBuilder - Mapping : class org.mongolink.test.simpleMapping.OtherAggregateWithNaturalIdMapping
11:22:01.976 [main] DEBUG org.mongolink.domain.mapper.ClassMap - Mapping id : Property{class=org.mongolink.test.entity.OtherEntityWithNaturalId, field=naturalKey}
11:22:01.977 [main] DEBUG o.m.domain.mapper.ContextBuilder - Mapping : class org.mongolink.test.simpleMapping.FakeAggregateMapping
11:22:01.979 [main] DEBUG org.mongolink.domain.mapper.ClassMap - Mapping id : Property{class=org.mongolink.test.entity.FakeAggregate, field=id}
11:22:01.979 [main] DEBUG org.mongolink.domain.mapper.ClassMap - Mapping property : Property{class=org.mongolink.test.entity.FakeAggregate, field=value}
11:22:01.980 [main] DEBUG org.mongolink.domain.mapper.ClassMap - Mapping collection : Property{class=org.mongolink.test.entity.FakeAggregate, field=comments}
11:22:01.980 [main] DEBUG org.mongolink.domain.mapper.ClassMap - Mapping property : Property{class=org.mongolink.test.entity.FakeAggregate, field=comment}
11:22:01.980 [main] DEBUG org.mongolink.domain.mapper.ClassMap - Mapping property : Property{class=org.mongolink.test.entity.FakeAggregate, field=index}
11:22:01.980 [main] DEBUG o.m.domain.mapper.ContextBuilder - Mapping : class org.mongolink.test.simpleMapping.CommentMapping
11:22:01.980 [main] DEBUG org.mongolink.domain.mapper.ClassMap - Mapping property : Property{class=org.mongolink.test.entity.Comment, field=value}
11:22:01.980 [main] DEBUG o.m.domain.mapper.ContextBuilder - Done scanning : [org.mongolink.test.simpleMapping]
11:22:01.980 [main] DEBUG org.mongolink.MongoSession - Starting
11:22:01.982 [main] DEBUG o.m.domain.mapper.ContextBuilder - Scanning : [org.mongolink.test.simpleMapping]
11:22:01.983 [main] DEBUG o.m.domain.mapper.ContextBuilder - Mapping : class org.mongolink.test.simpleMapping.FakeAggregateWithNaturalIdMapping
11:22:01.983 [main] DEBUG org.mongolink.domain.mapper.ClassMap - Mapping id : Property{class=org.mongolink.test.entity.FakeAggregateWithNaturalId, field=naturalKey}
11:22:01.983 [main] DEBUG org.mongolink.domain.mapper.ClassMap - Mapping property : Property{class=org.mongolink.test.entity.FakeAggregateWithNaturalId, field=value}
11:22:01.983 [main] DEBUG o.m.domain.mapper.ContextBuilder - Mapping : class org.mongolink.test.simpleMapping.FakeAggregateMappingWithCap
11:22:01.983 [main] DEBUG org.mongolink.domain.mapper.ClassMap - Mapping id : Property{class=org.mongolink.test.entity.FakeEntityWithCap, field=id}
11:22:01.983 [main] DEBUG o.m.domain.mapper.ContextBuilder - Mapping : class org.mongolink.test.simpleMapping.OtherAggregateWithNaturalIdMapping
11:22:01.984 [main] DEBUG org.mongolink.domain.mapper.ClassMap - Mapping id : Property{class=org.mongolink.test.entity.OtherEntityWithNaturalId, field=naturalKey}
11:22:01.984 [main] DEBUG o.m.domain.mapper.ContextBuilder - Mapping : class org.mongolink.test.simpleMapping.FakeAggregateMapping
11:22:01.984 [main] DEBUG org.mongolink.domain.mapper.ClassMap - Mapping id : Property{class=org.mongolink.test.entity.FakeAggregate, field=id}
11:22:01.984 [main] DEBUG org.mongolink.domain.mapper.ClassMap - Mapping property : Property{class=org.mongolink.test.entity.FakeAggregate, field=value}
11:22:01.984 [main] DEBUG org.mongolink.domain.mapper.ClassMap - Mapping collection : Property{class=org.mongolink.test.entity.FakeAggregate, field=comments}
11:22:01.984 [main] DEBUG org.mongolink.domain.mapper.ClassMap - Mapping property : Property{class=org.mongolink.test.entity.FakeAggregate, field=comment}
11:22:01.985 [main] DEBUG org.mongolink.domain.mapper.ClassMap - Mapping property : Property{class=org.mongolink.test.entity.FakeAggregate, field=index}
11:22:01.986 [main] DEBUG o.m.domain.mapper.ContextBuilder - Mapping : class org.mongolink.test.simpleMapping.CommentMapping
11:22:01.986 [main] DEBUG org.mongolink.domain.mapper.ClassMap - Mapping property : Property{class=org.mongolink.test.entity.Comment, field=value}
11:22:01.986 [main] DEBUG o.m.domain.mapper.ContextBuilder - Done scanning : [org.mongolink.test.simpleMapping]
11:22:01.986 [main] DEBUG org.mongolink.MongoSession - Starting
11:22:01.986 [main] DEBUG org.mongolink.MongoSession - New entity register for additon : org.mongolink.test.entity.FakeAggregateWithNaturalId@55322aab
11:22:01.989 [main] DEBUG o.m.domain.mapper.ContextBuilder - Scanning : [org.mongolink.test.simpleMapping]
11:22:01.990 [main] DEBUG o.m.domain.mapper.ContextBuilder - Mapping : class org.mongolink.test.simpleMapping.FakeAggregateWithNaturalIdMapping
11:22:01.990 [main] DEBUG org.mongolink.domain.mapper.ClassMap - Mapping id : Property{class=org.mongolink.test.entity.FakeAggregateWithNaturalId, field=naturalKey}
11:22:01.990 [main] DEBUG org.mongolink.domain.mapper.ClassMap - Mapping property : Property{class=org.mongolink.test.entity.FakeAggregateWithNaturalId, field=value}
11:22:01.990 [main] DEBUG o.m.domain.mapper.ContextBuilder - Mapping : class org.mongolink.test.simpleMapping.FakeAggregateMappingWithCap
11:22:01.990 [main] DEBUG org.mongolink.domain.mapper.ClassMap - Mapping id : Property{class=org.mongolink.test.entity.FakeEntityWithCap, field=id}
11:22:01.990 [main] DEBUG o.m.domain.mapper.ContextBuilder - Mapping : class org.mongolink.test.simpleMapping.OtherAggregateWithNaturalIdMapping
11:22:01.991 [main] DEBUG org.mongolink.domain.mapper.ClassMap - Mapping id : Property{class=org.mongolink.test.entity.OtherEntityWithNaturalId, field=naturalKey}
11:22:01.991 [main] DEBUG o.m.domain.mapper.ContextBuilder - Mapping : class org.mongolink.test.simpleMapping.FakeAggregateMapping
11:22:01.991 [main] DEBUG org.mongolink.domain.mapper.ClassMap - Mapping id : Property{class=org.mongolink.test.entity.FakeAggregate, field=id}
11:22:01.991 [main] DEBUG org.mongolink.domain.mapper.ClassMap - Mapping property : Property{class=org.mongolink.test.entity.FakeAggregate, field=value}
11:22:01.991 [main] DEBUG org.mongolink.domain.mapper.ClassMap - Mapping collection : Property{class=org.mongolink.test.entity.FakeAggregate, field=comments}
11:22:01.991 [main] DEBUG org.mongolink.domain.mapper.ClassMap - Mapping property : Property{class=org.mongolink.test.entity.FakeAggregate, field=comment}
11:22:01.991 [main] DEBUG org.mongolink.domain.mapper.ClassMap - Mapping property : Property{class=org.mongolink.test.entity.FakeAggregate, field=index}
11:22:01.991 [main] DEBUG o.m.domain.mapper.ContextBuilder - Mapping : class org.mongolink.test.simpleMapping.CommentMapping
11:22:01.992 [main] DEBUG org.mongolink.domain.mapper.ClassMap - Mapping property : Property{class=org.mongolink.test.entity.Comment, field=value}
11:22:01.992 [main] DEBUG o.m.domain.mapper.ContextBuilder - Done scanning : [org.mongolink.test.simpleMapping]
11:22:01.992 [main] DEBUG org.mongolink.MongoSession - Starting
11:22:01.993 [main] DEBUG org.mongolink.MongoSession - New entity register for additon : org.mongolink.test.entity.FakeAggregateWithNaturalId@16c63f5
11:22:01.993 [main] DEBUG org.mongolink.MongoSession - New entity register for additon : org.mongolink.test.entity.OtherEntityWithNaturalId@35229f85
11:22:01.994 [main] DEBUG o.m.domain.mapper.ContextBuilder - Scanning : [org.mongolink.test.simpleMapping]
11:22:01.995 [main] DEBUG o.m.domain.mapper.ContextBuilder - Mapping : class org.mongolink.test.simpleMapping.FakeAggregateWithNaturalIdMapping
11:22:01.995 [main] DEBUG org.mongolink.domain.mapper.ClassMap - Mapping id : Property{class=org.mongolink.test.entity.FakeAggregateWithNaturalId, field=naturalKey}
11:22:01.995 [main] DEBUG org.mongolink.domain.mapper.ClassMap - Mapping property : Property{class=org.mongolink.test.entity.FakeAggregateWithNaturalId, field=value}
11:22:01.995 [main] DEBUG o.m.domain.mapper.ContextBuilder - Mapping : class org.mongolink.test.simpleMapping.FakeAggregateMappingWithCap
11:22:01.996 [main] DEBUG org.mongolink.domain.mapper.ClassMap - Mapping id : Property{class=org.mongolink.test.entity.FakeEntityWithCap, field=id}
11:22:01.996 [main] DEBUG o.m.domain.mapper.ContextBuilder - Mapping : class org.mongolink.test.simpleMapping.OtherAggregateWithNaturalIdMapping
11:22:01.996 [main] DEBUG org.mongolink.domain.mapper.ClassMap - Mapping id : Property{class=org.mongolink.test.entity.OtherEntityWithNaturalId, field=naturalKey}
11:22:01.996 [main] DEBUG o.m.domain.mapper.ContextBuilder - Mapping : class org.mongolink.test.simpleMapping.FakeAggregateMapping
11:22:01.996 [main] DEBUG org.mongolink.domain.mapper.ClassMap - Mapping id : Property{class=org.mongolink.test.entity.FakeAggregate, field=id}
11:22:01.996 [main] DEBUG org.mongolink.domain.mapper.ClassMap - Mapping property : Property{class=org.mongolink.test.entity.FakeAggregate, field=value}
11:22:01.996 [main] DEBUG org.mongolink.domain.mapper.ClassMap - Mapping collection : Property{class=org.mongolink.test.entity.FakeAggregate, field=comments}
11:22:01.996 [main] DEBUG org.mongolink.domain.mapper.ClassMap - Mapping property : Property{class=org.mongolink.test.entity.FakeAggregate, field=comment}
11:22:01.997 [main] DEBUG org.mongolink.domain.mapper.ClassMap - Mapping property : Property{class=org.mongolink.test.entity.FakeAggregate, field=index}
11:22:01.997 [main] DEBUG o.m.domain.mapper.ContextBuilder - Mapping : class org.mongolink.test.simpleMapping.CommentMapping
11:22:01.997 [main] DEBUG org.mongolink.domain.mapper.ClassMap - Mapping property : Property{class=org.mongolink.test.entity.Comment, field=value}
11:22:01.997 [main] DEBUG o.m.domain.mapper.ContextBuilder - Done scanning : [org.mongolink.test.simpleMapping]
11:22:01.997 [main] DEBUG org.mongolink.MongoSession - Starting
11:22:01.999 [main] DEBUG o.m.domain.mapper.ContextBuilder - Scanning : [org.mongolink.test.simpleMapping]
11:22:01.999 [main] DEBUG o.m.domain.mapper.ContextBuilder - Mapping : class org.mongolink.test.simpleMapping.FakeAggregateWithNaturalIdMapping
11:22:01.999 [main] DEBUG org.mongolink.domain.mapper.ClassMap - Mapping id : Property{class=org.mongolink.test.entity.FakeAggregateWithNaturalId, field=naturalKey}
11:22:01.999 [main] DEBUG org.mongolink.domain.mapper.ClassMap - Mapping property : Property{class=org.mongolink.test.entity.FakeAggregateWithNaturalId, field=value}
11:22:01.999 [main] DEBUG o.m.domain.mapper.ContextBuilder - Mapping : class org.mongolink.test.simpleMapping.FakeAggregateMappingWithCap
11:22:02.000 [main] DEBUG org.mongolink.domain.mapper.ClassMap - Mapping id : Property{class=org.mongolink.test.entity.FakeEntityWithCap, field=id}
11:22:02.000 [main] DEBUG o.m.domain.mapper.ContextBuilder - Mapping : class org.mongolink.test.simpleMapping.OtherAggregateWithNaturalIdMapping
11:22:02.000 [main] DEBUG org.mongolink.domain.mapper.ClassMap - Mapping id : Property{class=org.mongolink.test.entity.OtherEntityWithNaturalId, field=naturalKey}
11:22:02.000 [main] DEBUG o.m.domain.mapper.ContextBuilder - Mapping : class org.mongolink.test.simpleMapping.FakeAggregateMapping
11:22:02.000 [main] DEBUG org.mongolink.domain.mapper.ClassMap - Mapping id : Property{class=org.mongolink.test.entity.FakeAggregate, field=id}
11:22:02.000 [main] DEBUG org.mongolink.domain.mapper.ClassMap - Mapping property : Property{class=org.mongolink.test.entity.FakeAggregate, field=value}
11:22:02.000 [main] DEBUG org.mongolink.domain.mapper.ClassMap - Mapping collection : Property{class=org.mongolink.test.entity.FakeAggregate, field=comments}
11:22:02.000 [main] DEBUG org.mongolink.domain.mapper.ClassMap - Mapping property : Property{class=org.mongolink.test.entity.FakeAggregate, field=comment}
11:22:02.001 [main] DEBUG org.mongolink.domain.mapper.ClassMap - Mapping property : Property{class=org.mongolink.test.entity.FakeAggregate, field=index}
11:22:02.001 [main] DEBUG o.m.domain.mapper.ContextBuilder - Mapping : class org.mongolink.test.simpleMapping.CommentMapping
11:22:02.001 [main] DEBUG org.mongolink.domain.mapper.ClassMap - Mapping property : Property{class=org.mongolink.test.entity.Comment, field=value}
11:22:02.001 [main] DEBUG o.m.domain.mapper.ContextBuilder - Done scanning : [org.mongolink.test.simpleMapping]
11:22:02.001 [main] DEBUG org.mongolink.MongoSession - Starting
11:22:02.003 [main] WARN  org.mongolink.utils.FieldContainer - Property value was null : Property{class=org.mongolink.test.entity.FakeAggregate, field=comment}
11:22:02.003 [main] WARN  org.mongolink.utils.FieldContainer - Property value was null : Property{class=org.mongolink.test.entity.FakeAggregate, field=index}
11:22:02.003 [main] DEBUG org.mongolink.MongoSession - Commiting unit of work
11:22:02.003 [main] DEBUG o.m.d.u.OverwriteStrategy - Updating : collection fakeaggregate : element { "_id" : { "$oid" : "62dfb23a90085ab473684101"} , "value" : "un test de plus" , "comments" : [ ] , "index" : 0}
11:22:02.004 [main] DEBUG org.mongolink.MongoSession - Done commiting
11:22:02.005 [main] DEBUG o.m.domain.mapper.ContextBuilder - Scanning : [org.mongolink.test.simpleMapping]
11:22:02.006 [main] DEBUG o.m.domain.mapper.ContextBuilder - Mapping : class org.mongolink.test.simpleMapping.FakeAggregateWithNaturalIdMapping
11:22:02.006 [main] DEBUG org.mongolink.domain.mapper.ClassMap - Mapping id : Property{class=org.mongolink.test.entity.FakeAggregateWithNaturalId, field=naturalKey}
11:22:02.006 [main] DEBUG org.mongolink.domain.mapper.ClassMap - Mapping property : Property{class=org.mongolink.test.entity.FakeAggregateWithNaturalId, field=value}
11:22:02.006 [main] DEBUG o.m.domain.mapper.ContextBuilder - Mapping : class org.mongolink.test.simpleMapping.FakeAggregateMappingWithCap
11:22:02.007 [main] DEBUG org.mongolink.domain.mapper.ClassMap - Mapping id : Property{class=org.mongolink.test.entity.FakeEntityWithCap, field=id}
11:22:02.007 [main] DEBUG o.m.domain.mapper.ContextBuilder - Mapping : class org.mongolink.test.simpleMapping.OtherAggregateWithNaturalIdMapping
11:22:02.007 [main] DEBUG org.mongolink.domain.mapper.ClassMap - Mapping id : Property{class=org.mongolink.test.entity.OtherEntityWithNaturalId, field=naturalKey}
11:22:02.007 [main] DEBUG o.m.domain.mapper.ContextBuilder - Mapping : class org.mongolink.test.simpleMapping.FakeAggregateMapping
11:22:02.007 [main] DEBUG org.mongolink.domain.mapper.ClassMap - Mapping id : Property{class=org.mongolink.test.entity.FakeAggregate, field=id}
11:22:02.007 [main] DEBUG org.mongolink.domain.mapper.ClassMap - Mapping property : Property{class=org.mongolink.test.entity.FakeAggregate, field=value}
11:22:02.007 [main] DEBUG org.mongolink.domain.mapper.ClassMap - Mapping collection : Property{class=org.mongolink.test.entity.FakeAggregate, field=comments}
11:22:02.007 [main] DEBUG org.mongolink.domain.mapper.ClassMap - Mapping property : Property{class=org.mongolink.test.entity.FakeAggregate, field=comment}
11:22:02.007 [main] DEBUG org.mongolink.domain.mapper.ClassMap - Mapping property : Property{class=org.mongolink.test.entity.FakeAggregate, field=index}
11:22:02.008 [main] DEBUG o.m.domain.mapper.ContextBuilder - Mapping : class org.mongolink.test.simpleMapping.CommentMapping
11:22:02.008 [main] DEBUG org.mongolink.domain.mapper.ClassMap - Mapping property : Property{class=org.mongolink.test.entity.Comment, field=value}
11:22:02.008 [main] DEBUG o.m.domain.mapper.ContextBuilder - Done scanning : [org.mongolink.test.simpleMapping]
11:22:02.008 [main] DEBUG org.mongolink.MongoSession - Starting
11:22:02.008 [main] DEBUG org.mongolink.MongoSession - New entity register for additon : org.mongolink.test.entity.FakeAggregate@2da59753
11:22:02.009 [main] DEBUG o.m.domain.mapper.ContextBuilder - Scanning : [org.mongolink.test.simpleMapping]
11:22:02.010 [main] DEBUG o.m.domain.mapper.ContextBuilder - Mapping : class org.mongolink.test.simpleMapping.FakeAggregateWithNaturalIdMapping
11:22:02.010 [main] DEBUG org.mongolink.domain.mapper.ClassMap - Mapping id : Property{class=org.mongolink.test.entity.FakeAggregateWithNaturalId, field=naturalKey}
11:22:02.010 [main] DEBUG org.mongolink.domain.mapper.ClassMap - Mapping property : Property{class=org.mongolink.test.entity.FakeAggregateWithNaturalId, field=value}
11:22:02.010 [main] DEBUG o.m.domain.mapper.ContextBuilder - Mapping : class org.mongolink.test.simpleMapping.FakeAggregateMappingWithCap
11:22:02.011 [main] DEBUG org.mongolink.domain.mapper.ClassMap - Mapping id : Property{class=org.mongolink.test.entity.FakeEntityWithCap, field=id}
11:22:02.011 [main] DEBUG o.m.domain.mapper.ContextBuilder - Mapping : class org.mongolink.test.simpleMapping.OtherAggregateWithNaturalIdMapping
11:22:02.011 [main] DEBUG org.mongolink.domain.mapper.ClassMap - Mapping id : Property{class=org.mongolink.test.entity.OtherEntityWithNaturalId, field=naturalKey}
11:22:02.011 [main] DEBUG o.m.domain.mapper.ContextBuilder - Mapping : class org.mongolink.test.simpleMapping.FakeAggregateMapping
11:22:02.011 [main] DEBUG org.mongolink.domain.mapper.ClassMap - Mapping id : Property{class=org.mongolink.test.entity.FakeAggregate, field=id}
11:22:02.011 [main] DEBUG org.mongolink.domain.mapper.ClassMap - Mapping property : Property{class=org.mongolink.test.entity.FakeAggregate, field=value}
11:22:02.011 [main] DEBUG org.mongolink.domain.mapper.ClassMap - Mapping collection : Property{class=org.mongolink.test.entity.FakeAggregate, field=comments}
11:22:02.011 [main] DEBUG org.mongolink.domain.mapper.ClassMap - Mapping property : Property{class=org.mongolink.test.entity.FakeAggregate, field=comment}
11:22:02.011 [main] DEBUG org.mongolink.domain.mapper.ClassMap - Mapping property : Property{class=org.mongolink.test.entity.FakeAggregate, field=index}
11:22:02.012 [main] DEBUG o.m.domain.mapper.ContextBuilder - Mapping : class org.mongolink.test.simpleMapping.CommentMapping
11:22:02.012 [main] DEBUG org.mongolink.domain.mapper.ClassMap - Mapping property : Property{class=org.mongolink.test.entity.Comment, field=value}
11:22:02.012 [main] DEBUG o.m.domain.mapper.ContextBuilder - Done scanning : [org.mongolink.test.simpleMapping]
11:22:02.012 [main] DEBUG org.mongolink.MongoSession - Starting
11:22:02.014 [main] WARN  org.mongolink.utils.FieldContainer - Property value was null : Property{class=org.mongolink.test.entity.FakeAggregate, field=comment}
11:22:02.014 [main] WARN  org.mongolink.utils.FieldContainer - Property value was null : Property{class=org.mongolink.test.entity.FakeAggregate, field=index}
11:22:02.015 [main] DEBUG o.m.domain.mapper.ContextBuilder - Scanning : [org.mongolink.test.simpleMapping]
11:22:02.016 [main] DEBUG o.m.domain.mapper.ContextBuilder - Mapping : class org.mongolink.test.simpleMapping.FakeAggregateWithNaturalIdMapping
11:22:02.016 [main] DEBUG org.mongolink.domain.mapper.ClassMap - Mapping id : Property{class=org.mongolink.test.entity.FakeAggregateWithNaturalId, field=naturalKey}
11:22:02.016 [main] DEBUG org.mongolink.domain.mapper.ClassMap - Mapping property : Property{class=org.mongolink.test.entity.FakeAggregateWithNaturalId, field=value}
11:22:02.016 [main] DEBUG o.m.domain.mapper.ContextBuilder - Mapping : class org.mongolink.test.simpleMapping.FakeAggregateMappingWithCap
11:22:02.017 [main] DEBUG org.mongolink.domain.mapper.ClassMap - Mapping id : Property{class=org.mongolink.test.entity.FakeEntityWithCap, field=id}
11:22:02.017 [main] DEBUG o.m.domain.mapper.ContextBuilder - Mapping : class org.mongolink.test.simpleMapping.OtherAggregateWithNaturalIdMapping
11:22:02.017 [main] DEBUG org.mongolink.domain.mapper.ClassMap - Mapping id : Property{class=org.mongolink.test.entity.OtherEntityWithNaturalId, field=naturalKey}
11:22:02.017 [main] DEBUG o.m.domain.mapper.ContextBuilder - Mapping : class org.mongolink.test.simpleMapping.FakeAggregateMapping
11:22:02.017 [main] DEBUG org.mongolink.domain.mapper.ClassMap - Mapping id : Property{class=org.mongolink.test.entity.FakeAggregate, field=id}
11:22:02.017 [main] DEBUG org.mongolink.domain.mapper.ClassMap - Mapping property : Property{class=org.mongolink.test.entity.FakeAggregate, field=value}
11:22:02.017 [main] DEBUG org.mongolink.domain.mapper.ClassMap - Mapping collection : Property{class=org.mongolink.test.entity.FakeAggregate, field=comments}
11:22:02.017 [main] DEBUG org.mongolink.domain.mapper.ClassMap - Mapping property : Property{class=org.mongolink.test.entity.FakeAggregate, field=comment}
11:22:02.018 [main] DEBUG org.mongolink.domain.mapper.ClassMap - Mapping property : Property{class=org.mongolink.test.entity.FakeAggregate, field=index}
11:22:02.018 [main] DEBUG o.m.domain.mapper.ContextBuilder - Mapping : class org.mongolink.test.simpleMapping.CommentMapping
11:22:02.018 [main] DEBUG org.mongolink.domain.mapper.ClassMap - Mapping property : Property{class=org.mongolink.test.entity.Comment, field=value}
11:22:02.018 [main] DEBUG o.m.domain.mapper.ContextBuilder - Done scanning : [org.mongolink.test.simpleMapping]
11:22:02.018 [main] DEBUG org.mongolink.MongoSession - Starting
11:22:02.018 [main] DEBUG org.mongolink.MongoSession - New entity register for additon : org.mongolink.test.entity.FakeAggregate@4d9ac0b4
11:22:02.018 [main] DEBUG org.mongolink.MongoSession - Commiting unit of work
11:22:02.020 [main] DEBUG org.mongolink.MongoSession - Entity added :{ "_id" : { "$oid" : "62dfb23a90085ab47368410a"} , "value" : "value" , "comments" : [ ] , "index" : 0}
11:22:02.020 [main] DEBUG org.mongolink.MongoSession - Done commiting
11:22:02.021 [main] DEBUG o.m.domain.mapper.ContextBuilder - Scanning : [org.mongolink.test.simpleMapping]
11:22:02.022 [main] DEBUG o.m.domain.mapper.ContextBuilder - Mapping : class org.mongolink.test.simpleMapping.FakeAggregateWithNaturalIdMapping
11:22:02.022 [main] DEBUG org.mongolink.domain.mapper.ClassMap - Mapping id : Property{class=org.mongolink.test.entity.FakeAggregateWithNaturalId, field=naturalKey}
11:22:02.022 [main] DEBUG org.mongolink.domain.mapper.ClassMap - Mapping property : Property{class=org.mongolink.test.entity.FakeAggregateWithNaturalId, field=value}
11:22:02.022 [main] DEBUG o.m.domain.mapper.ContextBuilder - Mapping : class org.mongolink.test.simpleMapping.FakeAggregateMappingWithCap
11:22:02.022 [main] DEBUG org.mongolink.domain.mapper.ClassMap - Mapping id : Property{class=org.mongolink.test.entity.FakeEntityWithCap, field=id}
11:22:02.023 [main] DEBUG o.m.domain.mapper.ContextBuilder - Mapping : class org.mongolink.test.simpleMapping.OtherAggregateWithNaturalIdMapping
11:22:02.023 [main] DEBUG org.mongolink.domain.mapper.ClassMap - Mapping id : Property{class=org.mongolink.test.entity.OtherEntityWithNaturalId, field=naturalKey}
11:22:02.023 [main] DEBUG o.m.domain.mapper.ContextBuilder - Mapping : class org.mongolink.test.simpleMapping.FakeAggregateMapping
11:22:02.025 [main] DEBUG org.mongolink.domain.mapper.ClassMap - Mapping id : Property{class=org.mongolink.test.entity.FakeAggregate, field=id}
11:22:02.026 [main] DEBUG org.mongolink.domain.mapper.ClassMap - Mapping property : Property{class=org.mongolink.test.entity.FakeAggregate, field=value}
11:22:02.026 [main] DEBUG org.mongolink.domain.mapper.ClassMap - Mapping collection : Property{class=org.mongolink.test.entity.FakeAggregate, field=comments}
11:22:02.026 [main] DEBUG org.mongolink.domain.mapper.ClassMap - Mapping property : Property{class=org.mongolink.test.entity.FakeAggregate, field=comment}
11:22:02.026 [main] DEBUG org.mongolink.domain.mapper.ClassMap - Mapping property : Property{class=org.mongolink.test.entity.FakeAggregate, field=index}
11:22:02.026 [main] DEBUG o.m.domain.mapper.ContextBuilder - Mapping : class org.mongolink.test.simpleMapping.CommentMapping
11:22:02.026 [main] DEBUG org.mongolink.domain.mapper.ClassMap - Mapping property : Property{class=org.mongolink.test.entity.Comment, field=value}
11:22:02.026 [main] DEBUG o.m.domain.mapper.ContextBuilder - Done scanning : [org.mongolink.test.simpleMapping]
11:22:02.026 [main] DEBUG org.mongolink.MongoSession - Starting
11:22:02.028 [main] WARN  org.mongolink.utils.FieldContainer - Property value was null : Property{class=org.mongolink.test.entity.FakeAggregateWithNaturalId, field=value}
11:22:02.029 [main] DEBUG o.m.domain.mapper.ContextBuilder - Scanning : [org.mongolink.test.simpleMapping]
11:22:02.030 [main] DEBUG o.m.domain.mapper.ContextBuilder - Mapping : class org.mongolink.test.simpleMapping.FakeAggregateWithNaturalIdMapping
11:22:02.030 [main] DEBUG org.mongolink.domain.mapper.ClassMap - Mapping id : Property{class=org.mongolink.test.entity.FakeAggregateWithNaturalId, field=naturalKey}
11:22:02.030 [main] DEBUG org.mongolink.domain.mapper.ClassMap - Mapping property : Property{class=org.mongolink.test.entity.FakeAggregateWithNaturalId, field=value}
11:22:02.030 [main] DEBUG o.m.domain.mapper.ContextBuilder - Mapping : class org.mongolink.test.simpleMapping.FakeAggregateMappingWithCap
11:22:02.030 [main] DEBUG org.mongolink.domain.mapper.ClassMap - Mapping id : Property{class=org.mongolink.test.entity.FakeEntityWithCap, field=id}
11:22:02.031 [main] DEBUG o.m.domain.mapper.ContextBuilder - Mapping : class org.mongolink.test.simpleMapping.OtherAggregateWithNaturalIdMapping
11:22:02.031 [main] DEBUG org.mongolink.domain.mapper.ClassMap - Mapping id : Property{class=org.mongolink.test.entity.OtherEntityWithNaturalId, field=naturalKey}
11:22:02.032 [main] DEBUG o.m.domain.mapper.ContextBuilder - Mapping : class org.mongolink.test.simpleMapping.FakeAggregateMapping
11:22:02.032 [main] DEBUG org.mongolink.domain.mapper.ClassMap - Mapping id : Property{class=org.mongolink.test.entity.FakeAggregate, field=id}
11:22:02.032 [main] DEBUG org.mongolink.domain.mapper.ClassMap - Mapping property : Property{class=org.mongolink.test.entity.FakeAggregate, field=value}
11:22:02.032 [main] DEBUG org.mongolink.domain.mapper.ClassMap - Mapping collection : Property{class=org.mongolink.test.entity.FakeAggregate, field=comments}
11:22:02.032 [main] DEBUG org.mongolink.domain.mapper.ClassMap - Mapping property : Property{class=org.mongolink.test.entity.FakeAggregate, field=comment}
11:22:02.032 [main] DEBUG org.mongolink.domain.mapper.ClassMap - Mapping property : Property{class=org.mongolink.test.entity.FakeAggregate, field=index}
11:22:02.032 [main] DEBUG o.m.domain.mapper.ContextBuilder - Mapping : class org.mongolink.test.simpleMapping.CommentMapping
11:22:02.032 [main] DEBUG org.mongolink.domain.mapper.ClassMap - Mapping property : Property{class=org.mongolink.test.entity.Comment, field=value}
11:22:02.032 [main] DEBUG o.m.domain.mapper.ContextBuilder - Done scanning : [org.mongolink.test.simpleMapping]
11:22:02.033 [main] DEBUG org.mongolink.MongoSession - Starting
11:22:02.033 [main] DEBUG org.mongolink.MongoSession - New entity register for additon : org.mongolink.test.entity.FakeAggregateWithNaturalId@1e636ea3
11:22:02.034 [main] DEBUG o.m.domain.mapper.ContextBuilder - Scanning : [org.mongolink.test.simpleMapping]
11:22:02.035 [main] DEBUG o.m.domain.mapper.ContextBuilder - Mapping : class org.mongolink.test.simpleMapping.FakeAggregateWithNaturalIdMapping
11:22:02.035 [main] DEBUG org.mongolink.domain.mapper.ClassMap - Mapping id : Property{class=org.mongolink.test.entity.FakeAggregateWithNaturalId, field=naturalKey}
11:22:02.035 [main] DEBUG org.mongolink.domain.mapper.ClassMap - Mapping property : Property{class=org.mongolink.test.entity.FakeAggregateWithNaturalId, field=value}
11:22:02.035 [main] DEBUG o.m.domain.mapper.ContextBuilder - Mapping : class org.mongolink.test.simpleMapping.FakeAggregateMappingWithCap
11:22:02.035 [main] DEBUG org.mongolink.domain.mapper.ClassMap - Mapping id : Property{class=org.mongolink.test.entity.FakeEntityWithCap, field=id}
11:22:02.035 [main] DEBUG o.m.domain.mapper.ContextBuilder - Mapping : class org.mongolink.test.simpleMapping.OtherAggregateWithNaturalIdMapping
11:22:02.036 [main] DEBUG org.mongolink.domain.mapper.ClassMap - Mapping id : Property{class=org.mongolink.test.entity.OtherEntityWithNaturalId, field=naturalKey}
11:22:02.036 [main] DEBUG o.m.domain.mapper.ContextBuilder - Mapping : class org.mongolink.test.simpleMapping.FakeAggregateMapping
11:22:02.036 [main] DEBUG org.mongolink.domain.mapper.ClassMap - Mapping id : Property{class=org.mongolink.test.entity.FakeAggregate, field=id}
11:22:02.036 [main] DEBUG org.mongolink.domain.mapper.ClassMap - Mapping property : Property{class=org.mongolink.test.entity.FakeAggregate, field=value}
11:22:02.036 [main] DEBUG org.mongolink.domain.mapper.ClassMap - Mapping collection : Property{class=org.mongolink.test.entity.FakeAggregate, field=comments}
11:22:02.036 [main] DEBUG org.mongolink.domain.mapper.ClassMap - Mapping property : Property{class=org.mongolink.test.entity.FakeAggregate, field=comment}
11:22:02.036 [main] DEBUG org.mongolink.domain.mapper.ClassMap - Mapping property : Property{class=org.mongolink.test.entity.FakeAggregate, field=index}
11:22:02.036 [main] DEBUG o.m.domain.mapper.ContextBuilder - Mapping : class org.mongolink.test.simpleMapping.CommentMapping
11:22:02.036 [main] DEBUG org.mongolink.domain.mapper.ClassMap - Mapping property : Property{class=org.mongolink.test.entity.Comment, field=value}
11:22:02.037 [main] DEBUG o.m.domain.mapper.ContextBuilder - Done scanning : [org.mongolink.test.simpleMapping]
11:22:02.037 [main] DEBUG org.mongolink.MongoSession - Starting
11:22:02.039 [main] DEBUG o.m.domain.mapper.ContextBuilder - Scanning : [org.mongolink.test.simpleMapping]
11:22:02.039 [main] DEBUG o.m.domain.mapper.ContextBuilder - Mapping : class org.mongolink.test.simpleMapping.FakeAggregateWithNaturalIdMapping
11:22:02.040 [main] DEBUG org.mongolink.domain.mapper.ClassMap - Mapping id : Property{class=org.mongolink.test.entity.FakeAggregateWithNaturalId, field=naturalKey}
11:22:02.040 [main] DEBUG org.mongolink.domain.mapper.ClassMap - Mapping property : Property{class=org.mongolink.test.entity.FakeAggregateWithNaturalId, field=value}
11:22:02.040 [main] DEBUG o.m.domain.mapper.ContextBuilder - Mapping : class org.mongolink.test.simpleMapping.FakeAggregateMappingWithCap
11:22:02.040 [main] DEBUG org.mongolink.domain.mapper.ClassMap - Mapping id : Property{class=org.mongolink.test.entity.FakeEntityWithCap, field=id}
11:22:02.040 [main] DEBUG o.m.domain.mapper.ContextBuilder - Mapping : class org.mongolink.test.simpleMapping.OtherAggregateWithNaturalIdMapping
11:22:02.040 [main] DEBUG org.mongolink.domain.mapper.ClassMap - Mapping id : Property{class=org.mongolink.test.entity.OtherEntityWithNaturalId, field=naturalKey}
11:22:02.041 [main] DEBUG o.m.domain.mapper.ContextBuilder - Mapping : class org.mongolink.test.simpleMapping.FakeAggregateMapping
11:22:02.041 [main] DEBUG org.mongolink.domain.mapper.ClassMap - Mapping id : Property{class=org.mongolink.test.entity.FakeAggregate, field=id}
11:22:02.041 [main] DEBUG org.mongolink.domain.mapper.ClassMap - Mapping property : Property{class=org.mongolink.test.entity.FakeAggregate, field=value}
11:22:02.041 [main] DEBUG org.mongolink.domain.mapper.ClassMap - Mapping collection : Property{class=org.mongolink.test.entity.FakeAggregate, field=comments}
11:22:02.041 [main] DEBUG org.mongolink.domain.mapper.ClassMap - Mapping property : Property{class=org.mongolink.test.entity.FakeAggregate, field=comment}
11:22:02.041 [main] DEBUG org.mongolink.domain.mapper.ClassMap - Mapping property : Property{class=org.mongolink.test.entity.FakeAggregate, field=index}
11:22:02.041 [main] DEBUG o.m.domain.mapper.ContextBuilder - Mapping : class org.mongolink.test.simpleMapping.CommentMapping
11:22:02.041 [main] DEBUG org.mongolink.domain.mapper.ClassMap - Mapping property : Property{class=org.mongolink.test.entity.Comment, field=value}
11:22:02.041 [main] DEBUG o.m.domain.mapper.ContextBuilder - Done scanning : [org.mongolink.test.simpleMapping]
11:22:02.042 [main] DEBUG org.mongolink.MongoSession - Starting
11:22:02.043 [main] DEBUG o.m.domain.mapper.ContextBuilder - Scanning : [org.mongolink.test.simpleMapping]
11:22:02.044 [main] DEBUG o.m.domain.mapper.ContextBuilder - Mapping : class org.mongolink.test.simpleMapping.FakeAggregateWithNaturalIdMapping
11:22:02.044 [main] DEBUG org.mongolink.domain.mapper.ClassMap - Mapping id : Property{class=org.mongolink.test.entity.FakeAggregateWithNaturalId, field=naturalKey}
11:22:02.044 [main] DEBUG org.mongolink.domain.mapper.ClassMap - Mapping property : Property{class=org.mongolink.test.entity.FakeAggregateWithNaturalId, field=value}
11:22:02.044 [main] DEBUG o.m.domain.mapper.ContextBuilder - Mapping : class org.mongolink.test.simpleMapping.FakeAggregateMappingWithCap
11:22:02.044 [main] DEBUG org.mongolink.domain.mapper.ClassMap - Mapping id : Property{class=org.mongolink.test.entity.FakeEntityWithCap, field=id}
11:22:02.045 [main] DEBUG o.m.domain.mapper.ContextBuilder - Mapping : class org.mongolink.test.simpleMapping.OtherAggregateWithNaturalIdMapping
11:22:02.045 [main] DEBUG org.mongolink.domain.mapper.ClassMap - Mapping id : Property{class=org.mongolink.test.entity.OtherEntityWithNaturalId, field=naturalKey}
11:22:02.045 [main] DEBUG o.m.domain.mapper.ContextBuilder - Mapping : class org.mongolink.test.simpleMapping.FakeAggregateMapping
11:22:02.045 [main] DEBUG org.mongolink.domain.mapper.ClassMap - Mapping id : Property{class=org.mongolink.test.entity.FakeAggregate, field=id}
11:22:02.045 [main] DEBUG org.mongolink.domain.mapper.ClassMap - Mapping property : Property{class=org.mongolink.test.entity.FakeAggregate, field=value}
11:22:02.045 [main] DEBUG org.mongolink.domain.mapper.ClassMap - Mapping collection : Property{class=org.mongolink.test.entity.FakeAggregate, field=comments}
11:22:02.045 [main] DEBUG org.mongolink.domain.mapper.ClassMap - Mapping property : Property{class=org.mongolink.test.entity.FakeAggregate, field=comment}
11:22:02.045 [main] DEBUG org.mongolink.domain.mapper.ClassMap - Mapping property : Property{class=org.mongolink.test.entity.FakeAggregate, field=index}
11:22:02.045 [main] DEBUG o.m.domain.mapper.ContextBuilder - Mapping : class org.mongolink.test.simpleMapping.CommentMapping
11:22:02.046 [main] DEBUG org.mongolink.domain.mapper.ClassMap - Mapping property : Property{class=org.mongolink.test.entity.Comment, field=value}
11:22:02.046 [main] DEBUG o.m.domain.mapper.ContextBuilder - Done scanning : [org.mongolink.test.simpleMapping]
11:22:02.046 [main] DEBUG org.mongolink.MongoSession - Starting
11:22:02.046 [main] DEBUG org.mongolink.MongoSession - New entity register for additon : org.mongolink.test.entity.FakeAggregateWithNaturalId@495fac5f
11:22:02.046 [main] DEBUG org.mongolink.MongoSession - Commiting unit of work
11:22:02.047 [main] DEBUG org.mongolink.MongoSession - Entity added :{ "_id" : "natural key" , "value" : "a value"}
11:22:02.047 [main] DEBUG org.mongolink.MongoSession - Done commiting
Tests run: 26, Failures: 0, Errors: 0, Skipped: 0, Time elapsed: 0.258 sec
Running org.mongolink.domain.session.TestsMongoSessionWithInheritance
11:22:02.052 [main] DEBUG org.mongolink.domain.mapper.ClassMap - Mapping id : Property{class=org.mongolink.test.entity.FakeAggregate, field=id}
11:22:02.052 [main] DEBUG org.mongolink.domain.mapper.ClassMap - Mapping property : Property{class=org.mongolink.test.entity.FakeAggregate, field=value}
11:22:02.056 [main] DEBUG org.mongolink.domain.mapper.ClassMap - Mapping subclass : FakeChildAggregate
11:22:02.056 [main] DEBUG org.mongolink.domain.mapper.ClassMap - Mapping property : Property{class=org.mongolink.test.entity.FakeChildAggregate, field=childName}
11:22:02.056 [main] DEBUG org.mongolink.MongoSession - Starting
11:22:02.057 [main] WARN  org.mongolink.utils.FieldContainer - Property value was null : Property{class=org.mongolink.test.entity.FakeChildAggregate, field=childName}
11:22:02.058 [main] WARN  org.mongolink.utils.FieldContainer - Property value was null : Property{class=org.mongolink.test.entity.FakeAggregate, field=value}
11:22:02.059 [main] DEBUG org.mongolink.domain.mapper.ClassMap - Mapping id : Property{class=org.mongolink.test.entity.FakeAggregate, field=id}
11:22:02.059 [main] DEBUG org.mongolink.domain.mapper.ClassMap - Mapping property : Property{class=org.mongolink.test.entity.FakeAggregate, field=value}
11:22:02.060 [main] DEBUG org.mongolink.domain.mapper.ClassMap - Mapping subclass : FakeChildAggregate
11:22:02.060 [main] DEBUG org.mongolink.domain.mapper.ClassMap - Mapping property : Property{class=org.mongolink.test.entity.FakeChildAggregate, field=childName}
11:22:02.060 [main] DEBUG org.mongolink.MongoSession - Starting
11:22:02.061 [main] WARN  org.mongolink.utils.FieldContainer - Property value was null : Property{class=org.mongolink.test.entity.FakeChildAggregate, field=childName}
11:22:02.061 [main] WARN  org.mongolink.utils.FieldContainer - Property value was null : Property{class=org.mongolink.test.entity.FakeAggregate, field=value}
11:22:02.062 [main] DEBUG org.mongolink.domain.mapper.ClassMap - Mapping id : Property{class=org.mongolink.test.entity.FakeAggregate, field=id}
11:22:02.062 [main] DEBUG org.mongolink.domain.mapper.ClassMap - Mapping property : Property{class=org.mongolink.test.entity.FakeAggregate, field=value}
11:22:02.062 [main] DEBUG org.mongolink.domain.mapper.ClassMap - Mapping subclass : FakeChildAggregate
11:22:02.062 [main] DEBUG org.mongolink.domain.mapper.ClassMap - Mapping property : Property{class=org.mongolink.test.entity.FakeChildAggregate, field=childName}
11:22:02.063 [main] DEBUG org.mongolink.MongoSession - Starting
11:22:02.063 [main] DEBUG org.mongolink.MongoSession - New entity register for additon : org.mongolink.test.entity.FakeChildAggregate@7cf6a5f9
11:22:02.063 [main] DEBUG org.mongolink.MongoSession - Commiting unit of work
11:22:02.064 [main] DEBUG org.mongolink.MongoSession - Entity added :{ "__discriminator" : "FakeChildAggregate" , "_id" : "2"}
11:22:02.064 [main] DEBUG org.mongolink.MongoSession - Done commiting
Tests run: 3, Failures: 0, Errors: 0, Skipped: 0, Time elapsed: 0.015 sec
Running org.mongolink.domain.session.TestsUnitOfWork
Tests run: 2, Failures: 0, Errors: 0, Skipped: 0, Time elapsed: 0.009 sec
Running org.mongolink.domain.updateStrategy.DiffTest
1
2
3
Tests run: 1, Failures: 0, Errors: 0, Skipped: 0, Time elapsed: 0.006 sec
Running org.mongolink.domain.updateStrategy.DiffStrategyTest
11:22:02.088 [main] DEBUG o.m.d.updateStrategy.DiffStrategy - Updating array : { "_id" :  null } modifier: $pull  values: { "liste" : "first"}
11:22:02.090 [main] DEBUG o.m.d.updateStrategy.DiffStrategy - Updating array : { "_id" :  null } modifier: $pushAll  values: { "liste" : [ "third" , "other"]}
11:22:02.091 [main] DEBUG o.m.d.updateStrategy.DiffStrategy - Updating array : { "_id" :  null } modifier: $push  values: { "liste" : "third"}
11:22:02.092 [main] DEBUG o.m.d.updateStrategy.DiffStrategy - Updating : collection null : query { "_id" :  null } : modifiers : { "$set" : { "liste.0" : "second" , "liste.1" : "first"}}
Tests run: 3, Failures: 0, Errors: 0, Skipped: 0, Time elapsed: 0.007 sec
Running org.mongolink.domain.updateStrategy.TestsListVisitor
Tests run: 6, Failures: 0, Errors: 0, Skipped: 2, Time elapsed: 0.006 sec
Running org.mongolink.domain.updateStrategy.TestsDbObjectDiff
Tests run: 12, Failures: 0, Errors: 0, Skipped: 0, Time elapsed: 0.008 sec
Running org.mongolink.domain.mapper.TestsContextBuilder
11:22:02.111 [main] DEBUG o.m.domain.mapper.ContextBuilder - Scanning : [org.mongolink.test.simpleMapping, org.mongolink.test.additionalMapping]
11:22:02.112 [main] DEBUG o.m.domain.mapper.ContextBuilder - Mapping : class org.mongolink.test.simpleMapping.FakeAggregateWithNaturalIdMapping
11:22:02.112 [main] DEBUG org.mongolink.domain.mapper.ClassMap - Mapping id : Property{class=org.mongolink.test.entity.FakeAggregateWithNaturalId, field=naturalKey}
11:22:02.113 [main] DEBUG org.mongolink.domain.mapper.ClassMap - Mapping property : Property{class=org.mongolink.test.entity.FakeAggregateWithNaturalId, field=value}
11:22:02.113 [main] DEBUG o.m.domain.mapper.ContextBuilder - Mapping : class org.mongolink.test.simpleMapping.FakeAggregateMappingWithCap
11:22:02.113 [main] DEBUG org.mongolink.domain.mapper.ClassMap - Mapping id : Property{class=org.mongolink.test.entity.FakeEntityWithCap, field=id}
11:22:02.113 [main] DEBUG o.m.domain.mapper.ContextBuilder - Mapping : class org.mongolink.test.simpleMapping.OtherAggregateWithNaturalIdMapping
11:22:02.113 [main] DEBUG org.mongolink.domain.mapper.ClassMap - Mapping id : Property{class=org.mongolink.test.entity.OtherEntityWithNaturalId, field=naturalKey}
11:22:02.113 [main] DEBUG o.m.domain.mapper.ContextBuilder - Mapping : class org.mongolink.test.simpleMapping.FakeAggregateMapping
11:22:02.113 [main] DEBUG org.mongolink.domain.mapper.ClassMap - Mapping id : Property{class=org.mongolink.test.entity.FakeAggregate, field=id}
11:22:02.113 [main] DEBUG org.mongolink.domain.mapper.ClassMap - Mapping property : Property{class=org.mongolink.test.entity.FakeAggregate, field=value}
11:22:02.113 [main] DEBUG org.mongolink.domain.mapper.ClassMap - Mapping collection : Property{class=org.mongolink.test.entity.FakeAggregate, field=comments}
11:22:02.113 [main] DEBUG org.mongolink.domain.mapper.ClassMap - Mapping property : Property{class=org.mongolink.test.entity.FakeAggregate, field=comment}
11:22:02.113 [main] DEBUG org.mongolink.domain.mapper.ClassMap - Mapping property : Property{class=org.mongolink.test.entity.FakeAggregate, field=index}
11:22:02.113 [main] DEBUG o.m.domain.mapper.ContextBuilder - Mapping : class org.mongolink.test.simpleMapping.CommentMapping
11:22:02.113 [main] DEBUG org.mongolink.domain.mapper.ClassMap - Mapping property : Property{class=org.mongolink.test.entity.Comment, field=value}
11:22:02.115 [main] DEBUG o.m.domain.mapper.ContextBuilder - Mapping : class org.mongolink.test.additionalMapping.PostMapping
11:22:02.116 [main] DEBUG org.mongolink.domain.mapper.ClassMap - Mapping property : Property{class=org.mongolink.test.entity.Post, field=title}
11:22:02.116 [main] DEBUG org.mongolink.domain.mapper.ClassMap - Mapping property : Property{class=org.mongolink.test.entity.Post, field=content}
11:22:02.116 [main] DEBUG o.m.domain.mapper.ContextBuilder - Done scanning : [org.mongolink.test.simpleMapping, org.mongolink.test.additionalMapping]
11:22:02.116 [main] DEBUG o.m.domain.mapper.ContextBuilder - Scanning : [org.mongolink.test.simpleMapping]
11:22:02.117 [main] DEBUG o.m.domain.mapper.ContextBuilder - Mapping : class org.mongolink.test.simpleMapping.FakeAggregateWithNaturalIdMapping
11:22:02.117 [main] DEBUG org.mongolink.domain.mapper.ClassMap - Mapping id : Property{class=org.mongolink.test.entity.FakeAggregateWithNaturalId, field=naturalKey}
11:22:02.117 [main] DEBUG org.mongolink.domain.mapper.ClassMap - Mapping property : Property{class=org.mongolink.test.entity.FakeAggregateWithNaturalId, field=value}
11:22:02.117 [main] DEBUG o.m.domain.mapper.ContextBuilder - Mapping : class org.mongolink.test.simpleMapping.FakeAggregateMappingWithCap
11:22:02.117 [main] DEBUG org.mongolink.domain.mapper.ClassMap - Mapping id : Property{class=org.mongolink.test.entity.FakeEntityWithCap, field=id}
11:22:02.117 [main] DEBUG o.m.domain.mapper.ContextBuilder - Mapping : class org.mongolink.test.simpleMapping.OtherAggregateWithNaturalIdMapping
11:22:02.118 [main] DEBUG org.mongolink.domain.mapper.ClassMap - Mapping id : Property{class=org.mongolink.test.entity.OtherEntityWithNaturalId, field=naturalKey}
11:22:02.118 [main] DEBUG o.m.domain.mapper.ContextBuilder - Mapping : class org.mongolink.test.simpleMapping.FakeAggregateMapping
11:22:02.118 [main] DEBUG org.mongolink.domain.mapper.ClassMap - Mapping id : Property{class=org.mongolink.test.entity.FakeAggregate, field=id}
11:22:02.118 [main] DEBUG org.mongolink.domain.mapper.ClassMap - Mapping property : Property{class=org.mongolink.test.entity.FakeAggregate, field=value}
11:22:02.118 [main] DEBUG org.mongolink.domain.mapper.ClassMap - Mapping collection : Property{class=org.mongolink.test.entity.FakeAggregate, field=comments}
11:22:02.118 [main] DEBUG org.mongolink.domain.mapper.ClassMap - Mapping property : Property{class=org.mongolink.test.entity.FakeAggregate, field=comment}
11:22:02.118 [main] DEBUG org.mongolink.domain.mapper.ClassMap - Mapping property : Property{class=org.mongolink.test.entity.FakeAggregate, field=index}
11:22:02.118 [main] DEBUG o.m.domain.mapper.ContextBuilder - Mapping : class org.mongolink.test.simpleMapping.CommentMapping
11:22:02.118 [main] DEBUG org.mongolink.domain.mapper.ClassMap - Mapping property : Property{class=org.mongolink.test.entity.Comment, field=value}
11:22:02.118 [main] DEBUG o.m.domain.mapper.ContextBuilder - Done scanning : [org.mongolink.test.simpleMapping]
11:22:02.119 [main] DEBUG o.m.domain.mapper.ContextBuilder - Scanning : [org.mongolink.test.inheritanceMapping]
11:22:02.120 [main] DEBUG o.m.domain.mapper.ContextBuilder - Mapping : class org.mongolink.test.inheritanceMapping.FakeAggregateWithSubclassMapping
11:22:02.120 [main] DEBUG org.mongolink.domain.mapper.ClassMap - Mapping id : Property{class=org.mongolink.test.entity.FakeAggregate, field=id}
11:22:02.120 [main] DEBUG org.mongolink.domain.mapper.ClassMap - Mapping property : Property{class=org.mongolink.test.entity.FakeAggregate, field=value}
11:22:02.121 [main] DEBUG org.mongolink.domain.mapper.ClassMap - Mapping subclass : FakeChildAggregate
11:22:02.121 [main] DEBUG org.mongolink.domain.mapper.ClassMap - Mapping property : Property{class=org.mongolink.test.entity.FakeChildAggregate, field=childName}
11:22:02.121 [main] DEBUG o.m.domain.mapper.ContextBuilder - Mapping : class org.mongolink.test.inheritanceMapping.FakeAggregateWithTwoSubclassMapping
11:22:02.121 [main] DEBUG org.mongolink.domain.mapper.ClassMap - Mapping id : Property{class=org.mongolink.test.entity.FakeAggregate, field=id}
11:22:02.121 [main] DEBUG org.mongolink.domain.mapper.ClassMap - Mapping subclass : FakeChildAggregate
11:22:02.125 [main] DEBUG org.mongolink.domain.mapper.ClassMap - Mapping subclass : OtherFakeChildAggregate
11:22:02.125 [main] DEBUG o.m.domain.mapper.ContextBuilder - Done scanning : [org.mongolink.test.inheritanceMapping]
Tests run: 3, Failures: 0, Errors: 0, Skipped: 0, Time elapsed: 0.013 sec
Running org.mongolink.domain.mapper.TestsCollectionMapper
Tests run: 2, Failures: 0, Errors: 0, Skipped: 0, Time elapsed: 0.008 sec
Running org.mongolink.domain.mapper.TestsSubclassMapper
11:22:02.138 [main] DEBUG org.mongolink.domain.mapper.ClassMap - Mapping subclass : FakeChildAggregate
11:22:02.138 [main] DEBUG org.mongolink.domain.mapper.ClassMap - Mapping id : Property{class=org.mongolink.test.entity.FakeAggregate, field=id}
11:22:02.138 [main] DEBUG org.mongolink.domain.mapper.ClassMap - Mapping property : Property{class=org.mongolink.test.entity.FakeAggregate, field=value}
11:22:02.138 [main] DEBUG org.mongolink.domain.mapper.ClassMap - Mapping collection : Property{class=org.mongolink.test.entity.FakeAggregate, field=comments}
11:22:02.138 [main] DEBUG org.mongolink.domain.mapper.ClassMap - Mapping property : Property{class=org.mongolink.test.entity.FakeAggregate, field=comment}
11:22:02.138 [main] DEBUG org.mongolink.domain.mapper.ClassMap - Mapping property : Property{class=org.mongolink.test.entity.FakeAggregate, field=index}
11:22:02.138 [main] DEBUG org.mongolink.domain.mapper.ClassMap - Mapping property : Property{class=org.mongolink.test.entity.FakeChildAggregate, field=childName}
11:22:02.139 [main] DEBUG org.mongolink.domain.mapper.ClassMap - Mapping subclass : FakeChildAggregate
11:22:02.139 [main] DEBUG org.mongolink.domain.mapper.ClassMap - Mapping id : Property{class=org.mongolink.test.entity.FakeAggregate, field=id}
11:22:02.139 [main] DEBUG org.mongolink.domain.mapper.ClassMap - Mapping property : Property{class=org.mongolink.test.entity.FakeAggregate, field=value}
11:22:02.140 [main] DEBUG org.mongolink.domain.mapper.ClassMap - Mapping collection : Property{class=org.mongolink.test.entity.FakeAggregate, field=comments}
11:22:02.140 [main] DEBUG org.mongolink.domain.mapper.ClassMap - Mapping property : Property{class=org.mongolink.test.entity.FakeAggregate, field=comment}
11:22:02.140 [main] DEBUG org.mongolink.domain.mapper.ClassMap - Mapping property : Property{class=org.mongolink.test.entity.FakeAggregate, field=index}
11:22:02.140 [main] DEBUG org.mongolink.domain.mapper.ClassMap - Mapping property : Property{class=org.mongolink.test.entity.FakeChildAggregate, field=childName}
11:22:02.141 [main] DEBUG org.mongolink.domain.mapper.ClassMap - Mapping subclass : FakeChildAggregate
11:22:02.141 [main] DEBUG org.mongolink.domain.mapper.ClassMap - Mapping id : Property{class=org.mongolink.test.entity.FakeAggregate, field=id}
11:22:02.141 [main] DEBUG org.mongolink.domain.mapper.ClassMap - Mapping property : Property{class=org.mongolink.test.entity.FakeAggregate, field=value}
11:22:02.141 [main] DEBUG org.mongolink.domain.mapper.ClassMap - Mapping collection : Property{class=org.mongolink.test.entity.FakeAggregate, field=comments}
11:22:02.141 [main] DEBUG org.mongolink.domain.mapper.ClassMap - Mapping property : Property{class=org.mongolink.test.entity.FakeAggregate, field=comment}
11:22:02.141 [main] DEBUG org.mongolink.domain.mapper.ClassMap - Mapping property : Property{class=org.mongolink.test.entity.FakeAggregate, field=index}
11:22:02.141 [main] DEBUG org.mongolink.domain.mapper.ClassMap - Mapping property : Property{class=org.mongolink.test.entity.FakeChildAggregate, field=childName}
11:22:02.141 [main] WARN  org.mongolink.utils.FieldContainer - Property value was null : Property{class=org.mongolink.test.entity.FakeAggregate, field=comment}
11:22:02.141 [main] WARN  org.mongolink.utils.FieldContainer - Property value was null : Property{class=org.mongolink.test.entity.FakeAggregate, field=index}
11:22:02.142 [main] DEBUG org.mongolink.domain.mapper.ClassMap - Mapping subclass : FakeChildAggregate
11:22:02.142 [main] DEBUG org.mongolink.domain.mapper.ClassMap - Mapping id : Property{class=org.mongolink.test.entity.FakeAggregate, field=id}
11:22:02.142 [main] DEBUG org.mongolink.domain.mapper.ClassMap - Mapping property : Property{class=org.mongolink.test.entity.FakeAggregate, field=value}
11:22:02.142 [main] DEBUG org.mongolink.domain.mapper.ClassMap - Mapping collection : Property{class=org.mongolink.test.entity.FakeAggregate, field=comments}
11:22:02.142 [main] DEBUG org.mongolink.domain.mapper.ClassMap - Mapping property : Property{class=org.mongolink.test.entity.FakeAggregate, field=comment}
11:22:02.142 [main] DEBUG org.mongolink.domain.mapper.ClassMap - Mapping property : Property{class=org.mongolink.test.entity.FakeAggregate, field=index}
11:22:02.142 [main] DEBUG org.mongolink.domain.mapper.ClassMap - Mapping property : Property{class=org.mongolink.test.entity.FakeChildAggregate, field=childName}
11:22:02.143 [main] DEBUG org.mongolink.domain.mapper.ClassMap - Mapping subclass : FakeChildAggregate
11:22:02.143 [main] DEBUG org.mongolink.domain.mapper.ClassMap - Mapping id : Property{class=org.mongolink.test.entity.FakeAggregate, field=id}
11:22:02.143 [main] DEBUG org.mongolink.domain.mapper.ClassMap - Mapping property : Property{class=org.mongolink.test.entity.FakeAggregate, field=value}
11:22:02.143 [main] DEBUG org.mongolink.domain.mapper.ClassMap - Mapping collection : Property{class=org.mongolink.test.entity.FakeAggregate, field=comments}
11:22:02.143 [main] DEBUG org.mongolink.domain.mapper.ClassMap - Mapping property : Property{class=org.mongolink.test.entity.FakeAggregate, field=comment}
11:22:02.143 [main] DEBUG org.mongolink.domain.mapper.ClassMap - Mapping property : Property{class=org.mongolink.test.entity.FakeAggregate, field=index}
11:22:02.143 [main] DEBUG org.mongolink.domain.mapper.ClassMap - Mapping property : Property{class=org.mongolink.test.entity.FakeChildAggregate, field=childName}
11:22:02.144 [main] WARN  org.mongolink.utils.FieldContainer - Property value was null : Property{class=org.mongolink.test.entity.FakeAggregate, field=comment}
11:22:02.144 [main] WARN  org.mongolink.utils.FieldContainer - Property value was null : Property{class=org.mongolink.test.entity.FakeAggregate, field=index}
11:22:02.144 [main] DEBUG org.mongolink.domain.mapper.ClassMap - Mapping subclass : FakeChildAggregate
11:22:02.144 [main] DEBUG org.mongolink.domain.mapper.ClassMap - Mapping id : Property{class=org.mongolink.test.entity.FakeAggregate, field=id}
11:22:02.144 [main] DEBUG org.mongolink.domain.mapper.ClassMap - Mapping property : Property{class=org.mongolink.test.entity.FakeAggregate, field=value}
11:22:02.145 [main] DEBUG org.mongolink.domain.mapper.ClassMap - Mapping collection : Property{class=org.mongolink.test.entity.FakeAggregate, field=comments}
11:22:02.145 [main] DEBUG org.mongolink.domain.mapper.ClassMap - Mapping property : Property{class=org.mongolink.test.entity.FakeAggregate, field=comment}
11:22:02.145 [main] DEBUG org.mongolink.domain.mapper.ClassMap - Mapping property : Property{class=org.mongolink.test.entity.FakeAggregate, field=index}
11:22:02.145 [main] DEBUG org.mongolink.domain.mapper.ClassMap - Mapping property : Property{class=org.mongolink.test.entity.FakeChildAggregate, field=childName}
Tests run: 6, Failures: 0, Errors: 0, Skipped: 0, Time elapsed: 0.01 sec
Running org.mongolink.domain.mapper.TestsComponentMapper
11:22:02.146 [main] DEBUG org.mongolink.domain.mapper.ClassMap - Mapping property : Property{class=org.mongolink.test.entity.Comment, field=value}
11:22:02.146 [main] DEBUG org.mongolink.domain.mapper.ClassMap - Mapping property : Property{class=org.mongolink.test.entity.Comment, field=value}
Tests run: 2, Failures: 0, Errors: 0, Skipped: 0, Time elapsed: 0 sec
Running org.mongolink.domain.mapper.TestsPropertyMapper
11:22:02.148 [main] DEBUG org.mongolink.domain.mapper.ClassMap - Mapping property : Property{class=org.mongolink.test.entity.Comment, field=value}
11:22:02.149 [main] DEBUG org.mongolink.domain.mapper.ClassMap - Mapping property : Property{class=org.mongolink.test.entity.Comment, field=value}
Tests run: 11, Failures: 0, Errors: 0, Skipped: 0, Time elapsed: 0.013 sec
Running org.mongolink.domain.mapper.TestsMapperContext
11:22:02.161 [main] DEBUG org.mongolink.domain.mapper.ClassMap - Mapping property : Property{class=org.mongolink.test.entity.Comment, field=value}
Tests run: 2, Failures: 0, Errors: 0, Skipped: 0, Time elapsed: 0.001 sec
Running org.mongolink.domain.mapper.TestsClassMapper
11:22:02.162 [main] DEBUG org.mongolink.domain.mapper.ClassMap - Mapping id : Property{class=org.mongolink.test.entity.FakeAggregate, field=id}
11:22:02.162 [main] DEBUG org.mongolink.domain.mapper.ClassMap - Mapping property : Property{class=org.mongolink.test.entity.FakeAggregate, field=value}
11:22:02.162 [main] DEBUG org.mongolink.domain.mapper.ClassMap - Mapping collection : Property{class=org.mongolink.test.entity.FakeAggregate, field=comments}
11:22:02.162 [main] DEBUG org.mongolink.domain.mapper.ClassMap - Mapping property : Property{class=org.mongolink.test.entity.FakeAggregate, field=comment}
11:22:02.163 [main] DEBUG org.mongolink.domain.mapper.ClassMap - Mapping property : Property{class=org.mongolink.test.entity.FakeAggregate, field=index}
11:22:02.163 [main] DEBUG org.mongolink.domain.mapper.ClassMap - Mapping property : Property{class=org.mongolink.test.entity.Comment, field=value}
11:22:02.163 [main] DEBUG org.mongolink.domain.mapper.ClassMap - Mapping id : Property{class=org.mongolink.test.entity.FakeAggregate, field=id}
11:22:02.163 [main] DEBUG org.mongolink.domain.mapper.ClassMap - Mapping property : Property{class=org.mongolink.test.entity.FakeAggregate, field=value}
11:22:02.163 [main] DEBUG org.mongolink.domain.mapper.ClassMap - Mapping collection : Property{class=org.mongolink.test.entity.FakeAggregate, field=comments}
11:22:02.163 [main] DEBUG org.mongolink.domain.mapper.ClassMap - Mapping property : Property{class=org.mongolink.test.entity.FakeAggregate, field=comment}
11:22:02.163 [main] DEBUG org.mongolink.domain.mapper.ClassMap - Mapping property : Property{class=org.mongolink.test.entity.FakeAggregate, field=index}
11:22:02.163 [main] DEBUG org.mongolink.domain.mapper.ClassMap - Mapping property : Property{class=org.mongolink.test.entity.Comment, field=value}
11:22:02.163 [main] DEBUG org.mongolink.domain.mapper.ClassMap - Mapping id : Property{class=org.mongolink.test.entity.FakeAggregate, field=id}
11:22:02.164 [main] DEBUG org.mongolink.domain.mapper.ClassMap - Mapping property : Property{class=org.mongolink.test.entity.FakeAggregate, field=value}
11:22:02.164 [main] DEBUG org.mongolink.domain.mapper.ClassMap - Mapping collection : Property{class=org.mongolink.test.entity.FakeAggregate, field=comments}
11:22:02.164 [main] DEBUG org.mongolink.domain.mapper.ClassMap - Mapping property : Property{class=org.mongolink.test.entity.FakeAggregate, field=comment}
11:22:02.164 [main] DEBUG org.mongolink.domain.mapper.ClassMap - Mapping property : Property{class=org.mongolink.test.entity.FakeAggregate, field=index}
11:22:02.164 [main] DEBUG org.mongolink.domain.mapper.ClassMap - Mapping property : Property{class=org.mongolink.test.entity.Comment, field=value}
11:22:02.164 [main] DEBUG org.mongolink.domain.mapper.ClassMap - Mapping id : Property{class=org.mongolink.test.entity.FakeAggregate, field=id}
11:22:02.164 [main] DEBUG org.mongolink.domain.mapper.ClassMap - Mapping property : Property{class=org.mongolink.test.entity.FakeAggregate, field=value}
11:22:02.164 [main] DEBUG org.mongolink.domain.mapper.ClassMap - Mapping collection : Property{class=org.mongolink.test.entity.FakeAggregate, field=comments}
11:22:02.164 [main] DEBUG org.mongolink.domain.mapper.ClassMap - Mapping property : Property{class=org.mongolink.test.entity.FakeAggregate, field=comment}
11:22:02.164 [main] DEBUG org.mongolink.domain.mapper.ClassMap - Mapping property : Property{class=org.mongolink.test.entity.FakeAggregate, field=index}
11:22:02.164 [main] DEBUG org.mongolink.domain.mapper.ClassMap - Mapping property : Property{class=org.mongolink.test.entity.Comment, field=value}
11:22:02.164 [main] WARN  org.mongolink.utils.FieldContainer - Property value was null : Property{class=org.mongolink.test.entity.FakeAggregate, field=comment}
11:22:02.164 [main] WARN  org.mongolink.utils.FieldContainer - Property value was null : Property{class=org.mongolink.test.entity.FakeAggregate, field=index}
Tests run: 4, Failures: 0, Errors: 0, Skipped: 0, Time elapsed: 0.002 sec
Running org.mongolink.domain.mapper.TestsIdMapper
Tests run: 2, Failures: 0, Errors: 0, Skipped: 0, Time elapsed: 0.003 sec
Running org.mongolink.domain.mapper.TestsMapMapper
Tests run: 2, Failures: 0, Errors: 0, Skipped: 0, Time elapsed: 0.002 sec
Running org.mongolink.domain.mapper.TestsAggregateMapper
11:22:02.172 [main] DEBUG org.mongolink.domain.mapper.ClassMap - Mapping id : Property{class=org.mongolink.test.entity.FakeAggregate, field=id}
11:22:02.172 [main] DEBUG org.mongolink.domain.mapper.ClassMap - Mapping property : Property{class=org.mongolink.test.entity.FakeAggregate, field=value}
11:22:02.172 [main] DEBUG org.mongolink.domain.mapper.ClassMap - Mapping collection : Property{class=org.mongolink.test.entity.FakeAggregate, field=comments}
11:22:02.172 [main] DEBUG org.mongolink.domain.mapper.ClassMap - Mapping property : Property{class=org.mongolink.test.entity.FakeAggregate, field=comment}
11:22:02.172 [main] DEBUG org.mongolink.domain.mapper.ClassMap - Mapping property : Property{class=org.mongolink.test.entity.FakeAggregate, field=index}
11:22:02.172 [main] DEBUG org.mongolink.domain.mapper.ClassMap - Mapping property : Property{class=org.mongolink.test.entity.Comment, field=value}
11:22:02.173 [main] DEBUG org.mongolink.domain.mapper.ClassMap - Mapping id : Property{class=org.mongolink.test.entity.FakeAggregate, field=id}
11:22:02.173 [main] DEBUG org.mongolink.domain.mapper.ClassMap - Mapping property : Property{class=org.mongolink.test.entity.FakeAggregate, field=value}
11:22:02.173 [main] DEBUG org.mongolink.domain.mapper.ClassMap - Mapping collection : Property{class=org.mongolink.test.entity.FakeAggregate, field=comments}
11:22:02.173 [main] DEBUG org.mongolink.domain.mapper.ClassMap - Mapping property : Property{class=org.mongolink.test.entity.FakeAggregate, field=comment}
11:22:02.173 [main] DEBUG org.mongolink.domain.mapper.ClassMap - Mapping property : Property{class=org.mongolink.test.entity.FakeAggregate, field=index}
11:22:02.173 [main] DEBUG org.mongolink.domain.mapper.ClassMap - Mapping property : Property{class=org.mongolink.test.entity.Comment, field=value}
11:22:02.173 [main] DEBUG org.mongolink.domain.mapper.ClassMap - Mapping id : Property{class=org.mongolink.test.entity.FakeAggregateWithNaturalId, field=naturalKey}
11:22:02.173 [main] DEBUG org.mongolink.domain.mapper.ClassMap - Mapping property : Property{class=org.mongolink.test.entity.FakeAggregateWithNaturalId, field=value}
11:22:02.174 [main] DEBUG org.mongolink.domain.mapper.ClassMap - Mapping id : Property{class=org.mongolink.test.entity.FakeAggregate, field=id}
11:22:02.174 [main] DEBUG org.mongolink.domain.mapper.ClassMap - Mapping property : Property{class=org.mongolink.test.entity.FakeAggregate, field=value}
11:22:02.174 [main] DEBUG org.mongolink.domain.mapper.ClassMap - Mapping collection : Property{class=org.mongolink.test.entity.FakeAggregate, field=comments}
11:22:02.174 [main] DEBUG org.mongolink.domain.mapper.ClassMap - Mapping property : Property{class=org.mongolink.test.entity.FakeAggregate, field=comment}
11:22:02.174 [main] DEBUG org.mongolink.domain.mapper.ClassMap - Mapping property : Property{class=org.mongolink.test.entity.FakeAggregate, field=index}
11:22:02.174 [main] DEBUG org.mongolink.domain.mapper.ClassMap - Mapping property : Property{class=org.mongolink.test.entity.Comment, field=value}
11:22:02.174 [main] DEBUG org.mongolink.domain.mapper.ClassMap - Mapping id : Property{class=org.mongolink.test.entity.FakeAggregate, field=id}
11:22:02.174 [main] DEBUG org.mongolink.domain.mapper.ClassMap - Mapping property : Property{class=org.mongolink.test.entity.FakeAggregate, field=value}
11:22:02.174 [main] DEBUG org.mongolink.domain.mapper.ClassMap - Mapping subclass : FakeChildAggregate
11:22:02.174 [main] DEBUG org.mongolink.domain.mapper.ClassMap - Mapping property : Property{class=org.mongolink.test.entity.FakeChildAggregate, field=childName}
11:22:02.174 [main] WARN  org.mongolink.utils.FieldContainer - Property value was null : Property{class=org.mongolink.test.entity.FakeAggregate, field=value}
11:22:02.175 [main] DEBUG org.mongolink.domain.mapper.ClassMap - Mapping id : Property{class=org.mongolink.test.entity.FakeAggregate, field=id}
11:22:02.175 [main] DEBUG org.mongolink.domain.mapper.ClassMap - Mapping property : Property{class=org.mongolink.test.entity.FakeAggregate, field=value}
11:22:02.175 [main] DEBUG org.mongolink.domain.mapper.ClassMap - Mapping collection : Property{class=org.mongolink.test.entity.FakeAggregate, field=comments}
11:22:02.175 [main] DEBUG org.mongolink.domain.mapper.ClassMap - Mapping property : Property{class=org.mongolink.test.entity.FakeAggregate, field=comment}
11:22:02.175 [main] DEBUG org.mongolink.domain.mapper.ClassMap - Mapping property : Property{class=org.mongolink.test.entity.FakeAggregate, field=index}
11:22:02.175 [main] DEBUG org.mongolink.domain.mapper.ClassMap - Mapping property : Property{class=org.mongolink.test.entity.Comment, field=value}
11:22:02.175 [main] WARN  org.mongolink.utils.FieldContainer - Property value was null : Property{class=org.mongolink.test.entity.FakeAggregate, field=value}
11:22:02.175 [main] WARN  org.mongolink.utils.FieldContainer - Property value was null : Property{class=org.mongolink.test.entity.FakeAggregate, field=comment}
11:22:02.175 [main] WARN  org.mongolink.utils.FieldContainer - Property value was null : Property{class=org.mongolink.test.entity.FakeAggregate, field=index}
11:22:02.175 [main] DEBUG org.mongolink.domain.mapper.ClassMap - Mapping id : Property{class=org.mongolink.test.entity.FakeAggregate, field=id}
11:22:02.176 [main] DEBUG org.mongolink.domain.mapper.ClassMap - Mapping property : Property{class=org.mongolink.test.entity.FakeAggregate, field=value}
11:22:02.176 [main] DEBUG org.mongolink.domain.mapper.ClassMap - Mapping collection : Property{class=org.mongolink.test.entity.FakeAggregate, field=comments}
11:22:02.176 [main] DEBUG org.mongolink.domain.mapper.ClassMap - Mapping property : Property{class=org.mongolink.test.entity.FakeAggregate, field=comment}
11:22:02.176 [main] DEBUG org.mongolink.domain.mapper.ClassMap - Mapping property : Property{class=org.mongolink.test.entity.FakeAggregate, field=index}
11:22:02.176 [main] DEBUG org.mongolink.domain.mapper.ClassMap - Mapping property : Property{class=org.mongolink.test.entity.Comment, field=value}
11:22:02.176 [main] DEBUG org.mongolink.domain.mapper.ClassMap - Mapping id : Property{class=org.mongolink.test.entity.FakeAggregateWithNaturalId, field=naturalKey}
11:22:02.176 [main] DEBUG org.mongolink.domain.mapper.ClassMap - Mapping property : Property{class=org.mongolink.test.entity.FakeAggregateWithNaturalId, field=value}
11:22:02.177 [main] WARN  org.mongolink.utils.FieldContainer - Property value was null : Property{class=org.mongolink.test.entity.FakeAggregateWithNaturalId, field=value}
11:22:02.178 [main] DEBUG org.mongolink.domain.mapper.ClassMap - Mapping id : Property{class=org.mongolink.test.entity.FakeAggregate, field=id}
11:22:02.178 [main] DEBUG org.mongolink.domain.mapper.ClassMap - Mapping property : Property{class=org.mongolink.test.entity.FakeAggregate, field=value}
11:22:02.178 [main] DEBUG org.mongolink.domain.mapper.ClassMap - Mapping collection : Property{class=org.mongolink.test.entity.FakeAggregate, field=comments}
11:22:02.178 [main] DEBUG org.mongolink.domain.mapper.ClassMap - Mapping property : Property{class=org.mongolink.test.entity.FakeAggregate, field=comment}
11:22:02.178 [main] DEBUG org.mongolink.domain.mapper.ClassMap - Mapping property : Property{class=org.mongolink.test.entity.FakeAggregate, field=index}
11:22:02.178 [main] DEBUG org.mongolink.domain.mapper.ClassMap - Mapping property : Property{class=org.mongolink.test.entity.Comment, field=value}
11:22:02.178 [main] DEBUG org.mongolink.domain.mapper.ClassMap - Mapping id : Property{class=org.mongolink.test.entity.FakeAggregate, field=id}
11:22:02.178 [main] DEBUG org.mongolink.domain.mapper.ClassMap - Mapping property : Property{class=org.mongolink.test.entity.FakeAggregate, field=value}
11:22:02.178 [main] DEBUG org.mongolink.domain.mapper.ClassMap - Mapping collection : Property{class=org.mongolink.test.entity.FakeAggregate, field=comments}
11:22:02.178 [main] DEBUG org.mongolink.domain.mapper.ClassMap - Mapping property : Property{class=org.mongolink.test.entity.FakeAggregate, field=comment}
11:22:02.178 [main] DEBUG org.mongolink.domain.mapper.ClassMap - Mapping property : Property{class=org.mongolink.test.entity.FakeAggregate, field=index}
11:22:02.178 [main] DEBUG org.mongolink.domain.mapper.ClassMap - Mapping property : Property{class=org.mongolink.test.entity.Comment, field=value}
11:22:02.179 [main] WARN  org.mongolink.utils.FieldContainer - Property value was null : Property{class=org.mongolink.test.entity.FakeAggregate, field=comment}
11:22:02.179 [main] WARN  org.mongolink.utils.FieldContainer - Property value was null : Property{class=org.mongolink.test.entity.FakeAggregate, field=index}
11:22:02.179 [main] DEBUG org.mongolink.domain.mapper.ClassMap - Mapping id : Property{class=org.mongolink.test.entity.FakeAggregate, field=id}
11:22:02.179 [main] DEBUG org.mongolink.domain.mapper.ClassMap - Mapping property : Property{class=org.mongolink.test.entity.FakeAggregate, field=value}
11:22:02.179 [main] DEBUG org.mongolink.domain.mapper.ClassMap - Mapping collection : Property{class=org.mongolink.test.entity.FakeAggregate, field=comments}
11:22:02.179 [main] DEBUG org.mongolink.domain.mapper.ClassMap - Mapping property : Property{class=org.mongolink.test.entity.FakeAggregate, field=comment}
11:22:02.179 [main] DEBUG org.mongolink.domain.mapper.ClassMap - Mapping property : Property{class=org.mongolink.test.entity.FakeAggregate, field=index}
11:22:02.179 [main] DEBUG org.mongolink.domain.mapper.ClassMap - Mapping property : Property{class=org.mongolink.test.entity.Comment, field=value}
11:22:02.180 [main] DEBUG org.mongolink.domain.mapper.ClassMap - Mapping id : Property{class=org.mongolink.test.entity.FakeAggregate, field=id}
11:22:02.180 [main] DEBUG org.mongolink.domain.mapper.ClassMap - Mapping property : Property{class=org.mongolink.test.entity.FakeAggregate, field=value}
11:22:02.180 [main] DEBUG org.mongolink.domain.mapper.ClassMap - Mapping collection : Property{class=org.mongolink.test.entity.FakeAggregate, field=comments}
11:22:02.180 [main] DEBUG org.mongolink.domain.mapper.ClassMap - Mapping property : Property{class=org.mongolink.test.entity.FakeAggregate, field=comment}
11:22:02.180 [main] DEBUG org.mongolink.domain.mapper.ClassMap - Mapping property : Property{class=org.mongolink.test.entity.FakeAggregate, field=index}
11:22:02.180 [main] DEBUG org.mongolink.domain.mapper.ClassMap - Mapping property : Property{class=org.mongolink.test.entity.Comment, field=value}
11:22:02.180 [main] DEBUG org.mongolink.domain.mapper.ClassMap - Mapping id : Property{class=org.mongolink.test.entity.FakeAggregate, field=id}
11:22:02.180 [main] DEBUG org.mongolink.domain.mapper.ClassMap - Mapping property : Property{class=org.mongolink.test.entity.FakeAggregate, field=value}
11:22:02.180 [main] DEBUG org.mongolink.domain.mapper.ClassMap - Mapping subclass : FakeChildAggregate
11:22:02.180 [main] DEBUG org.mongolink.domain.mapper.ClassMap - Mapping property : Property{class=org.mongolink.test.entity.FakeChildAggregate, field=childName}
11:22:02.180 [main] WARN  org.mongolink.utils.FieldContainer - Property value was null : Property{class=org.mongolink.test.entity.FakeChildAggregate, field=childName}
11:22:02.180 [main] WARN  org.mongolink.utils.FieldContainer - Property value was null : Property{class=org.mongolink.test.entity.FakeAggregate, field=value}
Tests run: 9, Failures: 0, Errors: 0, Skipped: 0, Time elapsed: 0.012 sec
Running org.mongolink.domain.mapper.TestsPropertyInterceptor
Tests run: 2, Failures: 0, Errors: 0, Skipped: 0, Time elapsed: 0.007 sec
Running org.mongolink.domain.mapper.TestsAggregateMap
11:22:02.193 [main] DEBUG org.mongolink.domain.mapper.ClassMap - Mapping id : Property{class=org.mongolink.test.entity.FakeAggregate, field=id}
11:22:02.193 [main] DEBUG org.mongolink.domain.mapper.ClassMap - Mapping subclass : FakeChildAggregate
11:22:02.193 [main] DEBUG org.mongolink.domain.mapper.ClassMap - Mapping subclass : OtherFakeChildAggregate
11:22:02.194 [main] DEBUG org.mongolink.domain.mapper.ClassMap - Mapping id : Property{class=org.mongolink.test.entity.FakeAggregate, field=id}
11:22:02.194 [main] DEBUG org.mongolink.domain.mapper.ClassMap - Mapping property : Property{class=org.mongolink.test.entity.FakeAggregate, field=value}
11:22:02.195 [main] DEBUG org.mongolink.domain.mapper.ClassMap - Mapping subclass : FakeChildAggregate
11:22:02.196 [main] DEBUG org.mongolink.domain.mapper.ClassMap - Mapping property : Property{class=org.mongolink.test.entity.FakeChildAggregate, field=childName}
11:22:02.196 [main] DEBUG org.mongolink.domain.mapper.ClassMap - Mapping id : Property{class=org.mongolink.test.entity.FakeEntityWithCap, field=id}
11:22:02.196 [main] DEBUG org.mongolink.domain.mapper.ClassMap - Mapping id : Property{class=org.mongolink.test.entity.FakeAggregate, field=id}
11:22:02.197 [main] DEBUG org.mongolink.domain.mapper.ClassMap - Mapping property : Property{class=org.mongolink.test.entity.FakeAggregate, field=value}
11:22:02.197 [main] DEBUG org.mongolink.domain.mapper.ClassMap - Mapping collection : Property{class=org.mongolink.test.entity.FakeAggregate, field=comments}
11:22:02.197 [main] DEBUG org.mongolink.domain.mapper.ClassMap - Mapping property : Property{class=org.mongolink.test.entity.FakeAggregate, field=comment}
11:22:02.197 [main] DEBUG org.mongolink.domain.mapper.ClassMap - Mapping property : Property{class=org.mongolink.test.entity.FakeAggregate, field=index}
11:22:02.197 [main] DEBUG org.mongolink.domain.mapper.ClassMap - Mapping id : Property{class=org.mongolink.test.entity.FakeEntityWithCap, field=id}
11:22:02.198 [main] DEBUG org.mongolink.domain.mapper.ClassMap - Mapping id : Property{class=org.mongolink.test.entity.FakeEntityWithCap, field=id}
Tests run: 7, Failures: 0, Errors: 0, Skipped: 0, Time elapsed: 0.006 sec
Running org.mongolink.domain.TestQueryExecutor
Tests run: 3, Failures: 0, Errors: 0, Skipped: 0, Time elapsed: 0.016 sec
Running org.mongolink.domain.converter.TestsLocalDateConverter
Tests run: 3, Failures: 0, Errors: 0, Skipped: 0, Time elapsed: 0 sec
Running org.mongolink.domain.converter.Java8LocalDateTimeConverterTest
Tests run: 4, Failures: 0, Errors: 0, Skipped: 0, Time elapsed: 0.006 sec
Running org.mongolink.domain.converter.Java8LocalDateConverterTest
Tests run: 3, Failures: 0, Errors: 0, Skipped: 0, Time elapsed: 0 sec
Running org.mongolink.domain.converter.TestsConverter
Tests run: 2, Failures: 0, Errors: 0, Skipped: 0, Time elapsed: 0 sec
Running org.mongolink.domain.converter.TestsMoneyConverter
Tests run: 3, Failures: 0, Errors: 0, Skipped: 0, Time elapsed: 0.01 sec
Running org.mongolink.domain.converter.TestsDateTimeConverter
Tests run: 4, Failures: 0, Errors: 0, Skipped: 0, Time elapsed: 0.001 sec
Running org.mongolink.utils.TestsSettings
Tests run: 10, Failures: 0, Errors: 0, Skipped: 0, Time elapsed: 0.002 sec
Running org.mongolink.utils.TestsPropertyContainer
Tests run: 4, Failures: 0, Errors: 0, Skipped: 0, Time elapsed: 0.001 sec

Results :

Tests run: 159, Failures: 0, Errors: 0, Skipped: 3

[[1;34mINFO[m] 
[[1;34mINFO[m] [1m-----------------< [0;36morg.mongolink:mongolink-testtools[0;1m >------------------[m
[[1;34mINFO[m] [1mBuilding mongolink-testtools 1.2.2                                 [3/3][m
[[1;34mINFO[m] [1m--------------------------------[ jar ]---------------------------------[m
[[1;34mINFO[m] 
[[1;34mINFO[m] [1m--- [0;32mmaven-enforcer-plugin:1.2:enforce[m [1m(enforce-maven)[m @ [36mmongolink-testtools[0;1m ---[m
[[1;34mINFO[m] 
[[1;34mINFO[m] [1m--- [0;32mmaven-resources-plugin:2.6:resources[m [1m(default-resources)[m @ [36mmongolink-testtools[0;1m ---[m
[[1;34mINFO[m] Using 'UTF-8' encoding to copy filtered resources.
[[1;34mINFO[m] skip non existing resourceDirectory /home/kbour/Documents/Stage/ProjetTest/repoV1_bis/varymvn/mongolink-1.2.2_clone/mongolink-1.2.2_8_8/mongolink-testtools/src/main/resources
[[1;34mINFO[m] 
[[1;34mINFO[m] [1m--- [0;32mmaven-compiler-plugin:2.3.2:compile[m [1m(default-compile)[m @ [36mmongolink-testtools[0;1m ---[m
[[1;34mINFO[m] Nothing to compile - all classes are up to date
[[1;34mINFO[m] 
[[1;34mINFO[m] [1m--- [0;32mmaven-resources-plugin:2.6:testResources[m [1m(default-testResources)[m @ [36mmongolink-testtools[0;1m ---[m
[[1;34mINFO[m] Using 'UTF-8' encoding to copy filtered resources.
[[1;34mINFO[m] skip non existing resourceDirectory /home/kbour/Documents/Stage/ProjetTest/repoV1_bis/varymvn/mongolink-1.2.2_clone/mongolink-1.2.2_8_8/mongolink-testtools/src/test/resources
[[1;34mINFO[m] 
[[1;34mINFO[m] [1m--- [0;32mmaven-compiler-plugin:2.3.2:testCompile[m [1m(default-testCompile)[m @ [36mmongolink-testtools[0;1m ---[m
[[1;34mINFO[m] No sources to compile
[[1;34mINFO[m] 
[[1;34mINFO[m] [1m--- [0;32mmaven-surefire-plugin:2.12.4:test[m [1m(default-test)[m @ [36mmongolink-testtools[0;1m ---[m
[[1;34mINFO[m] No tests to run.
[[1;34mINFO[m] [1m------------------------------------------------------------------------[m
[[1;34mINFO[m] [1mReactor Summary for mongolink-parent 1.2.2:[m
[[1;34mINFO[m] 
[[1;34mINFO[m] mongolink-parent ................................... [1;32mSUCCESS[m [  0.126 s]
[[1;34mINFO[m] mongolink .......................................... [1;32mSUCCESS[m [  1.556 s]
[[1;34mINFO[m] mongolink-testtools ................................ [1;32mSUCCESS[m [  0.019 s]
[[1;34mINFO[m] [1m------------------------------------------------------------------------[m
[[1;34mINFO[m] [1;32mBUILD SUCCESS[m
[[1;34mINFO[m] [1m------------------------------------------------------------------------[m
[[1;34mINFO[m] Total time:  2.239 s
[[1;34mINFO[m] Finished at: 2022-07-26T11:22:02+02:00
[[1;34mINFO[m] [1m------------------------------------------------------------------------[m
