[[1;34mINFO[m] Scanning for projects...
[[1;34mINFO[m] Inspecting build with total of 3 modules...
[[1;34mINFO[m] Installing Nexus Staging features:
[[1;34mINFO[m]   ... total of 3 executions of maven-deploy-plugin replaced with nexus-staging-maven-plugin
[[1;34mINFO[m] [1m------------------------------------------------------------------------[m
[[1;34mINFO[m] [1mReactor Build Order:[m
[[1;34mINFO[m] 
[[1;34mINFO[m] mongolink-parent                                                   [pom]
[[1;34mINFO[m] mongolink                                                          [jar]
[[1;34mINFO[m] mongolink-testtools                                                [jar]
[[1;34mINFO[m] 
[[1;34mINFO[m] [1m-------------------< [0;36morg.mongolink:mongolink-parent[0;1m >-------------------[m
[[1;34mINFO[m] [1mBuilding mongolink-parent 1.2.2                                    [1/3][m
[[1;34mINFO[m] [1m--------------------------------[ pom ]---------------------------------[m
[[1;34mINFO[m] 
[[1;34mINFO[m] [1m--- [0;32mmaven-enforcer-plugin:1.2:enforce[m [1m(enforce-maven)[m @ [36mmongolink-parent[0;1m ---[m
[[1;34mINFO[m] 
[[1;34mINFO[m] [1m----------------------< [0;36morg.mongolink:mongolink[0;1m >-----------------------[m
[[1;34mINFO[m] [1mBuilding mongolink 1.2.2                                           [2/3][m
[[1;34mINFO[m] [1m--------------------------------[ jar ]---------------------------------[m
[[1;34mINFO[m] 
[[1;34mINFO[m] [1m--- [0;32mmaven-enforcer-plugin:1.2:enforce[m [1m(enforce-maven)[m @ [36mmongolink[0;1m ---[m
[[1;34mINFO[m] 
[[1;34mINFO[m] [1m--- [0;32mmaven-resources-plugin:2.6:resources[m [1m(default-resources)[m @ [36mmongolink[0;1m ---[m
[[1;34mINFO[m] Using 'UTF-8' encoding to copy filtered resources.
[[1;34mINFO[m] skip non existing resourceDirectory /home/kbour/Documents/Stage/ProjetTest/repoV1_bis/varymvn/mongolink-1.2.2_clone/mongolink-1.2.2_14_7/mongolink/src/main/resources
[[1;34mINFO[m] 
[[1;34mINFO[m] [1m--- [0;32mmaven-compiler-plugin:2.3.2:compile[m [1m(default-compile)[m @ [36mmongolink[0;1m ---[m
[[1;34mINFO[m] Nothing to compile - all classes are up to date
[[1;34mINFO[m] 
[[1;34mINFO[m] [1m--- [0;32mmaven-resources-plugin:2.6:testResources[m [1m(default-testResources)[m @ [36mmongolink[0;1m ---[m
[[1;34mINFO[m] Using 'UTF-8' encoding to copy filtered resources.
[[1;34mINFO[m] Copying 1 resource
[[1;34mINFO[m] 
[[1;34mINFO[m] [1m--- [0;32mmaven-compiler-plugin:2.3.2:testCompile[m [1m(default-testCompile)[m @ [36mmongolink[0;1m ---[m
[[1;34mINFO[m] Nothing to compile - all classes are up to date
[[1;34mINFO[m] 
[[1;34mINFO[m] [1m--- [0;32mmaven-surefire-plugin:2.12.4:test[m [1m(default-test)[m @ [36mmongolink[0;1m ---[m
[[1;34mINFO[m] Surefire report directory: /home/kbour/Documents/Stage/ProjetTest/repoV1_bis/varymvn/mongolink-1.2.2_clone/mongolink-1.2.2_14_7/mongolink/target/surefire-reports

-------------------------------------------------------
 T E S T S
-------------------------------------------------------
Running org.mongolink.domain.criteria.TestsElementMatchCriteria
WARNING: An illegal reflective access operation has occurred
WARNING: Illegal reflective access by org.mockito.cglib.core.ReflectUtils$2 (file:/root/.m2/repository/org/mockito/mockito-core/1.9.5/mockito-core-1.9.5.jar) to method java.lang.ClassLoader.defineClass(java.lang.String,byte[],int,int,java.security.ProtectionDomain)
WARNING: Please consider reporting this to the maintainers of org.mockito.cglib.core.ReflectUtils$2
WARNING: Use --illegal-access=warn to enable warnings of further illegal reflective access operations
WARNING: All illegal access operations will be denied in a future release
Tests run: 1, Failures: 0, Errors: 0, Skipped: 0, Time elapsed: 0.114 sec
Running org.mongolink.domain.criteria.TestsCriteria
Tests run: 12, Failures: 0, Errors: 0, Skipped: 0, Time elapsed: 0.073 sec
Running org.mongolink.domain.session.TestsMongoSessionManagerImpl
11:25:40.084 [main] DEBUG o.m.domain.mapper.ContextBuilder - Scanning : [org.mongolink.test.simpleMapping]
11:25:40.153 [main] DEBUG o.m.domain.mapper.ContextBuilder - Mapping : class org.mongolink.test.simpleMapping.FakeAggregateWithNaturalIdMapping
11:25:40.157 [main] DEBUG org.mongolink.domain.mapper.ClassMap - Mapping id : Property{class=org.mongolink.test.entity.FakeAggregateWithNaturalId, field=naturalKey}
11:25:40.158 [main] DEBUG org.mongolink.domain.mapper.ClassMap - Mapping property : Property{class=org.mongolink.test.entity.FakeAggregateWithNaturalId, field=value}
11:25:40.163 [main] DEBUG o.m.domain.mapper.ContextBuilder - Mapping : class org.mongolink.test.simpleMapping.FakeAggregateMappingWithCap
11:25:40.164 [main] DEBUG org.mongolink.domain.mapper.ClassMap - Mapping id : Property{class=org.mongolink.test.entity.FakeEntityWithCap, field=id}
11:25:40.167 [main] DEBUG o.m.domain.mapper.ContextBuilder - Mapping : class org.mongolink.test.simpleMapping.OtherAggregateWithNaturalIdMapping
11:25:40.167 [main] DEBUG org.mongolink.domain.mapper.ClassMap - Mapping id : Property{class=org.mongolink.test.entity.OtherEntityWithNaturalId, field=naturalKey}
11:25:40.172 [main] DEBUG o.m.domain.mapper.ContextBuilder - Mapping : class org.mongolink.test.simpleMapping.FakeAggregateMapping
11:25:40.173 [main] DEBUG org.mongolink.domain.mapper.ClassMap - Mapping id : Property{class=org.mongolink.test.entity.FakeAggregate, field=id}
11:25:40.173 [main] DEBUG org.mongolink.domain.mapper.ClassMap - Mapping property : Property{class=org.mongolink.test.entity.FakeAggregate, field=value}
11:25:40.173 [main] DEBUG org.mongolink.domain.mapper.ClassMap - Mapping collection : Property{class=org.mongolink.test.entity.FakeAggregate, field=comments}
11:25:40.174 [main] DEBUG org.mongolink.domain.mapper.ClassMap - Mapping property : Property{class=org.mongolink.test.entity.FakeAggregate, field=comment}
11:25:40.174 [main] DEBUG org.mongolink.domain.mapper.ClassMap - Mapping property : Property{class=org.mongolink.test.entity.FakeAggregate, field=index}
11:25:40.177 [main] DEBUG o.m.domain.mapper.ContextBuilder - Mapping : class org.mongolink.test.simpleMapping.CommentMapping
11:25:40.177 [main] DEBUG org.mongolink.domain.mapper.ClassMap - Mapping property : Property{class=org.mongolink.test.entity.Comment, field=value}
11:25:40.178 [main] DEBUG o.m.domain.mapper.ContextBuilder - Done scanning : [org.mongolink.test.simpleMapping]
11:25:40.221 [main] DEBUG org.mongolink.MongoSession - Starting
11:25:40.248 [main] DEBUG org.mongolink.MongoSession - Commiting unit of work
11:25:40.251 [main] DEBUG org.mongolink.MongoSession - Done commiting
11:25:40.251 [main] DEBUG org.mongolink.MongoSession - Stoping
11:25:40.252 [main] DEBUG o.m.domain.mapper.ContextBuilder - Scanning : [org.mongolink.test.simpleMapping]
11:25:40.253 [main] DEBUG o.m.domain.mapper.ContextBuilder - Mapping : class org.mongolink.test.simpleMapping.FakeAggregateWithNaturalIdMapping
11:25:40.253 [main] DEBUG org.mongolink.domain.mapper.ClassMap - Mapping id : Property{class=org.mongolink.test.entity.FakeAggregateWithNaturalId, field=naturalKey}
11:25:40.253 [main] DEBUG org.mongolink.domain.mapper.ClassMap - Mapping property : Property{class=org.mongolink.test.entity.FakeAggregateWithNaturalId, field=value}
11:25:40.254 [main] DEBUG o.m.domain.mapper.ContextBuilder - Mapping : class org.mongolink.test.simpleMapping.FakeAggregateMappingWithCap
11:25:40.254 [main] DEBUG org.mongolink.domain.mapper.ClassMap - Mapping id : Property{class=org.mongolink.test.entity.FakeEntityWithCap, field=id}
11:25:40.254 [main] DEBUG o.m.domain.mapper.ContextBuilder - Mapping : class org.mongolink.test.simpleMapping.OtherAggregateWithNaturalIdMapping
11:25:40.254 [main] DEBUG org.mongolink.domain.mapper.ClassMap - Mapping id : Property{class=org.mongolink.test.entity.OtherEntityWithNaturalId, field=naturalKey}
11:25:40.254 [main] DEBUG o.m.domain.mapper.ContextBuilder - Mapping : class org.mongolink.test.simpleMapping.FakeAggregateMapping
11:25:40.254 [main] DEBUG org.mongolink.domain.mapper.ClassMap - Mapping id : Property{class=org.mongolink.test.entity.FakeAggregate, field=id}
11:25:40.254 [main] DEBUG org.mongolink.domain.mapper.ClassMap - Mapping property : Property{class=org.mongolink.test.entity.FakeAggregate, field=value}
11:25:40.254 [main] DEBUG org.mongolink.domain.mapper.ClassMap - Mapping collection : Property{class=org.mongolink.test.entity.FakeAggregate, field=comments}
11:25:40.254 [main] DEBUG org.mongolink.domain.mapper.ClassMap - Mapping property : Property{class=org.mongolink.test.entity.FakeAggregate, field=comment}
11:25:40.254 [main] DEBUG org.mongolink.domain.mapper.ClassMap - Mapping property : Property{class=org.mongolink.test.entity.FakeAggregate, field=index}
11:25:40.255 [main] DEBUG o.m.domain.mapper.ContextBuilder - Mapping : class org.mongolink.test.simpleMapping.CommentMapping
11:25:40.255 [main] DEBUG org.mongolink.domain.mapper.ClassMap - Mapping property : Property{class=org.mongolink.test.entity.Comment, field=value}
11:25:40.255 [main] DEBUG o.m.domain.mapper.ContextBuilder - Done scanning : [org.mongolink.test.simpleMapping]
11:25:40.255 [main] DEBUG org.mongolink.MongoSession - Starting
11:25:40.255 [main] DEBUG org.mongolink.MongoSession - Commiting unit of work
11:25:40.255 [main] DEBUG org.mongolink.MongoSession - Done commiting
11:25:40.255 [main] DEBUG org.mongolink.MongoSession - Stoping
11:25:40.255 [main] DEBUG o.m.domain.mapper.ContextBuilder - Scanning : [org.mongolink.test.simpleMapping]
11:25:40.256 [main] DEBUG o.m.domain.mapper.ContextBuilder - Mapping : class org.mongolink.test.simpleMapping.FakeAggregateWithNaturalIdMapping
11:25:40.256 [main] DEBUG org.mongolink.domain.mapper.ClassMap - Mapping id : Property{class=org.mongolink.test.entity.FakeAggregateWithNaturalId, field=naturalKey}
11:25:40.256 [main] DEBUG org.mongolink.domain.mapper.ClassMap - Mapping property : Property{class=org.mongolink.test.entity.FakeAggregateWithNaturalId, field=value}
11:25:40.256 [main] DEBUG o.m.domain.mapper.ContextBuilder - Mapping : class org.mongolink.test.simpleMapping.FakeAggregateMappingWithCap
11:25:40.256 [main] DEBUG org.mongolink.domain.mapper.ClassMap - Mapping id : Property{class=org.mongolink.test.entity.FakeEntityWithCap, field=id}
11:25:40.257 [main] DEBUG o.m.domain.mapper.ContextBuilder - Mapping : class org.mongolink.test.simpleMapping.OtherAggregateWithNaturalIdMapping
11:25:40.257 [main] DEBUG org.mongolink.domain.mapper.ClassMap - Mapping id : Property{class=org.mongolink.test.entity.OtherEntityWithNaturalId, field=naturalKey}
11:25:40.257 [main] DEBUG o.m.domain.mapper.ContextBuilder - Mapping : class org.mongolink.test.simpleMapping.FakeAggregateMapping
11:25:40.257 [main] DEBUG org.mongolink.domain.mapper.ClassMap - Mapping id : Property{class=org.mongolink.test.entity.FakeAggregate, field=id}
11:25:40.257 [main] DEBUG org.mongolink.domain.mapper.ClassMap - Mapping property : Property{class=org.mongolink.test.entity.FakeAggregate, field=value}
11:25:40.257 [main] DEBUG org.mongolink.domain.mapper.ClassMap - Mapping collection : Property{class=org.mongolink.test.entity.FakeAggregate, field=comments}
11:25:40.257 [main] DEBUG org.mongolink.domain.mapper.ClassMap - Mapping property : Property{class=org.mongolink.test.entity.FakeAggregate, field=comment}
11:25:40.257 [main] DEBUG org.mongolink.domain.mapper.ClassMap - Mapping property : Property{class=org.mongolink.test.entity.FakeAggregate, field=index}
11:25:40.257 [main] DEBUG o.m.domain.mapper.ContextBuilder - Mapping : class org.mongolink.test.simpleMapping.CommentMapping
11:25:40.257 [main] DEBUG org.mongolink.domain.mapper.ClassMap - Mapping property : Property{class=org.mongolink.test.entity.Comment, field=value}
11:25:40.257 [main] DEBUG o.m.domain.mapper.ContextBuilder - Done scanning : [org.mongolink.test.simpleMapping]
11:25:40.258 [main] DEBUG org.mongolink.MongoSession - Starting
11:25:40.258 [main] DEBUG org.mongolink.MongoSession - Commiting unit of work
11:25:40.258 [main] DEBUG org.mongolink.MongoSession - Done commiting
11:25:40.258 [main] DEBUG org.mongolink.MongoSession - Stoping
11:25:40.259 [main] DEBUG o.m.domain.mapper.ContextBuilder - Scanning : [org.mongolink.test.simpleMapping]
11:25:40.259 [main] DEBUG o.m.domain.mapper.ContextBuilder - Mapping : class org.mongolink.test.simpleMapping.FakeAggregateWithNaturalIdMapping
11:25:40.259 [main] DEBUG org.mongolink.domain.mapper.ClassMap - Mapping id : Property{class=org.mongolink.test.entity.FakeAggregateWithNaturalId, field=naturalKey}
11:25:40.259 [main] DEBUG org.mongolink.domain.mapper.ClassMap - Mapping property : Property{class=org.mongolink.test.entity.FakeAggregateWithNaturalId, field=value}
11:25:40.260 [main] DEBUG o.m.domain.mapper.ContextBuilder - Mapping : class org.mongolink.test.simpleMapping.FakeAggregateMappingWithCap
11:25:40.260 [main] DEBUG org.mongolink.domain.mapper.ClassMap - Mapping id : Property{class=org.mongolink.test.entity.FakeEntityWithCap, field=id}
11:25:40.260 [main] DEBUG o.m.domain.mapper.ContextBuilder - Mapping : class org.mongolink.test.simpleMapping.OtherAggregateWithNaturalIdMapping
11:25:40.260 [main] DEBUG org.mongolink.domain.mapper.ClassMap - Mapping id : Property{class=org.mongolink.test.entity.OtherEntityWithNaturalId, field=naturalKey}
11:25:40.260 [main] DEBUG o.m.domain.mapper.ContextBuilder - Mapping : class org.mongolink.test.simpleMapping.FakeAggregateMapping
11:25:40.260 [main] DEBUG org.mongolink.domain.mapper.ClassMap - Mapping id : Property{class=org.mongolink.test.entity.FakeAggregate, field=id}
11:25:40.260 [main] DEBUG org.mongolink.domain.mapper.ClassMap - Mapping property : Property{class=org.mongolink.test.entity.FakeAggregate, field=value}
11:25:40.260 [main] DEBUG org.mongolink.domain.mapper.ClassMap - Mapping collection : Property{class=org.mongolink.test.entity.FakeAggregate, field=comments}
11:25:40.260 [main] DEBUG org.mongolink.domain.mapper.ClassMap - Mapping property : Property{class=org.mongolink.test.entity.FakeAggregate, field=comment}
11:25:40.260 [main] DEBUG org.mongolink.domain.mapper.ClassMap - Mapping property : Property{class=org.mongolink.test.entity.FakeAggregate, field=index}
11:25:40.260 [main] DEBUG o.m.domain.mapper.ContextBuilder - Mapping : class org.mongolink.test.simpleMapping.CommentMapping
11:25:40.261 [main] DEBUG org.mongolink.domain.mapper.ClassMap - Mapping property : Property{class=org.mongolink.test.entity.Comment, field=value}
11:25:40.261 [main] DEBUG o.m.domain.mapper.ContextBuilder - Done scanning : [org.mongolink.test.simpleMapping]
11:25:40.261 [main] DEBUG org.mongolink.MongoSession - Starting
11:25:40.261 [main] DEBUG org.mongolink.MongoSession - Commiting unit of work
11:25:40.261 [main] DEBUG org.mongolink.MongoSession - Done commiting
11:25:40.261 [main] DEBUG org.mongolink.MongoSession - Stoping
11:25:40.261 [main] DEBUG org.mongolink.MongoSession - Starting
Tests run: 5, Failures: 0, Errors: 0, Skipped: 1, Time elapsed: 0.343 sec
Running org.mongolink.domain.session.TestsMongoSessionImpl
11:25:40.301 [main] DEBUG o.m.domain.mapper.ContextBuilder - Scanning : [org.mongolink.test.simpleMapping]
11:25:40.302 [main] DEBUG o.m.domain.mapper.ContextBuilder - Mapping : class org.mongolink.test.simpleMapping.FakeAggregateWithNaturalIdMapping
11:25:40.302 [main] DEBUG org.mongolink.domain.mapper.ClassMap - Mapping id : Property{class=org.mongolink.test.entity.FakeAggregateWithNaturalId, field=naturalKey}
11:25:40.302 [main] DEBUG org.mongolink.domain.mapper.ClassMap - Mapping property : Property{class=org.mongolink.test.entity.FakeAggregateWithNaturalId, field=value}
11:25:40.303 [main] DEBUG o.m.domain.mapper.ContextBuilder - Mapping : class org.mongolink.test.simpleMapping.FakeAggregateMappingWithCap
11:25:40.303 [main] DEBUG org.mongolink.domain.mapper.ClassMap - Mapping id : Property{class=org.mongolink.test.entity.FakeEntityWithCap, field=id}
11:25:40.303 [main] DEBUG o.m.domain.mapper.ContextBuilder - Mapping : class org.mongolink.test.simpleMapping.OtherAggregateWithNaturalIdMapping
11:25:40.303 [main] DEBUG org.mongolink.domain.mapper.ClassMap - Mapping id : Property{class=org.mongolink.test.entity.OtherEntityWithNaturalId, field=naturalKey}
11:25:40.303 [main] DEBUG o.m.domain.mapper.ContextBuilder - Mapping : class org.mongolink.test.simpleMapping.FakeAggregateMapping
11:25:40.303 [main] DEBUG org.mongolink.domain.mapper.ClassMap - Mapping id : Property{class=org.mongolink.test.entity.FakeAggregate, field=id}
11:25:40.303 [main] DEBUG org.mongolink.domain.mapper.ClassMap - Mapping property : Property{class=org.mongolink.test.entity.FakeAggregate, field=value}
11:25:40.303 [main] DEBUG org.mongolink.domain.mapper.ClassMap - Mapping collection : Property{class=org.mongolink.test.entity.FakeAggregate, field=comments}
11:25:40.303 [main] DEBUG org.mongolink.domain.mapper.ClassMap - Mapping property : Property{class=org.mongolink.test.entity.FakeAggregate, field=comment}
11:25:40.304 [main] DEBUG org.mongolink.domain.mapper.ClassMap - Mapping property : Property{class=org.mongolink.test.entity.FakeAggregate, field=index}
11:25:40.304 [main] DEBUG o.m.domain.mapper.ContextBuilder - Mapping : class org.mongolink.test.simpleMapping.CommentMapping
11:25:40.304 [main] DEBUG org.mongolink.domain.mapper.ClassMap - Mapping property : Property{class=org.mongolink.test.entity.Comment, field=value}
11:25:40.304 [main] DEBUG o.m.domain.mapper.ContextBuilder - Done scanning : [org.mongolink.test.simpleMapping]
11:25:40.304 [main] DEBUG org.mongolink.MongoSession - Starting
11:25:40.320 [main] DEBUG org.mongolink.MongoSession - New entity register for additon : org.mongolink.test.entity.FakeAggregate@42b02722
11:25:40.320 [main] DEBUG org.mongolink.MongoSession - New entity register for additon : org.mongolink.test.entity.FakeAggregate@d62fe5b
11:25:40.320 [main] DEBUG org.mongolink.MongoSession - Commiting unit of work
11:25:40.335 [main] DEBUG org.mongolink.MongoSession - Entity added :{ "_id" : { "$oid" : "62dfb31490089bd1af916ef1"} , "value" : "this is a value" , "comments" : [ ] , "index" : 0}
11:25:40.336 [main] DEBUG org.mongolink.MongoSession - Entity added :{ "_id" : { "$oid" : "62dfb31490089bd1af916ef2"} , "value" : "this is a value" , "comments" : [ ] , "index" : 0}
11:25:40.336 [main] DEBUG org.mongolink.MongoSession - Done commiting
11:25:40.341 [main] DEBUG o.m.domain.mapper.ContextBuilder - Scanning : [org.mongolink.test.simpleMapping]
11:25:40.341 [main] DEBUG o.m.domain.mapper.ContextBuilder - Mapping : class org.mongolink.test.simpleMapping.FakeAggregateWithNaturalIdMapping
11:25:40.341 [main] DEBUG org.mongolink.domain.mapper.ClassMap - Mapping id : Property{class=org.mongolink.test.entity.FakeAggregateWithNaturalId, field=naturalKey}
11:25:40.342 [main] DEBUG org.mongolink.domain.mapper.ClassMap - Mapping property : Property{class=org.mongolink.test.entity.FakeAggregateWithNaturalId, field=value}
11:25:40.342 [main] DEBUG o.m.domain.mapper.ContextBuilder - Mapping : class org.mongolink.test.simpleMapping.FakeAggregateMappingWithCap
11:25:40.342 [main] DEBUG org.mongolink.domain.mapper.ClassMap - Mapping id : Property{class=org.mongolink.test.entity.FakeEntityWithCap, field=id}
11:25:40.342 [main] DEBUG o.m.domain.mapper.ContextBuilder - Mapping : class org.mongolink.test.simpleMapping.OtherAggregateWithNaturalIdMapping
11:25:40.342 [main] DEBUG org.mongolink.domain.mapper.ClassMap - Mapping id : Property{class=org.mongolink.test.entity.OtherEntityWithNaturalId, field=naturalKey}
11:25:40.342 [main] DEBUG o.m.domain.mapper.ContextBuilder - Mapping : class org.mongolink.test.simpleMapping.FakeAggregateMapping
11:25:40.342 [main] DEBUG org.mongolink.domain.mapper.ClassMap - Mapping id : Property{class=org.mongolink.test.entity.FakeAggregate, field=id}
11:25:40.342 [main] DEBUG org.mongolink.domain.mapper.ClassMap - Mapping property : Property{class=org.mongolink.test.entity.FakeAggregate, field=value}
11:25:40.343 [main] DEBUG org.mongolink.domain.mapper.ClassMap - Mapping collection : Property{class=org.mongolink.test.entity.FakeAggregate, field=comments}
11:25:40.343 [main] DEBUG org.mongolink.domain.mapper.ClassMap - Mapping property : Property{class=org.mongolink.test.entity.FakeAggregate, field=comment}
11:25:40.343 [main] DEBUG org.mongolink.domain.mapper.ClassMap - Mapping property : Property{class=org.mongolink.test.entity.FakeAggregate, field=index}
11:25:40.343 [main] DEBUG o.m.domain.mapper.ContextBuilder - Mapping : class org.mongolink.test.simpleMapping.CommentMapping
11:25:40.343 [main] DEBUG org.mongolink.domain.mapper.ClassMap - Mapping property : Property{class=org.mongolink.test.entity.Comment, field=value}
11:25:40.343 [main] DEBUG o.m.domain.mapper.ContextBuilder - Done scanning : [org.mongolink.test.simpleMapping]
11:25:40.343 [main] DEBUG org.mongolink.MongoSession - Starting
11:25:40.349 [main] DEBUG org.mongolink.MongoSession - Starting
11:25:40.351 [main] DEBUG o.m.domain.mapper.ContextBuilder - Scanning : [org.mongolink.test.simpleMapping]
11:25:40.352 [main] DEBUG o.m.domain.mapper.ContextBuilder - Mapping : class org.mongolink.test.simpleMapping.FakeAggregateWithNaturalIdMapping
11:25:40.352 [main] DEBUG org.mongolink.domain.mapper.ClassMap - Mapping id : Property{class=org.mongolink.test.entity.FakeAggregateWithNaturalId, field=naturalKey}
11:25:40.352 [main] DEBUG org.mongolink.domain.mapper.ClassMap - Mapping property : Property{class=org.mongolink.test.entity.FakeAggregateWithNaturalId, field=value}
11:25:40.352 [main] DEBUG o.m.domain.mapper.ContextBuilder - Mapping : class org.mongolink.test.simpleMapping.FakeAggregateMappingWithCap
11:25:40.352 [main] DEBUG org.mongolink.domain.mapper.ClassMap - Mapping id : Property{class=org.mongolink.test.entity.FakeEntityWithCap, field=id}
11:25:40.353 [main] DEBUG o.m.domain.mapper.ContextBuilder - Mapping : class org.mongolink.test.simpleMapping.OtherAggregateWithNaturalIdMapping
11:25:40.353 [main] DEBUG org.mongolink.domain.mapper.ClassMap - Mapping id : Property{class=org.mongolink.test.entity.OtherEntityWithNaturalId, field=naturalKey}
11:25:40.353 [main] DEBUG o.m.domain.mapper.ContextBuilder - Mapping : class org.mongolink.test.simpleMapping.FakeAggregateMapping
11:25:40.353 [main] DEBUG org.mongolink.domain.mapper.ClassMap - Mapping id : Property{class=org.mongolink.test.entity.FakeAggregate, field=id}
11:25:40.353 [main] DEBUG org.mongolink.domain.mapper.ClassMap - Mapping property : Property{class=org.mongolink.test.entity.FakeAggregate, field=value}
11:25:40.353 [main] DEBUG org.mongolink.domain.mapper.ClassMap - Mapping collection : Property{class=org.mongolink.test.entity.FakeAggregate, field=comments}
11:25:40.353 [main] DEBUG org.mongolink.domain.mapper.ClassMap - Mapping property : Property{class=org.mongolink.test.entity.FakeAggregate, field=comment}
11:25:40.353 [main] DEBUG org.mongolink.domain.mapper.ClassMap - Mapping property : Property{class=org.mongolink.test.entity.FakeAggregate, field=index}
11:25:40.354 [main] DEBUG o.m.domain.mapper.ContextBuilder - Mapping : class org.mongolink.test.simpleMapping.CommentMapping
11:25:40.354 [main] DEBUG org.mongolink.domain.mapper.ClassMap - Mapping property : Property{class=org.mongolink.test.entity.Comment, field=value}
11:25:40.354 [main] DEBUG o.m.domain.mapper.ContextBuilder - Done scanning : [org.mongolink.test.simpleMapping]
11:25:40.354 [main] DEBUG org.mongolink.MongoSession - Starting
11:25:40.357 [main] WARN  org.mongolink.utils.FieldContainer - Property value was null : Property{class=org.mongolink.test.entity.FakeAggregate, field=comment}
11:25:40.357 [main] WARN  org.mongolink.utils.FieldContainer - Property value was null : Property{class=org.mongolink.test.entity.FakeAggregate, field=index}
11:25:40.359 [main] DEBUG o.m.domain.mapper.ContextBuilder - Scanning : [org.mongolink.test.simpleMapping]
11:25:40.360 [main] DEBUG o.m.domain.mapper.ContextBuilder - Mapping : class org.mongolink.test.simpleMapping.FakeAggregateWithNaturalIdMapping
11:25:40.360 [main] DEBUG org.mongolink.domain.mapper.ClassMap - Mapping id : Property{class=org.mongolink.test.entity.FakeAggregateWithNaturalId, field=naturalKey}
11:25:40.360 [main] DEBUG org.mongolink.domain.mapper.ClassMap - Mapping property : Property{class=org.mongolink.test.entity.FakeAggregateWithNaturalId, field=value}
11:25:40.361 [main] DEBUG o.m.domain.mapper.ContextBuilder - Mapping : class org.mongolink.test.simpleMapping.FakeAggregateMappingWithCap
11:25:40.361 [main] DEBUG org.mongolink.domain.mapper.ClassMap - Mapping id : Property{class=org.mongolink.test.entity.FakeEntityWithCap, field=id}
11:25:40.361 [main] DEBUG o.m.domain.mapper.ContextBuilder - Mapping : class org.mongolink.test.simpleMapping.OtherAggregateWithNaturalIdMapping
11:25:40.361 [main] DEBUG org.mongolink.domain.mapper.ClassMap - Mapping id : Property{class=org.mongolink.test.entity.OtherEntityWithNaturalId, field=naturalKey}
11:25:40.362 [main] DEBUG o.m.domain.mapper.ContextBuilder - Mapping : class org.mongolink.test.simpleMapping.FakeAggregateMapping
11:25:40.362 [main] DEBUG org.mongolink.domain.mapper.ClassMap - Mapping id : Property{class=org.mongolink.test.entity.FakeAggregate, field=id}
11:25:40.362 [main] DEBUG org.mongolink.domain.mapper.ClassMap - Mapping property : Property{class=org.mongolink.test.entity.FakeAggregate, field=value}
11:25:40.362 [main] DEBUG org.mongolink.domain.mapper.ClassMap - Mapping collection : Property{class=org.mongolink.test.entity.FakeAggregate, field=comments}
11:25:40.362 [main] DEBUG org.mongolink.domain.mapper.ClassMap - Mapping property : Property{class=org.mongolink.test.entity.FakeAggregate, field=comment}
11:25:40.362 [main] DEBUG org.mongolink.domain.mapper.ClassMap - Mapping property : Property{class=org.mongolink.test.entity.FakeAggregate, field=index}
11:25:40.362 [main] DEBUG o.m.domain.mapper.ContextBuilder - Mapping : class org.mongolink.test.simpleMapping.CommentMapping
11:25:40.362 [main] DEBUG org.mongolink.domain.mapper.ClassMap - Mapping property : Property{class=org.mongolink.test.entity.Comment, field=value}
11:25:40.362 [main] DEBUG o.m.domain.mapper.ContextBuilder - Done scanning : [org.mongolink.test.simpleMapping]
11:25:40.362 [main] DEBUG org.mongolink.MongoSession - Starting
11:25:40.363 [main] DEBUG org.mongolink.MongoSession - New entity register for additon : org.mongolink.test.entity.FakeAggregateWithNaturalId@525575
11:25:40.363 [main] DEBUG org.mongolink.MongoSession - Commiting unit of work
11:25:40.364 [main] DEBUG org.mongolink.MongoSession - Entity added :{ "_id" : "cle unique"}
11:25:40.364 [main] DEBUG org.mongolink.MongoSession - Done commiting
11:25:40.365 [main] DEBUG org.mongolink.MongoSession - Entity register for deletion : org.mongolink.test.entity.FakeAggregateWithNaturalId@525575
11:25:40.365 [main] DEBUG org.mongolink.MongoSession - Commiting unit of work
11:25:40.365 [main] DEBUG org.mongolink.MongoSession - Deleting entity : org.mongolink.test.entity.FakeAggregateWithNaturalId@525575
11:25:40.365 [main] DEBUG org.mongolink.MongoSession - Done commiting
11:25:40.367 [main] DEBUG o.m.domain.mapper.ContextBuilder - Scanning : [org.mongolink.test.simpleMapping]
11:25:40.368 [main] DEBUG o.m.domain.mapper.ContextBuilder - Mapping : class org.mongolink.test.simpleMapping.FakeAggregateWithNaturalIdMapping
11:25:40.368 [main] DEBUG org.mongolink.domain.mapper.ClassMap - Mapping id : Property{class=org.mongolink.test.entity.FakeAggregateWithNaturalId, field=naturalKey}
11:25:40.368 [main] DEBUG org.mongolink.domain.mapper.ClassMap - Mapping property : Property{class=org.mongolink.test.entity.FakeAggregateWithNaturalId, field=value}
11:25:40.368 [main] DEBUG o.m.domain.mapper.ContextBuilder - Mapping : class org.mongolink.test.simpleMapping.FakeAggregateMappingWithCap
11:25:40.368 [main] DEBUG org.mongolink.domain.mapper.ClassMap - Mapping id : Property{class=org.mongolink.test.entity.FakeEntityWithCap, field=id}
11:25:40.368 [main] DEBUG o.m.domain.mapper.ContextBuilder - Mapping : class org.mongolink.test.simpleMapping.OtherAggregateWithNaturalIdMapping
11:25:40.368 [main] DEBUG org.mongolink.domain.mapper.ClassMap - Mapping id : Property{class=org.mongolink.test.entity.OtherEntityWithNaturalId, field=naturalKey}
11:25:40.369 [main] DEBUG o.m.domain.mapper.ContextBuilder - Mapping : class org.mongolink.test.simpleMapping.FakeAggregateMapping
11:25:40.369 [main] DEBUG org.mongolink.domain.mapper.ClassMap - Mapping id : Property{class=org.mongolink.test.entity.FakeAggregate, field=id}
11:25:40.369 [main] DEBUG org.mongolink.domain.mapper.ClassMap - Mapping property : Property{class=org.mongolink.test.entity.FakeAggregate, field=value}
11:25:40.369 [main] DEBUG org.mongolink.domain.mapper.ClassMap - Mapping collection : Property{class=org.mongolink.test.entity.FakeAggregate, field=comments}
11:25:40.369 [main] DEBUG org.mongolink.domain.mapper.ClassMap - Mapping property : Property{class=org.mongolink.test.entity.FakeAggregate, field=comment}
11:25:40.369 [main] DEBUG org.mongolink.domain.mapper.ClassMap - Mapping property : Property{class=org.mongolink.test.entity.FakeAggregate, field=index}
11:25:40.369 [main] DEBUG o.m.domain.mapper.ContextBuilder - Mapping : class org.mongolink.test.simpleMapping.CommentMapping
11:25:40.369 [main] DEBUG org.mongolink.domain.mapper.ClassMap - Mapping property : Property{class=org.mongolink.test.entity.Comment, field=value}
11:25:40.369 [main] DEBUG o.m.domain.mapper.ContextBuilder - Done scanning : [org.mongolink.test.simpleMapping]
11:25:40.369 [main] DEBUG org.mongolink.MongoSession - Starting
11:25:40.371 [main] WARN  org.mongolink.utils.FieldContainer - Property value was null : Property{class=org.mongolink.test.entity.FakeAggregateWithNaturalId, field=value}
11:25:40.372 [main] DEBUG o.m.domain.mapper.ContextBuilder - Scanning : [org.mongolink.test.simpleMapping]
11:25:40.373 [main] DEBUG o.m.domain.mapper.ContextBuilder - Mapping : class org.mongolink.test.simpleMapping.FakeAggregateWithNaturalIdMapping
11:25:40.373 [main] DEBUG org.mongolink.domain.mapper.ClassMap - Mapping id : Property{class=org.mongolink.test.entity.FakeAggregateWithNaturalId, field=naturalKey}
11:25:40.373 [main] DEBUG org.mongolink.domain.mapper.ClassMap - Mapping property : Property{class=org.mongolink.test.entity.FakeAggregateWithNaturalId, field=value}
11:25:40.373 [main] DEBUG o.m.domain.mapper.ContextBuilder - Mapping : class org.mongolink.test.simpleMapping.FakeAggregateMappingWithCap
11:25:40.373 [main] DEBUG org.mongolink.domain.mapper.ClassMap - Mapping id : Property{class=org.mongolink.test.entity.FakeEntityWithCap, field=id}
11:25:40.373 [main] DEBUG o.m.domain.mapper.ContextBuilder - Mapping : class org.mongolink.test.simpleMapping.OtherAggregateWithNaturalIdMapping
11:25:40.373 [main] DEBUG org.mongolink.domain.mapper.ClassMap - Mapping id : Property{class=org.mongolink.test.entity.OtherEntityWithNaturalId, field=naturalKey}
11:25:40.374 [main] DEBUG o.m.domain.mapper.ContextBuilder - Mapping : class org.mongolink.test.simpleMapping.FakeAggregateMapping
11:25:40.374 [main] DEBUG org.mongolink.domain.mapper.ClassMap - Mapping id : Property{class=org.mongolink.test.entity.FakeAggregate, field=id}
11:25:40.374 [main] DEBUG org.mongolink.domain.mapper.ClassMap - Mapping property : Property{class=org.mongolink.test.entity.FakeAggregate, field=value}
11:25:40.374 [main] DEBUG org.mongolink.domain.mapper.ClassMap - Mapping collection : Property{class=org.mongolink.test.entity.FakeAggregate, field=comments}
11:25:40.374 [main] DEBUG org.mongolink.domain.mapper.ClassMap - Mapping property : Property{class=org.mongolink.test.entity.FakeAggregate, field=comment}
11:25:40.374 [main] DEBUG org.mongolink.domain.mapper.ClassMap - Mapping property : Property{class=org.mongolink.test.entity.FakeAggregate, field=index}
11:25:40.374 [main] DEBUG o.m.domain.mapper.ContextBuilder - Mapping : class org.mongolink.test.simpleMapping.CommentMapping
11:25:40.374 [main] DEBUG org.mongolink.domain.mapper.ClassMap - Mapping property : Property{class=org.mongolink.test.entity.Comment, field=value}
11:25:40.374 [main] DEBUG o.m.domain.mapper.ContextBuilder - Done scanning : [org.mongolink.test.simpleMapping]
11:25:40.374 [main] DEBUG org.mongolink.MongoSession - Starting
11:25:40.375 [main] DEBUG o.m.domain.mapper.ContextBuilder - Scanning : [org.mongolink.test.simpleMapping]
11:25:40.375 [main] DEBUG o.m.domain.mapper.ContextBuilder - Mapping : class org.mongolink.test.simpleMapping.FakeAggregateWithNaturalIdMapping
11:25:40.375 [main] DEBUG org.mongolink.domain.mapper.ClassMap - Mapping id : Property{class=org.mongolink.test.entity.FakeAggregateWithNaturalId, field=naturalKey}
11:25:40.375 [main] DEBUG org.mongolink.domain.mapper.ClassMap - Mapping property : Property{class=org.mongolink.test.entity.FakeAggregateWithNaturalId, field=value}
11:25:40.375 [main] DEBUG o.m.domain.mapper.ContextBuilder - Mapping : class org.mongolink.test.simpleMapping.FakeAggregateMappingWithCap
11:25:40.375 [main] DEBUG org.mongolink.domain.mapper.ClassMap - Mapping id : Property{class=org.mongolink.test.entity.FakeEntityWithCap, field=id}
11:25:40.376 [main] DEBUG o.m.domain.mapper.ContextBuilder - Mapping : class org.mongolink.test.simpleMapping.OtherAggregateWithNaturalIdMapping
11:25:40.376 [main] DEBUG org.mongolink.domain.mapper.ClassMap - Mapping id : Property{class=org.mongolink.test.entity.OtherEntityWithNaturalId, field=naturalKey}
11:25:40.376 [main] DEBUG o.m.domain.mapper.ContextBuilder - Mapping : class org.mongolink.test.simpleMapping.FakeAggregateMapping
11:25:40.376 [main] DEBUG org.mongolink.domain.mapper.ClassMap - Mapping id : Property{class=org.mongolink.test.entity.FakeAggregate, field=id}
11:25:40.376 [main] DEBUG org.mongolink.domain.mapper.ClassMap - Mapping property : Property{class=org.mongolink.test.entity.FakeAggregate, field=value}
11:25:40.376 [main] DEBUG org.mongolink.domain.mapper.ClassMap - Mapping collection : Property{class=org.mongolink.test.entity.FakeAggregate, field=comments}
11:25:40.376 [main] DEBUG org.mongolink.domain.mapper.ClassMap - Mapping property : Property{class=org.mongolink.test.entity.FakeAggregate, field=comment}
11:25:40.376 [main] DEBUG org.mongolink.domain.mapper.ClassMap - Mapping property : Property{class=org.mongolink.test.entity.FakeAggregate, field=index}
11:25:40.376 [main] DEBUG o.m.domain.mapper.ContextBuilder - Mapping : class org.mongolink.test.simpleMapping.CommentMapping
11:25:40.376 [main] DEBUG org.mongolink.domain.mapper.ClassMap - Mapping property : Property{class=org.mongolink.test.entity.Comment, field=value}
11:25:40.376 [main] DEBUG o.m.domain.mapper.ContextBuilder - Done scanning : [org.mongolink.test.simpleMapping]
11:25:40.379 [main] DEBUG o.m.domain.mapper.ContextBuilder - Scanning : [org.mongolink.test.simpleMapping]
11:25:40.380 [main] DEBUG o.m.domain.mapper.ContextBuilder - Mapping : class org.mongolink.test.simpleMapping.FakeAggregateWithNaturalIdMapping
11:25:40.380 [main] DEBUG org.mongolink.domain.mapper.ClassMap - Mapping id : Property{class=org.mongolink.test.entity.FakeAggregateWithNaturalId, field=naturalKey}
11:25:40.380 [main] DEBUG org.mongolink.domain.mapper.ClassMap - Mapping property : Property{class=org.mongolink.test.entity.FakeAggregateWithNaturalId, field=value}
11:25:40.380 [main] DEBUG o.m.domain.mapper.ContextBuilder - Mapping : class org.mongolink.test.simpleMapping.FakeAggregateMappingWithCap
11:25:40.380 [main] DEBUG org.mongolink.domain.mapper.ClassMap - Mapping id : Property{class=org.mongolink.test.entity.FakeEntityWithCap, field=id}
11:25:40.380 [main] DEBUG o.m.domain.mapper.ContextBuilder - Mapping : class org.mongolink.test.simpleMapping.OtherAggregateWithNaturalIdMapping
11:25:40.380 [main] DEBUG org.mongolink.domain.mapper.ClassMap - Mapping id : Property{class=org.mongolink.test.entity.OtherEntityWithNaturalId, field=naturalKey}
11:25:40.380 [main] DEBUG o.m.domain.mapper.ContextBuilder - Mapping : class org.mongolink.test.simpleMapping.FakeAggregateMapping
11:25:40.380 [main] DEBUG org.mongolink.domain.mapper.ClassMap - Mapping id : Property{class=org.mongolink.test.entity.FakeAggregate, field=id}
11:25:40.380 [main] DEBUG org.mongolink.domain.mapper.ClassMap - Mapping property : Property{class=org.mongolink.test.entity.FakeAggregate, field=value}
11:25:40.380 [main] DEBUG org.mongolink.domain.mapper.ClassMap - Mapping collection : Property{class=org.mongolink.test.entity.FakeAggregate, field=comments}
11:25:40.381 [main] DEBUG org.mongolink.domain.mapper.ClassMap - Mapping property : Property{class=org.mongolink.test.entity.FakeAggregate, field=comment}
11:25:40.381 [main] DEBUG org.mongolink.domain.mapper.ClassMap - Mapping property : Property{class=org.mongolink.test.entity.FakeAggregate, field=index}
11:25:40.381 [main] DEBUG o.m.domain.mapper.ContextBuilder - Mapping : class org.mongolink.test.simpleMapping.CommentMapping
11:25:40.381 [main] DEBUG org.mongolink.domain.mapper.ClassMap - Mapping property : Property{class=org.mongolink.test.entity.Comment, field=value}
11:25:40.381 [main] DEBUG o.m.domain.mapper.ContextBuilder - Done scanning : [org.mongolink.test.simpleMapping]
11:25:40.381 [main] DEBUG org.mongolink.MongoSession - Starting
11:25:40.383 [main] WARN  org.mongolink.utils.FieldContainer - Property value was null : Property{class=org.mongolink.test.entity.FakeAggregateWithNaturalId, field=value}
11:25:40.384 [main] DEBUG o.m.domain.mapper.ContextBuilder - Scanning : [org.mongolink.test.simpleMapping]
11:25:40.384 [main] DEBUG o.m.domain.mapper.ContextBuilder - Mapping : class org.mongolink.test.simpleMapping.FakeAggregateWithNaturalIdMapping
11:25:40.385 [main] DEBUG org.mongolink.domain.mapper.ClassMap - Mapping id : Property{class=org.mongolink.test.entity.FakeAggregateWithNaturalId, field=naturalKey}
11:25:40.385 [main] DEBUG org.mongolink.domain.mapper.ClassMap - Mapping property : Property{class=org.mongolink.test.entity.FakeAggregateWithNaturalId, field=value}
11:25:40.385 [main] DEBUG o.m.domain.mapper.ContextBuilder - Mapping : class org.mongolink.test.simpleMapping.FakeAggregateMappingWithCap
11:25:40.385 [main] DEBUG org.mongolink.domain.mapper.ClassMap - Mapping id : Property{class=org.mongolink.test.entity.FakeEntityWithCap, field=id}
11:25:40.385 [main] DEBUG o.m.domain.mapper.ContextBuilder - Mapping : class org.mongolink.test.simpleMapping.OtherAggregateWithNaturalIdMapping
11:25:40.385 [main] DEBUG org.mongolink.domain.mapper.ClassMap - Mapping id : Property{class=org.mongolink.test.entity.OtherEntityWithNaturalId, field=naturalKey}
11:25:40.385 [main] DEBUG o.m.domain.mapper.ContextBuilder - Mapping : class org.mongolink.test.simpleMapping.FakeAggregateMapping
11:25:40.385 [main] DEBUG org.mongolink.domain.mapper.ClassMap - Mapping id : Property{class=org.mongolink.test.entity.FakeAggregate, field=id}
11:25:40.385 [main] DEBUG org.mongolink.domain.mapper.ClassMap - Mapping property : Property{class=org.mongolink.test.entity.FakeAggregate, field=value}
11:25:40.386 [main] DEBUG org.mongolink.domain.mapper.ClassMap - Mapping collection : Property{class=org.mongolink.test.entity.FakeAggregate, field=comments}
11:25:40.386 [main] DEBUG org.mongolink.domain.mapper.ClassMap - Mapping property : Property{class=org.mongolink.test.entity.FakeAggregate, field=comment}
11:25:40.386 [main] DEBUG org.mongolink.domain.mapper.ClassMap - Mapping property : Property{class=org.mongolink.test.entity.FakeAggregate, field=index}
11:25:40.386 [main] DEBUG o.m.domain.mapper.ContextBuilder - Mapping : class org.mongolink.test.simpleMapping.CommentMapping
11:25:40.386 [main] DEBUG org.mongolink.domain.mapper.ClassMap - Mapping property : Property{class=org.mongolink.test.entity.Comment, field=value}
11:25:40.386 [main] DEBUG o.m.domain.mapper.ContextBuilder - Done scanning : [org.mongolink.test.simpleMapping]
11:25:40.386 [main] DEBUG org.mongolink.MongoSession - Starting
11:25:40.388 [main] WARN  org.mongolink.utils.FieldContainer - Property value was null : Property{class=org.mongolink.test.entity.FakeAggregate, field=comment}
11:25:40.388 [main] WARN  org.mongolink.utils.FieldContainer - Property value was null : Property{class=org.mongolink.test.entity.FakeAggregate, field=index}
11:25:40.388 [main] DEBUG org.mongolink.MongoSession - Commiting unit of work
11:25:40.389 [main] DEBUG o.m.d.u.OverwriteStrategy - Updating : collection fakeaggregate : element { "_id" : { "$oid" : "62dfb31490089bd1af916f04"} , "value" : "some new and strange value" , "comments" : [ ] , "index" : 0}
11:25:40.390 [main] DEBUG org.mongolink.MongoSession - Done commiting
11:25:40.390 [main] DEBUG org.mongolink.MongoSession - Stoping
11:25:40.392 [main] DEBUG o.m.domain.mapper.ContextBuilder - Scanning : [org.mongolink.test.simpleMapping]
11:25:40.392 [main] DEBUG o.m.domain.mapper.ContextBuilder - Mapping : class org.mongolink.test.simpleMapping.FakeAggregateWithNaturalIdMapping
11:25:40.392 [main] DEBUG org.mongolink.domain.mapper.ClassMap - Mapping id : Property{class=org.mongolink.test.entity.FakeAggregateWithNaturalId, field=naturalKey}
11:25:40.392 [main] DEBUG org.mongolink.domain.mapper.ClassMap - Mapping property : Property{class=org.mongolink.test.entity.FakeAggregateWithNaturalId, field=value}
11:25:40.392 [main] DEBUG o.m.domain.mapper.ContextBuilder - Mapping : class org.mongolink.test.simpleMapping.FakeAggregateMappingWithCap
11:25:40.393 [main] DEBUG org.mongolink.domain.mapper.ClassMap - Mapping id : Property{class=org.mongolink.test.entity.FakeEntityWithCap, field=id}
11:25:40.393 [main] DEBUG o.m.domain.mapper.ContextBuilder - Mapping : class org.mongolink.test.simpleMapping.OtherAggregateWithNaturalIdMapping
11:25:40.393 [main] DEBUG org.mongolink.domain.mapper.ClassMap - Mapping id : Property{class=org.mongolink.test.entity.OtherEntityWithNaturalId, field=naturalKey}
11:25:40.393 [main] DEBUG o.m.domain.mapper.ContextBuilder - Mapping : class org.mongolink.test.simpleMapping.FakeAggregateMapping
11:25:40.393 [main] DEBUG org.mongolink.domain.mapper.ClassMap - Mapping id : Property{class=org.mongolink.test.entity.FakeAggregate, field=id}
11:25:40.393 [main] DEBUG org.mongolink.domain.mapper.ClassMap - Mapping property : Property{class=org.mongolink.test.entity.FakeAggregate, field=value}
11:25:40.393 [main] DEBUG org.mongolink.domain.mapper.ClassMap - Mapping collection : Property{class=org.mongolink.test.entity.FakeAggregate, field=comments}
11:25:40.393 [main] DEBUG org.mongolink.domain.mapper.ClassMap - Mapping property : Property{class=org.mongolink.test.entity.FakeAggregate, field=comment}
11:25:40.393 [main] DEBUG org.mongolink.domain.mapper.ClassMap - Mapping property : Property{class=org.mongolink.test.entity.FakeAggregate, field=index}
11:25:40.393 [main] DEBUG o.m.domain.mapper.ContextBuilder - Mapping : class org.mongolink.test.simpleMapping.CommentMapping
11:25:40.394 [main] DEBUG org.mongolink.domain.mapper.ClassMap - Mapping property : Property{class=org.mongolink.test.entity.Comment, field=value}
11:25:40.394 [main] DEBUG o.m.domain.mapper.ContextBuilder - Done scanning : [org.mongolink.test.simpleMapping]
11:25:40.394 [main] DEBUG org.mongolink.MongoSession - Starting
11:25:40.394 [main] DEBUG org.mongolink.MongoSession - New entity register for additon : org.mongolink.test.entity.FakeAggregate@1a760689
11:25:40.394 [main] DEBUG org.mongolink.MongoSession - Commiting unit of work
11:25:40.395 [main] DEBUG org.mongolink.MongoSession - Entity added :{ "_id" : { "$oid" : "62dfb31490089bd1af916f08"} , "value" : "this is a value" , "comments" : [ ] , "index" : 3}
11:25:40.395 [main] DEBUG org.mongolink.MongoSession - Done commiting
11:25:40.396 [main] DEBUG org.mongolink.MongoSession - Commiting unit of work
11:25:40.400 [main] DEBUG o.m.d.updateStrategy.DiffStrategy - Updating : collection fakeaggregate : query { "_id" : { "$oid" : "62dfb31490089bd1af916f08"}} : modifiers : { "$set" : { "value" : "a value"}}
11:25:40.401 [main] DEBUG org.mongolink.MongoSession - Done commiting
11:25:40.403 [main] DEBUG o.m.domain.mapper.ContextBuilder - Scanning : [org.mongolink.test.simpleMapping]
11:25:40.403 [main] DEBUG o.m.domain.mapper.ContextBuilder - Mapping : class org.mongolink.test.simpleMapping.FakeAggregateWithNaturalIdMapping
11:25:40.403 [main] DEBUG org.mongolink.domain.mapper.ClassMap - Mapping id : Property{class=org.mongolink.test.entity.FakeAggregateWithNaturalId, field=naturalKey}
11:25:40.404 [main] DEBUG org.mongolink.domain.mapper.ClassMap - Mapping property : Property{class=org.mongolink.test.entity.FakeAggregateWithNaturalId, field=value}
11:25:40.404 [main] DEBUG o.m.domain.mapper.ContextBuilder - Mapping : class org.mongolink.test.simpleMapping.FakeAggregateMappingWithCap
11:25:40.404 [main] DEBUG org.mongolink.domain.mapper.ClassMap - Mapping id : Property{class=org.mongolink.test.entity.FakeEntityWithCap, field=id}
11:25:40.404 [main] DEBUG o.m.domain.mapper.ContextBuilder - Mapping : class org.mongolink.test.simpleMapping.OtherAggregateWithNaturalIdMapping
11:25:40.404 [main] DEBUG org.mongolink.domain.mapper.ClassMap - Mapping id : Property{class=org.mongolink.test.entity.OtherEntityWithNaturalId, field=naturalKey}
11:25:40.404 [main] DEBUG o.m.domain.mapper.ContextBuilder - Mapping : class org.mongolink.test.simpleMapping.FakeAggregateMapping
11:25:40.404 [main] DEBUG org.mongolink.domain.mapper.ClassMap - Mapping id : Property{class=org.mongolink.test.entity.FakeAggregate, field=id}
11:25:40.404 [main] DEBUG org.mongolink.domain.mapper.ClassMap - Mapping property : Property{class=org.mongolink.test.entity.FakeAggregate, field=value}
11:25:40.404 [main] DEBUG org.mongolink.domain.mapper.ClassMap - Mapping collection : Property{class=org.mongolink.test.entity.FakeAggregate, field=comments}
11:25:40.404 [main] DEBUG org.mongolink.domain.mapper.ClassMap - Mapping property : Property{class=org.mongolink.test.entity.FakeAggregate, field=comment}
11:25:40.404 [main] DEBUG org.mongolink.domain.mapper.ClassMap - Mapping property : Property{class=org.mongolink.test.entity.FakeAggregate, field=index}
11:25:40.404 [main] DEBUG o.m.domain.mapper.ContextBuilder - Mapping : class org.mongolink.test.simpleMapping.CommentMapping
11:25:40.405 [main] DEBUG org.mongolink.domain.mapper.ClassMap - Mapping property : Property{class=org.mongolink.test.entity.Comment, field=value}
11:25:40.405 [main] DEBUG o.m.domain.mapper.ContextBuilder - Done scanning : [org.mongolink.test.simpleMapping]
11:25:40.405 [main] DEBUG org.mongolink.MongoSession - Starting
11:25:40.406 [main] DEBUG o.m.domain.mapper.ContextBuilder - Scanning : [org.mongolink.test.simpleMapping]
11:25:40.407 [main] DEBUG o.m.domain.mapper.ContextBuilder - Mapping : class org.mongolink.test.simpleMapping.FakeAggregateWithNaturalIdMapping
11:25:40.407 [main] DEBUG org.mongolink.domain.mapper.ClassMap - Mapping id : Property{class=org.mongolink.test.entity.FakeAggregateWithNaturalId, field=naturalKey}
11:25:40.407 [main] DEBUG org.mongolink.domain.mapper.ClassMap - Mapping property : Property{class=org.mongolink.test.entity.FakeAggregateWithNaturalId, field=value}
11:25:40.408 [main] DEBUG o.m.domain.mapper.ContextBuilder - Mapping : class org.mongolink.test.simpleMapping.FakeAggregateMappingWithCap
11:25:40.408 [main] DEBUG org.mongolink.domain.mapper.ClassMap - Mapping id : Property{class=org.mongolink.test.entity.FakeEntityWithCap, field=id}
11:25:40.408 [main] DEBUG o.m.domain.mapper.ContextBuilder - Mapping : class org.mongolink.test.simpleMapping.OtherAggregateWithNaturalIdMapping
11:25:40.408 [main] DEBUG org.mongolink.domain.mapper.ClassMap - Mapping id : Property{class=org.mongolink.test.entity.OtherEntityWithNaturalId, field=naturalKey}
11:25:40.409 [main] DEBUG o.m.domain.mapper.ContextBuilder - Mapping : class org.mongolink.test.simpleMapping.FakeAggregateMapping
11:25:40.409 [main] DEBUG org.mongolink.domain.mapper.ClassMap - Mapping id : Property{class=org.mongolink.test.entity.FakeAggregate, field=id}
11:25:40.409 [main] DEBUG org.mongolink.domain.mapper.ClassMap - Mapping property : Property{class=org.mongolink.test.entity.FakeAggregate, field=value}
11:25:40.409 [main] DEBUG org.mongolink.domain.mapper.ClassMap - Mapping collection : Property{class=org.mongolink.test.entity.FakeAggregate, field=comments}
11:25:40.409 [main] DEBUG org.mongolink.domain.mapper.ClassMap - Mapping property : Property{class=org.mongolink.test.entity.FakeAggregate, field=comment}
11:25:40.409 [main] DEBUG org.mongolink.domain.mapper.ClassMap - Mapping property : Property{class=org.mongolink.test.entity.FakeAggregate, field=index}
11:25:40.410 [main] DEBUG o.m.domain.mapper.ContextBuilder - Mapping : class org.mongolink.test.simpleMapping.CommentMapping
11:25:40.410 [main] DEBUG org.mongolink.domain.mapper.ClassMap - Mapping property : Property{class=org.mongolink.test.entity.Comment, field=value}
11:25:40.410 [main] DEBUG o.m.domain.mapper.ContextBuilder - Done scanning : [org.mongolink.test.simpleMapping]
11:25:40.410 [main] DEBUG org.mongolink.MongoSession - Starting
11:25:40.410 [main] DEBUG org.mongolink.MongoSession - New entity register for additon : org.mongolink.test.entity.FakeAggregate@2a898881
11:25:40.410 [main] DEBUG org.mongolink.MongoSession - Commiting unit of work
11:25:40.412 [main] DEBUG org.mongolink.MongoSession - Entity added :{ "_id" : { "$oid" : "62dfb31490089bd1af916f0c"} , "value" : "a value" , "comments" : [ ] , "index" : 0}
11:25:40.412 [main] DEBUG org.mongolink.MongoSession - Done commiting
11:25:40.413 [main] DEBUG o.m.domain.mapper.ContextBuilder - Scanning : [org.mongolink.test.simpleMapping]
11:25:40.414 [main] DEBUG o.m.domain.mapper.ContextBuilder - Mapping : class org.mongolink.test.simpleMapping.FakeAggregateWithNaturalIdMapping
11:25:40.414 [main] DEBUG org.mongolink.domain.mapper.ClassMap - Mapping id : Property{class=org.mongolink.test.entity.FakeAggregateWithNaturalId, field=naturalKey}
11:25:40.414 [main] DEBUG org.mongolink.domain.mapper.ClassMap - Mapping property : Property{class=org.mongolink.test.entity.FakeAggregateWithNaturalId, field=value}
11:25:40.414 [main] DEBUG o.m.domain.mapper.ContextBuilder - Mapping : class org.mongolink.test.simpleMapping.FakeAggregateMappingWithCap
11:25:40.414 [main] DEBUG org.mongolink.domain.mapper.ClassMap - Mapping id : Property{class=org.mongolink.test.entity.FakeEntityWithCap, field=id}
11:25:40.414 [main] DEBUG o.m.domain.mapper.ContextBuilder - Mapping : class org.mongolink.test.simpleMapping.OtherAggregateWithNaturalIdMapping
11:25:40.414 [main] DEBUG org.mongolink.domain.mapper.ClassMap - Mapping id : Property{class=org.mongolink.test.entity.OtherEntityWithNaturalId, field=naturalKey}
11:25:40.415 [main] DEBUG o.m.domain.mapper.ContextBuilder - Mapping : class org.mongolink.test.simpleMapping.FakeAggregateMapping
11:25:40.415 [main] DEBUG org.mongolink.domain.mapper.ClassMap - Mapping id : Property{class=org.mongolink.test.entity.FakeAggregate, field=id}
11:25:40.415 [main] DEBUG org.mongolink.domain.mapper.ClassMap - Mapping property : Property{class=org.mongolink.test.entity.FakeAggregate, field=value}
11:25:40.415 [main] DEBUG org.mongolink.domain.mapper.ClassMap - Mapping collection : Property{class=org.mongolink.test.entity.FakeAggregate, field=comments}
11:25:40.415 [main] DEBUG org.mongolink.domain.mapper.ClassMap - Mapping property : Property{class=org.mongolink.test.entity.FakeAggregate, field=comment}
11:25:40.415 [main] DEBUG org.mongolink.domain.mapper.ClassMap - Mapping property : Property{class=org.mongolink.test.entity.FakeAggregate, field=index}
11:25:40.415 [main] DEBUG o.m.domain.mapper.ContextBuilder - Mapping : class org.mongolink.test.simpleMapping.CommentMapping
11:25:40.415 [main] DEBUG org.mongolink.domain.mapper.ClassMap - Mapping property : Property{class=org.mongolink.test.entity.Comment, field=value}
11:25:40.415 [main] DEBUG o.m.domain.mapper.ContextBuilder - Done scanning : [org.mongolink.test.simpleMapping]
11:25:40.415 [main] DEBUG org.mongolink.MongoSession - Starting
11:25:40.416 [main] DEBUG org.mongolink.MongoSession - Starting
11:25:40.416 [main] DEBUG org.mongolink.MongoSession - Commiting unit of work
11:25:40.416 [main] DEBUG org.mongolink.MongoSession - Done commiting
11:25:40.416 [main] DEBUG org.mongolink.MongoSession - Stoping
11:25:40.420 [main] DEBUG o.m.domain.mapper.ContextBuilder - Scanning : [org.mongolink.test.simpleMapping]
11:25:40.421 [main] DEBUG o.m.domain.mapper.ContextBuilder - Mapping : class org.mongolink.test.simpleMapping.FakeAggregateWithNaturalIdMapping
11:25:40.421 [main] DEBUG org.mongolink.domain.mapper.ClassMap - Mapping id : Property{class=org.mongolink.test.entity.FakeAggregateWithNaturalId, field=naturalKey}
11:25:40.421 [main] DEBUG org.mongolink.domain.mapper.ClassMap - Mapping property : Property{class=org.mongolink.test.entity.FakeAggregateWithNaturalId, field=value}
11:25:40.421 [main] DEBUG o.m.domain.mapper.ContextBuilder - Mapping : class org.mongolink.test.simpleMapping.FakeAggregateMappingWithCap
11:25:40.421 [main] DEBUG org.mongolink.domain.mapper.ClassMap - Mapping id : Property{class=org.mongolink.test.entity.FakeEntityWithCap, field=id}
11:25:40.421 [main] DEBUG o.m.domain.mapper.ContextBuilder - Mapping : class org.mongolink.test.simpleMapping.OtherAggregateWithNaturalIdMapping
11:25:40.421 [main] DEBUG org.mongolink.domain.mapper.ClassMap - Mapping id : Property{class=org.mongolink.test.entity.OtherEntityWithNaturalId, field=naturalKey}
11:25:40.421 [main] DEBUG o.m.domain.mapper.ContextBuilder - Mapping : class org.mongolink.test.simpleMapping.FakeAggregateMapping
11:25:40.421 [main] DEBUG org.mongolink.domain.mapper.ClassMap - Mapping id : Property{class=org.mongolink.test.entity.FakeAggregate, field=id}
11:25:40.421 [main] DEBUG org.mongolink.domain.mapper.ClassMap - Mapping property : Property{class=org.mongolink.test.entity.FakeAggregate, field=value}
11:25:40.422 [main] DEBUG org.mongolink.domain.mapper.ClassMap - Mapping collection : Property{class=org.mongolink.test.entity.FakeAggregate, field=comments}
11:25:40.422 [main] DEBUG org.mongolink.domain.mapper.ClassMap - Mapping property : Property{class=org.mongolink.test.entity.FakeAggregate, field=comment}
11:25:40.422 [main] DEBUG org.mongolink.domain.mapper.ClassMap - Mapping property : Property{class=org.mongolink.test.entity.FakeAggregate, field=index}
11:25:40.422 [main] DEBUG o.m.domain.mapper.ContextBuilder - Mapping : class org.mongolink.test.simpleMapping.CommentMapping
11:25:40.422 [main] DEBUG org.mongolink.domain.mapper.ClassMap - Mapping property : Property{class=org.mongolink.test.entity.Comment, field=value}
11:25:40.422 [main] DEBUG o.m.domain.mapper.ContextBuilder - Done scanning : [org.mongolink.test.simpleMapping]
11:25:40.422 [main] DEBUG org.mongolink.MongoSession - Starting
11:25:40.424 [main] WARN  org.mongolink.utils.FieldContainer - Property value was null : Property{class=org.mongolink.test.entity.FakeAggregate, field=comment}
11:25:40.424 [main] WARN  org.mongolink.utils.FieldContainer - Property value was null : Property{class=org.mongolink.test.entity.FakeAggregate, field=index}
11:25:40.424 [main] WARN  org.mongolink.utils.FieldContainer - Property value was null : Property{class=org.mongolink.test.entity.FakeAggregate, field=comment}
11:25:40.424 [main] WARN  org.mongolink.utils.FieldContainer - Property value was null : Property{class=org.mongolink.test.entity.FakeAggregate, field=index}
11:25:40.426 [main] DEBUG o.m.domain.mapper.ContextBuilder - Scanning : [org.mongolink.test.simpleMapping]
11:25:40.426 [main] DEBUG o.m.domain.mapper.ContextBuilder - Mapping : class org.mongolink.test.simpleMapping.FakeAggregateWithNaturalIdMapping
11:25:40.426 [main] DEBUG org.mongolink.domain.mapper.ClassMap - Mapping id : Property{class=org.mongolink.test.entity.FakeAggregateWithNaturalId, field=naturalKey}
11:25:40.426 [main] DEBUG org.mongolink.domain.mapper.ClassMap - Mapping property : Property{class=org.mongolink.test.entity.FakeAggregateWithNaturalId, field=value}
11:25:40.426 [main] DEBUG o.m.domain.mapper.ContextBuilder - Mapping : class org.mongolink.test.simpleMapping.FakeAggregateMappingWithCap
11:25:40.427 [main] DEBUG org.mongolink.domain.mapper.ClassMap - Mapping id : Property{class=org.mongolink.test.entity.FakeEntityWithCap, field=id}
11:25:40.427 [main] DEBUG o.m.domain.mapper.ContextBuilder - Mapping : class org.mongolink.test.simpleMapping.OtherAggregateWithNaturalIdMapping
11:25:40.427 [main] DEBUG org.mongolink.domain.mapper.ClassMap - Mapping id : Property{class=org.mongolink.test.entity.OtherEntityWithNaturalId, field=naturalKey}
11:25:40.427 [main] DEBUG o.m.domain.mapper.ContextBuilder - Mapping : class org.mongolink.test.simpleMapping.FakeAggregateMapping
11:25:40.427 [main] DEBUG org.mongolink.domain.mapper.ClassMap - Mapping id : Property{class=org.mongolink.test.entity.FakeAggregate, field=id}
11:25:40.427 [main] DEBUG org.mongolink.domain.mapper.ClassMap - Mapping property : Property{class=org.mongolink.test.entity.FakeAggregate, field=value}
11:25:40.427 [main] DEBUG org.mongolink.domain.mapper.ClassMap - Mapping collection : Property{class=org.mongolink.test.entity.FakeAggregate, field=comments}
11:25:40.427 [main] DEBUG org.mongolink.domain.mapper.ClassMap - Mapping property : Property{class=org.mongolink.test.entity.FakeAggregate, field=comment}
11:25:40.427 [main] DEBUG org.mongolink.domain.mapper.ClassMap - Mapping property : Property{class=org.mongolink.test.entity.FakeAggregate, field=index}
11:25:40.427 [main] DEBUG o.m.domain.mapper.ContextBuilder - Mapping : class org.mongolink.test.simpleMapping.CommentMapping
11:25:40.428 [main] DEBUG org.mongolink.domain.mapper.ClassMap - Mapping property : Property{class=org.mongolink.test.entity.Comment, field=value}
11:25:40.428 [main] DEBUG o.m.domain.mapper.ContextBuilder - Done scanning : [org.mongolink.test.simpleMapping]
11:25:40.428 [main] DEBUG org.mongolink.MongoSession - Starting
11:25:40.429 [main] DEBUG o.m.domain.mapper.ContextBuilder - Scanning : [org.mongolink.test.simpleMapping]
11:25:40.429 [main] DEBUG o.m.domain.mapper.ContextBuilder - Mapping : class org.mongolink.test.simpleMapping.FakeAggregateWithNaturalIdMapping
11:25:40.430 [main] DEBUG org.mongolink.domain.mapper.ClassMap - Mapping id : Property{class=org.mongolink.test.entity.FakeAggregateWithNaturalId, field=naturalKey}
11:25:40.430 [main] DEBUG org.mongolink.domain.mapper.ClassMap - Mapping property : Property{class=org.mongolink.test.entity.FakeAggregateWithNaturalId, field=value}
11:25:40.430 [main] DEBUG o.m.domain.mapper.ContextBuilder - Mapping : class org.mongolink.test.simpleMapping.FakeAggregateMappingWithCap
11:25:40.430 [main] DEBUG org.mongolink.domain.mapper.ClassMap - Mapping id : Property{class=org.mongolink.test.entity.FakeEntityWithCap, field=id}
11:25:40.430 [main] DEBUG o.m.domain.mapper.ContextBuilder - Mapping : class org.mongolink.test.simpleMapping.OtherAggregateWithNaturalIdMapping
11:25:40.430 [main] DEBUG org.mongolink.domain.mapper.ClassMap - Mapping id : Property{class=org.mongolink.test.entity.OtherEntityWithNaturalId, field=naturalKey}
11:25:40.430 [main] DEBUG o.m.domain.mapper.ContextBuilder - Mapping : class org.mongolink.test.simpleMapping.FakeAggregateMapping
11:25:40.430 [main] DEBUG org.mongolink.domain.mapper.ClassMap - Mapping id : Property{class=org.mongolink.test.entity.FakeAggregate, field=id}
11:25:40.430 [main] DEBUG org.mongolink.domain.mapper.ClassMap - Mapping property : Property{class=org.mongolink.test.entity.FakeAggregate, field=value}
11:25:40.430 [main] DEBUG org.mongolink.domain.mapper.ClassMap - Mapping collection : Property{class=org.mongolink.test.entity.FakeAggregate, field=comments}
11:25:40.431 [main] DEBUG org.mongolink.domain.mapper.ClassMap - Mapping property : Property{class=org.mongolink.test.entity.FakeAggregate, field=comment}
11:25:40.431 [main] DEBUG org.mongolink.domain.mapper.ClassMap - Mapping property : Property{class=org.mongolink.test.entity.FakeAggregate, field=index}
11:25:40.431 [main] DEBUG o.m.domain.mapper.ContextBuilder - Mapping : class org.mongolink.test.simpleMapping.CommentMapping
11:25:40.431 [main] DEBUG org.mongolink.domain.mapper.ClassMap - Mapping property : Property{class=org.mongolink.test.entity.Comment, field=value}
11:25:40.431 [main] DEBUG o.m.domain.mapper.ContextBuilder - Done scanning : [org.mongolink.test.simpleMapping]
11:25:40.431 [main] DEBUG org.mongolink.MongoSession - Starting
11:25:40.431 [main] DEBUG org.mongolink.MongoSession - New entity register for additon : org.mongolink.test.entity.FakeAggregateWithNaturalId@46268f08
11:25:40.434 [main] DEBUG o.m.domain.mapper.ContextBuilder - Scanning : [org.mongolink.test.simpleMapping]
11:25:40.434 [main] DEBUG o.m.domain.mapper.ContextBuilder - Mapping : class org.mongolink.test.simpleMapping.FakeAggregateWithNaturalIdMapping
11:25:40.434 [main] DEBUG org.mongolink.domain.mapper.ClassMap - Mapping id : Property{class=org.mongolink.test.entity.FakeAggregateWithNaturalId, field=naturalKey}
11:25:40.434 [main] DEBUG org.mongolink.domain.mapper.ClassMap - Mapping property : Property{class=org.mongolink.test.entity.FakeAggregateWithNaturalId, field=value}
11:25:40.434 [main] DEBUG o.m.domain.mapper.ContextBuilder - Mapping : class org.mongolink.test.simpleMapping.FakeAggregateMappingWithCap
11:25:40.434 [main] DEBUG org.mongolink.domain.mapper.ClassMap - Mapping id : Property{class=org.mongolink.test.entity.FakeEntityWithCap, field=id}
11:25:40.435 [main] DEBUG o.m.domain.mapper.ContextBuilder - Mapping : class org.mongolink.test.simpleMapping.OtherAggregateWithNaturalIdMapping
11:25:40.435 [main] DEBUG org.mongolink.domain.mapper.ClassMap - Mapping id : Property{class=org.mongolink.test.entity.OtherEntityWithNaturalId, field=naturalKey}
11:25:40.435 [main] DEBUG o.m.domain.mapper.ContextBuilder - Mapping : class org.mongolink.test.simpleMapping.FakeAggregateMapping
11:25:40.435 [main] DEBUG org.mongolink.domain.mapper.ClassMap - Mapping id : Property{class=org.mongolink.test.entity.FakeAggregate, field=id}
11:25:40.435 [main] DEBUG org.mongolink.domain.mapper.ClassMap - Mapping property : Property{class=org.mongolink.test.entity.FakeAggregate, field=value}
11:25:40.435 [main] DEBUG org.mongolink.domain.mapper.ClassMap - Mapping collection : Property{class=org.mongolink.test.entity.FakeAggregate, field=comments}
11:25:40.435 [main] DEBUG org.mongolink.domain.mapper.ClassMap - Mapping property : Property{class=org.mongolink.test.entity.FakeAggregate, field=comment}
11:25:40.435 [main] DEBUG org.mongolink.domain.mapper.ClassMap - Mapping property : Property{class=org.mongolink.test.entity.FakeAggregate, field=index}
11:25:40.435 [main] DEBUG o.m.domain.mapper.ContextBuilder - Mapping : class org.mongolink.test.simpleMapping.CommentMapping
11:25:40.435 [main] DEBUG org.mongolink.domain.mapper.ClassMap - Mapping property : Property{class=org.mongolink.test.entity.Comment, field=value}
11:25:40.435 [main] DEBUG o.m.domain.mapper.ContextBuilder - Done scanning : [org.mongolink.test.simpleMapping]
11:25:40.435 [main] DEBUG org.mongolink.MongoSession - Starting
11:25:40.435 [main] DEBUG org.mongolink.MongoSession - New entity register for additon : org.mongolink.test.entity.FakeAggregateWithNaturalId@3d2ee678
11:25:40.436 [main] DEBUG org.mongolink.MongoSession - New entity register for additon : org.mongolink.test.entity.OtherEntityWithNaturalId@6179e425
11:25:40.437 [main] DEBUG o.m.domain.mapper.ContextBuilder - Scanning : [org.mongolink.test.simpleMapping]
11:25:40.438 [main] DEBUG o.m.domain.mapper.ContextBuilder - Mapping : class org.mongolink.test.simpleMapping.FakeAggregateWithNaturalIdMapping
11:25:40.438 [main] DEBUG org.mongolink.domain.mapper.ClassMap - Mapping id : Property{class=org.mongolink.test.entity.FakeAggregateWithNaturalId, field=naturalKey}
11:25:40.438 [main] DEBUG org.mongolink.domain.mapper.ClassMap - Mapping property : Property{class=org.mongolink.test.entity.FakeAggregateWithNaturalId, field=value}
11:25:40.438 [main] DEBUG o.m.domain.mapper.ContextBuilder - Mapping : class org.mongolink.test.simpleMapping.FakeAggregateMappingWithCap
11:25:40.438 [main] DEBUG org.mongolink.domain.mapper.ClassMap - Mapping id : Property{class=org.mongolink.test.entity.FakeEntityWithCap, field=id}
11:25:40.438 [main] DEBUG o.m.domain.mapper.ContextBuilder - Mapping : class org.mongolink.test.simpleMapping.OtherAggregateWithNaturalIdMapping
11:25:40.439 [main] DEBUG org.mongolink.domain.mapper.ClassMap - Mapping id : Property{class=org.mongolink.test.entity.OtherEntityWithNaturalId, field=naturalKey}
11:25:40.440 [main] DEBUG o.m.domain.mapper.ContextBuilder - Mapping : class org.mongolink.test.simpleMapping.FakeAggregateMapping
11:25:40.440 [main] DEBUG org.mongolink.domain.mapper.ClassMap - Mapping id : Property{class=org.mongolink.test.entity.FakeAggregate, field=id}
11:25:40.440 [main] DEBUG org.mongolink.domain.mapper.ClassMap - Mapping property : Property{class=org.mongolink.test.entity.FakeAggregate, field=value}
11:25:40.440 [main] DEBUG org.mongolink.domain.mapper.ClassMap - Mapping collection : Property{class=org.mongolink.test.entity.FakeAggregate, field=comments}
11:25:40.440 [main] DEBUG org.mongolink.domain.mapper.ClassMap - Mapping property : Property{class=org.mongolink.test.entity.FakeAggregate, field=comment}
11:25:40.440 [main] DEBUG org.mongolink.domain.mapper.ClassMap - Mapping property : Property{class=org.mongolink.test.entity.FakeAggregate, field=index}
11:25:40.440 [main] DEBUG o.m.domain.mapper.ContextBuilder - Mapping : class org.mongolink.test.simpleMapping.CommentMapping
11:25:40.440 [main] DEBUG org.mongolink.domain.mapper.ClassMap - Mapping property : Property{class=org.mongolink.test.entity.Comment, field=value}
11:25:40.440 [main] DEBUG o.m.domain.mapper.ContextBuilder - Done scanning : [org.mongolink.test.simpleMapping]
11:25:40.440 [main] DEBUG org.mongolink.MongoSession - Starting
11:25:40.442 [main] DEBUG o.m.domain.mapper.ContextBuilder - Scanning : [org.mongolink.test.simpleMapping]
11:25:40.442 [main] DEBUG o.m.domain.mapper.ContextBuilder - Mapping : class org.mongolink.test.simpleMapping.FakeAggregateWithNaturalIdMapping
11:25:40.443 [main] DEBUG org.mongolink.domain.mapper.ClassMap - Mapping id : Property{class=org.mongolink.test.entity.FakeAggregateWithNaturalId, field=naturalKey}
11:25:40.443 [main] DEBUG org.mongolink.domain.mapper.ClassMap - Mapping property : Property{class=org.mongolink.test.entity.FakeAggregateWithNaturalId, field=value}
11:25:40.443 [main] DEBUG o.m.domain.mapper.ContextBuilder - Mapping : class org.mongolink.test.simpleMapping.FakeAggregateMappingWithCap
11:25:40.443 [main] DEBUG org.mongolink.domain.mapper.ClassMap - Mapping id : Property{class=org.mongolink.test.entity.FakeEntityWithCap, field=id}
11:25:40.443 [main] DEBUG o.m.domain.mapper.ContextBuilder - Mapping : class org.mongolink.test.simpleMapping.OtherAggregateWithNaturalIdMapping
11:25:40.443 [main] DEBUG org.mongolink.domain.mapper.ClassMap - Mapping id : Property{class=org.mongolink.test.entity.OtherEntityWithNaturalId, field=naturalKey}
11:25:40.443 [main] DEBUG o.m.domain.mapper.ContextBuilder - Mapping : class org.mongolink.test.simpleMapping.FakeAggregateMapping
11:25:40.443 [main] DEBUG org.mongolink.domain.mapper.ClassMap - Mapping id : Property{class=org.mongolink.test.entity.FakeAggregate, field=id}
11:25:40.444 [main] DEBUG org.mongolink.domain.mapper.ClassMap - Mapping property : Property{class=org.mongolink.test.entity.FakeAggregate, field=value}
11:25:40.444 [main] DEBUG org.mongolink.domain.mapper.ClassMap - Mapping collection : Property{class=org.mongolink.test.entity.FakeAggregate, field=comments}
11:25:40.444 [main] DEBUG org.mongolink.domain.mapper.ClassMap - Mapping property : Property{class=org.mongolink.test.entity.FakeAggregate, field=comment}
11:25:40.444 [main] DEBUG org.mongolink.domain.mapper.ClassMap - Mapping property : Property{class=org.mongolink.test.entity.FakeAggregate, field=index}
11:25:40.444 [main] DEBUG o.m.domain.mapper.ContextBuilder - Mapping : class org.mongolink.test.simpleMapping.CommentMapping
11:25:40.444 [main] DEBUG org.mongolink.domain.mapper.ClassMap - Mapping property : Property{class=org.mongolink.test.entity.Comment, field=value}
11:25:40.444 [main] DEBUG o.m.domain.mapper.ContextBuilder - Done scanning : [org.mongolink.test.simpleMapping]
11:25:40.444 [main] DEBUG org.mongolink.MongoSession - Starting
11:25:40.446 [main] WARN  org.mongolink.utils.FieldContainer - Property value was null : Property{class=org.mongolink.test.entity.FakeAggregate, field=comment}
11:25:40.446 [main] WARN  org.mongolink.utils.FieldContainer - Property value was null : Property{class=org.mongolink.test.entity.FakeAggregate, field=index}
11:25:40.446 [main] DEBUG org.mongolink.MongoSession - Commiting unit of work
11:25:40.447 [main] DEBUG o.m.d.u.OverwriteStrategy - Updating : collection fakeaggregate : element { "_id" : { "$oid" : "62dfb31490089bd1af916f16"} , "value" : "un test de plus" , "comments" : [ ] , "index" : 0}
11:25:40.447 [main] DEBUG org.mongolink.MongoSession - Done commiting
11:25:40.449 [main] DEBUG o.m.domain.mapper.ContextBuilder - Scanning : [org.mongolink.test.simpleMapping]
11:25:40.450 [main] DEBUG o.m.domain.mapper.ContextBuilder - Mapping : class org.mongolink.test.simpleMapping.FakeAggregateWithNaturalIdMapping
11:25:40.450 [main] DEBUG org.mongolink.domain.mapper.ClassMap - Mapping id : Property{class=org.mongolink.test.entity.FakeAggregateWithNaturalId, field=naturalKey}
11:25:40.450 [main] DEBUG org.mongolink.domain.mapper.ClassMap - Mapping property : Property{class=org.mongolink.test.entity.FakeAggregateWithNaturalId, field=value}
11:25:40.450 [main] DEBUG o.m.domain.mapper.ContextBuilder - Mapping : class org.mongolink.test.simpleMapping.FakeAggregateMappingWithCap
11:25:40.450 [main] DEBUG org.mongolink.domain.mapper.ClassMap - Mapping id : Property{class=org.mongolink.test.entity.FakeEntityWithCap, field=id}
11:25:40.450 [main] DEBUG o.m.domain.mapper.ContextBuilder - Mapping : class org.mongolink.test.simpleMapping.OtherAggregateWithNaturalIdMapping
11:25:40.450 [main] DEBUG org.mongolink.domain.mapper.ClassMap - Mapping id : Property{class=org.mongolink.test.entity.OtherEntityWithNaturalId, field=naturalKey}
11:25:40.451 [main] DEBUG o.m.domain.mapper.ContextBuilder - Mapping : class org.mongolink.test.simpleMapping.FakeAggregateMapping
11:25:40.451 [main] DEBUG org.mongolink.domain.mapper.ClassMap - Mapping id : Property{class=org.mongolink.test.entity.FakeAggregate, field=id}
11:25:40.451 [main] DEBUG org.mongolink.domain.mapper.ClassMap - Mapping property : Property{class=org.mongolink.test.entity.FakeAggregate, field=value}
11:25:40.451 [main] DEBUG org.mongolink.domain.mapper.ClassMap - Mapping collection : Property{class=org.mongolink.test.entity.FakeAggregate, field=comments}
11:25:40.451 [main] DEBUG org.mongolink.domain.mapper.ClassMap - Mapping property : Property{class=org.mongolink.test.entity.FakeAggregate, field=comment}
11:25:40.451 [main] DEBUG org.mongolink.domain.mapper.ClassMap - Mapping property : Property{class=org.mongolink.test.entity.FakeAggregate, field=index}
11:25:40.451 [main] DEBUG o.m.domain.mapper.ContextBuilder - Mapping : class org.mongolink.test.simpleMapping.CommentMapping
11:25:40.451 [main] DEBUG org.mongolink.domain.mapper.ClassMap - Mapping property : Property{class=org.mongolink.test.entity.Comment, field=value}
11:25:40.451 [main] DEBUG o.m.domain.mapper.ContextBuilder - Done scanning : [org.mongolink.test.simpleMapping]
11:25:40.451 [main] DEBUG org.mongolink.MongoSession - Starting
11:25:40.452 [main] DEBUG org.mongolink.MongoSession - New entity register for additon : org.mongolink.test.entity.FakeAggregate@13d73fa
11:25:40.453 [main] DEBUG o.m.domain.mapper.ContextBuilder - Scanning : [org.mongolink.test.simpleMapping]
11:25:40.454 [main] DEBUG o.m.domain.mapper.ContextBuilder - Mapping : class org.mongolink.test.simpleMapping.FakeAggregateWithNaturalIdMapping
11:25:40.454 [main] DEBUG org.mongolink.domain.mapper.ClassMap - Mapping id : Property{class=org.mongolink.test.entity.FakeAggregateWithNaturalId, field=naturalKey}
11:25:40.454 [main] DEBUG org.mongolink.domain.mapper.ClassMap - Mapping property : Property{class=org.mongolink.test.entity.FakeAggregateWithNaturalId, field=value}
11:25:40.454 [main] DEBUG o.m.domain.mapper.ContextBuilder - Mapping : class org.mongolink.test.simpleMapping.FakeAggregateMappingWithCap
11:25:40.454 [main] DEBUG org.mongolink.domain.mapper.ClassMap - Mapping id : Property{class=org.mongolink.test.entity.FakeEntityWithCap, field=id}
11:25:40.454 [main] DEBUG o.m.domain.mapper.ContextBuilder - Mapping : class org.mongolink.test.simpleMapping.OtherAggregateWithNaturalIdMapping
11:25:40.454 [main] DEBUG org.mongolink.domain.mapper.ClassMap - Mapping id : Property{class=org.mongolink.test.entity.OtherEntityWithNaturalId, field=naturalKey}
11:25:40.455 [main] DEBUG o.m.domain.mapper.ContextBuilder - Mapping : class org.mongolink.test.simpleMapping.FakeAggregateMapping
11:25:40.455 [main] DEBUG org.mongolink.domain.mapper.ClassMap - Mapping id : Property{class=org.mongolink.test.entity.FakeAggregate, field=id}
11:25:40.455 [main] DEBUG org.mongolink.domain.mapper.ClassMap - Mapping property : Property{class=org.mongolink.test.entity.FakeAggregate, field=value}
11:25:40.455 [main] DEBUG org.mongolink.domain.mapper.ClassMap - Mapping collection : Property{class=org.mongolink.test.entity.FakeAggregate, field=comments}
11:25:40.455 [main] DEBUG org.mongolink.domain.mapper.ClassMap - Mapping property : Property{class=org.mongolink.test.entity.FakeAggregate, field=comment}
11:25:40.455 [main] DEBUG org.mongolink.domain.mapper.ClassMap - Mapping property : Property{class=org.mongolink.test.entity.FakeAggregate, field=index}
11:25:40.455 [main] DEBUG o.m.domain.mapper.ContextBuilder - Mapping : class org.mongolink.test.simpleMapping.CommentMapping
11:25:40.456 [main] DEBUG org.mongolink.domain.mapper.ClassMap - Mapping property : Property{class=org.mongolink.test.entity.Comment, field=value}
11:25:40.456 [main] DEBUG o.m.domain.mapper.ContextBuilder - Done scanning : [org.mongolink.test.simpleMapping]
11:25:40.456 [main] DEBUG org.mongolink.MongoSession - Starting
11:25:40.457 [main] WARN  org.mongolink.utils.FieldContainer - Property value was null : Property{class=org.mongolink.test.entity.FakeAggregate, field=comment}
11:25:40.458 [main] WARN  org.mongolink.utils.FieldContainer - Property value was null : Property{class=org.mongolink.test.entity.FakeAggregate, field=index}
11:25:40.459 [main] DEBUG o.m.domain.mapper.ContextBuilder - Scanning : [org.mongolink.test.simpleMapping]
11:25:40.460 [main] DEBUG o.m.domain.mapper.ContextBuilder - Mapping : class org.mongolink.test.simpleMapping.FakeAggregateWithNaturalIdMapping
11:25:40.460 [main] DEBUG org.mongolink.domain.mapper.ClassMap - Mapping id : Property{class=org.mongolink.test.entity.FakeAggregateWithNaturalId, field=naturalKey}
11:25:40.460 [main] DEBUG org.mongolink.domain.mapper.ClassMap - Mapping property : Property{class=org.mongolink.test.entity.FakeAggregateWithNaturalId, field=value}
11:25:40.460 [main] DEBUG o.m.domain.mapper.ContextBuilder - Mapping : class org.mongolink.test.simpleMapping.FakeAggregateMappingWithCap
11:25:40.460 [main] DEBUG org.mongolink.domain.mapper.ClassMap - Mapping id : Property{class=org.mongolink.test.entity.FakeEntityWithCap, field=id}
11:25:40.460 [main] DEBUG o.m.domain.mapper.ContextBuilder - Mapping : class org.mongolink.test.simpleMapping.OtherAggregateWithNaturalIdMapping
11:25:40.460 [main] DEBUG org.mongolink.domain.mapper.ClassMap - Mapping id : Property{class=org.mongolink.test.entity.OtherEntityWithNaturalId, field=naturalKey}
11:25:40.461 [main] DEBUG o.m.domain.mapper.ContextBuilder - Mapping : class org.mongolink.test.simpleMapping.FakeAggregateMapping
11:25:40.461 [main] DEBUG org.mongolink.domain.mapper.ClassMap - Mapping id : Property{class=org.mongolink.test.entity.FakeAggregate, field=id}
11:25:40.461 [main] DEBUG org.mongolink.domain.mapper.ClassMap - Mapping property : Property{class=org.mongolink.test.entity.FakeAggregate, field=value}
11:25:40.461 [main] DEBUG org.mongolink.domain.mapper.ClassMap - Mapping collection : Property{class=org.mongolink.test.entity.FakeAggregate, field=comments}
11:25:40.461 [main] DEBUG org.mongolink.domain.mapper.ClassMap - Mapping property : Property{class=org.mongolink.test.entity.FakeAggregate, field=comment}
11:25:40.461 [main] DEBUG org.mongolink.domain.mapper.ClassMap - Mapping property : Property{class=org.mongolink.test.entity.FakeAggregate, field=index}
11:25:40.461 [main] DEBUG o.m.domain.mapper.ContextBuilder - Mapping : class org.mongolink.test.simpleMapping.CommentMapping
11:25:40.461 [main] DEBUG org.mongolink.domain.mapper.ClassMap - Mapping property : Property{class=org.mongolink.test.entity.Comment, field=value}
11:25:40.461 [main] DEBUG o.m.domain.mapper.ContextBuilder - Done scanning : [org.mongolink.test.simpleMapping]
11:25:40.461 [main] DEBUG org.mongolink.MongoSession - Starting
11:25:40.462 [main] DEBUG org.mongolink.MongoSession - New entity register for additon : org.mongolink.test.entity.FakeAggregate@3e30646a
11:25:40.462 [main] DEBUG org.mongolink.MongoSession - Commiting unit of work
11:25:40.463 [main] DEBUG org.mongolink.MongoSession - Entity added :{ "_id" : { "$oid" : "62dfb31490089bd1af916f1f"} , "value" : "value" , "comments" : [ ] , "index" : 0}
11:25:40.463 [main] DEBUG org.mongolink.MongoSession - Done commiting
11:25:40.465 [main] DEBUG o.m.domain.mapper.ContextBuilder - Scanning : [org.mongolink.test.simpleMapping]
11:25:40.466 [main] DEBUG o.m.domain.mapper.ContextBuilder - Mapping : class org.mongolink.test.simpleMapping.FakeAggregateWithNaturalIdMapping
11:25:40.466 [main] DEBUG org.mongolink.domain.mapper.ClassMap - Mapping id : Property{class=org.mongolink.test.entity.FakeAggregateWithNaturalId, field=naturalKey}
11:25:40.466 [main] DEBUG org.mongolink.domain.mapper.ClassMap - Mapping property : Property{class=org.mongolink.test.entity.FakeAggregateWithNaturalId, field=value}
11:25:40.466 [main] DEBUG o.m.domain.mapper.ContextBuilder - Mapping : class org.mongolink.test.simpleMapping.FakeAggregateMappingWithCap
11:25:40.466 [main] DEBUG org.mongolink.domain.mapper.ClassMap - Mapping id : Property{class=org.mongolink.test.entity.FakeEntityWithCap, field=id}
11:25:40.466 [main] DEBUG o.m.domain.mapper.ContextBuilder - Mapping : class org.mongolink.test.simpleMapping.OtherAggregateWithNaturalIdMapping
11:25:40.466 [main] DEBUG org.mongolink.domain.mapper.ClassMap - Mapping id : Property{class=org.mongolink.test.entity.OtherEntityWithNaturalId, field=naturalKey}
11:25:40.466 [main] DEBUG o.m.domain.mapper.ContextBuilder - Mapping : class org.mongolink.test.simpleMapping.FakeAggregateMapping
11:25:40.466 [main] DEBUG org.mongolink.domain.mapper.ClassMap - Mapping id : Property{class=org.mongolink.test.entity.FakeAggregate, field=id}
11:25:40.466 [main] DEBUG org.mongolink.domain.mapper.ClassMap - Mapping property : Property{class=org.mongolink.test.entity.FakeAggregate, field=value}
11:25:40.466 [main] DEBUG org.mongolink.domain.mapper.ClassMap - Mapping collection : Property{class=org.mongolink.test.entity.FakeAggregate, field=comments}
11:25:40.466 [main] DEBUG org.mongolink.domain.mapper.ClassMap - Mapping property : Property{class=org.mongolink.test.entity.FakeAggregate, field=comment}
11:25:40.467 [main] DEBUG org.mongolink.domain.mapper.ClassMap - Mapping property : Property{class=org.mongolink.test.entity.FakeAggregate, field=index}
11:25:40.467 [main] DEBUG o.m.domain.mapper.ContextBuilder - Mapping : class org.mongolink.test.simpleMapping.CommentMapping
11:25:40.467 [main] DEBUG org.mongolink.domain.mapper.ClassMap - Mapping property : Property{class=org.mongolink.test.entity.Comment, field=value}
11:25:40.467 [main] DEBUG o.m.domain.mapper.ContextBuilder - Done scanning : [org.mongolink.test.simpleMapping]
11:25:40.467 [main] DEBUG org.mongolink.MongoSession - Starting
11:25:40.468 [main] WARN  org.mongolink.utils.FieldContainer - Property value was null : Property{class=org.mongolink.test.entity.FakeAggregateWithNaturalId, field=value}
11:25:40.476 [main] DEBUG o.m.domain.mapper.ContextBuilder - Scanning : [org.mongolink.test.simpleMapping]
11:25:40.477 [main] DEBUG o.m.domain.mapper.ContextBuilder - Mapping : class org.mongolink.test.simpleMapping.FakeAggregateWithNaturalIdMapping
11:25:40.477 [main] DEBUG org.mongolink.domain.mapper.ClassMap - Mapping id : Property{class=org.mongolink.test.entity.FakeAggregateWithNaturalId, field=naturalKey}
11:25:40.478 [main] DEBUG org.mongolink.domain.mapper.ClassMap - Mapping property : Property{class=org.mongolink.test.entity.FakeAggregateWithNaturalId, field=value}
11:25:40.478 [main] DEBUG o.m.domain.mapper.ContextBuilder - Mapping : class org.mongolink.test.simpleMapping.FakeAggregateMappingWithCap
11:25:40.478 [main] DEBUG org.mongolink.domain.mapper.ClassMap - Mapping id : Property{class=org.mongolink.test.entity.FakeEntityWithCap, field=id}
11:25:40.478 [main] DEBUG o.m.domain.mapper.ContextBuilder - Mapping : class org.mongolink.test.simpleMapping.OtherAggregateWithNaturalIdMapping
11:25:40.478 [main] DEBUG org.mongolink.domain.mapper.ClassMap - Mapping id : Property{class=org.mongolink.test.entity.OtherEntityWithNaturalId, field=naturalKey}
11:25:40.478 [main] DEBUG o.m.domain.mapper.ContextBuilder - Mapping : class org.mongolink.test.simpleMapping.FakeAggregateMapping
11:25:40.478 [main] DEBUG org.mongolink.domain.mapper.ClassMap - Mapping id : Property{class=org.mongolink.test.entity.FakeAggregate, field=id}
11:25:40.479 [main] DEBUG org.mongolink.domain.mapper.ClassMap - Mapping property : Property{class=org.mongolink.test.entity.FakeAggregate, field=value}
11:25:40.479 [main] DEBUG org.mongolink.domain.mapper.ClassMap - Mapping collection : Property{class=org.mongolink.test.entity.FakeAggregate, field=comments}
11:25:40.479 [main] DEBUG org.mongolink.domain.mapper.ClassMap - Mapping property : Property{class=org.mongolink.test.entity.FakeAggregate, field=comment}
11:25:40.479 [main] DEBUG org.mongolink.domain.mapper.ClassMap - Mapping property : Property{class=org.mongolink.test.entity.FakeAggregate, field=index}
11:25:40.480 [main] DEBUG o.m.domain.mapper.ContextBuilder - Mapping : class org.mongolink.test.simpleMapping.CommentMapping
11:25:40.480 [main] DEBUG org.mongolink.domain.mapper.ClassMap - Mapping property : Property{class=org.mongolink.test.entity.Comment, field=value}
11:25:40.480 [main] DEBUG o.m.domain.mapper.ContextBuilder - Done scanning : [org.mongolink.test.simpleMapping]
11:25:40.480 [main] DEBUG org.mongolink.MongoSession - Starting
11:25:40.480 [main] DEBUG org.mongolink.MongoSession - New entity register for additon : org.mongolink.test.entity.FakeAggregateWithNaturalId@1fdf1c5
11:25:40.482 [main] DEBUG o.m.domain.mapper.ContextBuilder - Scanning : [org.mongolink.test.simpleMapping]
11:25:40.483 [main] DEBUG o.m.domain.mapper.ContextBuilder - Mapping : class org.mongolink.test.simpleMapping.FakeAggregateWithNaturalIdMapping
11:25:40.483 [main] DEBUG org.mongolink.domain.mapper.ClassMap - Mapping id : Property{class=org.mongolink.test.entity.FakeAggregateWithNaturalId, field=naturalKey}
11:25:40.483 [main] DEBUG org.mongolink.domain.mapper.ClassMap - Mapping property : Property{class=org.mongolink.test.entity.FakeAggregateWithNaturalId, field=value}
11:25:40.483 [main] DEBUG o.m.domain.mapper.ContextBuilder - Mapping : class org.mongolink.test.simpleMapping.FakeAggregateMappingWithCap
11:25:40.483 [main] DEBUG org.mongolink.domain.mapper.ClassMap - Mapping id : Property{class=org.mongolink.test.entity.FakeEntityWithCap, field=id}
11:25:40.483 [main] DEBUG o.m.domain.mapper.ContextBuilder - Mapping : class org.mongolink.test.simpleMapping.OtherAggregateWithNaturalIdMapping
11:25:40.483 [main] DEBUG org.mongolink.domain.mapper.ClassMap - Mapping id : Property{class=org.mongolink.test.entity.OtherEntityWithNaturalId, field=naturalKey}
11:25:40.484 [main] DEBUG o.m.domain.mapper.ContextBuilder - Mapping : class org.mongolink.test.simpleMapping.FakeAggregateMapping
11:25:40.484 [main] DEBUG org.mongolink.domain.mapper.ClassMap - Mapping id : Property{class=org.mongolink.test.entity.FakeAggregate, field=id}
11:25:40.484 [main] DEBUG org.mongolink.domain.mapper.ClassMap - Mapping property : Property{class=org.mongolink.test.entity.FakeAggregate, field=value}
11:25:40.484 [main] DEBUG org.mongolink.domain.mapper.ClassMap - Mapping collection : Property{class=org.mongolink.test.entity.FakeAggregate, field=comments}
11:25:40.484 [main] DEBUG org.mongolink.domain.mapper.ClassMap - Mapping property : Property{class=org.mongolink.test.entity.FakeAggregate, field=comment}
11:25:40.484 [main] DEBUG org.mongolink.domain.mapper.ClassMap - Mapping property : Property{class=org.mongolink.test.entity.FakeAggregate, field=index}
11:25:40.484 [main] DEBUG o.m.domain.mapper.ContextBuilder - Mapping : class org.mongolink.test.simpleMapping.CommentMapping
11:25:40.485 [main] DEBUG org.mongolink.domain.mapper.ClassMap - Mapping property : Property{class=org.mongolink.test.entity.Comment, field=value}
11:25:40.485 [main] DEBUG o.m.domain.mapper.ContextBuilder - Done scanning : [org.mongolink.test.simpleMapping]
11:25:40.485 [main] DEBUG org.mongolink.MongoSession - Starting
11:25:40.491 [main] DEBUG o.m.domain.mapper.ContextBuilder - Scanning : [org.mongolink.test.simpleMapping]
11:25:40.491 [main] DEBUG o.m.domain.mapper.ContextBuilder - Mapping : class org.mongolink.test.simpleMapping.FakeAggregateWithNaturalIdMapping
11:25:40.492 [main] DEBUG org.mongolink.domain.mapper.ClassMap - Mapping id : Property{class=org.mongolink.test.entity.FakeAggregateWithNaturalId, field=naturalKey}
11:25:40.492 [main] DEBUG org.mongolink.domain.mapper.ClassMap - Mapping property : Property{class=org.mongolink.test.entity.FakeAggregateWithNaturalId, field=value}
11:25:40.492 [main] DEBUG o.m.domain.mapper.ContextBuilder - Mapping : class org.mongolink.test.simpleMapping.FakeAggregateMappingWithCap
11:25:40.492 [main] DEBUG org.mongolink.domain.mapper.ClassMap - Mapping id : Property{class=org.mongolink.test.entity.FakeEntityWithCap, field=id}
11:25:40.492 [main] DEBUG o.m.domain.mapper.ContextBuilder - Mapping : class org.mongolink.test.simpleMapping.OtherAggregateWithNaturalIdMapping
11:25:40.492 [main] DEBUG org.mongolink.domain.mapper.ClassMap - Mapping id : Property{class=org.mongolink.test.entity.OtherEntityWithNaturalId, field=naturalKey}
11:25:40.492 [main] DEBUG o.m.domain.mapper.ContextBuilder - Mapping : class org.mongolink.test.simpleMapping.FakeAggregateMapping
11:25:40.492 [main] DEBUG org.mongolink.domain.mapper.ClassMap - Mapping id : Property{class=org.mongolink.test.entity.FakeAggregate, field=id}
11:25:40.493 [main] DEBUG org.mongolink.domain.mapper.ClassMap - Mapping property : Property{class=org.mongolink.test.entity.FakeAggregate, field=value}
11:25:40.493 [main] DEBUG org.mongolink.domain.mapper.ClassMap - Mapping collection : Property{class=org.mongolink.test.entity.FakeAggregate, field=comments}
11:25:40.493 [main] DEBUG org.mongolink.domain.mapper.ClassMap - Mapping property : Property{class=org.mongolink.test.entity.FakeAggregate, field=comment}
11:25:40.493 [main] DEBUG org.mongolink.domain.mapper.ClassMap - Mapping property : Property{class=org.mongolink.test.entity.FakeAggregate, field=index}
11:25:40.493 [main] DEBUG o.m.domain.mapper.ContextBuilder - Mapping : class org.mongolink.test.simpleMapping.CommentMapping
11:25:40.493 [main] DEBUG org.mongolink.domain.mapper.ClassMap - Mapping property : Property{class=org.mongolink.test.entity.Comment, field=value}
11:25:40.493 [main] DEBUG o.m.domain.mapper.ContextBuilder - Done scanning : [org.mongolink.test.simpleMapping]
11:25:40.493 [main] DEBUG org.mongolink.MongoSession - Starting
11:25:40.495 [main] DEBUG o.m.domain.mapper.ContextBuilder - Scanning : [org.mongolink.test.simpleMapping]
11:25:40.495 [main] DEBUG o.m.domain.mapper.ContextBuilder - Mapping : class org.mongolink.test.simpleMapping.FakeAggregateWithNaturalIdMapping
11:25:40.495 [main] DEBUG org.mongolink.domain.mapper.ClassMap - Mapping id : Property{class=org.mongolink.test.entity.FakeAggregateWithNaturalId, field=naturalKey}
11:25:40.495 [main] DEBUG org.mongolink.domain.mapper.ClassMap - Mapping property : Property{class=org.mongolink.test.entity.FakeAggregateWithNaturalId, field=value}
11:25:40.495 [main] DEBUG o.m.domain.mapper.ContextBuilder - Mapping : class org.mongolink.test.simpleMapping.FakeAggregateMappingWithCap
11:25:40.496 [main] DEBUG org.mongolink.domain.mapper.ClassMap - Mapping id : Property{class=org.mongolink.test.entity.FakeEntityWithCap, field=id}
11:25:40.496 [main] DEBUG o.m.domain.mapper.ContextBuilder - Mapping : class org.mongolink.test.simpleMapping.OtherAggregateWithNaturalIdMapping
11:25:40.496 [main] DEBUG org.mongolink.domain.mapper.ClassMap - Mapping id : Property{class=org.mongolink.test.entity.OtherEntityWithNaturalId, field=naturalKey}
11:25:40.496 [main] DEBUG o.m.domain.mapper.ContextBuilder - Mapping : class org.mongolink.test.simpleMapping.FakeAggregateMapping
11:25:40.496 [main] DEBUG org.mongolink.domain.mapper.ClassMap - Mapping id : Property{class=org.mongolink.test.entity.FakeAggregate, field=id}
11:25:40.496 [main] DEBUG org.mongolink.domain.mapper.ClassMap - Mapping property : Property{class=org.mongolink.test.entity.FakeAggregate, field=value}
11:25:40.496 [main] DEBUG org.mongolink.domain.mapper.ClassMap - Mapping collection : Property{class=org.mongolink.test.entity.FakeAggregate, field=comments}
11:25:40.496 [main] DEBUG org.mongolink.domain.mapper.ClassMap - Mapping property : Property{class=org.mongolink.test.entity.FakeAggregate, field=comment}
11:25:40.496 [main] DEBUG org.mongolink.domain.mapper.ClassMap - Mapping property : Property{class=org.mongolink.test.entity.FakeAggregate, field=index}
11:25:40.496 [main] DEBUG o.m.domain.mapper.ContextBuilder - Mapping : class org.mongolink.test.simpleMapping.CommentMapping
11:25:40.496 [main] DEBUG org.mongolink.domain.mapper.ClassMap - Mapping property : Property{class=org.mongolink.test.entity.Comment, field=value}
11:25:40.496 [main] DEBUG o.m.domain.mapper.ContextBuilder - Done scanning : [org.mongolink.test.simpleMapping]
11:25:40.496 [main] DEBUG org.mongolink.MongoSession - Starting
11:25:40.497 [main] DEBUG org.mongolink.MongoSession - New entity register for additon : org.mongolink.test.entity.FakeAggregateWithNaturalId@69653e16
11:25:40.497 [main] DEBUG org.mongolink.MongoSession - Commiting unit of work
11:25:40.498 [main] DEBUG org.mongolink.MongoSession - Entity added :{ "_id" : "natural key" , "value" : "a value"}
11:25:40.498 [main] DEBUG org.mongolink.MongoSession - Done commiting
Tests run: 26, Failures: 0, Errors: 0, Skipped: 0, Time elapsed: 0.236 sec
Running org.mongolink.domain.session.TestsMongoSessionWithInheritance
11:25:40.503 [main] DEBUG org.mongolink.domain.mapper.ClassMap - Mapping id : Property{class=org.mongolink.test.entity.FakeAggregate, field=id}
11:25:40.503 [main] DEBUG org.mongolink.domain.mapper.ClassMap - Mapping property : Property{class=org.mongolink.test.entity.FakeAggregate, field=value}
11:25:40.511 [main] DEBUG org.mongolink.domain.mapper.ClassMap - Mapping subclass : FakeChildAggregate
11:25:40.511 [main] DEBUG org.mongolink.domain.mapper.ClassMap - Mapping property : Property{class=org.mongolink.test.entity.FakeChildAggregate, field=childName}
11:25:40.511 [main] DEBUG org.mongolink.MongoSession - Starting
11:25:40.512 [main] WARN  org.mongolink.utils.FieldContainer - Property value was null : Property{class=org.mongolink.test.entity.FakeChildAggregate, field=childName}
11:25:40.512 [main] WARN  org.mongolink.utils.FieldContainer - Property value was null : Property{class=org.mongolink.test.entity.FakeAggregate, field=value}
11:25:40.514 [main] DEBUG org.mongolink.domain.mapper.ClassMap - Mapping id : Property{class=org.mongolink.test.entity.FakeAggregate, field=id}
11:25:40.514 [main] DEBUG org.mongolink.domain.mapper.ClassMap - Mapping property : Property{class=org.mongolink.test.entity.FakeAggregate, field=value}
11:25:40.514 [main] DEBUG org.mongolink.domain.mapper.ClassMap - Mapping subclass : FakeChildAggregate
11:25:40.514 [main] DEBUG org.mongolink.domain.mapper.ClassMap - Mapping property : Property{class=org.mongolink.test.entity.FakeChildAggregate, field=childName}
11:25:40.514 [main] DEBUG org.mongolink.MongoSession - Starting
11:25:40.515 [main] WARN  org.mongolink.utils.FieldContainer - Property value was null : Property{class=org.mongolink.test.entity.FakeChildAggregate, field=childName}
11:25:40.520 [main] WARN  org.mongolink.utils.FieldContainer - Property value was null : Property{class=org.mongolink.test.entity.FakeAggregate, field=value}
11:25:40.523 [main] DEBUG org.mongolink.domain.mapper.ClassMap - Mapping id : Property{class=org.mongolink.test.entity.FakeAggregate, field=id}
11:25:40.524 [main] DEBUG org.mongolink.domain.mapper.ClassMap - Mapping property : Property{class=org.mongolink.test.entity.FakeAggregate, field=value}
11:25:40.526 [main] DEBUG org.mongolink.domain.mapper.ClassMap - Mapping subclass : FakeChildAggregate
11:25:40.526 [main] DEBUG org.mongolink.domain.mapper.ClassMap - Mapping property : Property{class=org.mongolink.test.entity.FakeChildAggregate, field=childName}
11:25:40.526 [main] DEBUG org.mongolink.MongoSession - Starting
11:25:40.527 [main] DEBUG org.mongolink.MongoSession - New entity register for additon : org.mongolink.test.entity.FakeChildAggregate@ff684e1
11:25:40.527 [main] DEBUG org.mongolink.MongoSession - Commiting unit of work
11:25:40.528 [main] DEBUG org.mongolink.MongoSession - Entity added :{ "__discriminator" : "FakeChildAggregate" , "_id" : "2"}
11:25:40.529 [main] DEBUG org.mongolink.MongoSession - Done commiting
Tests run: 3, Failures: 0, Errors: 0, Skipped: 0, Time elapsed: 0.031 sec
Running org.mongolink.domain.session.TestsUnitOfWork
Tests run: 2, Failures: 0, Errors: 0, Skipped: 0, Time elapsed: 0.005 sec
Running org.mongolink.domain.updateStrategy.DiffTest
1
2
3
Tests run: 1, Failures: 0, Errors: 0, Skipped: 0, Time elapsed: 0.005 sec
Running org.mongolink.domain.updateStrategy.DiffStrategyTest
11:25:40.545 [main] DEBUG o.m.d.updateStrategy.DiffStrategy - Updating array : { "_id" :  null } modifier: $pull  values: { "liste" : "first"}
11:25:40.546 [main] DEBUG o.m.d.updateStrategy.DiffStrategy - Updating array : { "_id" :  null } modifier: $pushAll  values: { "liste" : [ "third" , "other"]}
11:25:40.547 [main] DEBUG o.m.d.updateStrategy.DiffStrategy - Updating array : { "_id" :  null } modifier: $push  values: { "liste" : "third"}
11:25:40.547 [main] DEBUG o.m.d.updateStrategy.DiffStrategy - Updating : collection null : query { "_id" :  null } : modifiers : { "$set" : { "liste.0" : "second" , "liste.1" : "first"}}
Tests run: 3, Failures: 0, Errors: 0, Skipped: 0, Time elapsed: 0.006 sec
Running org.mongolink.domain.updateStrategy.TestsListVisitor
Tests run: 6, Failures: 0, Errors: 0, Skipped: 2, Time elapsed: 0.01 sec
Running org.mongolink.domain.updateStrategy.TestsDbObjectDiff
Tests run: 12, Failures: 0, Errors: 0, Skipped: 0, Time elapsed: 0.007 sec
Running org.mongolink.domain.mapper.TestsContextBuilder
11:25:40.568 [main] DEBUG o.m.domain.mapper.ContextBuilder - Scanning : [org.mongolink.test.simpleMapping, org.mongolink.test.additionalMapping]
11:25:40.569 [main] DEBUG o.m.domain.mapper.ContextBuilder - Mapping : class org.mongolink.test.simpleMapping.FakeAggregateWithNaturalIdMapping
11:25:40.569 [main] DEBUG org.mongolink.domain.mapper.ClassMap - Mapping id : Property{class=org.mongolink.test.entity.FakeAggregateWithNaturalId, field=naturalKey}
11:25:40.570 [main] DEBUG org.mongolink.domain.mapper.ClassMap - Mapping property : Property{class=org.mongolink.test.entity.FakeAggregateWithNaturalId, field=value}
11:25:40.570 [main] DEBUG o.m.domain.mapper.ContextBuilder - Mapping : class org.mongolink.test.simpleMapping.FakeAggregateMappingWithCap
11:25:40.570 [main] DEBUG org.mongolink.domain.mapper.ClassMap - Mapping id : Property{class=org.mongolink.test.entity.FakeEntityWithCap, field=id}
11:25:40.570 [main] DEBUG o.m.domain.mapper.ContextBuilder - Mapping : class org.mongolink.test.simpleMapping.OtherAggregateWithNaturalIdMapping
11:25:40.570 [main] DEBUG org.mongolink.domain.mapper.ClassMap - Mapping id : Property{class=org.mongolink.test.entity.OtherEntityWithNaturalId, field=naturalKey}
11:25:40.570 [main] DEBUG o.m.domain.mapper.ContextBuilder - Mapping : class org.mongolink.test.simpleMapping.FakeAggregateMapping
11:25:40.570 [main] DEBUG org.mongolink.domain.mapper.ClassMap - Mapping id : Property{class=org.mongolink.test.entity.FakeAggregate, field=id}
11:25:40.570 [main] DEBUG org.mongolink.domain.mapper.ClassMap - Mapping property : Property{class=org.mongolink.test.entity.FakeAggregate, field=value}
11:25:40.570 [main] DEBUG org.mongolink.domain.mapper.ClassMap - Mapping collection : Property{class=org.mongolink.test.entity.FakeAggregate, field=comments}
11:25:40.570 [main] DEBUG org.mongolink.domain.mapper.ClassMap - Mapping property : Property{class=org.mongolink.test.entity.FakeAggregate, field=comment}
11:25:40.570 [main] DEBUG org.mongolink.domain.mapper.ClassMap - Mapping property : Property{class=org.mongolink.test.entity.FakeAggregate, field=index}
11:25:40.570 [main] DEBUG o.m.domain.mapper.ContextBuilder - Mapping : class org.mongolink.test.simpleMapping.CommentMapping
11:25:40.570 [main] DEBUG org.mongolink.domain.mapper.ClassMap - Mapping property : Property{class=org.mongolink.test.entity.Comment, field=value}
11:25:40.573 [main] DEBUG o.m.domain.mapper.ContextBuilder - Mapping : class org.mongolink.test.additionalMapping.PostMapping
11:25:40.573 [main] DEBUG org.mongolink.domain.mapper.ClassMap - Mapping property : Property{class=org.mongolink.test.entity.Post, field=title}
11:25:40.573 [main] DEBUG org.mongolink.domain.mapper.ClassMap - Mapping property : Property{class=org.mongolink.test.entity.Post, field=content}
11:25:40.574 [main] DEBUG o.m.domain.mapper.ContextBuilder - Done scanning : [org.mongolink.test.simpleMapping, org.mongolink.test.additionalMapping]
11:25:40.574 [main] DEBUG o.m.domain.mapper.ContextBuilder - Scanning : [org.mongolink.test.simpleMapping]
11:25:40.574 [main] DEBUG o.m.domain.mapper.ContextBuilder - Mapping : class org.mongolink.test.simpleMapping.FakeAggregateWithNaturalIdMapping
11:25:40.574 [main] DEBUG org.mongolink.domain.mapper.ClassMap - Mapping id : Property{class=org.mongolink.test.entity.FakeAggregateWithNaturalId, field=naturalKey}
11:25:40.574 [main] DEBUG org.mongolink.domain.mapper.ClassMap - Mapping property : Property{class=org.mongolink.test.entity.FakeAggregateWithNaturalId, field=value}
11:25:40.575 [main] DEBUG o.m.domain.mapper.ContextBuilder - Mapping : class org.mongolink.test.simpleMapping.FakeAggregateMappingWithCap
11:25:40.575 [main] DEBUG org.mongolink.domain.mapper.ClassMap - Mapping id : Property{class=org.mongolink.test.entity.FakeEntityWithCap, field=id}
11:25:40.575 [main] DEBUG o.m.domain.mapper.ContextBuilder - Mapping : class org.mongolink.test.simpleMapping.OtherAggregateWithNaturalIdMapping
11:25:40.575 [main] DEBUG org.mongolink.domain.mapper.ClassMap - Mapping id : Property{class=org.mongolink.test.entity.OtherEntityWithNaturalId, field=naturalKey}
11:25:40.575 [main] DEBUG o.m.domain.mapper.ContextBuilder - Mapping : class org.mongolink.test.simpleMapping.FakeAggregateMapping
11:25:40.575 [main] DEBUG org.mongolink.domain.mapper.ClassMap - Mapping id : Property{class=org.mongolink.test.entity.FakeAggregate, field=id}
11:25:40.575 [main] DEBUG org.mongolink.domain.mapper.ClassMap - Mapping property : Property{class=org.mongolink.test.entity.FakeAggregate, field=value}
11:25:40.575 [main] DEBUG org.mongolink.domain.mapper.ClassMap - Mapping collection : Property{class=org.mongolink.test.entity.FakeAggregate, field=comments}
11:25:40.575 [main] DEBUG org.mongolink.domain.mapper.ClassMap - Mapping property : Property{class=org.mongolink.test.entity.FakeAggregate, field=comment}
11:25:40.575 [main] DEBUG org.mongolink.domain.mapper.ClassMap - Mapping property : Property{class=org.mongolink.test.entity.FakeAggregate, field=index}
11:25:40.575 [main] DEBUG o.m.domain.mapper.ContextBuilder - Mapping : class org.mongolink.test.simpleMapping.CommentMapping
11:25:40.575 [main] DEBUG org.mongolink.domain.mapper.ClassMap - Mapping property : Property{class=org.mongolink.test.entity.Comment, field=value}
11:25:40.576 [main] DEBUG o.m.domain.mapper.ContextBuilder - Done scanning : [org.mongolink.test.simpleMapping]
11:25:40.576 [main] DEBUG o.m.domain.mapper.ContextBuilder - Scanning : [org.mongolink.test.inheritanceMapping]
11:25:40.577 [main] DEBUG o.m.domain.mapper.ContextBuilder - Mapping : class org.mongolink.test.inheritanceMapping.FakeAggregateWithSubclassMapping
11:25:40.577 [main] DEBUG org.mongolink.domain.mapper.ClassMap - Mapping id : Property{class=org.mongolink.test.entity.FakeAggregate, field=id}
11:25:40.577 [main] DEBUG org.mongolink.domain.mapper.ClassMap - Mapping property : Property{class=org.mongolink.test.entity.FakeAggregate, field=value}
11:25:40.577 [main] DEBUG org.mongolink.domain.mapper.ClassMap - Mapping subclass : FakeChildAggregate
11:25:40.577 [main] DEBUG org.mongolink.domain.mapper.ClassMap - Mapping property : Property{class=org.mongolink.test.entity.FakeChildAggregate, field=childName}
11:25:40.577 [main] DEBUG o.m.domain.mapper.ContextBuilder - Mapping : class org.mongolink.test.inheritanceMapping.FakeAggregateWithTwoSubclassMapping
11:25:40.578 [main] DEBUG org.mongolink.domain.mapper.ClassMap - Mapping id : Property{class=org.mongolink.test.entity.FakeAggregate, field=id}
11:25:40.578 [main] DEBUG org.mongolink.domain.mapper.ClassMap - Mapping subclass : FakeChildAggregate
11:25:40.581 [main] DEBUG org.mongolink.domain.mapper.ClassMap - Mapping subclass : OtherFakeChildAggregate
11:25:40.582 [main] DEBUG o.m.domain.mapper.ContextBuilder - Done scanning : [org.mongolink.test.inheritanceMapping]
Tests run: 3, Failures: 0, Errors: 0, Skipped: 0, Time elapsed: 0.014 sec
Running org.mongolink.domain.mapper.TestsCollectionMapper
Tests run: 2, Failures: 0, Errors: 0, Skipped: 0, Time elapsed: 0.007 sec
Running org.mongolink.domain.mapper.TestsSubclassMapper
11:25:40.591 [main] DEBUG org.mongolink.domain.mapper.ClassMap - Mapping subclass : FakeChildAggregate
11:25:40.591 [main] DEBUG org.mongolink.domain.mapper.ClassMap - Mapping id : Property{class=org.mongolink.test.entity.FakeAggregate, field=id}
11:25:40.591 [main] DEBUG org.mongolink.domain.mapper.ClassMap - Mapping property : Property{class=org.mongolink.test.entity.FakeAggregate, field=value}
11:25:40.591 [main] DEBUG org.mongolink.domain.mapper.ClassMap - Mapping collection : Property{class=org.mongolink.test.entity.FakeAggregate, field=comments}
11:25:40.591 [main] DEBUG org.mongolink.domain.mapper.ClassMap - Mapping property : Property{class=org.mongolink.test.entity.FakeAggregate, field=comment}
11:25:40.592 [main] DEBUG org.mongolink.domain.mapper.ClassMap - Mapping property : Property{class=org.mongolink.test.entity.FakeAggregate, field=index}
11:25:40.592 [main] DEBUG org.mongolink.domain.mapper.ClassMap - Mapping property : Property{class=org.mongolink.test.entity.FakeChildAggregate, field=childName}
11:25:40.592 [main] DEBUG org.mongolink.domain.mapper.ClassMap - Mapping subclass : FakeChildAggregate
11:25:40.592 [main] DEBUG org.mongolink.domain.mapper.ClassMap - Mapping id : Property{class=org.mongolink.test.entity.FakeAggregate, field=id}
11:25:40.593 [main] DEBUG org.mongolink.domain.mapper.ClassMap - Mapping property : Property{class=org.mongolink.test.entity.FakeAggregate, field=value}
11:25:40.593 [main] DEBUG org.mongolink.domain.mapper.ClassMap - Mapping collection : Property{class=org.mongolink.test.entity.FakeAggregate, field=comments}
11:25:40.593 [main] DEBUG org.mongolink.domain.mapper.ClassMap - Mapping property : Property{class=org.mongolink.test.entity.FakeAggregate, field=comment}
11:25:40.593 [main] DEBUG org.mongolink.domain.mapper.ClassMap - Mapping property : Property{class=org.mongolink.test.entity.FakeAggregate, field=index}
11:25:40.593 [main] DEBUG org.mongolink.domain.mapper.ClassMap - Mapping property : Property{class=org.mongolink.test.entity.FakeChildAggregate, field=childName}
11:25:40.593 [main] DEBUG org.mongolink.domain.mapper.ClassMap - Mapping subclass : FakeChildAggregate
11:25:40.594 [main] DEBUG org.mongolink.domain.mapper.ClassMap - Mapping id : Property{class=org.mongolink.test.entity.FakeAggregate, field=id}
11:25:40.594 [main] DEBUG org.mongolink.domain.mapper.ClassMap - Mapping property : Property{class=org.mongolink.test.entity.FakeAggregate, field=value}
11:25:40.594 [main] DEBUG org.mongolink.domain.mapper.ClassMap - Mapping collection : Property{class=org.mongolink.test.entity.FakeAggregate, field=comments}
11:25:40.594 [main] DEBUG org.mongolink.domain.mapper.ClassMap - Mapping property : Property{class=org.mongolink.test.entity.FakeAggregate, field=comment}
11:25:40.594 [main] DEBUG org.mongolink.domain.mapper.ClassMap - Mapping property : Property{class=org.mongolink.test.entity.FakeAggregate, field=index}
11:25:40.594 [main] DEBUG org.mongolink.domain.mapper.ClassMap - Mapping property : Property{class=org.mongolink.test.entity.FakeChildAggregate, field=childName}
11:25:40.594 [main] WARN  org.mongolink.utils.FieldContainer - Property value was null : Property{class=org.mongolink.test.entity.FakeAggregate, field=comment}
11:25:40.594 [main] WARN  org.mongolink.utils.FieldContainer - Property value was null : Property{class=org.mongolink.test.entity.FakeAggregate, field=index}
11:25:40.595 [main] DEBUG org.mongolink.domain.mapper.ClassMap - Mapping subclass : FakeChildAggregate
11:25:40.595 [main] DEBUG org.mongolink.domain.mapper.ClassMap - Mapping id : Property{class=org.mongolink.test.entity.FakeAggregate, field=id}
11:25:40.595 [main] DEBUG org.mongolink.domain.mapper.ClassMap - Mapping property : Property{class=org.mongolink.test.entity.FakeAggregate, field=value}
11:25:40.595 [main] DEBUG org.mongolink.domain.mapper.ClassMap - Mapping collection : Property{class=org.mongolink.test.entity.FakeAggregate, field=comments}
11:25:40.595 [main] DEBUG org.mongolink.domain.mapper.ClassMap - Mapping property : Property{class=org.mongolink.test.entity.FakeAggregate, field=comment}
11:25:40.595 [main] DEBUG org.mongolink.domain.mapper.ClassMap - Mapping property : Property{class=org.mongolink.test.entity.FakeAggregate, field=index}
11:25:40.595 [main] DEBUG org.mongolink.domain.mapper.ClassMap - Mapping property : Property{class=org.mongolink.test.entity.FakeChildAggregate, field=childName}
11:25:40.595 [main] DEBUG org.mongolink.domain.mapper.ClassMap - Mapping subclass : FakeChildAggregate
11:25:40.595 [main] DEBUG org.mongolink.domain.mapper.ClassMap - Mapping id : Property{class=org.mongolink.test.entity.FakeAggregate, field=id}
11:25:40.595 [main] DEBUG org.mongolink.domain.mapper.ClassMap - Mapping property : Property{class=org.mongolink.test.entity.FakeAggregate, field=value}
11:25:40.596 [main] DEBUG org.mongolink.domain.mapper.ClassMap - Mapping collection : Property{class=org.mongolink.test.entity.FakeAggregate, field=comments}
11:25:40.596 [main] DEBUG org.mongolink.domain.mapper.ClassMap - Mapping property : Property{class=org.mongolink.test.entity.FakeAggregate, field=comment}
11:25:40.596 [main] DEBUG org.mongolink.domain.mapper.ClassMap - Mapping property : Property{class=org.mongolink.test.entity.FakeAggregate, field=index}
11:25:40.596 [main] DEBUG org.mongolink.domain.mapper.ClassMap - Mapping property : Property{class=org.mongolink.test.entity.FakeChildAggregate, field=childName}
11:25:40.596 [main] WARN  org.mongolink.utils.FieldContainer - Property value was null : Property{class=org.mongolink.test.entity.FakeAggregate, field=comment}
11:25:40.596 [main] WARN  org.mongolink.utils.FieldContainer - Property value was null : Property{class=org.mongolink.test.entity.FakeAggregate, field=index}
11:25:40.596 [main] DEBUG org.mongolink.domain.mapper.ClassMap - Mapping subclass : FakeChildAggregate
11:25:40.596 [main] DEBUG org.mongolink.domain.mapper.ClassMap - Mapping id : Property{class=org.mongolink.test.entity.FakeAggregate, field=id}
11:25:40.596 [main] DEBUG org.mongolink.domain.mapper.ClassMap - Mapping property : Property{class=org.mongolink.test.entity.FakeAggregate, field=value}
11:25:40.596 [main] DEBUG org.mongolink.domain.mapper.ClassMap - Mapping collection : Property{class=org.mongolink.test.entity.FakeAggregate, field=comments}
11:25:40.596 [main] DEBUG org.mongolink.domain.mapper.ClassMap - Mapping property : Property{class=org.mongolink.test.entity.FakeAggregate, field=comment}
11:25:40.597 [main] DEBUG org.mongolink.domain.mapper.ClassMap - Mapping property : Property{class=org.mongolink.test.entity.FakeAggregate, field=index}
11:25:40.597 [main] DEBUG org.mongolink.domain.mapper.ClassMap - Mapping property : Property{class=org.mongolink.test.entity.FakeChildAggregate, field=childName}
Tests run: 6, Failures: 0, Errors: 0, Skipped: 0, Time elapsed: 0.007 sec
Running org.mongolink.domain.mapper.TestsComponentMapper
11:25:40.598 [main] DEBUG org.mongolink.domain.mapper.ClassMap - Mapping property : Property{class=org.mongolink.test.entity.Comment, field=value}
11:25:40.598 [main] DEBUG org.mongolink.domain.mapper.ClassMap - Mapping property : Property{class=org.mongolink.test.entity.Comment, field=value}
Tests run: 2, Failures: 0, Errors: 0, Skipped: 0, Time elapsed: 0 sec
Running org.mongolink.domain.mapper.TestsPropertyMapper
11:25:40.601 [main] DEBUG org.mongolink.domain.mapper.ClassMap - Mapping property : Property{class=org.mongolink.test.entity.Comment, field=value}
11:25:40.602 [main] DEBUG org.mongolink.domain.mapper.ClassMap - Mapping property : Property{class=org.mongolink.test.entity.Comment, field=value}
Tests run: 11, Failures: 0, Errors: 0, Skipped: 0, Time elapsed: 0.015 sec
Running org.mongolink.domain.mapper.TestsMapperContext
11:25:40.615 [main] DEBUG org.mongolink.domain.mapper.ClassMap - Mapping property : Property{class=org.mongolink.test.entity.Comment, field=value}
Tests run: 2, Failures: 0, Errors: 0, Skipped: 0, Time elapsed: 0.001 sec
Running org.mongolink.domain.mapper.TestsClassMapper
11:25:40.616 [main] DEBUG org.mongolink.domain.mapper.ClassMap - Mapping id : Property{class=org.mongolink.test.entity.FakeAggregate, field=id}
11:25:40.616 [main] DEBUG org.mongolink.domain.mapper.ClassMap - Mapping property : Property{class=org.mongolink.test.entity.FakeAggregate, field=value}
11:25:40.616 [main] DEBUG org.mongolink.domain.mapper.ClassMap - Mapping collection : Property{class=org.mongolink.test.entity.FakeAggregate, field=comments}
11:25:40.616 [main] DEBUG org.mongolink.domain.mapper.ClassMap - Mapping property : Property{class=org.mongolink.test.entity.FakeAggregate, field=comment}
11:25:40.616 [main] DEBUG org.mongolink.domain.mapper.ClassMap - Mapping property : Property{class=org.mongolink.test.entity.FakeAggregate, field=index}
11:25:40.616 [main] DEBUG org.mongolink.domain.mapper.ClassMap - Mapping property : Property{class=org.mongolink.test.entity.Comment, field=value}
11:25:40.616 [main] DEBUG org.mongolink.domain.mapper.ClassMap - Mapping id : Property{class=org.mongolink.test.entity.FakeAggregate, field=id}
11:25:40.616 [main] DEBUG org.mongolink.domain.mapper.ClassMap - Mapping property : Property{class=org.mongolink.test.entity.FakeAggregate, field=value}
11:25:40.616 [main] DEBUG org.mongolink.domain.mapper.ClassMap - Mapping collection : Property{class=org.mongolink.test.entity.FakeAggregate, field=comments}
11:25:40.616 [main] DEBUG org.mongolink.domain.mapper.ClassMap - Mapping property : Property{class=org.mongolink.test.entity.FakeAggregate, field=comment}
11:25:40.616 [main] DEBUG org.mongolink.domain.mapper.ClassMap - Mapping property : Property{class=org.mongolink.test.entity.FakeAggregate, field=index}
11:25:40.616 [main] DEBUG org.mongolink.domain.mapper.ClassMap - Mapping property : Property{class=org.mongolink.test.entity.Comment, field=value}
11:25:40.617 [main] DEBUG org.mongolink.domain.mapper.ClassMap - Mapping id : Property{class=org.mongolink.test.entity.FakeAggregate, field=id}
11:25:40.617 [main] DEBUG org.mongolink.domain.mapper.ClassMap - Mapping property : Property{class=org.mongolink.test.entity.FakeAggregate, field=value}
11:25:40.617 [main] DEBUG org.mongolink.domain.mapper.ClassMap - Mapping collection : Property{class=org.mongolink.test.entity.FakeAggregate, field=comments}
11:25:40.617 [main] DEBUG org.mongolink.domain.mapper.ClassMap - Mapping property : Property{class=org.mongolink.test.entity.FakeAggregate, field=comment}
11:25:40.617 [main] DEBUG org.mongolink.domain.mapper.ClassMap - Mapping property : Property{class=org.mongolink.test.entity.FakeAggregate, field=index}
11:25:40.617 [main] DEBUG org.mongolink.domain.mapper.ClassMap - Mapping property : Property{class=org.mongolink.test.entity.Comment, field=value}
11:25:40.617 [main] DEBUG org.mongolink.domain.mapper.ClassMap - Mapping id : Property{class=org.mongolink.test.entity.FakeAggregate, field=id}
11:25:40.617 [main] DEBUG org.mongolink.domain.mapper.ClassMap - Mapping property : Property{class=org.mongolink.test.entity.FakeAggregate, field=value}
11:25:40.617 [main] DEBUG org.mongolink.domain.mapper.ClassMap - Mapping collection : Property{class=org.mongolink.test.entity.FakeAggregate, field=comments}
11:25:40.617 [main] DEBUG org.mongolink.domain.mapper.ClassMap - Mapping property : Property{class=org.mongolink.test.entity.FakeAggregate, field=comment}
11:25:40.617 [main] DEBUG org.mongolink.domain.mapper.ClassMap - Mapping property : Property{class=org.mongolink.test.entity.FakeAggregate, field=index}
11:25:40.617 [main] DEBUG org.mongolink.domain.mapper.ClassMap - Mapping property : Property{class=org.mongolink.test.entity.Comment, field=value}
11:25:40.617 [main] WARN  org.mongolink.utils.FieldContainer - Property value was null : Property{class=org.mongolink.test.entity.FakeAggregate, field=comment}
11:25:40.617 [main] WARN  org.mongolink.utils.FieldContainer - Property value was null : Property{class=org.mongolink.test.entity.FakeAggregate, field=index}
Tests run: 4, Failures: 0, Errors: 0, Skipped: 0, Time elapsed: 0.002 sec
Running org.mongolink.domain.mapper.TestsIdMapper
Tests run: 2, Failures: 0, Errors: 0, Skipped: 0, Time elapsed: 0.003 sec
Running org.mongolink.domain.mapper.TestsMapMapper
Tests run: 2, Failures: 0, Errors: 0, Skipped: 0, Time elapsed: 0.001 sec
Running org.mongolink.domain.mapper.TestsAggregateMapper
11:25:40.623 [main] DEBUG org.mongolink.domain.mapper.ClassMap - Mapping id : Property{class=org.mongolink.test.entity.FakeAggregate, field=id}
11:25:40.623 [main] DEBUG org.mongolink.domain.mapper.ClassMap - Mapping property : Property{class=org.mongolink.test.entity.FakeAggregate, field=value}
11:25:40.623 [main] DEBUG org.mongolink.domain.mapper.ClassMap - Mapping collection : Property{class=org.mongolink.test.entity.FakeAggregate, field=comments}
11:25:40.623 [main] DEBUG org.mongolink.domain.mapper.ClassMap - Mapping property : Property{class=org.mongolink.test.entity.FakeAggregate, field=comment}
11:25:40.623 [main] DEBUG org.mongolink.domain.mapper.ClassMap - Mapping property : Property{class=org.mongolink.test.entity.FakeAggregate, field=index}
11:25:40.623 [main] DEBUG org.mongolink.domain.mapper.ClassMap - Mapping property : Property{class=org.mongolink.test.entity.Comment, field=value}
11:25:40.624 [main] DEBUG org.mongolink.domain.mapper.ClassMap - Mapping id : Property{class=org.mongolink.test.entity.FakeAggregate, field=id}
11:25:40.624 [main] DEBUG org.mongolink.domain.mapper.ClassMap - Mapping property : Property{class=org.mongolink.test.entity.FakeAggregate, field=value}
11:25:40.624 [main] DEBUG org.mongolink.domain.mapper.ClassMap - Mapping collection : Property{class=org.mongolink.test.entity.FakeAggregate, field=comments}
11:25:40.624 [main] DEBUG org.mongolink.domain.mapper.ClassMap - Mapping property : Property{class=org.mongolink.test.entity.FakeAggregate, field=comment}
11:25:40.624 [main] DEBUG org.mongolink.domain.mapper.ClassMap - Mapping property : Property{class=org.mongolink.test.entity.FakeAggregate, field=index}
11:25:40.624 [main] DEBUG org.mongolink.domain.mapper.ClassMap - Mapping property : Property{class=org.mongolink.test.entity.Comment, field=value}
11:25:40.624 [main] DEBUG org.mongolink.domain.mapper.ClassMap - Mapping id : Property{class=org.mongolink.test.entity.FakeAggregateWithNaturalId, field=naturalKey}
11:25:40.628 [main] DEBUG org.mongolink.domain.mapper.ClassMap - Mapping property : Property{class=org.mongolink.test.entity.FakeAggregateWithNaturalId, field=value}
11:25:40.629 [main] DEBUG org.mongolink.domain.mapper.ClassMap - Mapping id : Property{class=org.mongolink.test.entity.FakeAggregate, field=id}
11:25:40.629 [main] DEBUG org.mongolink.domain.mapper.ClassMap - Mapping property : Property{class=org.mongolink.test.entity.FakeAggregate, field=value}
11:25:40.629 [main] DEBUG org.mongolink.domain.mapper.ClassMap - Mapping collection : Property{class=org.mongolink.test.entity.FakeAggregate, field=comments}
11:25:40.629 [main] DEBUG org.mongolink.domain.mapper.ClassMap - Mapping property : Property{class=org.mongolink.test.entity.FakeAggregate, field=comment}
11:25:40.629 [main] DEBUG org.mongolink.domain.mapper.ClassMap - Mapping property : Property{class=org.mongolink.test.entity.FakeAggregate, field=index}
11:25:40.629 [main] DEBUG org.mongolink.domain.mapper.ClassMap - Mapping property : Property{class=org.mongolink.test.entity.Comment, field=value}
11:25:40.629 [main] DEBUG org.mongolink.domain.mapper.ClassMap - Mapping id : Property{class=org.mongolink.test.entity.FakeAggregate, field=id}
11:25:40.630 [main] DEBUG org.mongolink.domain.mapper.ClassMap - Mapping property : Property{class=org.mongolink.test.entity.FakeAggregate, field=value}
11:25:40.630 [main] DEBUG org.mongolink.domain.mapper.ClassMap - Mapping subclass : FakeChildAggregate
11:25:40.630 [main] DEBUG org.mongolink.domain.mapper.ClassMap - Mapping property : Property{class=org.mongolink.test.entity.FakeChildAggregate, field=childName}
11:25:40.630 [main] WARN  org.mongolink.utils.FieldContainer - Property value was null : Property{class=org.mongolink.test.entity.FakeAggregate, field=value}
11:25:40.630 [main] DEBUG org.mongolink.domain.mapper.ClassMap - Mapping id : Property{class=org.mongolink.test.entity.FakeAggregate, field=id}
11:25:40.630 [main] DEBUG org.mongolink.domain.mapper.ClassMap - Mapping property : Property{class=org.mongolink.test.entity.FakeAggregate, field=value}
11:25:40.631 [main] DEBUG org.mongolink.domain.mapper.ClassMap - Mapping collection : Property{class=org.mongolink.test.entity.FakeAggregate, field=comments}
11:25:40.631 [main] DEBUG org.mongolink.domain.mapper.ClassMap - Mapping property : Property{class=org.mongolink.test.entity.FakeAggregate, field=comment}
11:25:40.631 [main] DEBUG org.mongolink.domain.mapper.ClassMap - Mapping property : Property{class=org.mongolink.test.entity.FakeAggregate, field=index}
11:25:40.631 [main] DEBUG org.mongolink.domain.mapper.ClassMap - Mapping property : Property{class=org.mongolink.test.entity.Comment, field=value}
11:25:40.631 [main] WARN  org.mongolink.utils.FieldContainer - Property value was null : Property{class=org.mongolink.test.entity.FakeAggregate, field=value}
11:25:40.631 [main] WARN  org.mongolink.utils.FieldContainer - Property value was null : Property{class=org.mongolink.test.entity.FakeAggregate, field=comment}
11:25:40.631 [main] WARN  org.mongolink.utils.FieldContainer - Property value was null : Property{class=org.mongolink.test.entity.FakeAggregate, field=index}
11:25:40.632 [main] DEBUG org.mongolink.domain.mapper.ClassMap - Mapping id : Property{class=org.mongolink.test.entity.FakeAggregate, field=id}
11:25:40.633 [main] DEBUG org.mongolink.domain.mapper.ClassMap - Mapping property : Property{class=org.mongolink.test.entity.FakeAggregate, field=value}
11:25:40.633 [main] DEBUG org.mongolink.domain.mapper.ClassMap - Mapping collection : Property{class=org.mongolink.test.entity.FakeAggregate, field=comments}
11:25:40.633 [main] DEBUG org.mongolink.domain.mapper.ClassMap - Mapping property : Property{class=org.mongolink.test.entity.FakeAggregate, field=comment}
11:25:40.633 [main] DEBUG org.mongolink.domain.mapper.ClassMap - Mapping property : Property{class=org.mongolink.test.entity.FakeAggregate, field=index}
11:25:40.633 [main] DEBUG org.mongolink.domain.mapper.ClassMap - Mapping property : Property{class=org.mongolink.test.entity.Comment, field=value}
11:25:40.633 [main] DEBUG org.mongolink.domain.mapper.ClassMap - Mapping id : Property{class=org.mongolink.test.entity.FakeAggregateWithNaturalId, field=naturalKey}
11:25:40.633 [main] DEBUG org.mongolink.domain.mapper.ClassMap - Mapping property : Property{class=org.mongolink.test.entity.FakeAggregateWithNaturalId, field=value}
11:25:40.633 [main] WARN  org.mongolink.utils.FieldContainer - Property value was null : Property{class=org.mongolink.test.entity.FakeAggregateWithNaturalId, field=value}
11:25:40.634 [main] DEBUG org.mongolink.domain.mapper.ClassMap - Mapping id : Property{class=org.mongolink.test.entity.FakeAggregate, field=id}
11:25:40.634 [main] DEBUG org.mongolink.domain.mapper.ClassMap - Mapping property : Property{class=org.mongolink.test.entity.FakeAggregate, field=value}
11:25:40.634 [main] DEBUG org.mongolink.domain.mapper.ClassMap - Mapping collection : Property{class=org.mongolink.test.entity.FakeAggregate, field=comments}
11:25:40.634 [main] DEBUG org.mongolink.domain.mapper.ClassMap - Mapping property : Property{class=org.mongolink.test.entity.FakeAggregate, field=comment}
11:25:40.634 [main] DEBUG org.mongolink.domain.mapper.ClassMap - Mapping property : Property{class=org.mongolink.test.entity.FakeAggregate, field=index}
11:25:40.634 [main] DEBUG org.mongolink.domain.mapper.ClassMap - Mapping property : Property{class=org.mongolink.test.entity.Comment, field=value}
11:25:40.635 [main] DEBUG org.mongolink.domain.mapper.ClassMap - Mapping id : Property{class=org.mongolink.test.entity.FakeAggregate, field=id}
11:25:40.635 [main] DEBUG org.mongolink.domain.mapper.ClassMap - Mapping property : Property{class=org.mongolink.test.entity.FakeAggregate, field=value}
11:25:40.635 [main] DEBUG org.mongolink.domain.mapper.ClassMap - Mapping collection : Property{class=org.mongolink.test.entity.FakeAggregate, field=comments}
11:25:40.635 [main] DEBUG org.mongolink.domain.mapper.ClassMap - Mapping property : Property{class=org.mongolink.test.entity.FakeAggregate, field=comment}
11:25:40.635 [main] DEBUG org.mongolink.domain.mapper.ClassMap - Mapping property : Property{class=org.mongolink.test.entity.FakeAggregate, field=index}
11:25:40.635 [main] DEBUG org.mongolink.domain.mapper.ClassMap - Mapping property : Property{class=org.mongolink.test.entity.Comment, field=value}
11:25:40.635 [main] WARN  org.mongolink.utils.FieldContainer - Property value was null : Property{class=org.mongolink.test.entity.FakeAggregate, field=comment}
11:25:40.635 [main] WARN  org.mongolink.utils.FieldContainer - Property value was null : Property{class=org.mongolink.test.entity.FakeAggregate, field=index}
11:25:40.635 [main] DEBUG org.mongolink.domain.mapper.ClassMap - Mapping id : Property{class=org.mongolink.test.entity.FakeAggregate, field=id}
11:25:40.636 [main] DEBUG org.mongolink.domain.mapper.ClassMap - Mapping property : Property{class=org.mongolink.test.entity.FakeAggregate, field=value}
11:25:40.636 [main] DEBUG org.mongolink.domain.mapper.ClassMap - Mapping collection : Property{class=org.mongolink.test.entity.FakeAggregate, field=comments}
11:25:40.636 [main] DEBUG org.mongolink.domain.mapper.ClassMap - Mapping property : Property{class=org.mongolink.test.entity.FakeAggregate, field=comment}
11:25:40.636 [main] DEBUG org.mongolink.domain.mapper.ClassMap - Mapping property : Property{class=org.mongolink.test.entity.FakeAggregate, field=index}
11:25:40.636 [main] DEBUG org.mongolink.domain.mapper.ClassMap - Mapping property : Property{class=org.mongolink.test.entity.Comment, field=value}
11:25:40.636 [main] DEBUG org.mongolink.domain.mapper.ClassMap - Mapping id : Property{class=org.mongolink.test.entity.FakeAggregate, field=id}
11:25:40.636 [main] DEBUG org.mongolink.domain.mapper.ClassMap - Mapping property : Property{class=org.mongolink.test.entity.FakeAggregate, field=value}
11:25:40.636 [main] DEBUG org.mongolink.domain.mapper.ClassMap - Mapping collection : Property{class=org.mongolink.test.entity.FakeAggregate, field=comments}
11:25:40.636 [main] DEBUG org.mongolink.domain.mapper.ClassMap - Mapping property : Property{class=org.mongolink.test.entity.FakeAggregate, field=comment}
11:25:40.636 [main] DEBUG org.mongolink.domain.mapper.ClassMap - Mapping property : Property{class=org.mongolink.test.entity.FakeAggregate, field=index}
11:25:40.636 [main] DEBUG org.mongolink.domain.mapper.ClassMap - Mapping property : Property{class=org.mongolink.test.entity.Comment, field=value}
11:25:40.636 [main] DEBUG org.mongolink.domain.mapper.ClassMap - Mapping id : Property{class=org.mongolink.test.entity.FakeAggregate, field=id}
11:25:40.636 [main] DEBUG org.mongolink.domain.mapper.ClassMap - Mapping property : Property{class=org.mongolink.test.entity.FakeAggregate, field=value}
11:25:40.636 [main] DEBUG org.mongolink.domain.mapper.ClassMap - Mapping subclass : FakeChildAggregate
11:25:40.636 [main] DEBUG org.mongolink.domain.mapper.ClassMap - Mapping property : Property{class=org.mongolink.test.entity.FakeChildAggregate, field=childName}
11:25:40.636 [main] WARN  org.mongolink.utils.FieldContainer - Property value was null : Property{class=org.mongolink.test.entity.FakeChildAggregate, field=childName}
11:25:40.636 [main] WARN  org.mongolink.utils.FieldContainer - Property value was null : Property{class=org.mongolink.test.entity.FakeAggregate, field=value}
Tests run: 9, Failures: 0, Errors: 0, Skipped: 0, Time elapsed: 0.022 sec
Running org.mongolink.domain.mapper.TestsPropertyInterceptor
Tests run: 2, Failures: 0, Errors: 0, Skipped: 0, Time elapsed: 0 sec
Running org.mongolink.domain.mapper.TestsAggregateMap
11:25:40.645 [main] DEBUG org.mongolink.domain.mapper.ClassMap - Mapping id : Property{class=org.mongolink.test.entity.FakeAggregate, field=id}
11:25:40.645 [main] DEBUG org.mongolink.domain.mapper.ClassMap - Mapping subclass : FakeChildAggregate
11:25:40.645 [main] DEBUG org.mongolink.domain.mapper.ClassMap - Mapping subclass : OtherFakeChildAggregate
11:25:40.645 [main] DEBUG org.mongolink.domain.mapper.ClassMap - Mapping id : Property{class=org.mongolink.test.entity.FakeAggregate, field=id}
11:25:40.645 [main] DEBUG org.mongolink.domain.mapper.ClassMap - Mapping property : Property{class=org.mongolink.test.entity.FakeAggregate, field=value}
11:25:40.646 [main] DEBUG org.mongolink.domain.mapper.ClassMap - Mapping subclass : FakeChildAggregate
11:25:40.646 [main] DEBUG org.mongolink.domain.mapper.ClassMap - Mapping property : Property{class=org.mongolink.test.entity.FakeChildAggregate, field=childName}
11:25:40.646 [main] DEBUG org.mongolink.domain.mapper.ClassMap - Mapping id : Property{class=org.mongolink.test.entity.FakeEntityWithCap, field=id}
11:25:40.646 [main] DEBUG org.mongolink.domain.mapper.ClassMap - Mapping id : Property{class=org.mongolink.test.entity.FakeAggregate, field=id}
11:25:40.646 [main] DEBUG org.mongolink.domain.mapper.ClassMap - Mapping property : Property{class=org.mongolink.test.entity.FakeAggregate, field=value}
11:25:40.646 [main] DEBUG org.mongolink.domain.mapper.ClassMap - Mapping collection : Property{class=org.mongolink.test.entity.FakeAggregate, field=comments}
11:25:40.647 [main] DEBUG org.mongolink.domain.mapper.ClassMap - Mapping property : Property{class=org.mongolink.test.entity.FakeAggregate, field=comment}
11:25:40.647 [main] DEBUG org.mongolink.domain.mapper.ClassMap - Mapping property : Property{class=org.mongolink.test.entity.FakeAggregate, field=index}
11:25:40.647 [main] DEBUG org.mongolink.domain.mapper.ClassMap - Mapping id : Property{class=org.mongolink.test.entity.FakeEntityWithCap, field=id}
11:25:40.648 [main] DEBUG org.mongolink.domain.mapper.ClassMap - Mapping id : Property{class=org.mongolink.test.entity.FakeEntityWithCap, field=id}
Tests run: 7, Failures: 0, Errors: 0, Skipped: 0, Time elapsed: 0.009 sec
Running org.mongolink.domain.TestQueryExecutor
Tests run: 3, Failures: 0, Errors: 0, Skipped: 0, Time elapsed: 0.012 sec
Running org.mongolink.domain.converter.TestsLocalDateConverter
Tests run: 3, Failures: 0, Errors: 0, Skipped: 0, Time elapsed: 0 sec
Running org.mongolink.domain.converter.Java8LocalDateTimeConverterTest
Tests run: 4, Failures: 0, Errors: 0, Skipped: 0, Time elapsed: 0.006 sec
Running org.mongolink.domain.converter.Java8LocalDateConverterTest
Tests run: 3, Failures: 0, Errors: 0, Skipped: 0, Time elapsed: 0.003 sec
Running org.mongolink.domain.converter.TestsConverter
Tests run: 2, Failures: 0, Errors: 0, Skipped: 0, Time elapsed: 0 sec
Running org.mongolink.domain.converter.TestsMoneyConverter
Tests run: 3, Failures: 0, Errors: 0, Skipped: 0, Time elapsed: 0.008 sec
Running org.mongolink.domain.converter.TestsDateTimeConverter
Tests run: 4, Failures: 0, Errors: 0, Skipped: 0, Time elapsed: 0.002 sec
Running org.mongolink.utils.TestsSettings
Tests run: 10, Failures: 0, Errors: 0, Skipped: 0, Time elapsed: 0.004 sec
Running org.mongolink.utils.TestsPropertyContainer
Tests run: 4, Failures: 0, Errors: 0, Skipped: 0, Time elapsed: 0.002 sec

Results :

Tests run: 159, Failures: 0, Errors: 0, Skipped: 3

[[1;34mINFO[m] 
[[1;34mINFO[m] [1m-----------------< [0;36morg.mongolink:mongolink-testtools[0;1m >------------------[m
[[1;34mINFO[m] [1mBuilding mongolink-testtools 1.2.2                                 [3/3][m
[[1;34mINFO[m] [1m--------------------------------[ jar ]---------------------------------[m
[[1;34mINFO[m] 
[[1;34mINFO[m] [1m--- [0;32mmaven-enforcer-plugin:1.2:enforce[m [1m(enforce-maven)[m @ [36mmongolink-testtools[0;1m ---[m
[[1;34mINFO[m] 
[[1;34mINFO[m] [1m--- [0;32mmaven-resources-plugin:2.6:resources[m [1m(default-resources)[m @ [36mmongolink-testtools[0;1m ---[m
[[1;34mINFO[m] Using 'UTF-8' encoding to copy filtered resources.
[[1;34mINFO[m] skip non existing resourceDirectory /home/kbour/Documents/Stage/ProjetTest/repoV1_bis/varymvn/mongolink-1.2.2_clone/mongolink-1.2.2_14_7/mongolink-testtools/src/main/resources
[[1;34mINFO[m] 
[[1;34mINFO[m] [1m--- [0;32mmaven-compiler-plugin:2.3.2:compile[m [1m(default-compile)[m @ [36mmongolink-testtools[0;1m ---[m
[[1;34mINFO[m] Nothing to compile - all classes are up to date
[[1;34mINFO[m] 
[[1;34mINFO[m] [1m--- [0;32mmaven-resources-plugin:2.6:testResources[m [1m(default-testResources)[m @ [36mmongolink-testtools[0;1m ---[m
[[1;34mINFO[m] Using 'UTF-8' encoding to copy filtered resources.
[[1;34mINFO[m] skip non existing resourceDirectory /home/kbour/Documents/Stage/ProjetTest/repoV1_bis/varymvn/mongolink-1.2.2_clone/mongolink-1.2.2_14_7/mongolink-testtools/src/test/resources
[[1;34mINFO[m] 
[[1;34mINFO[m] [1m--- [0;32mmaven-compiler-plugin:2.3.2:testCompile[m [1m(default-testCompile)[m @ [36mmongolink-testtools[0;1m ---[m
[[1;34mINFO[m] No sources to compile
[[1;34mINFO[m] 
[[1;34mINFO[m] [1m--- [0;32mmaven-surefire-plugin:2.12.4:test[m [1m(default-test)[m @ [36mmongolink-testtools[0;1m ---[m
[[1;34mINFO[m] No tests to run.
[[1;34mINFO[m] [1m------------------------------------------------------------------------[m
[[1;34mINFO[m] [1mReactor Summary for mongolink-parent 1.2.2:[m
[[1;34mINFO[m] 
[[1;34mINFO[m] mongolink-parent ................................... [1;32mSUCCESS[m [  0.154 s]
[[1;34mINFO[m] mongolink .......................................... [1;32mSUCCESS[m [  1.561 s]
[[1;34mINFO[m] mongolink-testtools ................................ [1;32mSUCCESS[m [  0.025 s]
[[1;34mINFO[m] [1m------------------------------------------------------------------------[m
[[1;34mINFO[m] [1;32mBUILD SUCCESS[m
[[1;34mINFO[m] [1m------------------------------------------------------------------------[m
[[1;34mINFO[m] Total time:  2.260 s
[[1;34mINFO[m] Finished at: 2022-07-26T11:25:40+02:00
[[1;34mINFO[m] [1m------------------------------------------------------------------------[m
