[[1;34mINFO[m] Scanning for projects...
[[1;34mINFO[m] Inspecting build with total of 3 modules...
[[1;34mINFO[m] Installing Nexus Staging features:
[[1;34mINFO[m]   ... total of 3 executions of maven-deploy-plugin replaced with nexus-staging-maven-plugin
[[1;34mINFO[m] [1m------------------------------------------------------------------------[m
[[1;34mINFO[m] [1mReactor Build Order:[m
[[1;34mINFO[m] 
[[1;34mINFO[m] mongolink-parent                                                   [pom]
[[1;34mINFO[m] mongolink                                                          [jar]
[[1;34mINFO[m] mongolink-testtools                                                [jar]
[[1;34mINFO[m] 
[[1;34mINFO[m] [1m-------------------< [0;36morg.mongolink:mongolink-parent[0;1m >-------------------[m
[[1;34mINFO[m] [1mBuilding mongolink-parent 1.2.2                                    [1/3][m
[[1;34mINFO[m] [1m--------------------------------[ pom ]---------------------------------[m
[[1;34mINFO[m] 
[[1;34mINFO[m] [1m--- [0;32mmaven-enforcer-plugin:1.2:enforce[m [1m(enforce-maven)[m @ [36mmongolink-parent[0;1m ---[m
[[1;34mINFO[m] 
[[1;34mINFO[m] [1m----------------------< [0;36morg.mongolink:mongolink[0;1m >-----------------------[m
[[1;34mINFO[m] [1mBuilding mongolink 1.2.2                                           [2/3][m
[[1;34mINFO[m] [1m--------------------------------[ jar ]---------------------------------[m
[[1;34mINFO[m] 
[[1;34mINFO[m] [1m--- [0;32mmaven-enforcer-plugin:1.2:enforce[m [1m(enforce-maven)[m @ [36mmongolink[0;1m ---[m
[[1;34mINFO[m] 
[[1;34mINFO[m] [1m--- [0;32mmaven-resources-plugin:2.6:resources[m [1m(default-resources)[m @ [36mmongolink[0;1m ---[m
[[1;34mINFO[m] Using 'UTF-8' encoding to copy filtered resources.
[[1;34mINFO[m] skip non existing resourceDirectory /home/kbour/Documents/Stage/ProjetTest/repoV1_bis/varymvn/mongolink-1.2.2_clone/mongolink-1.2.2_6_6/mongolink/src/main/resources
[[1;34mINFO[m] 
[[1;34mINFO[m] [1m--- [0;32mmaven-compiler-plugin:2.3.2:compile[m [1m(default-compile)[m @ [36mmongolink[0;1m ---[m
[[1;34mINFO[m] Nothing to compile - all classes are up to date
[[1;34mINFO[m] 
[[1;34mINFO[m] [1m--- [0;32mmaven-resources-plugin:2.6:testResources[m [1m(default-testResources)[m @ [36mmongolink[0;1m ---[m
[[1;34mINFO[m] Using 'UTF-8' encoding to copy filtered resources.
[[1;34mINFO[m] Copying 1 resource
[[1;34mINFO[m] 
[[1;34mINFO[m] [1m--- [0;32mmaven-compiler-plugin:2.3.2:testCompile[m [1m(default-testCompile)[m @ [36mmongolink[0;1m ---[m
[[1;34mINFO[m] Nothing to compile - all classes are up to date
[[1;34mINFO[m] 
[[1;34mINFO[m] [1m--- [0;32mmaven-surefire-plugin:2.12.4:test[m [1m(default-test)[m @ [36mmongolink[0;1m ---[m
[[1;34mINFO[m] Surefire report directory: /home/kbour/Documents/Stage/ProjetTest/repoV1_bis/varymvn/mongolink-1.2.2_clone/mongolink-1.2.2_6_6/mongolink/target/surefire-reports

-------------------------------------------------------
 T E S T S
-------------------------------------------------------
Running org.mongolink.domain.criteria.TestsElementMatchCriteria
WARNING: An illegal reflective access operation has occurred
WARNING: Illegal reflective access by org.mockito.cglib.core.ReflectUtils$2 (file:/root/.m2/repository/org/mockito/mockito-core/1.9.5/mockito-core-1.9.5.jar) to method java.lang.ClassLoader.defineClass(java.lang.String,byte[],int,int,java.security.ProtectionDomain)
WARNING: Please consider reporting this to the maintainers of org.mockito.cglib.core.ReflectUtils$2
WARNING: Use --illegal-access=warn to enable warnings of further illegal reflective access operations
WARNING: All illegal access operations will be denied in a future release
Tests run: 1, Failures: 0, Errors: 0, Skipped: 0, Time elapsed: 0.116 sec
Running org.mongolink.domain.criteria.TestsCriteria
Tests run: 12, Failures: 0, Errors: 0, Skipped: 0, Time elapsed: 0.059 sec
Running org.mongolink.domain.session.TestsMongoSessionManagerImpl
11:20:54.345 [main] DEBUG o.m.domain.mapper.ContextBuilder - Scanning : [org.mongolink.test.simpleMapping]
11:20:54.405 [main] DEBUG o.m.domain.mapper.ContextBuilder - Mapping : class org.mongolink.test.simpleMapping.FakeAggregateWithNaturalIdMapping
11:20:54.410 [main] DEBUG org.mongolink.domain.mapper.ClassMap - Mapping id : Property{class=org.mongolink.test.entity.FakeAggregateWithNaturalId, field=naturalKey}
11:20:54.411 [main] DEBUG org.mongolink.domain.mapper.ClassMap - Mapping property : Property{class=org.mongolink.test.entity.FakeAggregateWithNaturalId, field=value}
11:20:54.415 [main] DEBUG o.m.domain.mapper.ContextBuilder - Mapping : class org.mongolink.test.simpleMapping.FakeAggregateMappingWithCap
11:20:54.415 [main] DEBUG org.mongolink.domain.mapper.ClassMap - Mapping id : Property{class=org.mongolink.test.entity.FakeEntityWithCap, field=id}
11:20:54.418 [main] DEBUG o.m.domain.mapper.ContextBuilder - Mapping : class org.mongolink.test.simpleMapping.OtherAggregateWithNaturalIdMapping
11:20:54.418 [main] DEBUG org.mongolink.domain.mapper.ClassMap - Mapping id : Property{class=org.mongolink.test.entity.OtherEntityWithNaturalId, field=naturalKey}
11:20:54.422 [main] DEBUG o.m.domain.mapper.ContextBuilder - Mapping : class org.mongolink.test.simpleMapping.FakeAggregateMapping
11:20:54.423 [main] DEBUG org.mongolink.domain.mapper.ClassMap - Mapping id : Property{class=org.mongolink.test.entity.FakeAggregate, field=id}
11:20:54.423 [main] DEBUG org.mongolink.domain.mapper.ClassMap - Mapping property : Property{class=org.mongolink.test.entity.FakeAggregate, field=value}
11:20:54.423 [main] DEBUG org.mongolink.domain.mapper.ClassMap - Mapping collection : Property{class=org.mongolink.test.entity.FakeAggregate, field=comments}
11:20:54.424 [main] DEBUG org.mongolink.domain.mapper.ClassMap - Mapping property : Property{class=org.mongolink.test.entity.FakeAggregate, field=comment}
11:20:54.424 [main] DEBUG org.mongolink.domain.mapper.ClassMap - Mapping property : Property{class=org.mongolink.test.entity.FakeAggregate, field=index}
11:20:54.426 [main] DEBUG o.m.domain.mapper.ContextBuilder - Mapping : class org.mongolink.test.simpleMapping.CommentMapping
11:20:54.427 [main] DEBUG org.mongolink.domain.mapper.ClassMap - Mapping property : Property{class=org.mongolink.test.entity.Comment, field=value}
11:20:54.427 [main] DEBUG o.m.domain.mapper.ContextBuilder - Done scanning : [org.mongolink.test.simpleMapping]
11:20:54.471 [main] DEBUG org.mongolink.MongoSession - Starting
11:20:54.499 [main] DEBUG org.mongolink.MongoSession - Commiting unit of work
11:20:54.501 [main] DEBUG org.mongolink.MongoSession - Done commiting
11:20:54.501 [main] DEBUG org.mongolink.MongoSession - Stoping
11:20:54.503 [main] DEBUG o.m.domain.mapper.ContextBuilder - Scanning : [org.mongolink.test.simpleMapping]
11:20:54.504 [main] DEBUG o.m.domain.mapper.ContextBuilder - Mapping : class org.mongolink.test.simpleMapping.FakeAggregateWithNaturalIdMapping
11:20:54.504 [main] DEBUG org.mongolink.domain.mapper.ClassMap - Mapping id : Property{class=org.mongolink.test.entity.FakeAggregateWithNaturalId, field=naturalKey}
11:20:54.504 [main] DEBUG org.mongolink.domain.mapper.ClassMap - Mapping property : Property{class=org.mongolink.test.entity.FakeAggregateWithNaturalId, field=value}
11:20:54.504 [main] DEBUG o.m.domain.mapper.ContextBuilder - Mapping : class org.mongolink.test.simpleMapping.FakeAggregateMappingWithCap
11:20:54.504 [main] DEBUG org.mongolink.domain.mapper.ClassMap - Mapping id : Property{class=org.mongolink.test.entity.FakeEntityWithCap, field=id}
11:20:54.504 [main] DEBUG o.m.domain.mapper.ContextBuilder - Mapping : class org.mongolink.test.simpleMapping.OtherAggregateWithNaturalIdMapping
11:20:54.505 [main] DEBUG org.mongolink.domain.mapper.ClassMap - Mapping id : Property{class=org.mongolink.test.entity.OtherEntityWithNaturalId, field=naturalKey}
11:20:54.505 [main] DEBUG o.m.domain.mapper.ContextBuilder - Mapping : class org.mongolink.test.simpleMapping.FakeAggregateMapping
11:20:54.505 [main] DEBUG org.mongolink.domain.mapper.ClassMap - Mapping id : Property{class=org.mongolink.test.entity.FakeAggregate, field=id}
11:20:54.505 [main] DEBUG org.mongolink.domain.mapper.ClassMap - Mapping property : Property{class=org.mongolink.test.entity.FakeAggregate, field=value}
11:20:54.505 [main] DEBUG org.mongolink.domain.mapper.ClassMap - Mapping collection : Property{class=org.mongolink.test.entity.FakeAggregate, field=comments}
11:20:54.505 [main] DEBUG org.mongolink.domain.mapper.ClassMap - Mapping property : Property{class=org.mongolink.test.entity.FakeAggregate, field=comment}
11:20:54.505 [main] DEBUG org.mongolink.domain.mapper.ClassMap - Mapping property : Property{class=org.mongolink.test.entity.FakeAggregate, field=index}
11:20:54.506 [main] DEBUG o.m.domain.mapper.ContextBuilder - Mapping : class org.mongolink.test.simpleMapping.CommentMapping
11:20:54.506 [main] DEBUG org.mongolink.domain.mapper.ClassMap - Mapping property : Property{class=org.mongolink.test.entity.Comment, field=value}
11:20:54.506 [main] DEBUG o.m.domain.mapper.ContextBuilder - Done scanning : [org.mongolink.test.simpleMapping]
11:20:54.506 [main] DEBUG org.mongolink.MongoSession - Starting
11:20:54.506 [main] DEBUG org.mongolink.MongoSession - Commiting unit of work
11:20:54.506 [main] DEBUG org.mongolink.MongoSession - Done commiting
11:20:54.506 [main] DEBUG org.mongolink.MongoSession - Stoping
11:20:54.507 [main] DEBUG o.m.domain.mapper.ContextBuilder - Scanning : [org.mongolink.test.simpleMapping]
11:20:54.508 [main] DEBUG o.m.domain.mapper.ContextBuilder - Mapping : class org.mongolink.test.simpleMapping.FakeAggregateWithNaturalIdMapping
11:20:54.508 [main] DEBUG org.mongolink.domain.mapper.ClassMap - Mapping id : Property{class=org.mongolink.test.entity.FakeAggregateWithNaturalId, field=naturalKey}
11:20:54.508 [main] DEBUG org.mongolink.domain.mapper.ClassMap - Mapping property : Property{class=org.mongolink.test.entity.FakeAggregateWithNaturalId, field=value}
11:20:54.508 [main] DEBUG o.m.domain.mapper.ContextBuilder - Mapping : class org.mongolink.test.simpleMapping.FakeAggregateMappingWithCap
11:20:54.508 [main] DEBUG org.mongolink.domain.mapper.ClassMap - Mapping id : Property{class=org.mongolink.test.entity.FakeEntityWithCap, field=id}
11:20:54.508 [main] DEBUG o.m.domain.mapper.ContextBuilder - Mapping : class org.mongolink.test.simpleMapping.OtherAggregateWithNaturalIdMapping
11:20:54.508 [main] DEBUG org.mongolink.domain.mapper.ClassMap - Mapping id : Property{class=org.mongolink.test.entity.OtherEntityWithNaturalId, field=naturalKey}
11:20:54.508 [main] DEBUG o.m.domain.mapper.ContextBuilder - Mapping : class org.mongolink.test.simpleMapping.FakeAggregateMapping
11:20:54.509 [main] DEBUG org.mongolink.domain.mapper.ClassMap - Mapping id : Property{class=org.mongolink.test.entity.FakeAggregate, field=id}
11:20:54.509 [main] DEBUG org.mongolink.domain.mapper.ClassMap - Mapping property : Property{class=org.mongolink.test.entity.FakeAggregate, field=value}
11:20:54.509 [main] DEBUG org.mongolink.domain.mapper.ClassMap - Mapping collection : Property{class=org.mongolink.test.entity.FakeAggregate, field=comments}
11:20:54.509 [main] DEBUG org.mongolink.domain.mapper.ClassMap - Mapping property : Property{class=org.mongolink.test.entity.FakeAggregate, field=comment}
11:20:54.509 [main] DEBUG org.mongolink.domain.mapper.ClassMap - Mapping property : Property{class=org.mongolink.test.entity.FakeAggregate, field=index}
11:20:54.509 [main] DEBUG o.m.domain.mapper.ContextBuilder - Mapping : class org.mongolink.test.simpleMapping.CommentMapping
11:20:54.509 [main] DEBUG org.mongolink.domain.mapper.ClassMap - Mapping property : Property{class=org.mongolink.test.entity.Comment, field=value}
11:20:54.509 [main] DEBUG o.m.domain.mapper.ContextBuilder - Done scanning : [org.mongolink.test.simpleMapping]
11:20:54.509 [main] DEBUG org.mongolink.MongoSession - Starting
11:20:54.510 [main] DEBUG org.mongolink.MongoSession - Commiting unit of work
11:20:54.510 [main] DEBUG org.mongolink.MongoSession - Done commiting
11:20:54.510 [main] DEBUG org.mongolink.MongoSession - Stoping
11:20:54.511 [main] DEBUG o.m.domain.mapper.ContextBuilder - Scanning : [org.mongolink.test.simpleMapping]
11:20:54.511 [main] DEBUG o.m.domain.mapper.ContextBuilder - Mapping : class org.mongolink.test.simpleMapping.FakeAggregateWithNaturalIdMapping
11:20:54.511 [main] DEBUG org.mongolink.domain.mapper.ClassMap - Mapping id : Property{class=org.mongolink.test.entity.FakeAggregateWithNaturalId, field=naturalKey}
11:20:54.511 [main] DEBUG org.mongolink.domain.mapper.ClassMap - Mapping property : Property{class=org.mongolink.test.entity.FakeAggregateWithNaturalId, field=value}
11:20:54.512 [main] DEBUG o.m.domain.mapper.ContextBuilder - Mapping : class org.mongolink.test.simpleMapping.FakeAggregateMappingWithCap
11:20:54.512 [main] DEBUG org.mongolink.domain.mapper.ClassMap - Mapping id : Property{class=org.mongolink.test.entity.FakeEntityWithCap, field=id}
11:20:54.512 [main] DEBUG o.m.domain.mapper.ContextBuilder - Mapping : class org.mongolink.test.simpleMapping.OtherAggregateWithNaturalIdMapping
11:20:54.512 [main] DEBUG org.mongolink.domain.mapper.ClassMap - Mapping id : Property{class=org.mongolink.test.entity.OtherEntityWithNaturalId, field=naturalKey}
11:20:54.512 [main] DEBUG o.m.domain.mapper.ContextBuilder - Mapping : class org.mongolink.test.simpleMapping.FakeAggregateMapping
11:20:54.512 [main] DEBUG org.mongolink.domain.mapper.ClassMap - Mapping id : Property{class=org.mongolink.test.entity.FakeAggregate, field=id}
11:20:54.512 [main] DEBUG org.mongolink.domain.mapper.ClassMap - Mapping property : Property{class=org.mongolink.test.entity.FakeAggregate, field=value}
11:20:54.512 [main] DEBUG org.mongolink.domain.mapper.ClassMap - Mapping collection : Property{class=org.mongolink.test.entity.FakeAggregate, field=comments}
11:20:54.512 [main] DEBUG org.mongolink.domain.mapper.ClassMap - Mapping property : Property{class=org.mongolink.test.entity.FakeAggregate, field=comment}
11:20:54.512 [main] DEBUG org.mongolink.domain.mapper.ClassMap - Mapping property : Property{class=org.mongolink.test.entity.FakeAggregate, field=index}
11:20:54.513 [main] DEBUG o.m.domain.mapper.ContextBuilder - Mapping : class org.mongolink.test.simpleMapping.CommentMapping
11:20:54.513 [main] DEBUG org.mongolink.domain.mapper.ClassMap - Mapping property : Property{class=org.mongolink.test.entity.Comment, field=value}
11:20:54.513 [main] DEBUG o.m.domain.mapper.ContextBuilder - Done scanning : [org.mongolink.test.simpleMapping]
11:20:54.513 [main] DEBUG org.mongolink.MongoSession - Starting
11:20:54.513 [main] DEBUG org.mongolink.MongoSession - Commiting unit of work
11:20:54.513 [main] DEBUG org.mongolink.MongoSession - Done commiting
11:20:54.513 [main] DEBUG org.mongolink.MongoSession - Stoping
11:20:54.513 [main] DEBUG org.mongolink.MongoSession - Starting
Tests run: 5, Failures: 0, Errors: 0, Skipped: 1, Time elapsed: 0.339 sec
Running org.mongolink.domain.session.TestsMongoSessionImpl
11:20:54.550 [main] DEBUG o.m.domain.mapper.ContextBuilder - Scanning : [org.mongolink.test.simpleMapping]
11:20:54.550 [main] DEBUG o.m.domain.mapper.ContextBuilder - Mapping : class org.mongolink.test.simpleMapping.FakeAggregateWithNaturalIdMapping
11:20:54.550 [main] DEBUG org.mongolink.domain.mapper.ClassMap - Mapping id : Property{class=org.mongolink.test.entity.FakeAggregateWithNaturalId, field=naturalKey}
11:20:54.550 [main] DEBUG org.mongolink.domain.mapper.ClassMap - Mapping property : Property{class=org.mongolink.test.entity.FakeAggregateWithNaturalId, field=value}
11:20:54.551 [main] DEBUG o.m.domain.mapper.ContextBuilder - Mapping : class org.mongolink.test.simpleMapping.FakeAggregateMappingWithCap
11:20:54.551 [main] DEBUG org.mongolink.domain.mapper.ClassMap - Mapping id : Property{class=org.mongolink.test.entity.FakeEntityWithCap, field=id}
11:20:54.551 [main] DEBUG o.m.domain.mapper.ContextBuilder - Mapping : class org.mongolink.test.simpleMapping.OtherAggregateWithNaturalIdMapping
11:20:54.551 [main] DEBUG org.mongolink.domain.mapper.ClassMap - Mapping id : Property{class=org.mongolink.test.entity.OtherEntityWithNaturalId, field=naturalKey}
11:20:54.551 [main] DEBUG o.m.domain.mapper.ContextBuilder - Mapping : class org.mongolink.test.simpleMapping.FakeAggregateMapping
11:20:54.552 [main] DEBUG org.mongolink.domain.mapper.ClassMap - Mapping id : Property{class=org.mongolink.test.entity.FakeAggregate, field=id}
11:20:54.552 [main] DEBUG org.mongolink.domain.mapper.ClassMap - Mapping property : Property{class=org.mongolink.test.entity.FakeAggregate, field=value}
11:20:54.552 [main] DEBUG org.mongolink.domain.mapper.ClassMap - Mapping collection : Property{class=org.mongolink.test.entity.FakeAggregate, field=comments}
11:20:54.552 [main] DEBUG org.mongolink.domain.mapper.ClassMap - Mapping property : Property{class=org.mongolink.test.entity.FakeAggregate, field=comment}
11:20:54.552 [main] DEBUG org.mongolink.domain.mapper.ClassMap - Mapping property : Property{class=org.mongolink.test.entity.FakeAggregate, field=index}
11:20:54.552 [main] DEBUG o.m.domain.mapper.ContextBuilder - Mapping : class org.mongolink.test.simpleMapping.CommentMapping
11:20:54.552 [main] DEBUG org.mongolink.domain.mapper.ClassMap - Mapping property : Property{class=org.mongolink.test.entity.Comment, field=value}
11:20:54.552 [main] DEBUG o.m.domain.mapper.ContextBuilder - Done scanning : [org.mongolink.test.simpleMapping]
11:20:54.552 [main] DEBUG org.mongolink.MongoSession - Starting
11:20:54.568 [main] DEBUG org.mongolink.MongoSession - New entity register for additon : org.mongolink.test.entity.FakeAggregate@332796d3
11:20:54.568 [main] DEBUG org.mongolink.MongoSession - New entity register for additon : org.mongolink.test.entity.FakeAggregate@4f0100a7
11:20:54.568 [main] DEBUG org.mongolink.MongoSession - Commiting unit of work
11:20:54.584 [main] DEBUG org.mongolink.MongoSession - Entity added :{ "_id" : { "$oid" : "62dfb1f690088c172f1d9955"} , "value" : "this is a value" , "comments" : [ ] , "index" : 0}
11:20:54.585 [main] DEBUG org.mongolink.MongoSession - Entity added :{ "_id" : { "$oid" : "62dfb1f690088c172f1d9954"} , "value" : "this is a value" , "comments" : [ ] , "index" : 0}
11:20:54.585 [main] DEBUG org.mongolink.MongoSession - Done commiting
11:20:54.589 [main] DEBUG o.m.domain.mapper.ContextBuilder - Scanning : [org.mongolink.test.simpleMapping]
11:20:54.590 [main] DEBUG o.m.domain.mapper.ContextBuilder - Mapping : class org.mongolink.test.simpleMapping.FakeAggregateWithNaturalIdMapping
11:20:54.590 [main] DEBUG org.mongolink.domain.mapper.ClassMap - Mapping id : Property{class=org.mongolink.test.entity.FakeAggregateWithNaturalId, field=naturalKey}
11:20:54.590 [main] DEBUG org.mongolink.domain.mapper.ClassMap - Mapping property : Property{class=org.mongolink.test.entity.FakeAggregateWithNaturalId, field=value}
11:20:54.591 [main] DEBUG o.m.domain.mapper.ContextBuilder - Mapping : class org.mongolink.test.simpleMapping.FakeAggregateMappingWithCap
11:20:54.591 [main] DEBUG org.mongolink.domain.mapper.ClassMap - Mapping id : Property{class=org.mongolink.test.entity.FakeEntityWithCap, field=id}
11:20:54.591 [main] DEBUG o.m.domain.mapper.ContextBuilder - Mapping : class org.mongolink.test.simpleMapping.OtherAggregateWithNaturalIdMapping
11:20:54.591 [main] DEBUG org.mongolink.domain.mapper.ClassMap - Mapping id : Property{class=org.mongolink.test.entity.OtherEntityWithNaturalId, field=naturalKey}
11:20:54.591 [main] DEBUG o.m.domain.mapper.ContextBuilder - Mapping : class org.mongolink.test.simpleMapping.FakeAggregateMapping
11:20:54.591 [main] DEBUG org.mongolink.domain.mapper.ClassMap - Mapping id : Property{class=org.mongolink.test.entity.FakeAggregate, field=id}
11:20:54.592 [main] DEBUG org.mongolink.domain.mapper.ClassMap - Mapping property : Property{class=org.mongolink.test.entity.FakeAggregate, field=value}
11:20:54.592 [main] DEBUG org.mongolink.domain.mapper.ClassMap - Mapping collection : Property{class=org.mongolink.test.entity.FakeAggregate, field=comments}
11:20:54.592 [main] DEBUG org.mongolink.domain.mapper.ClassMap - Mapping property : Property{class=org.mongolink.test.entity.FakeAggregate, field=comment}
11:20:54.592 [main] DEBUG org.mongolink.domain.mapper.ClassMap - Mapping property : Property{class=org.mongolink.test.entity.FakeAggregate, field=index}
11:20:54.592 [main] DEBUG o.m.domain.mapper.ContextBuilder - Mapping : class org.mongolink.test.simpleMapping.CommentMapping
11:20:54.592 [main] DEBUG org.mongolink.domain.mapper.ClassMap - Mapping property : Property{class=org.mongolink.test.entity.Comment, field=value}
11:20:54.592 [main] DEBUG o.m.domain.mapper.ContextBuilder - Done scanning : [org.mongolink.test.simpleMapping]
11:20:54.592 [main] DEBUG org.mongolink.MongoSession - Starting
11:20:54.598 [main] DEBUG org.mongolink.MongoSession - Starting
11:20:54.600 [main] DEBUG o.m.domain.mapper.ContextBuilder - Scanning : [org.mongolink.test.simpleMapping]
11:20:54.601 [main] DEBUG o.m.domain.mapper.ContextBuilder - Mapping : class org.mongolink.test.simpleMapping.FakeAggregateWithNaturalIdMapping
11:20:54.601 [main] DEBUG org.mongolink.domain.mapper.ClassMap - Mapping id : Property{class=org.mongolink.test.entity.FakeAggregateWithNaturalId, field=naturalKey}
11:20:54.601 [main] DEBUG org.mongolink.domain.mapper.ClassMap - Mapping property : Property{class=org.mongolink.test.entity.FakeAggregateWithNaturalId, field=value}
11:20:54.601 [main] DEBUG o.m.domain.mapper.ContextBuilder - Mapping : class org.mongolink.test.simpleMapping.FakeAggregateMappingWithCap
11:20:54.601 [main] DEBUG org.mongolink.domain.mapper.ClassMap - Mapping id : Property{class=org.mongolink.test.entity.FakeEntityWithCap, field=id}
11:20:54.601 [main] DEBUG o.m.domain.mapper.ContextBuilder - Mapping : class org.mongolink.test.simpleMapping.OtherAggregateWithNaturalIdMapping
11:20:54.602 [main] DEBUG org.mongolink.domain.mapper.ClassMap - Mapping id : Property{class=org.mongolink.test.entity.OtherEntityWithNaturalId, field=naturalKey}
11:20:54.602 [main] DEBUG o.m.domain.mapper.ContextBuilder - Mapping : class org.mongolink.test.simpleMapping.FakeAggregateMapping
11:20:54.602 [main] DEBUG org.mongolink.domain.mapper.ClassMap - Mapping id : Property{class=org.mongolink.test.entity.FakeAggregate, field=id}
11:20:54.602 [main] DEBUG org.mongolink.domain.mapper.ClassMap - Mapping property : Property{class=org.mongolink.test.entity.FakeAggregate, field=value}
11:20:54.602 [main] DEBUG org.mongolink.domain.mapper.ClassMap - Mapping collection : Property{class=org.mongolink.test.entity.FakeAggregate, field=comments}
11:20:54.602 [main] DEBUG org.mongolink.domain.mapper.ClassMap - Mapping property : Property{class=org.mongolink.test.entity.FakeAggregate, field=comment}
11:20:54.602 [main] DEBUG org.mongolink.domain.mapper.ClassMap - Mapping property : Property{class=org.mongolink.test.entity.FakeAggregate, field=index}
11:20:54.602 [main] DEBUG o.m.domain.mapper.ContextBuilder - Mapping : class org.mongolink.test.simpleMapping.CommentMapping
11:20:54.602 [main] DEBUG org.mongolink.domain.mapper.ClassMap - Mapping property : Property{class=org.mongolink.test.entity.Comment, field=value}
11:20:54.603 [main] DEBUG o.m.domain.mapper.ContextBuilder - Done scanning : [org.mongolink.test.simpleMapping]
11:20:54.603 [main] DEBUG org.mongolink.MongoSession - Starting
11:20:54.605 [main] WARN  org.mongolink.utils.FieldContainer - Property value was null : Property{class=org.mongolink.test.entity.FakeAggregate, field=comment}
11:20:54.606 [main] WARN  org.mongolink.utils.FieldContainer - Property value was null : Property{class=org.mongolink.test.entity.FakeAggregate, field=index}
11:20:54.608 [main] DEBUG o.m.domain.mapper.ContextBuilder - Scanning : [org.mongolink.test.simpleMapping]
11:20:54.609 [main] DEBUG o.m.domain.mapper.ContextBuilder - Mapping : class org.mongolink.test.simpleMapping.FakeAggregateWithNaturalIdMapping
11:20:54.609 [main] DEBUG org.mongolink.domain.mapper.ClassMap - Mapping id : Property{class=org.mongolink.test.entity.FakeAggregateWithNaturalId, field=naturalKey}
11:20:54.609 [main] DEBUG org.mongolink.domain.mapper.ClassMap - Mapping property : Property{class=org.mongolink.test.entity.FakeAggregateWithNaturalId, field=value}
11:20:54.609 [main] DEBUG o.m.domain.mapper.ContextBuilder - Mapping : class org.mongolink.test.simpleMapping.FakeAggregateMappingWithCap
11:20:54.609 [main] DEBUG org.mongolink.domain.mapper.ClassMap - Mapping id : Property{class=org.mongolink.test.entity.FakeEntityWithCap, field=id}
11:20:54.610 [main] DEBUG o.m.domain.mapper.ContextBuilder - Mapping : class org.mongolink.test.simpleMapping.OtherAggregateWithNaturalIdMapping
11:20:54.610 [main] DEBUG org.mongolink.domain.mapper.ClassMap - Mapping id : Property{class=org.mongolink.test.entity.OtherEntityWithNaturalId, field=naturalKey}
11:20:54.610 [main] DEBUG o.m.domain.mapper.ContextBuilder - Mapping : class org.mongolink.test.simpleMapping.FakeAggregateMapping
11:20:54.610 [main] DEBUG org.mongolink.domain.mapper.ClassMap - Mapping id : Property{class=org.mongolink.test.entity.FakeAggregate, field=id}
11:20:54.610 [main] DEBUG org.mongolink.domain.mapper.ClassMap - Mapping property : Property{class=org.mongolink.test.entity.FakeAggregate, field=value}
11:20:54.610 [main] DEBUG org.mongolink.domain.mapper.ClassMap - Mapping collection : Property{class=org.mongolink.test.entity.FakeAggregate, field=comments}
11:20:54.610 [main] DEBUG org.mongolink.domain.mapper.ClassMap - Mapping property : Property{class=org.mongolink.test.entity.FakeAggregate, field=comment}
11:20:54.611 [main] DEBUG org.mongolink.domain.mapper.ClassMap - Mapping property : Property{class=org.mongolink.test.entity.FakeAggregate, field=index}
11:20:54.611 [main] DEBUG o.m.domain.mapper.ContextBuilder - Mapping : class org.mongolink.test.simpleMapping.CommentMapping
11:20:54.611 [main] DEBUG org.mongolink.domain.mapper.ClassMap - Mapping property : Property{class=org.mongolink.test.entity.Comment, field=value}
11:20:54.611 [main] DEBUG o.m.domain.mapper.ContextBuilder - Done scanning : [org.mongolink.test.simpleMapping]
11:20:54.611 [main] DEBUG org.mongolink.MongoSession - Starting
11:20:54.611 [main] DEBUG org.mongolink.MongoSession - New entity register for additon : org.mongolink.test.entity.FakeAggregateWithNaturalId@71812481
11:20:54.611 [main] DEBUG org.mongolink.MongoSession - Commiting unit of work
11:20:54.613 [main] DEBUG org.mongolink.MongoSession - Entity added :{ "_id" : "cle unique"}
11:20:54.613 [main] DEBUG org.mongolink.MongoSession - Done commiting
11:20:54.613 [main] DEBUG org.mongolink.MongoSession - Entity register for deletion : org.mongolink.test.entity.FakeAggregateWithNaturalId@71812481
11:20:54.613 [main] DEBUG org.mongolink.MongoSession - Commiting unit of work
11:20:54.613 [main] DEBUG org.mongolink.MongoSession - Deleting entity : org.mongolink.test.entity.FakeAggregateWithNaturalId@71812481
11:20:54.614 [main] DEBUG org.mongolink.MongoSession - Done commiting
11:20:54.616 [main] DEBUG o.m.domain.mapper.ContextBuilder - Scanning : [org.mongolink.test.simpleMapping]
11:20:54.616 [main] DEBUG o.m.domain.mapper.ContextBuilder - Mapping : class org.mongolink.test.simpleMapping.FakeAggregateWithNaturalIdMapping
11:20:54.616 [main] DEBUG org.mongolink.domain.mapper.ClassMap - Mapping id : Property{class=org.mongolink.test.entity.FakeAggregateWithNaturalId, field=naturalKey}
11:20:54.616 [main] DEBUG org.mongolink.domain.mapper.ClassMap - Mapping property : Property{class=org.mongolink.test.entity.FakeAggregateWithNaturalId, field=value}
11:20:54.617 [main] DEBUG o.m.domain.mapper.ContextBuilder - Mapping : class org.mongolink.test.simpleMapping.FakeAggregateMappingWithCap
11:20:54.617 [main] DEBUG org.mongolink.domain.mapper.ClassMap - Mapping id : Property{class=org.mongolink.test.entity.FakeEntityWithCap, field=id}
11:20:54.618 [main] DEBUG o.m.domain.mapper.ContextBuilder - Mapping : class org.mongolink.test.simpleMapping.OtherAggregateWithNaturalIdMapping
11:20:54.618 [main] DEBUG org.mongolink.domain.mapper.ClassMap - Mapping id : Property{class=org.mongolink.test.entity.OtherEntityWithNaturalId, field=naturalKey}
11:20:54.618 [main] DEBUG o.m.domain.mapper.ContextBuilder - Mapping : class org.mongolink.test.simpleMapping.FakeAggregateMapping
11:20:54.619 [main] DEBUG org.mongolink.domain.mapper.ClassMap - Mapping id : Property{class=org.mongolink.test.entity.FakeAggregate, field=id}
11:20:54.619 [main] DEBUG org.mongolink.domain.mapper.ClassMap - Mapping property : Property{class=org.mongolink.test.entity.FakeAggregate, field=value}
11:20:54.619 [main] DEBUG org.mongolink.domain.mapper.ClassMap - Mapping collection : Property{class=org.mongolink.test.entity.FakeAggregate, field=comments}
11:20:54.619 [main] DEBUG org.mongolink.domain.mapper.ClassMap - Mapping property : Property{class=org.mongolink.test.entity.FakeAggregate, field=comment}
11:20:54.619 [main] DEBUG org.mongolink.domain.mapper.ClassMap - Mapping property : Property{class=org.mongolink.test.entity.FakeAggregate, field=index}
11:20:54.619 [main] DEBUG o.m.domain.mapper.ContextBuilder - Mapping : class org.mongolink.test.simpleMapping.CommentMapping
11:20:54.619 [main] DEBUG org.mongolink.domain.mapper.ClassMap - Mapping property : Property{class=org.mongolink.test.entity.Comment, field=value}
11:20:54.619 [main] DEBUG o.m.domain.mapper.ContextBuilder - Done scanning : [org.mongolink.test.simpleMapping]
11:20:54.619 [main] DEBUG org.mongolink.MongoSession - Starting
11:20:54.621 [main] WARN  org.mongolink.utils.FieldContainer - Property value was null : Property{class=org.mongolink.test.entity.FakeAggregateWithNaturalId, field=value}
11:20:54.622 [main] DEBUG o.m.domain.mapper.ContextBuilder - Scanning : [org.mongolink.test.simpleMapping]
11:20:54.623 [main] DEBUG o.m.domain.mapper.ContextBuilder - Mapping : class org.mongolink.test.simpleMapping.FakeAggregateWithNaturalIdMapping
11:20:54.623 [main] DEBUG org.mongolink.domain.mapper.ClassMap - Mapping id : Property{class=org.mongolink.test.entity.FakeAggregateWithNaturalId, field=naturalKey}
11:20:54.623 [main] DEBUG org.mongolink.domain.mapper.ClassMap - Mapping property : Property{class=org.mongolink.test.entity.FakeAggregateWithNaturalId, field=value}
11:20:54.623 [main] DEBUG o.m.domain.mapper.ContextBuilder - Mapping : class org.mongolink.test.simpleMapping.FakeAggregateMappingWithCap
11:20:54.623 [main] DEBUG org.mongolink.domain.mapper.ClassMap - Mapping id : Property{class=org.mongolink.test.entity.FakeEntityWithCap, field=id}
11:20:54.624 [main] DEBUG o.m.domain.mapper.ContextBuilder - Mapping : class org.mongolink.test.simpleMapping.OtherAggregateWithNaturalIdMapping
11:20:54.624 [main] DEBUG org.mongolink.domain.mapper.ClassMap - Mapping id : Property{class=org.mongolink.test.entity.OtherEntityWithNaturalId, field=naturalKey}
11:20:54.624 [main] DEBUG o.m.domain.mapper.ContextBuilder - Mapping : class org.mongolink.test.simpleMapping.FakeAggregateMapping
11:20:54.624 [main] DEBUG org.mongolink.domain.mapper.ClassMap - Mapping id : Property{class=org.mongolink.test.entity.FakeAggregate, field=id}
11:20:54.624 [main] DEBUG org.mongolink.domain.mapper.ClassMap - Mapping property : Property{class=org.mongolink.test.entity.FakeAggregate, field=value}
11:20:54.624 [main] DEBUG org.mongolink.domain.mapper.ClassMap - Mapping collection : Property{class=org.mongolink.test.entity.FakeAggregate, field=comments}
11:20:54.624 [main] DEBUG org.mongolink.domain.mapper.ClassMap - Mapping property : Property{class=org.mongolink.test.entity.FakeAggregate, field=comment}
11:20:54.624 [main] DEBUG org.mongolink.domain.mapper.ClassMap - Mapping property : Property{class=org.mongolink.test.entity.FakeAggregate, field=index}
11:20:54.624 [main] DEBUG o.m.domain.mapper.ContextBuilder - Mapping : class org.mongolink.test.simpleMapping.CommentMapping
11:20:54.625 [main] DEBUG org.mongolink.domain.mapper.ClassMap - Mapping property : Property{class=org.mongolink.test.entity.Comment, field=value}
11:20:54.625 [main] DEBUG o.m.domain.mapper.ContextBuilder - Done scanning : [org.mongolink.test.simpleMapping]
11:20:54.625 [main] DEBUG org.mongolink.MongoSession - Starting
11:20:54.625 [main] DEBUG o.m.domain.mapper.ContextBuilder - Scanning : [org.mongolink.test.simpleMapping]
11:20:54.625 [main] DEBUG o.m.domain.mapper.ContextBuilder - Mapping : class org.mongolink.test.simpleMapping.FakeAggregateWithNaturalIdMapping
11:20:54.625 [main] DEBUG org.mongolink.domain.mapper.ClassMap - Mapping id : Property{class=org.mongolink.test.entity.FakeAggregateWithNaturalId, field=naturalKey}
11:20:54.625 [main] DEBUG org.mongolink.domain.mapper.ClassMap - Mapping property : Property{class=org.mongolink.test.entity.FakeAggregateWithNaturalId, field=value}
11:20:54.626 [main] DEBUG o.m.domain.mapper.ContextBuilder - Mapping : class org.mongolink.test.simpleMapping.FakeAggregateMappingWithCap
11:20:54.626 [main] DEBUG org.mongolink.domain.mapper.ClassMap - Mapping id : Property{class=org.mongolink.test.entity.FakeEntityWithCap, field=id}
11:20:54.626 [main] DEBUG o.m.domain.mapper.ContextBuilder - Mapping : class org.mongolink.test.simpleMapping.OtherAggregateWithNaturalIdMapping
11:20:54.626 [main] DEBUG org.mongolink.domain.mapper.ClassMap - Mapping id : Property{class=org.mongolink.test.entity.OtherEntityWithNaturalId, field=naturalKey}
11:20:54.626 [main] DEBUG o.m.domain.mapper.ContextBuilder - Mapping : class org.mongolink.test.simpleMapping.FakeAggregateMapping
11:20:54.626 [main] DEBUG org.mongolink.domain.mapper.ClassMap - Mapping id : Property{class=org.mongolink.test.entity.FakeAggregate, field=id}
11:20:54.626 [main] DEBUG org.mongolink.domain.mapper.ClassMap - Mapping property : Property{class=org.mongolink.test.entity.FakeAggregate, field=value}
11:20:54.626 [main] DEBUG org.mongolink.domain.mapper.ClassMap - Mapping collection : Property{class=org.mongolink.test.entity.FakeAggregate, field=comments}
11:20:54.626 [main] DEBUG org.mongolink.domain.mapper.ClassMap - Mapping property : Property{class=org.mongolink.test.entity.FakeAggregate, field=comment}
11:20:54.626 [main] DEBUG org.mongolink.domain.mapper.ClassMap - Mapping property : Property{class=org.mongolink.test.entity.FakeAggregate, field=index}
11:20:54.627 [main] DEBUG o.m.domain.mapper.ContextBuilder - Mapping : class org.mongolink.test.simpleMapping.CommentMapping
11:20:54.627 [main] DEBUG org.mongolink.domain.mapper.ClassMap - Mapping property : Property{class=org.mongolink.test.entity.Comment, field=value}
11:20:54.627 [main] DEBUG o.m.domain.mapper.ContextBuilder - Done scanning : [org.mongolink.test.simpleMapping]
11:20:54.630 [main] DEBUG o.m.domain.mapper.ContextBuilder - Scanning : [org.mongolink.test.simpleMapping]
11:20:54.630 [main] DEBUG o.m.domain.mapper.ContextBuilder - Mapping : class org.mongolink.test.simpleMapping.FakeAggregateWithNaturalIdMapping
11:20:54.630 [main] DEBUG org.mongolink.domain.mapper.ClassMap - Mapping id : Property{class=org.mongolink.test.entity.FakeAggregateWithNaturalId, field=naturalKey}
11:20:54.630 [main] DEBUG org.mongolink.domain.mapper.ClassMap - Mapping property : Property{class=org.mongolink.test.entity.FakeAggregateWithNaturalId, field=value}
11:20:54.631 [main] DEBUG o.m.domain.mapper.ContextBuilder - Mapping : class org.mongolink.test.simpleMapping.FakeAggregateMappingWithCap
11:20:54.631 [main] DEBUG org.mongolink.domain.mapper.ClassMap - Mapping id : Property{class=org.mongolink.test.entity.FakeEntityWithCap, field=id}
11:20:54.631 [main] DEBUG o.m.domain.mapper.ContextBuilder - Mapping : class org.mongolink.test.simpleMapping.OtherAggregateWithNaturalIdMapping
11:20:54.631 [main] DEBUG org.mongolink.domain.mapper.ClassMap - Mapping id : Property{class=org.mongolink.test.entity.OtherEntityWithNaturalId, field=naturalKey}
11:20:54.631 [main] DEBUG o.m.domain.mapper.ContextBuilder - Mapping : class org.mongolink.test.simpleMapping.FakeAggregateMapping
11:20:54.631 [main] DEBUG org.mongolink.domain.mapper.ClassMap - Mapping id : Property{class=org.mongolink.test.entity.FakeAggregate, field=id}
11:20:54.631 [main] DEBUG org.mongolink.domain.mapper.ClassMap - Mapping property : Property{class=org.mongolink.test.entity.FakeAggregate, field=value}
11:20:54.631 [main] DEBUG org.mongolink.domain.mapper.ClassMap - Mapping collection : Property{class=org.mongolink.test.entity.FakeAggregate, field=comments}
11:20:54.631 [main] DEBUG org.mongolink.domain.mapper.ClassMap - Mapping property : Property{class=org.mongolink.test.entity.FakeAggregate, field=comment}
11:20:54.631 [main] DEBUG org.mongolink.domain.mapper.ClassMap - Mapping property : Property{class=org.mongolink.test.entity.FakeAggregate, field=index}
11:20:54.632 [main] DEBUG o.m.domain.mapper.ContextBuilder - Mapping : class org.mongolink.test.simpleMapping.CommentMapping
11:20:54.632 [main] DEBUG org.mongolink.domain.mapper.ClassMap - Mapping property : Property{class=org.mongolink.test.entity.Comment, field=value}
11:20:54.632 [main] DEBUG o.m.domain.mapper.ContextBuilder - Done scanning : [org.mongolink.test.simpleMapping]
11:20:54.632 [main] DEBUG org.mongolink.MongoSession - Starting
11:20:54.633 [main] WARN  org.mongolink.utils.FieldContainer - Property value was null : Property{class=org.mongolink.test.entity.FakeAggregateWithNaturalId, field=value}
11:20:54.635 [main] DEBUG o.m.domain.mapper.ContextBuilder - Scanning : [org.mongolink.test.simpleMapping]
11:20:54.635 [main] DEBUG o.m.domain.mapper.ContextBuilder - Mapping : class org.mongolink.test.simpleMapping.FakeAggregateWithNaturalIdMapping
11:20:54.635 [main] DEBUG org.mongolink.domain.mapper.ClassMap - Mapping id : Property{class=org.mongolink.test.entity.FakeAggregateWithNaturalId, field=naturalKey}
11:20:54.635 [main] DEBUG org.mongolink.domain.mapper.ClassMap - Mapping property : Property{class=org.mongolink.test.entity.FakeAggregateWithNaturalId, field=value}
11:20:54.636 [main] DEBUG o.m.domain.mapper.ContextBuilder - Mapping : class org.mongolink.test.simpleMapping.FakeAggregateMappingWithCap
11:20:54.636 [main] DEBUG org.mongolink.domain.mapper.ClassMap - Mapping id : Property{class=org.mongolink.test.entity.FakeEntityWithCap, field=id}
11:20:54.636 [main] DEBUG o.m.domain.mapper.ContextBuilder - Mapping : class org.mongolink.test.simpleMapping.OtherAggregateWithNaturalIdMapping
11:20:54.636 [main] DEBUG org.mongolink.domain.mapper.ClassMap - Mapping id : Property{class=org.mongolink.test.entity.OtherEntityWithNaturalId, field=naturalKey}
11:20:54.636 [main] DEBUG o.m.domain.mapper.ContextBuilder - Mapping : class org.mongolink.test.simpleMapping.FakeAggregateMapping
11:20:54.636 [main] DEBUG org.mongolink.domain.mapper.ClassMap - Mapping id : Property{class=org.mongolink.test.entity.FakeAggregate, field=id}
11:20:54.636 [main] DEBUG org.mongolink.domain.mapper.ClassMap - Mapping property : Property{class=org.mongolink.test.entity.FakeAggregate, field=value}
11:20:54.636 [main] DEBUG org.mongolink.domain.mapper.ClassMap - Mapping collection : Property{class=org.mongolink.test.entity.FakeAggregate, field=comments}
11:20:54.636 [main] DEBUG org.mongolink.domain.mapper.ClassMap - Mapping property : Property{class=org.mongolink.test.entity.FakeAggregate, field=comment}
11:20:54.637 [main] DEBUG org.mongolink.domain.mapper.ClassMap - Mapping property : Property{class=org.mongolink.test.entity.FakeAggregate, field=index}
11:20:54.637 [main] DEBUG o.m.domain.mapper.ContextBuilder - Mapping : class org.mongolink.test.simpleMapping.CommentMapping
11:20:54.637 [main] DEBUG org.mongolink.domain.mapper.ClassMap - Mapping property : Property{class=org.mongolink.test.entity.Comment, field=value}
11:20:54.637 [main] DEBUG o.m.domain.mapper.ContextBuilder - Done scanning : [org.mongolink.test.simpleMapping]
11:20:54.637 [main] DEBUG org.mongolink.MongoSession - Starting
11:20:54.639 [main] WARN  org.mongolink.utils.FieldContainer - Property value was null : Property{class=org.mongolink.test.entity.FakeAggregate, field=comment}
11:20:54.639 [main] WARN  org.mongolink.utils.FieldContainer - Property value was null : Property{class=org.mongolink.test.entity.FakeAggregate, field=index}
11:20:54.639 [main] DEBUG org.mongolink.MongoSession - Commiting unit of work
11:20:54.639 [main] DEBUG o.m.d.u.OverwriteStrategy - Updating : collection fakeaggregate : element { "_id" : { "$oid" : "62dfb1f690088c172f1d9967"} , "value" : "some new and strange value" , "comments" : [ ] , "index" : 0}
11:20:54.640 [main] DEBUG org.mongolink.MongoSession - Done commiting
11:20:54.640 [main] DEBUG org.mongolink.MongoSession - Stoping
11:20:54.642 [main] DEBUG o.m.domain.mapper.ContextBuilder - Scanning : [org.mongolink.test.simpleMapping]
11:20:54.643 [main] DEBUG o.m.domain.mapper.ContextBuilder - Mapping : class org.mongolink.test.simpleMapping.FakeAggregateWithNaturalIdMapping
11:20:54.643 [main] DEBUG org.mongolink.domain.mapper.ClassMap - Mapping id : Property{class=org.mongolink.test.entity.FakeAggregateWithNaturalId, field=naturalKey}
11:20:54.643 [main] DEBUG org.mongolink.domain.mapper.ClassMap - Mapping property : Property{class=org.mongolink.test.entity.FakeAggregateWithNaturalId, field=value}
11:20:54.643 [main] DEBUG o.m.domain.mapper.ContextBuilder - Mapping : class org.mongolink.test.simpleMapping.FakeAggregateMappingWithCap
11:20:54.643 [main] DEBUG org.mongolink.domain.mapper.ClassMap - Mapping id : Property{class=org.mongolink.test.entity.FakeEntityWithCap, field=id}
11:20:54.643 [main] DEBUG o.m.domain.mapper.ContextBuilder - Mapping : class org.mongolink.test.simpleMapping.OtherAggregateWithNaturalIdMapping
11:20:54.643 [main] DEBUG org.mongolink.domain.mapper.ClassMap - Mapping id : Property{class=org.mongolink.test.entity.OtherEntityWithNaturalId, field=naturalKey}
11:20:54.643 [main] DEBUG o.m.domain.mapper.ContextBuilder - Mapping : class org.mongolink.test.simpleMapping.FakeAggregateMapping
11:20:54.643 [main] DEBUG org.mongolink.domain.mapper.ClassMap - Mapping id : Property{class=org.mongolink.test.entity.FakeAggregate, field=id}
11:20:54.643 [main] DEBUG org.mongolink.domain.mapper.ClassMap - Mapping property : Property{class=org.mongolink.test.entity.FakeAggregate, field=value}
11:20:54.643 [main] DEBUG org.mongolink.domain.mapper.ClassMap - Mapping collection : Property{class=org.mongolink.test.entity.FakeAggregate, field=comments}
11:20:54.643 [main] DEBUG org.mongolink.domain.mapper.ClassMap - Mapping property : Property{class=org.mongolink.test.entity.FakeAggregate, field=comment}
11:20:54.643 [main] DEBUG org.mongolink.domain.mapper.ClassMap - Mapping property : Property{class=org.mongolink.test.entity.FakeAggregate, field=index}
11:20:54.643 [main] DEBUG o.m.domain.mapper.ContextBuilder - Mapping : class org.mongolink.test.simpleMapping.CommentMapping
11:20:54.643 [main] DEBUG org.mongolink.domain.mapper.ClassMap - Mapping property : Property{class=org.mongolink.test.entity.Comment, field=value}
11:20:54.643 [main] DEBUG o.m.domain.mapper.ContextBuilder - Done scanning : [org.mongolink.test.simpleMapping]
11:20:54.644 [main] DEBUG org.mongolink.MongoSession - Starting
11:20:54.644 [main] DEBUG org.mongolink.MongoSession - New entity register for additon : org.mongolink.test.entity.FakeAggregate@3568f9d2
11:20:54.644 [main] DEBUG org.mongolink.MongoSession - Commiting unit of work
11:20:54.645 [main] DEBUG org.mongolink.MongoSession - Entity added :{ "_id" : { "$oid" : "62dfb1f690088c172f1d996b"} , "value" : "this is a value" , "comments" : [ ] , "index" : 3}
11:20:54.645 [main] DEBUG org.mongolink.MongoSession - Done commiting
11:20:54.646 [main] DEBUG org.mongolink.MongoSession - Commiting unit of work
11:20:54.650 [main] DEBUG o.m.d.updateStrategy.DiffStrategy - Updating : collection fakeaggregate : query { "_id" : { "$oid" : "62dfb1f690088c172f1d996b"}} : modifiers : { "$set" : { "value" : "a value"}}
11:20:54.651 [main] DEBUG org.mongolink.MongoSession - Done commiting
11:20:54.652 [main] DEBUG o.m.domain.mapper.ContextBuilder - Scanning : [org.mongolink.test.simpleMapping]
11:20:54.652 [main] DEBUG o.m.domain.mapper.ContextBuilder - Mapping : class org.mongolink.test.simpleMapping.FakeAggregateWithNaturalIdMapping
11:20:54.653 [main] DEBUG org.mongolink.domain.mapper.ClassMap - Mapping id : Property{class=org.mongolink.test.entity.FakeAggregateWithNaturalId, field=naturalKey}
11:20:54.653 [main] DEBUG org.mongolink.domain.mapper.ClassMap - Mapping property : Property{class=org.mongolink.test.entity.FakeAggregateWithNaturalId, field=value}
11:20:54.653 [main] DEBUG o.m.domain.mapper.ContextBuilder - Mapping : class org.mongolink.test.simpleMapping.FakeAggregateMappingWithCap
11:20:54.653 [main] DEBUG org.mongolink.domain.mapper.ClassMap - Mapping id : Property{class=org.mongolink.test.entity.FakeEntityWithCap, field=id}
11:20:54.653 [main] DEBUG o.m.domain.mapper.ContextBuilder - Mapping : class org.mongolink.test.simpleMapping.OtherAggregateWithNaturalIdMapping
11:20:54.653 [main] DEBUG org.mongolink.domain.mapper.ClassMap - Mapping id : Property{class=org.mongolink.test.entity.OtherEntityWithNaturalId, field=naturalKey}
11:20:54.653 [main] DEBUG o.m.domain.mapper.ContextBuilder - Mapping : class org.mongolink.test.simpleMapping.FakeAggregateMapping
11:20:54.653 [main] DEBUG org.mongolink.domain.mapper.ClassMap - Mapping id : Property{class=org.mongolink.test.entity.FakeAggregate, field=id}
11:20:54.653 [main] DEBUG org.mongolink.domain.mapper.ClassMap - Mapping property : Property{class=org.mongolink.test.entity.FakeAggregate, field=value}
11:20:54.654 [main] DEBUG org.mongolink.domain.mapper.ClassMap - Mapping collection : Property{class=org.mongolink.test.entity.FakeAggregate, field=comments}
11:20:54.654 [main] DEBUG org.mongolink.domain.mapper.ClassMap - Mapping property : Property{class=org.mongolink.test.entity.FakeAggregate, field=comment}
11:20:54.654 [main] DEBUG org.mongolink.domain.mapper.ClassMap - Mapping property : Property{class=org.mongolink.test.entity.FakeAggregate, field=index}
11:20:54.654 [main] DEBUG o.m.domain.mapper.ContextBuilder - Mapping : class org.mongolink.test.simpleMapping.CommentMapping
11:20:54.654 [main] DEBUG org.mongolink.domain.mapper.ClassMap - Mapping property : Property{class=org.mongolink.test.entity.Comment, field=value}
11:20:54.654 [main] DEBUG o.m.domain.mapper.ContextBuilder - Done scanning : [org.mongolink.test.simpleMapping]
11:20:54.654 [main] DEBUG org.mongolink.MongoSession - Starting
11:20:54.655 [main] DEBUG o.m.domain.mapper.ContextBuilder - Scanning : [org.mongolink.test.simpleMapping]
11:20:54.656 [main] DEBUG o.m.domain.mapper.ContextBuilder - Mapping : class org.mongolink.test.simpleMapping.FakeAggregateWithNaturalIdMapping
11:20:54.656 [main] DEBUG org.mongolink.domain.mapper.ClassMap - Mapping id : Property{class=org.mongolink.test.entity.FakeAggregateWithNaturalId, field=naturalKey}
11:20:54.656 [main] DEBUG org.mongolink.domain.mapper.ClassMap - Mapping property : Property{class=org.mongolink.test.entity.FakeAggregateWithNaturalId, field=value}
11:20:54.657 [main] DEBUG o.m.domain.mapper.ContextBuilder - Mapping : class org.mongolink.test.simpleMapping.FakeAggregateMappingWithCap
11:20:54.657 [main] DEBUG org.mongolink.domain.mapper.ClassMap - Mapping id : Property{class=org.mongolink.test.entity.FakeEntityWithCap, field=id}
11:20:54.658 [main] DEBUG o.m.domain.mapper.ContextBuilder - Mapping : class org.mongolink.test.simpleMapping.OtherAggregateWithNaturalIdMapping
11:20:54.658 [main] DEBUG org.mongolink.domain.mapper.ClassMap - Mapping id : Property{class=org.mongolink.test.entity.OtherEntityWithNaturalId, field=naturalKey}
11:20:54.658 [main] DEBUG o.m.domain.mapper.ContextBuilder - Mapping : class org.mongolink.test.simpleMapping.FakeAggregateMapping
11:20:54.659 [main] DEBUG org.mongolink.domain.mapper.ClassMap - Mapping id : Property{class=org.mongolink.test.entity.FakeAggregate, field=id}
11:20:54.659 [main] DEBUG org.mongolink.domain.mapper.ClassMap - Mapping property : Property{class=org.mongolink.test.entity.FakeAggregate, field=value}
11:20:54.659 [main] DEBUG org.mongolink.domain.mapper.ClassMap - Mapping collection : Property{class=org.mongolink.test.entity.FakeAggregate, field=comments}
11:20:54.659 [main] DEBUG org.mongolink.domain.mapper.ClassMap - Mapping property : Property{class=org.mongolink.test.entity.FakeAggregate, field=comment}
11:20:54.659 [main] DEBUG org.mongolink.domain.mapper.ClassMap - Mapping property : Property{class=org.mongolink.test.entity.FakeAggregate, field=index}
11:20:54.660 [main] DEBUG o.m.domain.mapper.ContextBuilder - Mapping : class org.mongolink.test.simpleMapping.CommentMapping
11:20:54.660 [main] DEBUG org.mongolink.domain.mapper.ClassMap - Mapping property : Property{class=org.mongolink.test.entity.Comment, field=value}
11:20:54.660 [main] DEBUG o.m.domain.mapper.ContextBuilder - Done scanning : [org.mongolink.test.simpleMapping]
11:20:54.660 [main] DEBUG org.mongolink.MongoSession - Starting
11:20:54.660 [main] DEBUG org.mongolink.MongoSession - New entity register for additon : org.mongolink.test.entity.FakeAggregate@61a88b8c
11:20:54.660 [main] DEBUG org.mongolink.MongoSession - Commiting unit of work
11:20:54.662 [main] DEBUG org.mongolink.MongoSession - Entity added :{ "_id" : { "$oid" : "62dfb1f690088c172f1d996f"} , "value" : "a value" , "comments" : [ ] , "index" : 0}
11:20:54.662 [main] DEBUG org.mongolink.MongoSession - Done commiting
11:20:54.664 [main] DEBUG o.m.domain.mapper.ContextBuilder - Scanning : [org.mongolink.test.simpleMapping]
11:20:54.665 [main] DEBUG o.m.domain.mapper.ContextBuilder - Mapping : class org.mongolink.test.simpleMapping.FakeAggregateWithNaturalIdMapping
11:20:54.665 [main] DEBUG org.mongolink.domain.mapper.ClassMap - Mapping id : Property{class=org.mongolink.test.entity.FakeAggregateWithNaturalId, field=naturalKey}
11:20:54.665 [main] DEBUG org.mongolink.domain.mapper.ClassMap - Mapping property : Property{class=org.mongolink.test.entity.FakeAggregateWithNaturalId, field=value}
11:20:54.665 [main] DEBUG o.m.domain.mapper.ContextBuilder - Mapping : class org.mongolink.test.simpleMapping.FakeAggregateMappingWithCap
11:20:54.665 [main] DEBUG org.mongolink.domain.mapper.ClassMap - Mapping id : Property{class=org.mongolink.test.entity.FakeEntityWithCap, field=id}
11:20:54.665 [main] DEBUG o.m.domain.mapper.ContextBuilder - Mapping : class org.mongolink.test.simpleMapping.OtherAggregateWithNaturalIdMapping
11:20:54.665 [main] DEBUG org.mongolink.domain.mapper.ClassMap - Mapping id : Property{class=org.mongolink.test.entity.OtherEntityWithNaturalId, field=naturalKey}
11:20:54.666 [main] DEBUG o.m.domain.mapper.ContextBuilder - Mapping : class org.mongolink.test.simpleMapping.FakeAggregateMapping
11:20:54.666 [main] DEBUG org.mongolink.domain.mapper.ClassMap - Mapping id : Property{class=org.mongolink.test.entity.FakeAggregate, field=id}
11:20:54.666 [main] DEBUG org.mongolink.domain.mapper.ClassMap - Mapping property : Property{class=org.mongolink.test.entity.FakeAggregate, field=value}
11:20:54.666 [main] DEBUG org.mongolink.domain.mapper.ClassMap - Mapping collection : Property{class=org.mongolink.test.entity.FakeAggregate, field=comments}
11:20:54.666 [main] DEBUG org.mongolink.domain.mapper.ClassMap - Mapping property : Property{class=org.mongolink.test.entity.FakeAggregate, field=comment}
11:20:54.666 [main] DEBUG org.mongolink.domain.mapper.ClassMap - Mapping property : Property{class=org.mongolink.test.entity.FakeAggregate, field=index}
11:20:54.666 [main] DEBUG o.m.domain.mapper.ContextBuilder - Mapping : class org.mongolink.test.simpleMapping.CommentMapping
11:20:54.666 [main] DEBUG org.mongolink.domain.mapper.ClassMap - Mapping property : Property{class=org.mongolink.test.entity.Comment, field=value}
11:20:54.667 [main] DEBUG o.m.domain.mapper.ContextBuilder - Done scanning : [org.mongolink.test.simpleMapping]
11:20:54.667 [main] DEBUG org.mongolink.MongoSession - Starting
11:20:54.667 [main] DEBUG org.mongolink.MongoSession - Starting
11:20:54.667 [main] DEBUG org.mongolink.MongoSession - Commiting unit of work
11:20:54.667 [main] DEBUG org.mongolink.MongoSession - Done commiting
11:20:54.667 [main] DEBUG org.mongolink.MongoSession - Stoping
11:20:54.671 [main] DEBUG o.m.domain.mapper.ContextBuilder - Scanning : [org.mongolink.test.simpleMapping]
11:20:54.672 [main] DEBUG o.m.domain.mapper.ContextBuilder - Mapping : class org.mongolink.test.simpleMapping.FakeAggregateWithNaturalIdMapping
11:20:54.672 [main] DEBUG org.mongolink.domain.mapper.ClassMap - Mapping id : Property{class=org.mongolink.test.entity.FakeAggregateWithNaturalId, field=naturalKey}
11:20:54.672 [main] DEBUG org.mongolink.domain.mapper.ClassMap - Mapping property : Property{class=org.mongolink.test.entity.FakeAggregateWithNaturalId, field=value}
11:20:54.672 [main] DEBUG o.m.domain.mapper.ContextBuilder - Mapping : class org.mongolink.test.simpleMapping.FakeAggregateMappingWithCap
11:20:54.672 [main] DEBUG org.mongolink.domain.mapper.ClassMap - Mapping id : Property{class=org.mongolink.test.entity.FakeEntityWithCap, field=id}
11:20:54.672 [main] DEBUG o.m.domain.mapper.ContextBuilder - Mapping : class org.mongolink.test.simpleMapping.OtherAggregateWithNaturalIdMapping
11:20:54.672 [main] DEBUG org.mongolink.domain.mapper.ClassMap - Mapping id : Property{class=org.mongolink.test.entity.OtherEntityWithNaturalId, field=naturalKey}
11:20:54.673 [main] DEBUG o.m.domain.mapper.ContextBuilder - Mapping : class org.mongolink.test.simpleMapping.FakeAggregateMapping
11:20:54.673 [main] DEBUG org.mongolink.domain.mapper.ClassMap - Mapping id : Property{class=org.mongolink.test.entity.FakeAggregate, field=id}
11:20:54.673 [main] DEBUG org.mongolink.domain.mapper.ClassMap - Mapping property : Property{class=org.mongolink.test.entity.FakeAggregate, field=value}
11:20:54.673 [main] DEBUG org.mongolink.domain.mapper.ClassMap - Mapping collection : Property{class=org.mongolink.test.entity.FakeAggregate, field=comments}
11:20:54.673 [main] DEBUG org.mongolink.domain.mapper.ClassMap - Mapping property : Property{class=org.mongolink.test.entity.FakeAggregate, field=comment}
11:20:54.673 [main] DEBUG org.mongolink.domain.mapper.ClassMap - Mapping property : Property{class=org.mongolink.test.entity.FakeAggregate, field=index}
11:20:54.673 [main] DEBUG o.m.domain.mapper.ContextBuilder - Mapping : class org.mongolink.test.simpleMapping.CommentMapping
11:20:54.674 [main] DEBUG org.mongolink.domain.mapper.ClassMap - Mapping property : Property{class=org.mongolink.test.entity.Comment, field=value}
11:20:54.674 [main] DEBUG o.m.domain.mapper.ContextBuilder - Done scanning : [org.mongolink.test.simpleMapping]
11:20:54.674 [main] DEBUG org.mongolink.MongoSession - Starting
11:20:54.676 [main] WARN  org.mongolink.utils.FieldContainer - Property value was null : Property{class=org.mongolink.test.entity.FakeAggregate, field=comment}
11:20:54.676 [main] WARN  org.mongolink.utils.FieldContainer - Property value was null : Property{class=org.mongolink.test.entity.FakeAggregate, field=index}
11:20:54.676 [main] WARN  org.mongolink.utils.FieldContainer - Property value was null : Property{class=org.mongolink.test.entity.FakeAggregate, field=comment}
11:20:54.676 [main] WARN  org.mongolink.utils.FieldContainer - Property value was null : Property{class=org.mongolink.test.entity.FakeAggregate, field=index}
11:20:54.677 [main] DEBUG o.m.domain.mapper.ContextBuilder - Scanning : [org.mongolink.test.simpleMapping]
11:20:54.677 [main] DEBUG o.m.domain.mapper.ContextBuilder - Mapping : class org.mongolink.test.simpleMapping.FakeAggregateWithNaturalIdMapping
11:20:54.677 [main] DEBUG org.mongolink.domain.mapper.ClassMap - Mapping id : Property{class=org.mongolink.test.entity.FakeAggregateWithNaturalId, field=naturalKey}
11:20:54.678 [main] DEBUG org.mongolink.domain.mapper.ClassMap - Mapping property : Property{class=org.mongolink.test.entity.FakeAggregateWithNaturalId, field=value}
11:20:54.678 [main] DEBUG o.m.domain.mapper.ContextBuilder - Mapping : class org.mongolink.test.simpleMapping.FakeAggregateMappingWithCap
11:20:54.678 [main] DEBUG org.mongolink.domain.mapper.ClassMap - Mapping id : Property{class=org.mongolink.test.entity.FakeEntityWithCap, field=id}
11:20:54.679 [main] DEBUG o.m.domain.mapper.ContextBuilder - Mapping : class org.mongolink.test.simpleMapping.OtherAggregateWithNaturalIdMapping
11:20:54.679 [main] DEBUG org.mongolink.domain.mapper.ClassMap - Mapping id : Property{class=org.mongolink.test.entity.OtherEntityWithNaturalId, field=naturalKey}
11:20:54.683 [main] DEBUG o.m.domain.mapper.ContextBuilder - Mapping : class org.mongolink.test.simpleMapping.FakeAggregateMapping
11:20:54.683 [main] DEBUG org.mongolink.domain.mapper.ClassMap - Mapping id : Property{class=org.mongolink.test.entity.FakeAggregate, field=id}
11:20:54.683 [main] DEBUG org.mongolink.domain.mapper.ClassMap - Mapping property : Property{class=org.mongolink.test.entity.FakeAggregate, field=value}
11:20:54.683 [main] DEBUG org.mongolink.domain.mapper.ClassMap - Mapping collection : Property{class=org.mongolink.test.entity.FakeAggregate, field=comments}
11:20:54.683 [main] DEBUG org.mongolink.domain.mapper.ClassMap - Mapping property : Property{class=org.mongolink.test.entity.FakeAggregate, field=comment}
11:20:54.683 [main] DEBUG org.mongolink.domain.mapper.ClassMap - Mapping property : Property{class=org.mongolink.test.entity.FakeAggregate, field=index}
11:20:54.684 [main] DEBUG o.m.domain.mapper.ContextBuilder - Mapping : class org.mongolink.test.simpleMapping.CommentMapping
11:20:54.684 [main] DEBUG org.mongolink.domain.mapper.ClassMap - Mapping property : Property{class=org.mongolink.test.entity.Comment, field=value}
11:20:54.684 [main] DEBUG o.m.domain.mapper.ContextBuilder - Done scanning : [org.mongolink.test.simpleMapping]
11:20:54.684 [main] DEBUG org.mongolink.MongoSession - Starting
11:20:54.685 [main] DEBUG o.m.domain.mapper.ContextBuilder - Scanning : [org.mongolink.test.simpleMapping]
11:20:54.686 [main] DEBUG o.m.domain.mapper.ContextBuilder - Mapping : class org.mongolink.test.simpleMapping.FakeAggregateWithNaturalIdMapping
11:20:54.686 [main] DEBUG org.mongolink.domain.mapper.ClassMap - Mapping id : Property{class=org.mongolink.test.entity.FakeAggregateWithNaturalId, field=naturalKey}
11:20:54.686 [main] DEBUG org.mongolink.domain.mapper.ClassMap - Mapping property : Property{class=org.mongolink.test.entity.FakeAggregateWithNaturalId, field=value}
11:20:54.686 [main] DEBUG o.m.domain.mapper.ContextBuilder - Mapping : class org.mongolink.test.simpleMapping.FakeAggregateMappingWithCap
11:20:54.686 [main] DEBUG org.mongolink.domain.mapper.ClassMap - Mapping id : Property{class=org.mongolink.test.entity.FakeEntityWithCap, field=id}
11:20:54.687 [main] DEBUG o.m.domain.mapper.ContextBuilder - Mapping : class org.mongolink.test.simpleMapping.OtherAggregateWithNaturalIdMapping
11:20:54.687 [main] DEBUG org.mongolink.domain.mapper.ClassMap - Mapping id : Property{class=org.mongolink.test.entity.OtherEntityWithNaturalId, field=naturalKey}
11:20:54.688 [main] DEBUG o.m.domain.mapper.ContextBuilder - Mapping : class org.mongolink.test.simpleMapping.FakeAggregateMapping
11:20:54.688 [main] DEBUG org.mongolink.domain.mapper.ClassMap - Mapping id : Property{class=org.mongolink.test.entity.FakeAggregate, field=id}
11:20:54.688 [main] DEBUG org.mongolink.domain.mapper.ClassMap - Mapping property : Property{class=org.mongolink.test.entity.FakeAggregate, field=value}
11:20:54.688 [main] DEBUG org.mongolink.domain.mapper.ClassMap - Mapping collection : Property{class=org.mongolink.test.entity.FakeAggregate, field=comments}
11:20:54.688 [main] DEBUG org.mongolink.domain.mapper.ClassMap - Mapping property : Property{class=org.mongolink.test.entity.FakeAggregate, field=comment}
11:20:54.688 [main] DEBUG org.mongolink.domain.mapper.ClassMap - Mapping property : Property{class=org.mongolink.test.entity.FakeAggregate, field=index}
11:20:54.688 [main] DEBUG o.m.domain.mapper.ContextBuilder - Mapping : class org.mongolink.test.simpleMapping.CommentMapping
11:20:54.688 [main] DEBUG org.mongolink.domain.mapper.ClassMap - Mapping property : Property{class=org.mongolink.test.entity.Comment, field=value}
11:20:54.688 [main] DEBUG o.m.domain.mapper.ContextBuilder - Done scanning : [org.mongolink.test.simpleMapping]
11:20:54.688 [main] DEBUG org.mongolink.MongoSession - Starting
11:20:54.689 [main] DEBUG org.mongolink.MongoSession - New entity register for additon : org.mongolink.test.entity.FakeAggregateWithNaturalId@55322aab
11:20:54.691 [main] DEBUG o.m.domain.mapper.ContextBuilder - Scanning : [org.mongolink.test.simpleMapping]
11:20:54.693 [main] DEBUG o.m.domain.mapper.ContextBuilder - Mapping : class org.mongolink.test.simpleMapping.FakeAggregateWithNaturalIdMapping
11:20:54.693 [main] DEBUG org.mongolink.domain.mapper.ClassMap - Mapping id : Property{class=org.mongolink.test.entity.FakeAggregateWithNaturalId, field=naturalKey}
11:20:54.693 [main] DEBUG org.mongolink.domain.mapper.ClassMap - Mapping property : Property{class=org.mongolink.test.entity.FakeAggregateWithNaturalId, field=value}
11:20:54.693 [main] DEBUG o.m.domain.mapper.ContextBuilder - Mapping : class org.mongolink.test.simpleMapping.FakeAggregateMappingWithCap
11:20:54.693 [main] DEBUG org.mongolink.domain.mapper.ClassMap - Mapping id : Property{class=org.mongolink.test.entity.FakeEntityWithCap, field=id}
11:20:54.693 [main] DEBUG o.m.domain.mapper.ContextBuilder - Mapping : class org.mongolink.test.simpleMapping.OtherAggregateWithNaturalIdMapping
11:20:54.693 [main] DEBUG org.mongolink.domain.mapper.ClassMap - Mapping id : Property{class=org.mongolink.test.entity.OtherEntityWithNaturalId, field=naturalKey}
11:20:54.693 [main] DEBUG o.m.domain.mapper.ContextBuilder - Mapping : class org.mongolink.test.simpleMapping.FakeAggregateMapping
11:20:54.693 [main] DEBUG org.mongolink.domain.mapper.ClassMap - Mapping id : Property{class=org.mongolink.test.entity.FakeAggregate, field=id}
11:20:54.693 [main] DEBUG org.mongolink.domain.mapper.ClassMap - Mapping property : Property{class=org.mongolink.test.entity.FakeAggregate, field=value}
11:20:54.694 [main] DEBUG org.mongolink.domain.mapper.ClassMap - Mapping collection : Property{class=org.mongolink.test.entity.FakeAggregate, field=comments}
11:20:54.694 [main] DEBUG org.mongolink.domain.mapper.ClassMap - Mapping property : Property{class=org.mongolink.test.entity.FakeAggregate, field=comment}
11:20:54.694 [main] DEBUG org.mongolink.domain.mapper.ClassMap - Mapping property : Property{class=org.mongolink.test.entity.FakeAggregate, field=index}
11:20:54.694 [main] DEBUG o.m.domain.mapper.ContextBuilder - Mapping : class org.mongolink.test.simpleMapping.CommentMapping
11:20:54.694 [main] DEBUG org.mongolink.domain.mapper.ClassMap - Mapping property : Property{class=org.mongolink.test.entity.Comment, field=value}
11:20:54.694 [main] DEBUG o.m.domain.mapper.ContextBuilder - Done scanning : [org.mongolink.test.simpleMapping]
11:20:54.694 [main] DEBUG org.mongolink.MongoSession - Starting
11:20:54.694 [main] DEBUG org.mongolink.MongoSession - New entity register for additon : org.mongolink.test.entity.FakeAggregateWithNaturalId@16c63f5
11:20:54.694 [main] DEBUG org.mongolink.MongoSession - New entity register for additon : org.mongolink.test.entity.OtherEntityWithNaturalId@35229f85
11:20:54.696 [main] DEBUG o.m.domain.mapper.ContextBuilder - Scanning : [org.mongolink.test.simpleMapping]
11:20:54.696 [main] DEBUG o.m.domain.mapper.ContextBuilder - Mapping : class org.mongolink.test.simpleMapping.FakeAggregateWithNaturalIdMapping
11:20:54.696 [main] DEBUG org.mongolink.domain.mapper.ClassMap - Mapping id : Property{class=org.mongolink.test.entity.FakeAggregateWithNaturalId, field=naturalKey}
11:20:54.696 [main] DEBUG org.mongolink.domain.mapper.ClassMap - Mapping property : Property{class=org.mongolink.test.entity.FakeAggregateWithNaturalId, field=value}
11:20:54.696 [main] DEBUG o.m.domain.mapper.ContextBuilder - Mapping : class org.mongolink.test.simpleMapping.FakeAggregateMappingWithCap
11:20:54.696 [main] DEBUG org.mongolink.domain.mapper.ClassMap - Mapping id : Property{class=org.mongolink.test.entity.FakeEntityWithCap, field=id}
11:20:54.697 [main] DEBUG o.m.domain.mapper.ContextBuilder - Mapping : class org.mongolink.test.simpleMapping.OtherAggregateWithNaturalIdMapping
11:20:54.697 [main] DEBUG org.mongolink.domain.mapper.ClassMap - Mapping id : Property{class=org.mongolink.test.entity.OtherEntityWithNaturalId, field=naturalKey}
11:20:54.697 [main] DEBUG o.m.domain.mapper.ContextBuilder - Mapping : class org.mongolink.test.simpleMapping.FakeAggregateMapping
11:20:54.697 [main] DEBUG org.mongolink.domain.mapper.ClassMap - Mapping id : Property{class=org.mongolink.test.entity.FakeAggregate, field=id}
11:20:54.697 [main] DEBUG org.mongolink.domain.mapper.ClassMap - Mapping property : Property{class=org.mongolink.test.entity.FakeAggregate, field=value}
11:20:54.697 [main] DEBUG org.mongolink.domain.mapper.ClassMap - Mapping collection : Property{class=org.mongolink.test.entity.FakeAggregate, field=comments}
11:20:54.697 [main] DEBUG org.mongolink.domain.mapper.ClassMap - Mapping property : Property{class=org.mongolink.test.entity.FakeAggregate, field=comment}
11:20:54.697 [main] DEBUG org.mongolink.domain.mapper.ClassMap - Mapping property : Property{class=org.mongolink.test.entity.FakeAggregate, field=index}
11:20:54.697 [main] DEBUG o.m.domain.mapper.ContextBuilder - Mapping : class org.mongolink.test.simpleMapping.CommentMapping
11:20:54.697 [main] DEBUG org.mongolink.domain.mapper.ClassMap - Mapping property : Property{class=org.mongolink.test.entity.Comment, field=value}
11:20:54.698 [main] DEBUG o.m.domain.mapper.ContextBuilder - Done scanning : [org.mongolink.test.simpleMapping]
11:20:54.698 [main] DEBUG org.mongolink.MongoSession - Starting
11:20:54.699 [main] DEBUG o.m.domain.mapper.ContextBuilder - Scanning : [org.mongolink.test.simpleMapping]
11:20:54.699 [main] DEBUG o.m.domain.mapper.ContextBuilder - Mapping : class org.mongolink.test.simpleMapping.FakeAggregateWithNaturalIdMapping
11:20:54.699 [main] DEBUG org.mongolink.domain.mapper.ClassMap - Mapping id : Property{class=org.mongolink.test.entity.FakeAggregateWithNaturalId, field=naturalKey}
11:20:54.699 [main] DEBUG org.mongolink.domain.mapper.ClassMap - Mapping property : Property{class=org.mongolink.test.entity.FakeAggregateWithNaturalId, field=value}
11:20:54.700 [main] DEBUG o.m.domain.mapper.ContextBuilder - Mapping : class org.mongolink.test.simpleMapping.FakeAggregateMappingWithCap
11:20:54.700 [main] DEBUG org.mongolink.domain.mapper.ClassMap - Mapping id : Property{class=org.mongolink.test.entity.FakeEntityWithCap, field=id}
11:20:54.700 [main] DEBUG o.m.domain.mapper.ContextBuilder - Mapping : class org.mongolink.test.simpleMapping.OtherAggregateWithNaturalIdMapping
11:20:54.700 [main] DEBUG org.mongolink.domain.mapper.ClassMap - Mapping id : Property{class=org.mongolink.test.entity.OtherEntityWithNaturalId, field=naturalKey}
11:20:54.700 [main] DEBUG o.m.domain.mapper.ContextBuilder - Mapping : class org.mongolink.test.simpleMapping.FakeAggregateMapping
11:20:54.700 [main] DEBUG org.mongolink.domain.mapper.ClassMap - Mapping id : Property{class=org.mongolink.test.entity.FakeAggregate, field=id}
11:20:54.700 [main] DEBUG org.mongolink.domain.mapper.ClassMap - Mapping property : Property{class=org.mongolink.test.entity.FakeAggregate, field=value}
11:20:54.700 [main] DEBUG org.mongolink.domain.mapper.ClassMap - Mapping collection : Property{class=org.mongolink.test.entity.FakeAggregate, field=comments}
11:20:54.700 [main] DEBUG org.mongolink.domain.mapper.ClassMap - Mapping property : Property{class=org.mongolink.test.entity.FakeAggregate, field=comment}
11:20:54.700 [main] DEBUG org.mongolink.domain.mapper.ClassMap - Mapping property : Property{class=org.mongolink.test.entity.FakeAggregate, field=index}
11:20:54.700 [main] DEBUG o.m.domain.mapper.ContextBuilder - Mapping : class org.mongolink.test.simpleMapping.CommentMapping
11:20:54.700 [main] DEBUG org.mongolink.domain.mapper.ClassMap - Mapping property : Property{class=org.mongolink.test.entity.Comment, field=value}
11:20:54.701 [main] DEBUG o.m.domain.mapper.ContextBuilder - Done scanning : [org.mongolink.test.simpleMapping]
11:20:54.701 [main] DEBUG org.mongolink.MongoSession - Starting
11:20:54.702 [main] WARN  org.mongolink.utils.FieldContainer - Property value was null : Property{class=org.mongolink.test.entity.FakeAggregate, field=comment}
11:20:54.702 [main] WARN  org.mongolink.utils.FieldContainer - Property value was null : Property{class=org.mongolink.test.entity.FakeAggregate, field=index}
11:20:54.705 [main] DEBUG org.mongolink.MongoSession - Commiting unit of work
11:20:54.705 [main] DEBUG o.m.d.u.OverwriteStrategy - Updating : collection fakeaggregate : element { "_id" : { "$oid" : "62dfb1f690088c172f1d9979"} , "value" : "un test de plus" , "comments" : [ ] , "index" : 0}
11:20:54.706 [main] DEBUG org.mongolink.MongoSession - Done commiting
11:20:54.707 [main] DEBUG o.m.domain.mapper.ContextBuilder - Scanning : [org.mongolink.test.simpleMapping]
11:20:54.708 [main] DEBUG o.m.domain.mapper.ContextBuilder - Mapping : class org.mongolink.test.simpleMapping.FakeAggregateWithNaturalIdMapping
11:20:54.708 [main] DEBUG org.mongolink.domain.mapper.ClassMap - Mapping id : Property{class=org.mongolink.test.entity.FakeAggregateWithNaturalId, field=naturalKey}
11:20:54.708 [main] DEBUG org.mongolink.domain.mapper.ClassMap - Mapping property : Property{class=org.mongolink.test.entity.FakeAggregateWithNaturalId, field=value}
11:20:54.708 [main] DEBUG o.m.domain.mapper.ContextBuilder - Mapping : class org.mongolink.test.simpleMapping.FakeAggregateMappingWithCap
11:20:54.708 [main] DEBUG org.mongolink.domain.mapper.ClassMap - Mapping id : Property{class=org.mongolink.test.entity.FakeEntityWithCap, field=id}
11:20:54.708 [main] DEBUG o.m.domain.mapper.ContextBuilder - Mapping : class org.mongolink.test.simpleMapping.OtherAggregateWithNaturalIdMapping
11:20:54.708 [main] DEBUG org.mongolink.domain.mapper.ClassMap - Mapping id : Property{class=org.mongolink.test.entity.OtherEntityWithNaturalId, field=naturalKey}
11:20:54.709 [main] DEBUG o.m.domain.mapper.ContextBuilder - Mapping : class org.mongolink.test.simpleMapping.FakeAggregateMapping
11:20:54.709 [main] DEBUG org.mongolink.domain.mapper.ClassMap - Mapping id : Property{class=org.mongolink.test.entity.FakeAggregate, field=id}
11:20:54.709 [main] DEBUG org.mongolink.domain.mapper.ClassMap - Mapping property : Property{class=org.mongolink.test.entity.FakeAggregate, field=value}
11:20:54.709 [main] DEBUG org.mongolink.domain.mapper.ClassMap - Mapping collection : Property{class=org.mongolink.test.entity.FakeAggregate, field=comments}
11:20:54.709 [main] DEBUG org.mongolink.domain.mapper.ClassMap - Mapping property : Property{class=org.mongolink.test.entity.FakeAggregate, field=comment}
11:20:54.709 [main] DEBUG org.mongolink.domain.mapper.ClassMap - Mapping property : Property{class=org.mongolink.test.entity.FakeAggregate, field=index}
11:20:54.709 [main] DEBUG o.m.domain.mapper.ContextBuilder - Mapping : class org.mongolink.test.simpleMapping.CommentMapping
11:20:54.709 [main] DEBUG org.mongolink.domain.mapper.ClassMap - Mapping property : Property{class=org.mongolink.test.entity.Comment, field=value}
11:20:54.709 [main] DEBUG o.m.domain.mapper.ContextBuilder - Done scanning : [org.mongolink.test.simpleMapping]
11:20:54.709 [main] DEBUG org.mongolink.MongoSession - Starting
11:20:54.709 [main] DEBUG org.mongolink.MongoSession - New entity register for additon : org.mongolink.test.entity.FakeAggregate@2da59753
11:20:54.711 [main] DEBUG o.m.domain.mapper.ContextBuilder - Scanning : [org.mongolink.test.simpleMapping]
11:20:54.711 [main] DEBUG o.m.domain.mapper.ContextBuilder - Mapping : class org.mongolink.test.simpleMapping.FakeAggregateWithNaturalIdMapping
11:20:54.711 [main] DEBUG org.mongolink.domain.mapper.ClassMap - Mapping id : Property{class=org.mongolink.test.entity.FakeAggregateWithNaturalId, field=naturalKey}
11:20:54.711 [main] DEBUG org.mongolink.domain.mapper.ClassMap - Mapping property : Property{class=org.mongolink.test.entity.FakeAggregateWithNaturalId, field=value}
11:20:54.711 [main] DEBUG o.m.domain.mapper.ContextBuilder - Mapping : class org.mongolink.test.simpleMapping.FakeAggregateMappingWithCap
11:20:54.711 [main] DEBUG org.mongolink.domain.mapper.ClassMap - Mapping id : Property{class=org.mongolink.test.entity.FakeEntityWithCap, field=id}
11:20:54.712 [main] DEBUG o.m.domain.mapper.ContextBuilder - Mapping : class org.mongolink.test.simpleMapping.OtherAggregateWithNaturalIdMapping
11:20:54.712 [main] DEBUG org.mongolink.domain.mapper.ClassMap - Mapping id : Property{class=org.mongolink.test.entity.OtherEntityWithNaturalId, field=naturalKey}
11:20:54.712 [main] DEBUG o.m.domain.mapper.ContextBuilder - Mapping : class org.mongolink.test.simpleMapping.FakeAggregateMapping
11:20:54.712 [main] DEBUG org.mongolink.domain.mapper.ClassMap - Mapping id : Property{class=org.mongolink.test.entity.FakeAggregate, field=id}
11:20:54.712 [main] DEBUG org.mongolink.domain.mapper.ClassMap - Mapping property : Property{class=org.mongolink.test.entity.FakeAggregate, field=value}
11:20:54.712 [main] DEBUG org.mongolink.domain.mapper.ClassMap - Mapping collection : Property{class=org.mongolink.test.entity.FakeAggregate, field=comments}
11:20:54.712 [main] DEBUG org.mongolink.domain.mapper.ClassMap - Mapping property : Property{class=org.mongolink.test.entity.FakeAggregate, field=comment}
11:20:54.712 [main] DEBUG org.mongolink.domain.mapper.ClassMap - Mapping property : Property{class=org.mongolink.test.entity.FakeAggregate, field=index}
11:20:54.712 [main] DEBUG o.m.domain.mapper.ContextBuilder - Mapping : class org.mongolink.test.simpleMapping.CommentMapping
11:20:54.712 [main] DEBUG org.mongolink.domain.mapper.ClassMap - Mapping property : Property{class=org.mongolink.test.entity.Comment, field=value}
11:20:54.712 [main] DEBUG o.m.domain.mapper.ContextBuilder - Done scanning : [org.mongolink.test.simpleMapping]
11:20:54.712 [main] DEBUG org.mongolink.MongoSession - Starting
11:20:54.714 [main] WARN  org.mongolink.utils.FieldContainer - Property value was null : Property{class=org.mongolink.test.entity.FakeAggregate, field=comment}
11:20:54.714 [main] WARN  org.mongolink.utils.FieldContainer - Property value was null : Property{class=org.mongolink.test.entity.FakeAggregate, field=index}
11:20:54.715 [main] DEBUG o.m.domain.mapper.ContextBuilder - Scanning : [org.mongolink.test.simpleMapping]
11:20:54.716 [main] DEBUG o.m.domain.mapper.ContextBuilder - Mapping : class org.mongolink.test.simpleMapping.FakeAggregateWithNaturalIdMapping
11:20:54.716 [main] DEBUG org.mongolink.domain.mapper.ClassMap - Mapping id : Property{class=org.mongolink.test.entity.FakeAggregateWithNaturalId, field=naturalKey}
11:20:54.716 [main] DEBUG org.mongolink.domain.mapper.ClassMap - Mapping property : Property{class=org.mongolink.test.entity.FakeAggregateWithNaturalId, field=value}
11:20:54.716 [main] DEBUG o.m.domain.mapper.ContextBuilder - Mapping : class org.mongolink.test.simpleMapping.FakeAggregateMappingWithCap
11:20:54.716 [main] DEBUG org.mongolink.domain.mapper.ClassMap - Mapping id : Property{class=org.mongolink.test.entity.FakeEntityWithCap, field=id}
11:20:54.717 [main] DEBUG o.m.domain.mapper.ContextBuilder - Mapping : class org.mongolink.test.simpleMapping.OtherAggregateWithNaturalIdMapping
11:20:54.717 [main] DEBUG org.mongolink.domain.mapper.ClassMap - Mapping id : Property{class=org.mongolink.test.entity.OtherEntityWithNaturalId, field=naturalKey}
11:20:54.717 [main] DEBUG o.m.domain.mapper.ContextBuilder - Mapping : class org.mongolink.test.simpleMapping.FakeAggregateMapping
11:20:54.717 [main] DEBUG org.mongolink.domain.mapper.ClassMap - Mapping id : Property{class=org.mongolink.test.entity.FakeAggregate, field=id}
11:20:54.717 [main] DEBUG org.mongolink.domain.mapper.ClassMap - Mapping property : Property{class=org.mongolink.test.entity.FakeAggregate, field=value}
11:20:54.717 [main] DEBUG org.mongolink.domain.mapper.ClassMap - Mapping collection : Property{class=org.mongolink.test.entity.FakeAggregate, field=comments}
11:20:54.717 [main] DEBUG org.mongolink.domain.mapper.ClassMap - Mapping property : Property{class=org.mongolink.test.entity.FakeAggregate, field=comment}
11:20:54.717 [main] DEBUG org.mongolink.domain.mapper.ClassMap - Mapping property : Property{class=org.mongolink.test.entity.FakeAggregate, field=index}
11:20:54.717 [main] DEBUG o.m.domain.mapper.ContextBuilder - Mapping : class org.mongolink.test.simpleMapping.CommentMapping
11:20:54.717 [main] DEBUG org.mongolink.domain.mapper.ClassMap - Mapping property : Property{class=org.mongolink.test.entity.Comment, field=value}
11:20:54.717 [main] DEBUG o.m.domain.mapper.ContextBuilder - Done scanning : [org.mongolink.test.simpleMapping]
11:20:54.717 [main] DEBUG org.mongolink.MongoSession - Starting
11:20:54.718 [main] DEBUG org.mongolink.MongoSession - New entity register for additon : org.mongolink.test.entity.FakeAggregate@4d9ac0b4
11:20:54.718 [main] DEBUG org.mongolink.MongoSession - Commiting unit of work
11:20:54.719 [main] DEBUG org.mongolink.MongoSession - Entity added :{ "_id" : { "$oid" : "62dfb1f690088c172f1d9982"} , "value" : "value" , "comments" : [ ] , "index" : 0}
11:20:54.719 [main] DEBUG org.mongolink.MongoSession - Done commiting
11:20:54.720 [main] DEBUG o.m.domain.mapper.ContextBuilder - Scanning : [org.mongolink.test.simpleMapping]
11:20:54.721 [main] DEBUG o.m.domain.mapper.ContextBuilder - Mapping : class org.mongolink.test.simpleMapping.FakeAggregateWithNaturalIdMapping
11:20:54.721 [main] DEBUG org.mongolink.domain.mapper.ClassMap - Mapping id : Property{class=org.mongolink.test.entity.FakeAggregateWithNaturalId, field=naturalKey}
11:20:54.721 [main] DEBUG org.mongolink.domain.mapper.ClassMap - Mapping property : Property{class=org.mongolink.test.entity.FakeAggregateWithNaturalId, field=value}
11:20:54.721 [main] DEBUG o.m.domain.mapper.ContextBuilder - Mapping : class org.mongolink.test.simpleMapping.FakeAggregateMappingWithCap
11:20:54.721 [main] DEBUG org.mongolink.domain.mapper.ClassMap - Mapping id : Property{class=org.mongolink.test.entity.FakeEntityWithCap, field=id}
11:20:54.722 [main] DEBUG o.m.domain.mapper.ContextBuilder - Mapping : class org.mongolink.test.simpleMapping.OtherAggregateWithNaturalIdMapping
11:20:54.722 [main] DEBUG org.mongolink.domain.mapper.ClassMap - Mapping id : Property{class=org.mongolink.test.entity.OtherEntityWithNaturalId, field=naturalKey}
11:20:54.722 [main] DEBUG o.m.domain.mapper.ContextBuilder - Mapping : class org.mongolink.test.simpleMapping.FakeAggregateMapping
11:20:54.722 [main] DEBUG org.mongolink.domain.mapper.ClassMap - Mapping id : Property{class=org.mongolink.test.entity.FakeAggregate, field=id}
11:20:54.722 [main] DEBUG org.mongolink.domain.mapper.ClassMap - Mapping property : Property{class=org.mongolink.test.entity.FakeAggregate, field=value}
11:20:54.722 [main] DEBUG org.mongolink.domain.mapper.ClassMap - Mapping collection : Property{class=org.mongolink.test.entity.FakeAggregate, field=comments}
11:20:54.722 [main] DEBUG org.mongolink.domain.mapper.ClassMap - Mapping property : Property{class=org.mongolink.test.entity.FakeAggregate, field=comment}
11:20:54.722 [main] DEBUG org.mongolink.domain.mapper.ClassMap - Mapping property : Property{class=org.mongolink.test.entity.FakeAggregate, field=index}
11:20:54.722 [main] DEBUG o.m.domain.mapper.ContextBuilder - Mapping : class org.mongolink.test.simpleMapping.CommentMapping
11:20:54.722 [main] DEBUG org.mongolink.domain.mapper.ClassMap - Mapping property : Property{class=org.mongolink.test.entity.Comment, field=value}
11:20:54.722 [main] DEBUG o.m.domain.mapper.ContextBuilder - Done scanning : [org.mongolink.test.simpleMapping]
11:20:54.722 [main] DEBUG org.mongolink.MongoSession - Starting
11:20:54.724 [main] WARN  org.mongolink.utils.FieldContainer - Property value was null : Property{class=org.mongolink.test.entity.FakeAggregateWithNaturalId, field=value}
11:20:54.725 [main] DEBUG o.m.domain.mapper.ContextBuilder - Scanning : [org.mongolink.test.simpleMapping]
11:20:54.726 [main] DEBUG o.m.domain.mapper.ContextBuilder - Mapping : class org.mongolink.test.simpleMapping.FakeAggregateWithNaturalIdMapping
11:20:54.726 [main] DEBUG org.mongolink.domain.mapper.ClassMap - Mapping id : Property{class=org.mongolink.test.entity.FakeAggregateWithNaturalId, field=naturalKey}
11:20:54.726 [main] DEBUG org.mongolink.domain.mapper.ClassMap - Mapping property : Property{class=org.mongolink.test.entity.FakeAggregateWithNaturalId, field=value}
11:20:54.726 [main] DEBUG o.m.domain.mapper.ContextBuilder - Mapping : class org.mongolink.test.simpleMapping.FakeAggregateMappingWithCap
11:20:54.726 [main] DEBUG org.mongolink.domain.mapper.ClassMap - Mapping id : Property{class=org.mongolink.test.entity.FakeEntityWithCap, field=id}
11:20:54.726 [main] DEBUG o.m.domain.mapper.ContextBuilder - Mapping : class org.mongolink.test.simpleMapping.OtherAggregateWithNaturalIdMapping
11:20:54.726 [main] DEBUG org.mongolink.domain.mapper.ClassMap - Mapping id : Property{class=org.mongolink.test.entity.OtherEntityWithNaturalId, field=naturalKey}
11:20:54.726 [main] DEBUG o.m.domain.mapper.ContextBuilder - Mapping : class org.mongolink.test.simpleMapping.FakeAggregateMapping
11:20:54.726 [main] DEBUG org.mongolink.domain.mapper.ClassMap - Mapping id : Property{class=org.mongolink.test.entity.FakeAggregate, field=id}
11:20:54.726 [main] DEBUG org.mongolink.domain.mapper.ClassMap - Mapping property : Property{class=org.mongolink.test.entity.FakeAggregate, field=value}
11:20:54.726 [main] DEBUG org.mongolink.domain.mapper.ClassMap - Mapping collection : Property{class=org.mongolink.test.entity.FakeAggregate, field=comments}
11:20:54.727 [main] DEBUG org.mongolink.domain.mapper.ClassMap - Mapping property : Property{class=org.mongolink.test.entity.FakeAggregate, field=comment}
11:20:54.727 [main] DEBUG org.mongolink.domain.mapper.ClassMap - Mapping property : Property{class=org.mongolink.test.entity.FakeAggregate, field=index}
11:20:54.727 [main] DEBUG o.m.domain.mapper.ContextBuilder - Mapping : class org.mongolink.test.simpleMapping.CommentMapping
11:20:54.727 [main] DEBUG org.mongolink.domain.mapper.ClassMap - Mapping property : Property{class=org.mongolink.test.entity.Comment, field=value}
11:20:54.727 [main] DEBUG o.m.domain.mapper.ContextBuilder - Done scanning : [org.mongolink.test.simpleMapping]
11:20:54.727 [main] DEBUG org.mongolink.MongoSession - Starting
11:20:54.727 [main] DEBUG org.mongolink.MongoSession - New entity register for additon : org.mongolink.test.entity.FakeAggregateWithNaturalId@1e636ea3
11:20:54.728 [main] DEBUG o.m.domain.mapper.ContextBuilder - Scanning : [org.mongolink.test.simpleMapping]
11:20:54.729 [main] DEBUG o.m.domain.mapper.ContextBuilder - Mapping : class org.mongolink.test.simpleMapping.FakeAggregateWithNaturalIdMapping
11:20:54.729 [main] DEBUG org.mongolink.domain.mapper.ClassMap - Mapping id : Property{class=org.mongolink.test.entity.FakeAggregateWithNaturalId, field=naturalKey}
11:20:54.729 [main] DEBUG org.mongolink.domain.mapper.ClassMap - Mapping property : Property{class=org.mongolink.test.entity.FakeAggregateWithNaturalId, field=value}
11:20:54.729 [main] DEBUG o.m.domain.mapper.ContextBuilder - Mapping : class org.mongolink.test.simpleMapping.FakeAggregateMappingWithCap
11:20:54.729 [main] DEBUG org.mongolink.domain.mapper.ClassMap - Mapping id : Property{class=org.mongolink.test.entity.FakeEntityWithCap, field=id}
11:20:54.729 [main] DEBUG o.m.domain.mapper.ContextBuilder - Mapping : class org.mongolink.test.simpleMapping.OtherAggregateWithNaturalIdMapping
11:20:54.729 [main] DEBUG org.mongolink.domain.mapper.ClassMap - Mapping id : Property{class=org.mongolink.test.entity.OtherEntityWithNaturalId, field=naturalKey}
11:20:54.730 [main] DEBUG o.m.domain.mapper.ContextBuilder - Mapping : class org.mongolink.test.simpleMapping.FakeAggregateMapping
11:20:54.730 [main] DEBUG org.mongolink.domain.mapper.ClassMap - Mapping id : Property{class=org.mongolink.test.entity.FakeAggregate, field=id}
11:20:54.730 [main] DEBUG org.mongolink.domain.mapper.ClassMap - Mapping property : Property{class=org.mongolink.test.entity.FakeAggregate, field=value}
11:20:54.730 [main] DEBUG org.mongolink.domain.mapper.ClassMap - Mapping collection : Property{class=org.mongolink.test.entity.FakeAggregate, field=comments}
11:20:54.730 [main] DEBUG org.mongolink.domain.mapper.ClassMap - Mapping property : Property{class=org.mongolink.test.entity.FakeAggregate, field=comment}
11:20:54.730 [main] DEBUG org.mongolink.domain.mapper.ClassMap - Mapping property : Property{class=org.mongolink.test.entity.FakeAggregate, field=index}
11:20:54.731 [main] DEBUG o.m.domain.mapper.ContextBuilder - Mapping : class org.mongolink.test.simpleMapping.CommentMapping
11:20:54.731 [main] DEBUG org.mongolink.domain.mapper.ClassMap - Mapping property : Property{class=org.mongolink.test.entity.Comment, field=value}
11:20:54.731 [main] DEBUG o.m.domain.mapper.ContextBuilder - Done scanning : [org.mongolink.test.simpleMapping]
11:20:54.731 [main] DEBUG org.mongolink.MongoSession - Starting
11:20:54.733 [main] DEBUG o.m.domain.mapper.ContextBuilder - Scanning : [org.mongolink.test.simpleMapping]
11:20:54.733 [main] DEBUG o.m.domain.mapper.ContextBuilder - Mapping : class org.mongolink.test.simpleMapping.FakeAggregateWithNaturalIdMapping
11:20:54.733 [main] DEBUG org.mongolink.domain.mapper.ClassMap - Mapping id : Property{class=org.mongolink.test.entity.FakeAggregateWithNaturalId, field=naturalKey}
11:20:54.733 [main] DEBUG org.mongolink.domain.mapper.ClassMap - Mapping property : Property{class=org.mongolink.test.entity.FakeAggregateWithNaturalId, field=value}
11:20:54.734 [main] DEBUG o.m.domain.mapper.ContextBuilder - Mapping : class org.mongolink.test.simpleMapping.FakeAggregateMappingWithCap
11:20:54.734 [main] DEBUG org.mongolink.domain.mapper.ClassMap - Mapping id : Property{class=org.mongolink.test.entity.FakeEntityWithCap, field=id}
11:20:54.734 [main] DEBUG o.m.domain.mapper.ContextBuilder - Mapping : class org.mongolink.test.simpleMapping.OtherAggregateWithNaturalIdMapping
11:20:54.734 [main] DEBUG org.mongolink.domain.mapper.ClassMap - Mapping id : Property{class=org.mongolink.test.entity.OtherEntityWithNaturalId, field=naturalKey}
11:20:54.734 [main] DEBUG o.m.domain.mapper.ContextBuilder - Mapping : class org.mongolink.test.simpleMapping.FakeAggregateMapping
11:20:54.734 [main] DEBUG org.mongolink.domain.mapper.ClassMap - Mapping id : Property{class=org.mongolink.test.entity.FakeAggregate, field=id}
11:20:54.734 [main] DEBUG org.mongolink.domain.mapper.ClassMap - Mapping property : Property{class=org.mongolink.test.entity.FakeAggregate, field=value}
11:20:54.734 [main] DEBUG org.mongolink.domain.mapper.ClassMap - Mapping collection : Property{class=org.mongolink.test.entity.FakeAggregate, field=comments}
11:20:54.734 [main] DEBUG org.mongolink.domain.mapper.ClassMap - Mapping property : Property{class=org.mongolink.test.entity.FakeAggregate, field=comment}
11:20:54.734 [main] DEBUG org.mongolink.domain.mapper.ClassMap - Mapping property : Property{class=org.mongolink.test.entity.FakeAggregate, field=index}
11:20:54.734 [main] DEBUG o.m.domain.mapper.ContextBuilder - Mapping : class org.mongolink.test.simpleMapping.CommentMapping
11:20:54.734 [main] DEBUG org.mongolink.domain.mapper.ClassMap - Mapping property : Property{class=org.mongolink.test.entity.Comment, field=value}
11:20:54.735 [main] DEBUG o.m.domain.mapper.ContextBuilder - Done scanning : [org.mongolink.test.simpleMapping]
11:20:54.735 [main] DEBUG org.mongolink.MongoSession - Starting
11:20:54.736 [main] DEBUG o.m.domain.mapper.ContextBuilder - Scanning : [org.mongolink.test.simpleMapping]
11:20:54.736 [main] DEBUG o.m.domain.mapper.ContextBuilder - Mapping : class org.mongolink.test.simpleMapping.FakeAggregateWithNaturalIdMapping
11:20:54.736 [main] DEBUG org.mongolink.domain.mapper.ClassMap - Mapping id : Property{class=org.mongolink.test.entity.FakeAggregateWithNaturalId, field=naturalKey}
11:20:54.736 [main] DEBUG org.mongolink.domain.mapper.ClassMap - Mapping property : Property{class=org.mongolink.test.entity.FakeAggregateWithNaturalId, field=value}
11:20:54.736 [main] DEBUG o.m.domain.mapper.ContextBuilder - Mapping : class org.mongolink.test.simpleMapping.FakeAggregateMappingWithCap
11:20:54.737 [main] DEBUG org.mongolink.domain.mapper.ClassMap - Mapping id : Property{class=org.mongolink.test.entity.FakeEntityWithCap, field=id}
11:20:54.737 [main] DEBUG o.m.domain.mapper.ContextBuilder - Mapping : class org.mongolink.test.simpleMapping.OtherAggregateWithNaturalIdMapping
11:20:54.737 [main] DEBUG org.mongolink.domain.mapper.ClassMap - Mapping id : Property{class=org.mongolink.test.entity.OtherEntityWithNaturalId, field=naturalKey}
11:20:54.737 [main] DEBUG o.m.domain.mapper.ContextBuilder - Mapping : class org.mongolink.test.simpleMapping.FakeAggregateMapping
11:20:54.737 [main] DEBUG org.mongolink.domain.mapper.ClassMap - Mapping id : Property{class=org.mongolink.test.entity.FakeAggregate, field=id}
11:20:54.737 [main] DEBUG org.mongolink.domain.mapper.ClassMap - Mapping property : Property{class=org.mongolink.test.entity.FakeAggregate, field=value}
11:20:54.737 [main] DEBUG org.mongolink.domain.mapper.ClassMap - Mapping collection : Property{class=org.mongolink.test.entity.FakeAggregate, field=comments}
11:20:54.737 [main] DEBUG org.mongolink.domain.mapper.ClassMap - Mapping property : Property{class=org.mongolink.test.entity.FakeAggregate, field=comment}
11:20:54.737 [main] DEBUG org.mongolink.domain.mapper.ClassMap - Mapping property : Property{class=org.mongolink.test.entity.FakeAggregate, field=index}
11:20:54.737 [main] DEBUG o.m.domain.mapper.ContextBuilder - Mapping : class org.mongolink.test.simpleMapping.CommentMapping
11:20:54.737 [main] DEBUG org.mongolink.domain.mapper.ClassMap - Mapping property : Property{class=org.mongolink.test.entity.Comment, field=value}
11:20:54.737 [main] DEBUG o.m.domain.mapper.ContextBuilder - Done scanning : [org.mongolink.test.simpleMapping]
11:20:54.737 [main] DEBUG org.mongolink.MongoSession - Starting
11:20:54.738 [main] DEBUG org.mongolink.MongoSession - New entity register for additon : org.mongolink.test.entity.FakeAggregateWithNaturalId@495fac5f
11:20:54.738 [main] DEBUG org.mongolink.MongoSession - Commiting unit of work
11:20:54.739 [main] DEBUG org.mongolink.MongoSession - Entity added :{ "_id" : "natural key" , "value" : "a value"}
11:20:54.739 [main] DEBUG org.mongolink.MongoSession - Done commiting
Tests run: 26, Failures: 0, Errors: 0, Skipped: 0, Time elapsed: 0.225 sec
Running org.mongolink.domain.session.TestsMongoSessionWithInheritance
11:20:54.744 [main] DEBUG org.mongolink.domain.mapper.ClassMap - Mapping id : Property{class=org.mongolink.test.entity.FakeAggregate, field=id}
11:20:54.744 [main] DEBUG org.mongolink.domain.mapper.ClassMap - Mapping property : Property{class=org.mongolink.test.entity.FakeAggregate, field=value}
11:20:54.748 [main] DEBUG org.mongolink.domain.mapper.ClassMap - Mapping subclass : FakeChildAggregate
11:20:54.748 [main] DEBUG org.mongolink.domain.mapper.ClassMap - Mapping property : Property{class=org.mongolink.test.entity.FakeChildAggregate, field=childName}
11:20:54.748 [main] DEBUG org.mongolink.MongoSession - Starting
11:20:54.749 [main] WARN  org.mongolink.utils.FieldContainer - Property value was null : Property{class=org.mongolink.test.entity.FakeChildAggregate, field=childName}
11:20:54.750 [main] WARN  org.mongolink.utils.FieldContainer - Property value was null : Property{class=org.mongolink.test.entity.FakeAggregate, field=value}
11:20:54.751 [main] DEBUG org.mongolink.domain.mapper.ClassMap - Mapping id : Property{class=org.mongolink.test.entity.FakeAggregate, field=id}
11:20:54.751 [main] DEBUG org.mongolink.domain.mapper.ClassMap - Mapping property : Property{class=org.mongolink.test.entity.FakeAggregate, field=value}
11:20:54.751 [main] DEBUG org.mongolink.domain.mapper.ClassMap - Mapping subclass : FakeChildAggregate
11:20:54.751 [main] DEBUG org.mongolink.domain.mapper.ClassMap - Mapping property : Property{class=org.mongolink.test.entity.FakeChildAggregate, field=childName}
11:20:54.751 [main] DEBUG org.mongolink.MongoSession - Starting
11:20:54.752 [main] WARN  org.mongolink.utils.FieldContainer - Property value was null : Property{class=org.mongolink.test.entity.FakeChildAggregate, field=childName}
11:20:54.753 [main] WARN  org.mongolink.utils.FieldContainer - Property value was null : Property{class=org.mongolink.test.entity.FakeAggregate, field=value}
11:20:54.754 [main] DEBUG org.mongolink.domain.mapper.ClassMap - Mapping id : Property{class=org.mongolink.test.entity.FakeAggregate, field=id}
11:20:54.754 [main] DEBUG org.mongolink.domain.mapper.ClassMap - Mapping property : Property{class=org.mongolink.test.entity.FakeAggregate, field=value}
11:20:54.754 [main] DEBUG org.mongolink.domain.mapper.ClassMap - Mapping subclass : FakeChildAggregate
11:20:54.754 [main] DEBUG org.mongolink.domain.mapper.ClassMap - Mapping property : Property{class=org.mongolink.test.entity.FakeChildAggregate, field=childName}
11:20:54.754 [main] DEBUG org.mongolink.MongoSession - Starting
11:20:54.754 [main] DEBUG org.mongolink.MongoSession - New entity register for additon : org.mongolink.test.entity.FakeChildAggregate@7cf6a5f9
11:20:54.754 [main] DEBUG org.mongolink.MongoSession - Commiting unit of work
11:20:54.755 [main] DEBUG org.mongolink.MongoSession - Entity added :{ "__discriminator" : "FakeChildAggregate" , "_id" : "2"}
11:20:54.755 [main] DEBUG org.mongolink.MongoSession - Done commiting
Tests run: 3, Failures: 0, Errors: 0, Skipped: 0, Time elapsed: 0.016 sec
Running org.mongolink.domain.session.TestsUnitOfWork
Tests run: 2, Failures: 0, Errors: 0, Skipped: 0, Time elapsed: 0.005 sec
Running org.mongolink.domain.updateStrategy.DiffTest
1
2
3
Tests run: 1, Failures: 0, Errors: 0, Skipped: 0, Time elapsed: 0.005 sec
Running org.mongolink.domain.updateStrategy.DiffStrategyTest
11:20:54.772 [main] DEBUG o.m.d.updateStrategy.DiffStrategy - Updating array : { "_id" :  null } modifier: $pull  values: { "liste" : "first"}
11:20:54.773 [main] DEBUG o.m.d.updateStrategy.DiffStrategy - Updating array : { "_id" :  null } modifier: $pushAll  values: { "liste" : [ "third" , "other"]}
11:20:54.774 [main] DEBUG o.m.d.updateStrategy.DiffStrategy - Updating array : { "_id" :  null } modifier: $push  values: { "liste" : "third"}
11:20:54.774 [main] DEBUG o.m.d.updateStrategy.DiffStrategy - Updating : collection null : query { "_id" :  null } : modifiers : { "$set" : { "liste.0" : "second" , "liste.1" : "first"}}
Tests run: 3, Failures: 0, Errors: 0, Skipped: 0, Time elapsed: 0.006 sec
Running org.mongolink.domain.updateStrategy.TestsListVisitor
Tests run: 6, Failures: 0, Errors: 0, Skipped: 2, Time elapsed: 0.008 sec
Running org.mongolink.domain.updateStrategy.TestsDbObjectDiff
Tests run: 12, Failures: 0, Errors: 0, Skipped: 0, Time elapsed: 0.004 sec
Running org.mongolink.domain.mapper.TestsContextBuilder
11:20:54.790 [main] DEBUG o.m.domain.mapper.ContextBuilder - Scanning : [org.mongolink.test.simpleMapping, org.mongolink.test.additionalMapping]
11:20:54.791 [main] DEBUG o.m.domain.mapper.ContextBuilder - Mapping : class org.mongolink.test.simpleMapping.FakeAggregateWithNaturalIdMapping
11:20:54.791 [main] DEBUG org.mongolink.domain.mapper.ClassMap - Mapping id : Property{class=org.mongolink.test.entity.FakeAggregateWithNaturalId, field=naturalKey}
11:20:54.791 [main] DEBUG org.mongolink.domain.mapper.ClassMap - Mapping property : Property{class=org.mongolink.test.entity.FakeAggregateWithNaturalId, field=value}
11:20:54.791 [main] DEBUG o.m.domain.mapper.ContextBuilder - Mapping : class org.mongolink.test.simpleMapping.FakeAggregateMappingWithCap
11:20:54.791 [main] DEBUG org.mongolink.domain.mapper.ClassMap - Mapping id : Property{class=org.mongolink.test.entity.FakeEntityWithCap, field=id}
11:20:54.792 [main] DEBUG o.m.domain.mapper.ContextBuilder - Mapping : class org.mongolink.test.simpleMapping.OtherAggregateWithNaturalIdMapping
11:20:54.792 [main] DEBUG org.mongolink.domain.mapper.ClassMap - Mapping id : Property{class=org.mongolink.test.entity.OtherEntityWithNaturalId, field=naturalKey}
11:20:54.792 [main] DEBUG o.m.domain.mapper.ContextBuilder - Mapping : class org.mongolink.test.simpleMapping.FakeAggregateMapping
11:20:54.792 [main] DEBUG org.mongolink.domain.mapper.ClassMap - Mapping id : Property{class=org.mongolink.test.entity.FakeAggregate, field=id}
11:20:54.792 [main] DEBUG org.mongolink.domain.mapper.ClassMap - Mapping property : Property{class=org.mongolink.test.entity.FakeAggregate, field=value}
11:20:54.792 [main] DEBUG org.mongolink.domain.mapper.ClassMap - Mapping collection : Property{class=org.mongolink.test.entity.FakeAggregate, field=comments}
11:20:54.792 [main] DEBUG org.mongolink.domain.mapper.ClassMap - Mapping property : Property{class=org.mongolink.test.entity.FakeAggregate, field=comment}
11:20:54.792 [main] DEBUG org.mongolink.domain.mapper.ClassMap - Mapping property : Property{class=org.mongolink.test.entity.FakeAggregate, field=index}
11:20:54.792 [main] DEBUG o.m.domain.mapper.ContextBuilder - Mapping : class org.mongolink.test.simpleMapping.CommentMapping
11:20:54.792 [main] DEBUG org.mongolink.domain.mapper.ClassMap - Mapping property : Property{class=org.mongolink.test.entity.Comment, field=value}
11:20:54.794 [main] DEBUG o.m.domain.mapper.ContextBuilder - Mapping : class org.mongolink.test.additionalMapping.PostMapping
11:20:54.795 [main] DEBUG org.mongolink.domain.mapper.ClassMap - Mapping property : Property{class=org.mongolink.test.entity.Post, field=title}
11:20:54.795 [main] DEBUG org.mongolink.domain.mapper.ClassMap - Mapping property : Property{class=org.mongolink.test.entity.Post, field=content}
11:20:54.795 [main] DEBUG o.m.domain.mapper.ContextBuilder - Done scanning : [org.mongolink.test.simpleMapping, org.mongolink.test.additionalMapping]
11:20:54.795 [main] DEBUG o.m.domain.mapper.ContextBuilder - Scanning : [org.mongolink.test.simpleMapping]
11:20:54.795 [main] DEBUG o.m.domain.mapper.ContextBuilder - Mapping : class org.mongolink.test.simpleMapping.FakeAggregateWithNaturalIdMapping
11:20:54.795 [main] DEBUG org.mongolink.domain.mapper.ClassMap - Mapping id : Property{class=org.mongolink.test.entity.FakeAggregateWithNaturalId, field=naturalKey}
11:20:54.796 [main] DEBUG org.mongolink.domain.mapper.ClassMap - Mapping property : Property{class=org.mongolink.test.entity.FakeAggregateWithNaturalId, field=value}
11:20:54.796 [main] DEBUG o.m.domain.mapper.ContextBuilder - Mapping : class org.mongolink.test.simpleMapping.FakeAggregateMappingWithCap
11:20:54.796 [main] DEBUG org.mongolink.domain.mapper.ClassMap - Mapping id : Property{class=org.mongolink.test.entity.FakeEntityWithCap, field=id}
11:20:54.796 [main] DEBUG o.m.domain.mapper.ContextBuilder - Mapping : class org.mongolink.test.simpleMapping.OtherAggregateWithNaturalIdMapping
11:20:54.796 [main] DEBUG org.mongolink.domain.mapper.ClassMap - Mapping id : Property{class=org.mongolink.test.entity.OtherEntityWithNaturalId, field=naturalKey}
11:20:54.799 [main] DEBUG o.m.domain.mapper.ContextBuilder - Mapping : class org.mongolink.test.simpleMapping.FakeAggregateMapping
11:20:54.800 [main] DEBUG org.mongolink.domain.mapper.ClassMap - Mapping id : Property{class=org.mongolink.test.entity.FakeAggregate, field=id}
11:20:54.800 [main] DEBUG org.mongolink.domain.mapper.ClassMap - Mapping property : Property{class=org.mongolink.test.entity.FakeAggregate, field=value}
11:20:54.800 [main] DEBUG org.mongolink.domain.mapper.ClassMap - Mapping collection : Property{class=org.mongolink.test.entity.FakeAggregate, field=comments}
11:20:54.800 [main] DEBUG org.mongolink.domain.mapper.ClassMap - Mapping property : Property{class=org.mongolink.test.entity.FakeAggregate, field=comment}
11:20:54.800 [main] DEBUG org.mongolink.domain.mapper.ClassMap - Mapping property : Property{class=org.mongolink.test.entity.FakeAggregate, field=index}
11:20:54.800 [main] DEBUG o.m.domain.mapper.ContextBuilder - Mapping : class org.mongolink.test.simpleMapping.CommentMapping
11:20:54.800 [main] DEBUG org.mongolink.domain.mapper.ClassMap - Mapping property : Property{class=org.mongolink.test.entity.Comment, field=value}
11:20:54.800 [main] DEBUG o.m.domain.mapper.ContextBuilder - Done scanning : [org.mongolink.test.simpleMapping]
11:20:54.801 [main] DEBUG o.m.domain.mapper.ContextBuilder - Scanning : [org.mongolink.test.inheritanceMapping]
11:20:54.802 [main] DEBUG o.m.domain.mapper.ContextBuilder - Mapping : class org.mongolink.test.inheritanceMapping.FakeAggregateWithSubclassMapping
11:20:54.802 [main] DEBUG org.mongolink.domain.mapper.ClassMap - Mapping id : Property{class=org.mongolink.test.entity.FakeAggregate, field=id}
11:20:54.802 [main] DEBUG org.mongolink.domain.mapper.ClassMap - Mapping property : Property{class=org.mongolink.test.entity.FakeAggregate, field=value}
11:20:54.802 [main] DEBUG org.mongolink.domain.mapper.ClassMap - Mapping subclass : FakeChildAggregate
11:20:54.802 [main] DEBUG org.mongolink.domain.mapper.ClassMap - Mapping property : Property{class=org.mongolink.test.entity.FakeChildAggregate, field=childName}
11:20:54.802 [main] DEBUG o.m.domain.mapper.ContextBuilder - Mapping : class org.mongolink.test.inheritanceMapping.FakeAggregateWithTwoSubclassMapping
11:20:54.802 [main] DEBUG org.mongolink.domain.mapper.ClassMap - Mapping id : Property{class=org.mongolink.test.entity.FakeAggregate, field=id}
11:20:54.803 [main] DEBUG org.mongolink.domain.mapper.ClassMap - Mapping subclass : FakeChildAggregate
11:20:54.806 [main] DEBUG org.mongolink.domain.mapper.ClassMap - Mapping subclass : OtherFakeChildAggregate
11:20:54.806 [main] DEBUG o.m.domain.mapper.ContextBuilder - Done scanning : [org.mongolink.test.inheritanceMapping]
Tests run: 3, Failures: 0, Errors: 0, Skipped: 0, Time elapsed: 0.016 sec
Running org.mongolink.domain.mapper.TestsCollectionMapper
Tests run: 2, Failures: 0, Errors: 0, Skipped: 0, Time elapsed: 0.008 sec
Running org.mongolink.domain.mapper.TestsSubclassMapper
11:20:54.817 [main] DEBUG org.mongolink.domain.mapper.ClassMap - Mapping subclass : FakeChildAggregate
11:20:54.817 [main] DEBUG org.mongolink.domain.mapper.ClassMap - Mapping id : Property{class=org.mongolink.test.entity.FakeAggregate, field=id}
11:20:54.817 [main] DEBUG org.mongolink.domain.mapper.ClassMap - Mapping property : Property{class=org.mongolink.test.entity.FakeAggregate, field=value}
11:20:54.817 [main] DEBUG org.mongolink.domain.mapper.ClassMap - Mapping collection : Property{class=org.mongolink.test.entity.FakeAggregate, field=comments}
11:20:54.817 [main] DEBUG org.mongolink.domain.mapper.ClassMap - Mapping property : Property{class=org.mongolink.test.entity.FakeAggregate, field=comment}
11:20:54.817 [main] DEBUG org.mongolink.domain.mapper.ClassMap - Mapping property : Property{class=org.mongolink.test.entity.FakeAggregate, field=index}
11:20:54.817 [main] DEBUG org.mongolink.domain.mapper.ClassMap - Mapping property : Property{class=org.mongolink.test.entity.FakeChildAggregate, field=childName}
11:20:54.818 [main] DEBUG org.mongolink.domain.mapper.ClassMap - Mapping subclass : FakeChildAggregate
11:20:54.818 [main] DEBUG org.mongolink.domain.mapper.ClassMap - Mapping id : Property{class=org.mongolink.test.entity.FakeAggregate, field=id}
11:20:54.818 [main] DEBUG org.mongolink.domain.mapper.ClassMap - Mapping property : Property{class=org.mongolink.test.entity.FakeAggregate, field=value}
11:20:54.819 [main] DEBUG org.mongolink.domain.mapper.ClassMap - Mapping collection : Property{class=org.mongolink.test.entity.FakeAggregate, field=comments}
11:20:54.819 [main] DEBUG org.mongolink.domain.mapper.ClassMap - Mapping property : Property{class=org.mongolink.test.entity.FakeAggregate, field=comment}
11:20:54.819 [main] DEBUG org.mongolink.domain.mapper.ClassMap - Mapping property : Property{class=org.mongolink.test.entity.FakeAggregate, field=index}
11:20:54.819 [main] DEBUG org.mongolink.domain.mapper.ClassMap - Mapping property : Property{class=org.mongolink.test.entity.FakeChildAggregate, field=childName}
11:20:54.820 [main] DEBUG org.mongolink.domain.mapper.ClassMap - Mapping subclass : FakeChildAggregate
11:20:54.820 [main] DEBUG org.mongolink.domain.mapper.ClassMap - Mapping id : Property{class=org.mongolink.test.entity.FakeAggregate, field=id}
11:20:54.820 [main] DEBUG org.mongolink.domain.mapper.ClassMap - Mapping property : Property{class=org.mongolink.test.entity.FakeAggregate, field=value}
11:20:54.820 [main] DEBUG org.mongolink.domain.mapper.ClassMap - Mapping collection : Property{class=org.mongolink.test.entity.FakeAggregate, field=comments}
11:20:54.820 [main] DEBUG org.mongolink.domain.mapper.ClassMap - Mapping property : Property{class=org.mongolink.test.entity.FakeAggregate, field=comment}
11:20:54.820 [main] DEBUG org.mongolink.domain.mapper.ClassMap - Mapping property : Property{class=org.mongolink.test.entity.FakeAggregate, field=index}
11:20:54.820 [main] DEBUG org.mongolink.domain.mapper.ClassMap - Mapping property : Property{class=org.mongolink.test.entity.FakeChildAggregate, field=childName}
11:20:54.821 [main] WARN  org.mongolink.utils.FieldContainer - Property value was null : Property{class=org.mongolink.test.entity.FakeAggregate, field=comment}
11:20:54.821 [main] WARN  org.mongolink.utils.FieldContainer - Property value was null : Property{class=org.mongolink.test.entity.FakeAggregate, field=index}
11:20:54.821 [main] DEBUG org.mongolink.domain.mapper.ClassMap - Mapping subclass : FakeChildAggregate
11:20:54.821 [main] DEBUG org.mongolink.domain.mapper.ClassMap - Mapping id : Property{class=org.mongolink.test.entity.FakeAggregate, field=id}
11:20:54.821 [main] DEBUG org.mongolink.domain.mapper.ClassMap - Mapping property : Property{class=org.mongolink.test.entity.FakeAggregate, field=value}
11:20:54.821 [main] DEBUG org.mongolink.domain.mapper.ClassMap - Mapping collection : Property{class=org.mongolink.test.entity.FakeAggregate, field=comments}
11:20:54.821 [main] DEBUG org.mongolink.domain.mapper.ClassMap - Mapping property : Property{class=org.mongolink.test.entity.FakeAggregate, field=comment}
11:20:54.821 [main] DEBUG org.mongolink.domain.mapper.ClassMap - Mapping property : Property{class=org.mongolink.test.entity.FakeAggregate, field=index}
11:20:54.821 [main] DEBUG org.mongolink.domain.mapper.ClassMap - Mapping property : Property{class=org.mongolink.test.entity.FakeChildAggregate, field=childName}
11:20:54.822 [main] DEBUG org.mongolink.domain.mapper.ClassMap - Mapping subclass : FakeChildAggregate
11:20:54.822 [main] DEBUG org.mongolink.domain.mapper.ClassMap - Mapping id : Property{class=org.mongolink.test.entity.FakeAggregate, field=id}
11:20:54.822 [main] DEBUG org.mongolink.domain.mapper.ClassMap - Mapping property : Property{class=org.mongolink.test.entity.FakeAggregate, field=value}
11:20:54.822 [main] DEBUG org.mongolink.domain.mapper.ClassMap - Mapping collection : Property{class=org.mongolink.test.entity.FakeAggregate, field=comments}
11:20:54.822 [main] DEBUG org.mongolink.domain.mapper.ClassMap - Mapping property : Property{class=org.mongolink.test.entity.FakeAggregate, field=comment}
11:20:54.822 [main] DEBUG org.mongolink.domain.mapper.ClassMap - Mapping property : Property{class=org.mongolink.test.entity.FakeAggregate, field=index}
11:20:54.822 [main] DEBUG org.mongolink.domain.mapper.ClassMap - Mapping property : Property{class=org.mongolink.test.entity.FakeChildAggregate, field=childName}
11:20:54.822 [main] WARN  org.mongolink.utils.FieldContainer - Property value was null : Property{class=org.mongolink.test.entity.FakeAggregate, field=comment}
11:20:54.822 [main] WARN  org.mongolink.utils.FieldContainer - Property value was null : Property{class=org.mongolink.test.entity.FakeAggregate, field=index}
11:20:54.823 [main] DEBUG org.mongolink.domain.mapper.ClassMap - Mapping subclass : FakeChildAggregate
11:20:54.823 [main] DEBUG org.mongolink.domain.mapper.ClassMap - Mapping id : Property{class=org.mongolink.test.entity.FakeAggregate, field=id}
11:20:54.823 [main] DEBUG org.mongolink.domain.mapper.ClassMap - Mapping property : Property{class=org.mongolink.test.entity.FakeAggregate, field=value}
11:20:54.823 [main] DEBUG org.mongolink.domain.mapper.ClassMap - Mapping collection : Property{class=org.mongolink.test.entity.FakeAggregate, field=comments}
11:20:54.823 [main] DEBUG org.mongolink.domain.mapper.ClassMap - Mapping property : Property{class=org.mongolink.test.entity.FakeAggregate, field=comment}
11:20:54.823 [main] DEBUG org.mongolink.domain.mapper.ClassMap - Mapping property : Property{class=org.mongolink.test.entity.FakeAggregate, field=index}
11:20:54.823 [main] DEBUG org.mongolink.domain.mapper.ClassMap - Mapping property : Property{class=org.mongolink.test.entity.FakeChildAggregate, field=childName}
Tests run: 6, Failures: 0, Errors: 0, Skipped: 0, Time elapsed: 0.007 sec
Running org.mongolink.domain.mapper.TestsComponentMapper
11:20:54.824 [main] DEBUG org.mongolink.domain.mapper.ClassMap - Mapping property : Property{class=org.mongolink.test.entity.Comment, field=value}
11:20:54.824 [main] DEBUG org.mongolink.domain.mapper.ClassMap - Mapping property : Property{class=org.mongolink.test.entity.Comment, field=value}
Tests run: 2, Failures: 0, Errors: 0, Skipped: 0, Time elapsed: 0.001 sec
Running org.mongolink.domain.mapper.TestsPropertyMapper
11:20:54.827 [main] DEBUG org.mongolink.domain.mapper.ClassMap - Mapping property : Property{class=org.mongolink.test.entity.Comment, field=value}
11:20:54.828 [main] DEBUG org.mongolink.domain.mapper.ClassMap - Mapping property : Property{class=org.mongolink.test.entity.Comment, field=value}
Tests run: 11, Failures: 0, Errors: 0, Skipped: 0, Time elapsed: 0.015 sec
Running org.mongolink.domain.mapper.TestsMapperContext
11:20:54.841 [main] DEBUG org.mongolink.domain.mapper.ClassMap - Mapping property : Property{class=org.mongolink.test.entity.Comment, field=value}
Tests run: 2, Failures: 0, Errors: 0, Skipped: 0, Time elapsed: 0.001 sec
Running org.mongolink.domain.mapper.TestsClassMapper
11:20:54.842 [main] DEBUG org.mongolink.domain.mapper.ClassMap - Mapping id : Property{class=org.mongolink.test.entity.FakeAggregate, field=id}
11:20:54.842 [main] DEBUG org.mongolink.domain.mapper.ClassMap - Mapping property : Property{class=org.mongolink.test.entity.FakeAggregate, field=value}
11:20:54.842 [main] DEBUG org.mongolink.domain.mapper.ClassMap - Mapping collection : Property{class=org.mongolink.test.entity.FakeAggregate, field=comments}
11:20:54.842 [main] DEBUG org.mongolink.domain.mapper.ClassMap - Mapping property : Property{class=org.mongolink.test.entity.FakeAggregate, field=comment}
11:20:54.842 [main] DEBUG org.mongolink.domain.mapper.ClassMap - Mapping property : Property{class=org.mongolink.test.entity.FakeAggregate, field=index}
11:20:54.842 [main] DEBUG org.mongolink.domain.mapper.ClassMap - Mapping property : Property{class=org.mongolink.test.entity.Comment, field=value}
11:20:54.843 [main] DEBUG org.mongolink.domain.mapper.ClassMap - Mapping id : Property{class=org.mongolink.test.entity.FakeAggregate, field=id}
11:20:54.843 [main] DEBUG org.mongolink.domain.mapper.ClassMap - Mapping property : Property{class=org.mongolink.test.entity.FakeAggregate, field=value}
11:20:54.843 [main] DEBUG org.mongolink.domain.mapper.ClassMap - Mapping collection : Property{class=org.mongolink.test.entity.FakeAggregate, field=comments}
11:20:54.843 [main] DEBUG org.mongolink.domain.mapper.ClassMap - Mapping property : Property{class=org.mongolink.test.entity.FakeAggregate, field=comment}
11:20:54.843 [main] DEBUG org.mongolink.domain.mapper.ClassMap - Mapping property : Property{class=org.mongolink.test.entity.FakeAggregate, field=index}
11:20:54.843 [main] DEBUG org.mongolink.domain.mapper.ClassMap - Mapping property : Property{class=org.mongolink.test.entity.Comment, field=value}
11:20:54.843 [main] DEBUG org.mongolink.domain.mapper.ClassMap - Mapping id : Property{class=org.mongolink.test.entity.FakeAggregate, field=id}
11:20:54.843 [main] DEBUG org.mongolink.domain.mapper.ClassMap - Mapping property : Property{class=org.mongolink.test.entity.FakeAggregate, field=value}
11:20:54.843 [main] DEBUG org.mongolink.domain.mapper.ClassMap - Mapping collection : Property{class=org.mongolink.test.entity.FakeAggregate, field=comments}
11:20:54.844 [main] DEBUG org.mongolink.domain.mapper.ClassMap - Mapping property : Property{class=org.mongolink.test.entity.FakeAggregate, field=comment}
11:20:54.844 [main] DEBUG org.mongolink.domain.mapper.ClassMap - Mapping property : Property{class=org.mongolink.test.entity.FakeAggregate, field=index}
11:20:54.844 [main] DEBUG org.mongolink.domain.mapper.ClassMap - Mapping property : Property{class=org.mongolink.test.entity.Comment, field=value}
11:20:54.844 [main] DEBUG org.mongolink.domain.mapper.ClassMap - Mapping id : Property{class=org.mongolink.test.entity.FakeAggregate, field=id}
11:20:54.844 [main] DEBUG org.mongolink.domain.mapper.ClassMap - Mapping property : Property{class=org.mongolink.test.entity.FakeAggregate, field=value}
11:20:54.844 [main] DEBUG org.mongolink.domain.mapper.ClassMap - Mapping collection : Property{class=org.mongolink.test.entity.FakeAggregate, field=comments}
11:20:54.844 [main] DEBUG org.mongolink.domain.mapper.ClassMap - Mapping property : Property{class=org.mongolink.test.entity.FakeAggregate, field=comment}
11:20:54.844 [main] DEBUG org.mongolink.domain.mapper.ClassMap - Mapping property : Property{class=org.mongolink.test.entity.FakeAggregate, field=index}
11:20:54.844 [main] DEBUG org.mongolink.domain.mapper.ClassMap - Mapping property : Property{class=org.mongolink.test.entity.Comment, field=value}
11:20:54.844 [main] WARN  org.mongolink.utils.FieldContainer - Property value was null : Property{class=org.mongolink.test.entity.FakeAggregate, field=comment}
11:20:54.844 [main] WARN  org.mongolink.utils.FieldContainer - Property value was null : Property{class=org.mongolink.test.entity.FakeAggregate, field=index}
Tests run: 4, Failures: 0, Errors: 0, Skipped: 0, Time elapsed: 0.002 sec
Running org.mongolink.domain.mapper.TestsIdMapper
Tests run: 2, Failures: 0, Errors: 0, Skipped: 0, Time elapsed: 0.003 sec
Running org.mongolink.domain.mapper.TestsMapMapper
Tests run: 2, Failures: 0, Errors: 0, Skipped: 0, Time elapsed: 0 sec
Running org.mongolink.domain.mapper.TestsAggregateMapper
11:20:54.850 [main] DEBUG org.mongolink.domain.mapper.ClassMap - Mapping id : Property{class=org.mongolink.test.entity.FakeAggregate, field=id}
11:20:54.850 [main] DEBUG org.mongolink.domain.mapper.ClassMap - Mapping property : Property{class=org.mongolink.test.entity.FakeAggregate, field=value}
11:20:54.850 [main] DEBUG org.mongolink.domain.mapper.ClassMap - Mapping collection : Property{class=org.mongolink.test.entity.FakeAggregate, field=comments}
11:20:54.850 [main] DEBUG org.mongolink.domain.mapper.ClassMap - Mapping property : Property{class=org.mongolink.test.entity.FakeAggregate, field=comment}
11:20:54.850 [main] DEBUG org.mongolink.domain.mapper.ClassMap - Mapping property : Property{class=org.mongolink.test.entity.FakeAggregate, field=index}
11:20:54.850 [main] DEBUG org.mongolink.domain.mapper.ClassMap - Mapping property : Property{class=org.mongolink.test.entity.Comment, field=value}
11:20:54.851 [main] DEBUG org.mongolink.domain.mapper.ClassMap - Mapping id : Property{class=org.mongolink.test.entity.FakeAggregate, field=id}
11:20:54.851 [main] DEBUG org.mongolink.domain.mapper.ClassMap - Mapping property : Property{class=org.mongolink.test.entity.FakeAggregate, field=value}
11:20:54.851 [main] DEBUG org.mongolink.domain.mapper.ClassMap - Mapping collection : Property{class=org.mongolink.test.entity.FakeAggregate, field=comments}
11:20:54.851 [main] DEBUG org.mongolink.domain.mapper.ClassMap - Mapping property : Property{class=org.mongolink.test.entity.FakeAggregate, field=comment}
11:20:54.851 [main] DEBUG org.mongolink.domain.mapper.ClassMap - Mapping property : Property{class=org.mongolink.test.entity.FakeAggregate, field=index}
11:20:54.851 [main] DEBUG org.mongolink.domain.mapper.ClassMap - Mapping property : Property{class=org.mongolink.test.entity.Comment, field=value}
11:20:54.851 [main] DEBUG org.mongolink.domain.mapper.ClassMap - Mapping id : Property{class=org.mongolink.test.entity.FakeAggregateWithNaturalId, field=naturalKey}
11:20:54.852 [main] DEBUG org.mongolink.domain.mapper.ClassMap - Mapping property : Property{class=org.mongolink.test.entity.FakeAggregateWithNaturalId, field=value}
11:20:54.852 [main] DEBUG org.mongolink.domain.mapper.ClassMap - Mapping id : Property{class=org.mongolink.test.entity.FakeAggregate, field=id}
11:20:54.852 [main] DEBUG org.mongolink.domain.mapper.ClassMap - Mapping property : Property{class=org.mongolink.test.entity.FakeAggregate, field=value}
11:20:54.852 [main] DEBUG org.mongolink.domain.mapper.ClassMap - Mapping collection : Property{class=org.mongolink.test.entity.FakeAggregate, field=comments}
11:20:54.852 [main] DEBUG org.mongolink.domain.mapper.ClassMap - Mapping property : Property{class=org.mongolink.test.entity.FakeAggregate, field=comment}
11:20:54.852 [main] DEBUG org.mongolink.domain.mapper.ClassMap - Mapping property : Property{class=org.mongolink.test.entity.FakeAggregate, field=index}
11:20:54.852 [main] DEBUG org.mongolink.domain.mapper.ClassMap - Mapping property : Property{class=org.mongolink.test.entity.Comment, field=value}
11:20:54.852 [main] DEBUG org.mongolink.domain.mapper.ClassMap - Mapping id : Property{class=org.mongolink.test.entity.FakeAggregate, field=id}
11:20:54.853 [main] DEBUG org.mongolink.domain.mapper.ClassMap - Mapping property : Property{class=org.mongolink.test.entity.FakeAggregate, field=value}
11:20:54.853 [main] DEBUG org.mongolink.domain.mapper.ClassMap - Mapping subclass : FakeChildAggregate
11:20:54.853 [main] DEBUG org.mongolink.domain.mapper.ClassMap - Mapping property : Property{class=org.mongolink.test.entity.FakeChildAggregate, field=childName}
11:20:54.853 [main] WARN  org.mongolink.utils.FieldContainer - Property value was null : Property{class=org.mongolink.test.entity.FakeAggregate, field=value}
11:20:54.853 [main] DEBUG org.mongolink.domain.mapper.ClassMap - Mapping id : Property{class=org.mongolink.test.entity.FakeAggregate, field=id}
11:20:54.853 [main] DEBUG org.mongolink.domain.mapper.ClassMap - Mapping property : Property{class=org.mongolink.test.entity.FakeAggregate, field=value}
11:20:54.853 [main] DEBUG org.mongolink.domain.mapper.ClassMap - Mapping collection : Property{class=org.mongolink.test.entity.FakeAggregate, field=comments}
11:20:54.853 [main] DEBUG org.mongolink.domain.mapper.ClassMap - Mapping property : Property{class=org.mongolink.test.entity.FakeAggregate, field=comment}
11:20:54.854 [main] DEBUG org.mongolink.domain.mapper.ClassMap - Mapping property : Property{class=org.mongolink.test.entity.FakeAggregate, field=index}
11:20:54.854 [main] DEBUG org.mongolink.domain.mapper.ClassMap - Mapping property : Property{class=org.mongolink.test.entity.Comment, field=value}
11:20:54.854 [main] WARN  org.mongolink.utils.FieldContainer - Property value was null : Property{class=org.mongolink.test.entity.FakeAggregate, field=value}
11:20:54.854 [main] WARN  org.mongolink.utils.FieldContainer - Property value was null : Property{class=org.mongolink.test.entity.FakeAggregate, field=comment}
11:20:54.854 [main] WARN  org.mongolink.utils.FieldContainer - Property value was null : Property{class=org.mongolink.test.entity.FakeAggregate, field=index}
11:20:54.854 [main] DEBUG org.mongolink.domain.mapper.ClassMap - Mapping id : Property{class=org.mongolink.test.entity.FakeAggregate, field=id}
11:20:54.854 [main] DEBUG org.mongolink.domain.mapper.ClassMap - Mapping property : Property{class=org.mongolink.test.entity.FakeAggregate, field=value}
11:20:54.854 [main] DEBUG org.mongolink.domain.mapper.ClassMap - Mapping collection : Property{class=org.mongolink.test.entity.FakeAggregate, field=comments}
11:20:54.854 [main] DEBUG org.mongolink.domain.mapper.ClassMap - Mapping property : Property{class=org.mongolink.test.entity.FakeAggregate, field=comment}
11:20:54.854 [main] DEBUG org.mongolink.domain.mapper.ClassMap - Mapping property : Property{class=org.mongolink.test.entity.FakeAggregate, field=index}
11:20:54.855 [main] DEBUG org.mongolink.domain.mapper.ClassMap - Mapping property : Property{class=org.mongolink.test.entity.Comment, field=value}
11:20:54.855 [main] DEBUG org.mongolink.domain.mapper.ClassMap - Mapping id : Property{class=org.mongolink.test.entity.FakeAggregateWithNaturalId, field=naturalKey}
11:20:54.855 [main] DEBUG org.mongolink.domain.mapper.ClassMap - Mapping property : Property{class=org.mongolink.test.entity.FakeAggregateWithNaturalId, field=value}
11:20:54.855 [main] WARN  org.mongolink.utils.FieldContainer - Property value was null : Property{class=org.mongolink.test.entity.FakeAggregateWithNaturalId, field=value}
11:20:54.855 [main] DEBUG org.mongolink.domain.mapper.ClassMap - Mapping id : Property{class=org.mongolink.test.entity.FakeAggregate, field=id}
11:20:54.855 [main] DEBUG org.mongolink.domain.mapper.ClassMap - Mapping property : Property{class=org.mongolink.test.entity.FakeAggregate, field=value}
11:20:54.855 [main] DEBUG org.mongolink.domain.mapper.ClassMap - Mapping collection : Property{class=org.mongolink.test.entity.FakeAggregate, field=comments}
11:20:54.855 [main] DEBUG org.mongolink.domain.mapper.ClassMap - Mapping property : Property{class=org.mongolink.test.entity.FakeAggregate, field=comment}
11:20:54.855 [main] DEBUG org.mongolink.domain.mapper.ClassMap - Mapping property : Property{class=org.mongolink.test.entity.FakeAggregate, field=index}
11:20:54.855 [main] DEBUG org.mongolink.domain.mapper.ClassMap - Mapping property : Property{class=org.mongolink.test.entity.Comment, field=value}
11:20:54.856 [main] DEBUG org.mongolink.domain.mapper.ClassMap - Mapping id : Property{class=org.mongolink.test.entity.FakeAggregate, field=id}
11:20:54.856 [main] DEBUG org.mongolink.domain.mapper.ClassMap - Mapping property : Property{class=org.mongolink.test.entity.FakeAggregate, field=value}
11:20:54.856 [main] DEBUG org.mongolink.domain.mapper.ClassMap - Mapping collection : Property{class=org.mongolink.test.entity.FakeAggregate, field=comments}
11:20:54.856 [main] DEBUG org.mongolink.domain.mapper.ClassMap - Mapping property : Property{class=org.mongolink.test.entity.FakeAggregate, field=comment}
11:20:54.856 [main] DEBUG org.mongolink.domain.mapper.ClassMap - Mapping property : Property{class=org.mongolink.test.entity.FakeAggregate, field=index}
11:20:54.856 [main] DEBUG org.mongolink.domain.mapper.ClassMap - Mapping property : Property{class=org.mongolink.test.entity.Comment, field=value}
11:20:54.856 [main] WARN  org.mongolink.utils.FieldContainer - Property value was null : Property{class=org.mongolink.test.entity.FakeAggregate, field=comment}
11:20:54.856 [main] WARN  org.mongolink.utils.FieldContainer - Property value was null : Property{class=org.mongolink.test.entity.FakeAggregate, field=index}
11:20:54.857 [main] DEBUG org.mongolink.domain.mapper.ClassMap - Mapping id : Property{class=org.mongolink.test.entity.FakeAggregate, field=id}
11:20:54.857 [main] DEBUG org.mongolink.domain.mapper.ClassMap - Mapping property : Property{class=org.mongolink.test.entity.FakeAggregate, field=value}
11:20:54.857 [main] DEBUG org.mongolink.domain.mapper.ClassMap - Mapping collection : Property{class=org.mongolink.test.entity.FakeAggregate, field=comments}
11:20:54.857 [main] DEBUG org.mongolink.domain.mapper.ClassMap - Mapping property : Property{class=org.mongolink.test.entity.FakeAggregate, field=comment}
11:20:54.857 [main] DEBUG org.mongolink.domain.mapper.ClassMap - Mapping property : Property{class=org.mongolink.test.entity.FakeAggregate, field=index}
11:20:54.857 [main] DEBUG org.mongolink.domain.mapper.ClassMap - Mapping property : Property{class=org.mongolink.test.entity.Comment, field=value}
11:20:54.857 [main] DEBUG org.mongolink.domain.mapper.ClassMap - Mapping id : Property{class=org.mongolink.test.entity.FakeAggregate, field=id}
11:20:54.858 [main] DEBUG org.mongolink.domain.mapper.ClassMap - Mapping property : Property{class=org.mongolink.test.entity.FakeAggregate, field=value}
11:20:54.858 [main] DEBUG org.mongolink.domain.mapper.ClassMap - Mapping collection : Property{class=org.mongolink.test.entity.FakeAggregate, field=comments}
11:20:54.858 [main] DEBUG org.mongolink.domain.mapper.ClassMap - Mapping property : Property{class=org.mongolink.test.entity.FakeAggregate, field=comment}
11:20:54.858 [main] DEBUG org.mongolink.domain.mapper.ClassMap - Mapping property : Property{class=org.mongolink.test.entity.FakeAggregate, field=index}
11:20:54.858 [main] DEBUG org.mongolink.domain.mapper.ClassMap - Mapping property : Property{class=org.mongolink.test.entity.Comment, field=value}
11:20:54.858 [main] DEBUG org.mongolink.domain.mapper.ClassMap - Mapping id : Property{class=org.mongolink.test.entity.FakeAggregate, field=id}
11:20:54.858 [main] DEBUG org.mongolink.domain.mapper.ClassMap - Mapping property : Property{class=org.mongolink.test.entity.FakeAggregate, field=value}
11:20:54.858 [main] DEBUG org.mongolink.domain.mapper.ClassMap - Mapping subclass : FakeChildAggregate
11:20:54.858 [main] DEBUG org.mongolink.domain.mapper.ClassMap - Mapping property : Property{class=org.mongolink.test.entity.FakeChildAggregate, field=childName}
11:20:54.858 [main] WARN  org.mongolink.utils.FieldContainer - Property value was null : Property{class=org.mongolink.test.entity.FakeChildAggregate, field=childName}
11:20:54.858 [main] WARN  org.mongolink.utils.FieldContainer - Property value was null : Property{class=org.mongolink.test.entity.FakeAggregate, field=value}
Tests run: 9, Failures: 0, Errors: 0, Skipped: 0, Time elapsed: 0.009 sec
Running org.mongolink.domain.mapper.TestsPropertyInterceptor
Tests run: 2, Failures: 0, Errors: 0, Skipped: 0, Time elapsed: 0.007 sec
Running org.mongolink.domain.mapper.TestsAggregateMap
11:20:54.868 [main] DEBUG org.mongolink.domain.mapper.ClassMap - Mapping id : Property{class=org.mongolink.test.entity.FakeAggregate, field=id}
11:20:54.868 [main] DEBUG org.mongolink.domain.mapper.ClassMap - Mapping subclass : FakeChildAggregate
11:20:54.868 [main] DEBUG org.mongolink.domain.mapper.ClassMap - Mapping subclass : OtherFakeChildAggregate
11:20:54.869 [main] DEBUG org.mongolink.domain.mapper.ClassMap - Mapping id : Property{class=org.mongolink.test.entity.FakeAggregate, field=id}
11:20:54.869 [main] DEBUG org.mongolink.domain.mapper.ClassMap - Mapping property : Property{class=org.mongolink.test.entity.FakeAggregate, field=value}
11:20:54.869 [main] DEBUG org.mongolink.domain.mapper.ClassMap - Mapping subclass : FakeChildAggregate
11:20:54.869 [main] DEBUG org.mongolink.domain.mapper.ClassMap - Mapping property : Property{class=org.mongolink.test.entity.FakeChildAggregate, field=childName}
11:20:54.869 [main] DEBUG org.mongolink.domain.mapper.ClassMap - Mapping id : Property{class=org.mongolink.test.entity.FakeEntityWithCap, field=id}
11:20:54.869 [main] DEBUG org.mongolink.domain.mapper.ClassMap - Mapping id : Property{class=org.mongolink.test.entity.FakeAggregate, field=id}
11:20:54.869 [main] DEBUG org.mongolink.domain.mapper.ClassMap - Mapping property : Property{class=org.mongolink.test.entity.FakeAggregate, field=value}
11:20:54.869 [main] DEBUG org.mongolink.domain.mapper.ClassMap - Mapping collection : Property{class=org.mongolink.test.entity.FakeAggregate, field=comments}
11:20:54.869 [main] DEBUG org.mongolink.domain.mapper.ClassMap - Mapping property : Property{class=org.mongolink.test.entity.FakeAggregate, field=comment}
11:20:54.870 [main] DEBUG org.mongolink.domain.mapper.ClassMap - Mapping property : Property{class=org.mongolink.test.entity.FakeAggregate, field=index}
11:20:54.870 [main] DEBUG org.mongolink.domain.mapper.ClassMap - Mapping id : Property{class=org.mongolink.test.entity.FakeEntityWithCap, field=id}
11:20:54.870 [main] DEBUG org.mongolink.domain.mapper.ClassMap - Mapping id : Property{class=org.mongolink.test.entity.FakeEntityWithCap, field=id}
Tests run: 7, Failures: 0, Errors: 0, Skipped: 0, Time elapsed: 0.002 sec
Running org.mongolink.domain.TestQueryExecutor
Tests run: 3, Failures: 0, Errors: 0, Skipped: 0, Time elapsed: 0.021 sec
Running org.mongolink.domain.converter.TestsLocalDateConverter
Tests run: 3, Failures: 0, Errors: 0, Skipped: 0, Time elapsed: 0.001 sec
Running org.mongolink.domain.converter.Java8LocalDateTimeConverterTest
Tests run: 4, Failures: 0, Errors: 0, Skipped: 0, Time elapsed: 0.006 sec
Running org.mongolink.domain.converter.Java8LocalDateConverterTest
Tests run: 3, Failures: 0, Errors: 0, Skipped: 0, Time elapsed: 0.001 sec
Running org.mongolink.domain.converter.TestsConverter
Tests run: 2, Failures: 0, Errors: 0, Skipped: 0, Time elapsed: 0.002 sec
Running org.mongolink.domain.converter.TestsMoneyConverter
Tests run: 3, Failures: 0, Errors: 0, Skipped: 0, Time elapsed: 0.01 sec
Running org.mongolink.domain.converter.TestsDateTimeConverter
Tests run: 4, Failures: 0, Errors: 0, Skipped: 0, Time elapsed: 0.001 sec
Running org.mongolink.utils.TestsSettings
Tests run: 10, Failures: 0, Errors: 0, Skipped: 0, Time elapsed: 0.002 sec
Running org.mongolink.utils.TestsPropertyContainer
Tests run: 4, Failures: 0, Errors: 0, Skipped: 0, Time elapsed: 0.001 sec

Results :

Tests run: 159, Failures: 0, Errors: 0, Skipped: 3

[[1;34mINFO[m] 
[[1;34mINFO[m] [1m-----------------< [0;36morg.mongolink:mongolink-testtools[0;1m >------------------[m
[[1;34mINFO[m] [1mBuilding mongolink-testtools 1.2.2                                 [3/3][m
[[1;34mINFO[m] [1m--------------------------------[ jar ]---------------------------------[m
[[1;34mINFO[m] 
[[1;34mINFO[m] [1m--- [0;32mmaven-enforcer-plugin:1.2:enforce[m [1m(enforce-maven)[m @ [36mmongolink-testtools[0;1m ---[m
[[1;34mINFO[m] 
[[1;34mINFO[m] [1m--- [0;32mmaven-resources-plugin:2.6:resources[m [1m(default-resources)[m @ [36mmongolink-testtools[0;1m ---[m
[[1;34mINFO[m] Using 'UTF-8' encoding to copy filtered resources.
[[1;34mINFO[m] skip non existing resourceDirectory /home/kbour/Documents/Stage/ProjetTest/repoV1_bis/varymvn/mongolink-1.2.2_clone/mongolink-1.2.2_6_6/mongolink-testtools/src/main/resources
[[1;34mINFO[m] 
[[1;34mINFO[m] [1m--- [0;32mmaven-compiler-plugin:2.3.2:compile[m [1m(default-compile)[m @ [36mmongolink-testtools[0;1m ---[m
[[1;34mINFO[m] Nothing to compile - all classes are up to date
[[1;34mINFO[m] 
[[1;34mINFO[m] [1m--- [0;32mmaven-resources-plugin:2.6:testResources[m [1m(default-testResources)[m @ [36mmongolink-testtools[0;1m ---[m
[[1;34mINFO[m] Using 'UTF-8' encoding to copy filtered resources.
[[1;34mINFO[m] skip non existing resourceDirectory /home/kbour/Documents/Stage/ProjetTest/repoV1_bis/varymvn/mongolink-1.2.2_clone/mongolink-1.2.2_6_6/mongolink-testtools/src/test/resources
[[1;34mINFO[m] 
[[1;34mINFO[m] [1m--- [0;32mmaven-compiler-plugin:2.3.2:testCompile[m [1m(default-testCompile)[m @ [36mmongolink-testtools[0;1m ---[m
[[1;34mINFO[m] No sources to compile
[[1;34mINFO[m] 
[[1;34mINFO[m] [1m--- [0;32mmaven-surefire-plugin:2.12.4:test[m [1m(default-test)[m @ [36mmongolink-testtools[0;1m ---[m
[[1;34mINFO[m] No tests to run.
[[1;34mINFO[m] [1m------------------------------------------------------------------------[m
[[1;34mINFO[m] [1mReactor Summary for mongolink-parent 1.2.2:[m
[[1;34mINFO[m] 
[[1;34mINFO[m] mongolink-parent ................................... [1;32mSUCCESS[m [  0.129 s]
[[1;34mINFO[m] mongolink .......................................... [1;32mSUCCESS[m [  1.516 s]
[[1;34mINFO[m] mongolink-testtools ................................ [1;32mSUCCESS[m [  0.026 s]
[[1;34mINFO[m] [1m------------------------------------------------------------------------[m
[[1;34mINFO[m] [1;32mBUILD SUCCESS[m
[[1;34mINFO[m] [1m------------------------------------------------------------------------[m
[[1;34mINFO[m] Total time:  2.218 s
[[1;34mINFO[m] Finished at: 2022-07-26T11:20:54+02:00
[[1;34mINFO[m] [1m------------------------------------------------------------------------[m
